CRITICAL - 2021-07-07 02:29:01 --> Call to undefined function CodeIgniter\locale_set_default()
#0 C:\Users\lenovo\Downloads\AVI\project-dashboard\vendor\codeigniter4\framework\system\bootstrap.php(157): CodeIgniter\CodeIgniter->initialize()
#1 C:\Users\lenovo\Downloads\AVI\project-dashboard\spark(46): require('C:\\Users\\lenovo...')
#2 {main}
ERROR - 2021-07-07 07:30:33 --> Error connecting to the database: No connection could be made because the target machine actively refused it.

CRITICAL - 2021-07-07 07:30:33 --> Unable to connect to the database.
Main connection [MySQLi]: No connection could be made because the target machine actively refused it.

#0 C:\Users\lenovo\Downloads\AVI\project-dashboard\vendor\codeigniter4\framework\system\Database\BaseConnection.php(625): CodeIgniter\Database\BaseConnection->initialize()
#1 C:\Users\lenovo\Downloads\AVI\project-dashboard\vendor\codeigniter4\framework\system\Database\BaseBuilder.php(1881): CodeIgniter\Database\BaseConnection->query('SELECT *\nFROM `...', Array, false)
#2 C:\Users\lenovo\Downloads\AVI\project-dashboard\vendor\codeigniter4\framework\system\Model.php(228): CodeIgniter\Database\BaseBuilder->get()
#3 C:\Users\lenovo\Downloads\AVI\project-dashboard\vendor\codeigniter4\framework\system\BaseModel.php(644): CodeIgniter\Model->doFirst()
#4 C:\Users\lenovo\Downloads\AVI\project-dashboard\vendor\myth\auth\src\Authentication\LocalAuthenticator.php(156): CodeIgniter\BaseModel->first()
#5 C:\Users\lenovo\Downloads\AVI\project-dashboard\vendor\myth\auth\src\Authentication\LocalAuthenticator.php(20): Myth\Auth\Authentication\LocalAuthenticator->validate(Array, true)
#6 C:\Users\lenovo\Downloads\AVI\project-dashboard\vendor\myth\auth\src\Controllers\AuthController.php(88): Myth\Auth\Authentication\LocalAuthenticator->attempt(Array, false)
#7 C:\Users\lenovo\Downloads\AVI\project-dashboard\vendor\codeigniter4\framework\system\CodeIgniter.php(928): Myth\Auth\Controllers\AuthController->attemptLogin()
#8 C:\Users\lenovo\Downloads\AVI\project-dashboard\vendor\codeigniter4\framework\system\CodeIgniter.php(436): CodeIgniter\CodeIgniter->runController(Object(Myth\Auth\Controllers\AuthController))
#9 C:\Users\lenovo\Downloads\AVI\project-dashboard\vendor\codeigniter4\framework\system\CodeIgniter.php(336): CodeIgniter\CodeIgniter->handleRequest(NULL, Object(Config\Cache), false)
#10 C:\Users\lenovo\Downloads\AVI\project-dashboard\public\index.php(37): CodeIgniter\CodeIgniter->run()
#11 C:\Users\lenovo\Downloads\AVI\project-dashboard\vendor\codeigniter4\framework\system\Commands\Server\rewrite.php(45): require_once('C:\\Users\\lenovo...')
#12 {main}
CRITICAL - 2021-07-07 07:30:33 --> Uncaught ErrorException: print_r(): Property access is not allowed yet in C:\Users\lenovo\Downloads\AVI\project-dashboard\app\Views\errors\html\error_exception.php:99
Stack trace:
#0 [internal function]: CodeIgniter\Debug\Exceptions->errorHandler(2, 'print_r(): Prop...', 'C:\\Users\\lenovo...', 99, Array)
#1 C:\Users\lenovo\Downloads\AVI\project-dashboard\app\Views\errors\html\error_exception.php(99): print_r(Object(Myth\Auth\Controllers\AuthController), true)
#2 C:\Users\lenovo\Downloads\AVI\project-dashboard\vendor\codeigniter4\framework\system\Debug\Exceptions.php(278): include('C:\\Users\\lenovo...')
#3 C:\Users\lenovo\Downloads\AVI\project-dashboard\vendor\codeigniter4\framework\system\Debug\Exceptions.php(147): CodeIgniter\Debug\Exceptions->render(Object(CodeIgniter\Database\Exceptions\DatabaseException), 500)
#4 [internal function]: CodeIgniter\Debug\Exceptions->exceptionHandler(Object(CodeIgniter\Database\Exceptions\DatabaseException))
#5 {main}
  thrown
#0 [internal function]: CodeIgniter\Debug\Exceptions->shutdownHandler()
#1 {main}
ERROR - 2021-07-07 07:30:51 --> Error connecting to the database: Unknown database 'pdavi'
CRITICAL - 2021-07-07 07:30:51 --> Unable to connect to the database.
Main connection [MySQLi]: Unknown database 'pdavi'
#0 C:\Users\lenovo\Downloads\AVI\project-dashboard\vendor\codeigniter4\framework\system\Database\BaseConnection.php(625): CodeIgniter\Database\BaseConnection->initialize()
#1 C:\Users\lenovo\Downloads\AVI\project-dashboard\vendor\codeigniter4\framework\system\Database\BaseBuilder.php(1881): CodeIgniter\Database\BaseConnection->query('SELECT *\nFROM `...', Array, false)
#2 C:\Users\lenovo\Downloads\AVI\project-dashboard\vendor\codeigniter4\framework\system\Model.php(228): CodeIgniter\Database\BaseBuilder->get()
#3 C:\Users\lenovo\Downloads\AVI\project-dashboard\vendor\codeigniter4\framework\system\BaseModel.php(644): CodeIgniter\Model->doFirst()
#4 C:\Users\lenovo\Downloads\AVI\project-dashboard\vendor\myth\auth\src\Authentication\LocalAuthenticator.php(156): CodeIgniter\BaseModel->first()
#5 C:\Users\lenovo\Downloads\AVI\project-dashboard\vendor\myth\auth\src\Authentication\LocalAuthenticator.php(20): Myth\Auth\Authentication\LocalAuthenticator->validate(Array, true)
#6 C:\Users\lenovo\Downloads\AVI\project-dashboard\vendor\myth\auth\src\Controllers\AuthController.php(88): Myth\Auth\Authentication\LocalAuthenticator->attempt(Array, false)
#7 C:\Users\lenovo\Downloads\AVI\project-dashboard\vendor\codeigniter4\framework\system\CodeIgniter.php(928): Myth\Auth\Controllers\AuthController->attemptLogin()
#8 C:\Users\lenovo\Downloads\AVI\project-dashboard\vendor\codeigniter4\framework\system\CodeIgniter.php(436): CodeIgniter\CodeIgniter->runController(Object(Myth\Auth\Controllers\AuthController))
#9 C:\Users\lenovo\Downloads\AVI\project-dashboard\vendor\codeigniter4\framework\system\CodeIgniter.php(336): CodeIgniter\CodeIgniter->handleRequest(NULL, Object(Config\Cache), false)
#10 C:\Users\lenovo\Downloads\AVI\project-dashboard\public\index.php(37): CodeIgniter\CodeIgniter->run()
#11 C:\Users\lenovo\Downloads\AVI\project-dashboard\vendor\codeigniter4\framework\system\Commands\Server\rewrite.php(45): require_once('C:\\Users\\lenovo...')
#12 {main}
CRITICAL - 2021-07-07 07:30:51 --> Uncaught ErrorException: print_r(): Property access is not allowed yet in C:\Users\lenovo\Downloads\AVI\project-dashboard\app\Views\errors\html\error_exception.php:99
Stack trace:
#0 [internal function]: CodeIgniter\Debug\Exceptions->errorHandler(2, 'print_r(): Prop...', 'C:\\Users\\lenovo...', 99, Array)
#1 C:\Users\lenovo\Downloads\AVI\project-dashboard\app\Views\errors\html\error_exception.php(99): print_r(Object(Myth\Auth\Controllers\AuthController), true)
#2 C:\Users\lenovo\Downloads\AVI\project-dashboard\vendor\codeigniter4\framework\system\Debug\Exceptions.php(278): include('C:\\Users\\lenovo...')
#3 C:\Users\lenovo\Downloads\AVI\project-dashboard\vendor\codeigniter4\framework\system\Debug\Exceptions.php(147): CodeIgniter\Debug\Exceptions->render(Object(CodeIgniter\Database\Exceptions\DatabaseException), 500)
#4 [internal function]: CodeIgniter\Debug\Exceptions->exceptionHandler(Object(CodeIgniter\Database\Exceptions\DatabaseException))
#5 {main}
  thrown
#0 [internal function]: CodeIgniter\Debug\Exceptions->shutdownHandler()
#1 {main}
ERROR - 2021-07-07 07:31:02 --> Error connecting to the database: Unknown database 'pdavi'
CRITICAL - 2021-07-07 07:31:02 --> Unable to connect to the database.
Main connection [MySQLi]: Unknown database 'pdavi'
#0 C:\Users\lenovo\Downloads\AVI\project-dashboard\vendor\codeigniter4\framework\system\Database\BaseConnection.php(625): CodeIgniter\Database\BaseConnection->initialize()
#1 C:\Users\lenovo\Downloads\AVI\project-dashboard\vendor\codeigniter4\framework\system\Database\BaseBuilder.php(1881): CodeIgniter\Database\BaseConnection->query('SELECT *\nFROM `...', Array, false)
#2 C:\Users\lenovo\Downloads\AVI\project-dashboard\vendor\codeigniter4\framework\system\Model.php(228): CodeIgniter\Database\BaseBuilder->get()
#3 C:\Users\lenovo\Downloads\AVI\project-dashboard\vendor\codeigniter4\framework\system\BaseModel.php(644): CodeIgniter\Model->doFirst()
#4 C:\Users\lenovo\Downloads\AVI\project-dashboard\vendor\myth\auth\src\Authentication\LocalAuthenticator.php(156): CodeIgniter\BaseModel->first()
#5 C:\Users\lenovo\Downloads\AVI\project-dashboard\vendor\myth\auth\src\Authentication\LocalAuthenticator.php(20): Myth\Auth\Authentication\LocalAuthenticator->validate(Array, true)
#6 C:\Users\lenovo\Downloads\AVI\project-dashboard\vendor\myth\auth\src\Controllers\AuthController.php(88): Myth\Auth\Authentication\LocalAuthenticator->attempt(Array, false)
#7 C:\Users\lenovo\Downloads\AVI\project-dashboard\vendor\codeigniter4\framework\system\CodeIgniter.php(928): Myth\Auth\Controllers\AuthController->attemptLogin()
#8 C:\Users\lenovo\Downloads\AVI\project-dashboard\vendor\codeigniter4\framework\system\CodeIgniter.php(436): CodeIgniter\CodeIgniter->runController(Object(Myth\Auth\Controllers\AuthController))
#9 C:\Users\lenovo\Downloads\AVI\project-dashboard\vendor\codeigniter4\framework\system\CodeIgniter.php(336): CodeIgniter\CodeIgniter->handleRequest(NULL, Object(Config\Cache), false)
#10 C:\Users\lenovo\Downloads\AVI\project-dashboard\public\index.php(37): CodeIgniter\CodeIgniter->run()
#11 C:\Users\lenovo\Downloads\AVI\project-dashboard\vendor\codeigniter4\framework\system\Commands\Server\rewrite.php(45): require_once('C:\\Users\\lenovo...')
#12 {main}
CRITICAL - 2021-07-07 07:31:02 --> Uncaught ErrorException: print_r(): Property access is not allowed yet in C:\Users\lenovo\Downloads\AVI\project-dashboard\app\Views\errors\html\error_exception.php:99
Stack trace:
#0 [internal function]: CodeIgniter\Debug\Exceptions->errorHandler(2, 'print_r(): Prop...', 'C:\\Users\\lenovo...', 99, Array)
#1 C:\Users\lenovo\Downloads\AVI\project-dashboard\app\Views\errors\html\error_exception.php(99): print_r(Object(Myth\Auth\Controllers\AuthController), true)
#2 C:\Users\lenovo\Downloads\AVI\project-dashboard\vendor\codeigniter4\framework\system\Debug\Exceptions.php(278): include('C:\\Users\\lenovo...')
#3 C:\Users\lenovo\Downloads\AVI\project-dashboard\vendor\codeigniter4\framework\system\Debug\Exceptions.php(147): CodeIgniter\Debug\Exceptions->render(Object(CodeIgniter\Database\Exceptions\DatabaseException), 500)
#4 [internal function]: CodeIgniter\Debug\Exceptions->exceptionHandler(Object(CodeIgniter\Database\Exceptions\DatabaseException))
#5 {main}
  thrown
#0 [internal function]: CodeIgniter\Debug\Exceptions->shutdownHandler()
#1 {main}
CRITICAL - 2021-07-07 09:04:50 --> Class name must be a valid object or a string
#0 C:\Users\lenovo\Downloads\AVI\project-dashboard\vendor\codeigniter4\framework\system\Config\BaseService.php(263): Myth\Auth\Config\Services::activator(Object(Myth\Auth\Config\Auth), false)
#1 C:\Users\lenovo\Downloads\AVI\project-dashboard\vendor\codeigniter4\framework\system\Config\BaseService.php(192): CodeIgniter\Config\BaseService::__callStatic('activator', Array)
#2 C:\Users\lenovo\Downloads\AVI\project-dashboard\vendor\myth\auth\src\Config\Services.php(86): CodeIgniter\Config\BaseService::getSharedInstance('activator', NULL)
#3 C:\Users\lenovo\Downloads\AVI\project-dashboard\vendor\codeigniter4\framework\system\Config\BaseService.php(263): Myth\Auth\Config\Services::activator()
#4 C:\Users\lenovo\Downloads\AVI\project-dashboard\vendor\codeigniter4\framework\system\Common.php(1084): CodeIgniter\Config\BaseService::__callStatic('activator', Array)
#5 C:\Users\lenovo\Downloads\AVI\project-dashboard\vendor\myth\auth\src\Controllers\AuthController.php(195): service('activator')
#6 C:\Users\lenovo\Downloads\AVI\project-dashboard\vendor\codeigniter4\framework\system\CodeIgniter.php(928): Myth\Auth\Controllers\AuthController->attemptRegister()
#7 C:\Users\lenovo\Downloads\AVI\project-dashboard\vendor\codeigniter4\framework\system\CodeIgniter.php(436): CodeIgniter\CodeIgniter->runController(Object(Myth\Auth\Controllers\AuthController))
#8 C:\Users\lenovo\Downloads\AVI\project-dashboard\vendor\codeigniter4\framework\system\CodeIgniter.php(336): CodeIgniter\CodeIgniter->handleRequest(NULL, Object(Config\Cache), false)
#9 C:\Users\lenovo\Downloads\AVI\project-dashboard\public\index.php(37): CodeIgniter\CodeIgniter->run()
#10 C:\Users\lenovo\Downloads\AVI\project-dashboard\vendor\codeigniter4\framework\system\Commands\Server\rewrite.php(45): require_once('C:\\Users\\lenovo...')
#11 {main}
CRITICAL - 2021-07-07 09:45:52 --> Class name must be a valid object or a string
#0 C:\Users\lenovo\Downloads\AVI\project-dashboard\vendor\codeigniter4\framework\system\Config\BaseService.php(263): Myth\Auth\Config\Services::activator(Object(Myth\Auth\Config\Auth), false)
#1 C:\Users\lenovo\Downloads\AVI\project-dashboard\vendor\codeigniter4\framework\system\Config\BaseService.php(192): CodeIgniter\Config\BaseService::__callStatic('activator', Array)
#2 C:\Users\lenovo\Downloads\AVI\project-dashboard\vendor\myth\auth\src\Config\Services.php(86): CodeIgniter\Config\BaseService::getSharedInstance('activator', NULL)
#3 C:\Users\lenovo\Downloads\AVI\project-dashboard\vendor\codeigniter4\framework\system\Config\BaseService.php(263): Myth\Auth\Config\Services::activator()
#4 C:\Users\lenovo\Downloads\AVI\project-dashboard\vendor\codeigniter4\framework\system\Common.php(1084): CodeIgniter\Config\BaseService::__callStatic('activator', Array)
#5 C:\Users\lenovo\Downloads\AVI\project-dashboard\vendor\myth\auth\src\Controllers\AuthController.php(195): service('activator')
#6 C:\Users\lenovo\Downloads\AVI\project-dashboard\vendor\codeigniter4\framework\system\CodeIgniter.php(928): Myth\Auth\Controllers\AuthController->attemptRegister()
#7 C:\Users\lenovo\Downloads\AVI\project-dashboard\vendor\codeigniter4\framework\system\CodeIgniter.php(436): CodeIgniter\CodeIgniter->runController(Object(Myth\Auth\Controllers\AuthController))
#8 C:\Users\lenovo\Downloads\AVI\project-dashboard\vendor\codeigniter4\framework\system\CodeIgniter.php(336): CodeIgniter\CodeIgniter->handleRequest(NULL, Object(Config\Cache), false)
#9 C:\Users\lenovo\Downloads\AVI\project-dashboard\public\index.php(37): CodeIgniter\CodeIgniter->run()
#10 C:\Users\lenovo\Downloads\AVI\project-dashboard\vendor\codeigniter4\framework\system\Commands\Server\rewrite.php(45): require_once('C:\\Users\\lenovo...')
#11 {main}
CRITICAL - 2021-07-07 09:50:50 --> Class name must be a valid object or a string
#0 C:\Users\lenovo\Downloads\AVI\project-dashboard\vendor\codeigniter4\framework\system\Config\BaseService.php(263): Myth\Auth\Config\Services::activator(Object(Myth\Auth\Config\Auth), false)
#1 C:\Users\lenovo\Downloads\AVI\project-dashboard\vendor\codeigniter4\framework\system\Config\BaseService.php(192): CodeIgniter\Config\BaseService::__callStatic('activator', Array)
#2 C:\Users\lenovo\Downloads\AVI\project-dashboard\vendor\myth\auth\src\Config\Services.php(86): CodeIgniter\Config\BaseService::getSharedInstance('activator', NULL)
#3 C:\Users\lenovo\Downloads\AVI\project-dashboard\vendor\codeigniter4\framework\system\Config\BaseService.php(263): Myth\Auth\Config\Services::activator()
#4 C:\Users\lenovo\Downloads\AVI\project-dashboard\vendor\codeigniter4\framework\system\Common.php(1084): CodeIgniter\Config\BaseService::__callStatic('activator', Array)
#5 C:\Users\lenovo\Downloads\AVI\project-dashboard\vendor\myth\auth\src\Controllers\AuthController.php(201): service('activator')
#6 C:\Users\lenovo\Downloads\AVI\project-dashboard\vendor\codeigniter4\framework\system\CodeIgniter.php(928): Myth\Auth\Controllers\AuthController->attemptRegister()
#7 C:\Users\lenovo\Downloads\AVI\project-dashboard\vendor\codeigniter4\framework\system\CodeIgniter.php(436): CodeIgniter\CodeIgniter->runController(Object(Myth\Auth\Controllers\AuthController))
#8 C:\Users\lenovo\Downloads\AVI\project-dashboard\vendor\codeigniter4\framework\system\CodeIgniter.php(336): CodeIgniter\CodeIgniter->handleRequest(NULL, Object(Config\Cache), false)
#9 C:\Users\lenovo\Downloads\AVI\project-dashboard\public\index.php(37): CodeIgniter\CodeIgniter->run()
#10 C:\Users\lenovo\Downloads\AVI\project-dashboard\vendor\codeigniter4\framework\system\Commands\Server\rewrite.php(45): require_once('C:\\Users\\lenovo...')
#11 {main}
CRITICAL - 2021-07-07 09:53:59 --> Class name must be a valid object or a string
#0 C:\Users\lenovo\Downloads\AVI\project-dashboard\vendor\codeigniter4\framework\system\Config\BaseService.php(263): Myth\Auth\Config\Services::activator(Object(Myth\Auth\Config\Auth), false)
#1 C:\Users\lenovo\Downloads\AVI\project-dashboard\vendor\codeigniter4\framework\system\Config\BaseService.php(192): CodeIgniter\Config\BaseService::__callStatic('activator', Array)
#2 C:\Users\lenovo\Downloads\AVI\project-dashboard\vendor\myth\auth\src\Config\Services.php(86): CodeIgniter\Config\BaseService::getSharedInstance('activator', NULL)
#3 C:\Users\lenovo\Downloads\AVI\project-dashboard\vendor\codeigniter4\framework\system\Config\BaseService.php(263): Myth\Auth\Config\Services::activator()
#4 C:\Users\lenovo\Downloads\AVI\project-dashboard\vendor\codeigniter4\framework\system\Common.php(1084): CodeIgniter\Config\BaseService::__callStatic('activator', Array)
#5 C:\Users\lenovo\Downloads\AVI\project-dashboard\vendor\myth\auth\src\Controllers\AuthController.php(201): service('activator')
#6 C:\Users\lenovo\Downloads\AVI\project-dashboard\vendor\codeigniter4\framework\system\CodeIgniter.php(928): Myth\Auth\Controllers\AuthController->attemptRegister()
#7 C:\Users\lenovo\Downloads\AVI\project-dashboard\vendor\codeigniter4\framework\system\CodeIgniter.php(436): CodeIgniter\CodeIgniter->runController(Object(Myth\Auth\Controllers\AuthController))
#8 C:\Users\lenovo\Downloads\AVI\project-dashboard\vendor\codeigniter4\framework\system\CodeIgniter.php(336): CodeIgniter\CodeIgniter->handleRequest(NULL, Object(Config\Cache), false)
#9 C:\Users\lenovo\Downloads\AVI\project-dashboard\public\index.php(37): CodeIgniter\CodeIgniter->run()
#10 C:\Users\lenovo\Downloads\AVI\project-dashboard\vendor\codeigniter4\framework\system\Commands\Server\rewrite.php(45): require_once('C:\\Users\\lenovo...')
#11 {main}
CRITICAL - 2021-07-07 09:56:25 --> Undefined variable: class
#0 C:\Users\lenovo\Downloads\AVI\project-dashboard\vendor\myth\auth\src\Config\Services.php(91): CodeIgniter\Debug\Exceptions->errorHandler(8, 'Undefined varia...', 'C:\\Users\\lenovo...', 91, Array)
#1 C:\Users\lenovo\Downloads\AVI\project-dashboard\vendor\codeigniter4\framework\system\Config\BaseService.php(263): Myth\Auth\Config\Services::activator(Object(Myth\Auth\Config\Auth), false)
#2 C:\Users\lenovo\Downloads\AVI\project-dashboard\vendor\codeigniter4\framework\system\Config\BaseService.php(192): CodeIgniter\Config\BaseService::__callStatic('activator', Array)
#3 C:\Users\lenovo\Downloads\AVI\project-dashboard\vendor\myth\auth\src\Config\Services.php(86): CodeIgniter\Config\BaseService::getSharedInstance('activator', NULL)
#4 C:\Users\lenovo\Downloads\AVI\project-dashboard\vendor\codeigniter4\framework\system\Config\BaseService.php(263): Myth\Auth\Config\Services::activator()
#5 C:\Users\lenovo\Downloads\AVI\project-dashboard\vendor\codeigniter4\framework\system\Common.php(1084): CodeIgniter\Config\BaseService::__callStatic('activator', Array)
#6 C:\Users\lenovo\Downloads\AVI\project-dashboard\vendor\myth\auth\src\Controllers\AuthController.php(201): service('activator')
#7 C:\Users\lenovo\Downloads\AVI\project-dashboard\vendor\codeigniter4\framework\system\CodeIgniter.php(928): Myth\Auth\Controllers\AuthController->attemptRegister()
#8 C:\Users\lenovo\Downloads\AVI\project-dashboard\vendor\codeigniter4\framework\system\CodeIgniter.php(436): CodeIgniter\CodeIgniter->runController(Object(Myth\Auth\Controllers\AuthController))
#9 C:\Users\lenovo\Downloads\AVI\project-dashboard\vendor\codeigniter4\framework\system\CodeIgniter.php(336): CodeIgniter\CodeIgniter->handleRequest(NULL, Object(Config\Cache), false)
#10 C:\Users\lenovo\Downloads\AVI\project-dashboard\public\index.php(37): CodeIgniter\CodeIgniter->run()
#11 C:\Users\lenovo\Downloads\AVI\project-dashboard\vendor\codeigniter4\framework\system\Commands\Server\rewrite.php(45): require_once('C:\\Users\\lenovo...')
#12 {main}
CRITICAL - 2021-07-07 09:57:08 --> Class name must be a valid object or a string
#0 C:\Users\lenovo\Downloads\AVI\project-dashboard\vendor\codeigniter4\framework\system\Config\BaseService.php(263): Myth\Auth\Config\Services::activator(Object(Myth\Auth\Config\Auth), false)
#1 C:\Users\lenovo\Downloads\AVI\project-dashboard\vendor\codeigniter4\framework\system\Config\BaseService.php(192): CodeIgniter\Config\BaseService::__callStatic('activator', Array)
#2 C:\Users\lenovo\Downloads\AVI\project-dashboard\vendor\myth\auth\src\Config\Services.php(86): CodeIgniter\Config\BaseService::getSharedInstance('activator', NULL)
#3 C:\Users\lenovo\Downloads\AVI\project-dashboard\vendor\codeigniter4\framework\system\Config\BaseService.php(263): Myth\Auth\Config\Services::activator()
#4 C:\Users\lenovo\Downloads\AVI\project-dashboard\vendor\codeigniter4\framework\system\Common.php(1084): CodeIgniter\Config\BaseService::__callStatic('activator', Array)
#5 C:\Users\lenovo\Downloads\AVI\project-dashboard\vendor\myth\auth\src\Controllers\AuthController.php(201): service('activator')
#6 C:\Users\lenovo\Downloads\AVI\project-dashboard\vendor\codeigniter4\framework\system\CodeIgniter.php(928): Myth\Auth\Controllers\AuthController->attemptRegister()
#7 C:\Users\lenovo\Downloads\AVI\project-dashboard\vendor\codeigniter4\framework\system\CodeIgniter.php(436): CodeIgniter\CodeIgniter->runController(Object(Myth\Auth\Controllers\AuthController))
#8 C:\Users\lenovo\Downloads\AVI\project-dashboard\vendor\codeigniter4\framework\system\CodeIgniter.php(336): CodeIgniter\CodeIgniter->handleRequest(NULL, Object(Config\Cache), false)
#9 C:\Users\lenovo\Downloads\AVI\project-dashboard\public\index.php(37): CodeIgniter\CodeIgniter->run()
#10 C:\Users\lenovo\Downloads\AVI\project-dashboard\vendor\codeigniter4\framework\system\Commands\Server\rewrite.php(45): require_once('C:\\Users\\lenovo...')
#11 {main}
CRITICAL - 2021-07-07 10:24:37 --> Undefined variable: tittle
#0 C:\Users\lenovo\Downloads\AVI\project-dashboard\app\Views\layout\template.php(9): CodeIgniter\Debug\Exceptions->errorHandler(8, 'Undefined varia...', 'C:\\Users\\lenovo...', 9, Array)
#1 C:\Users\lenovo\Downloads\AVI\project-dashboard\vendor\codeigniter4\framework\system\View\View.php(230): include('C:\\Users\\lenovo...')
#2 C:\Users\lenovo\Downloads\AVI\project-dashboard\vendor\codeigniter4\framework\system\View\View.php(232): CodeIgniter\View\View->CodeIgniter\View\{closure}()
#3 C:\Users\lenovo\Downloads\AVI\project-dashboard\vendor\codeigniter4\framework\system\View\View.php(246): CodeIgniter\View\View->render('layout/template', Array, true)
#4 C:\Users\lenovo\Downloads\AVI\project-dashboard\vendor\codeigniter4\framework\system\Common.php(1271): CodeIgniter\View\View->render('dashboard/index', Array, true)
#5 C:\Users\lenovo\Downloads\AVI\project-dashboard\app\Controllers\Dashboard.php(10): view('dashboard/index')
#6 C:\Users\lenovo\Downloads\AVI\project-dashboard\vendor\codeigniter4\framework\system\CodeIgniter.php(928): App\Controllers\Dashboard->index()
#7 C:\Users\lenovo\Downloads\AVI\project-dashboard\vendor\codeigniter4\framework\system\CodeIgniter.php(436): CodeIgniter\CodeIgniter->runController(Object(App\Controllers\Dashboard))
#8 C:\Users\lenovo\Downloads\AVI\project-dashboard\vendor\codeigniter4\framework\system\CodeIgniter.php(336): CodeIgniter\CodeIgniter->handleRequest(NULL, Object(Config\Cache), false)
#9 C:\Users\lenovo\Downloads\AVI\project-dashboard\public\index.php(37): CodeIgniter\CodeIgniter->run()
#10 C:\Users\lenovo\Downloads\AVI\project-dashboard\vendor\codeigniter4\framework\system\Commands\Server\rewrite.php(45): require_once('C:\\Users\\lenovo...')
#11 {main}
CRITICAL - 2021-07-07 10:25:37 --> Undefined variable: tittle
#0 C:\Users\lenovo\Downloads\AVI\project-dashboard\app\Views\layout\template.php(9): CodeIgniter\Debug\Exceptions->errorHandler(8, 'Undefined varia...', 'C:\\Users\\lenovo...', 9, Array)
#1 C:\Users\lenovo\Downloads\AVI\project-dashboard\vendor\codeigniter4\framework\system\View\View.php(230): include('C:\\Users\\lenovo...')
#2 C:\Users\lenovo\Downloads\AVI\project-dashboard\vendor\codeigniter4\framework\system\View\View.php(232): CodeIgniter\View\View->CodeIgniter\View\{closure}()
#3 C:\Users\lenovo\Downloads\AVI\project-dashboard\vendor\codeigniter4\framework\system\View\View.php(246): CodeIgniter\View\View->render('layout/template', Array, true)
#4 C:\Users\lenovo\Downloads\AVI\project-dashboard\vendor\codeigniter4\framework\system\Common.php(1271): CodeIgniter\View\View->render('dashboard/profi...', Array, true)
#5 C:\Users\lenovo\Downloads\AVI\project-dashboard\app\Controllers\Dashboard.php(16): view('dashboard/profi...')
#6 C:\Users\lenovo\Downloads\AVI\project-dashboard\vendor\codeigniter4\framework\system\CodeIgniter.php(928): App\Controllers\Dashboard->profile()
#7 C:\Users\lenovo\Downloads\AVI\project-dashboard\vendor\codeigniter4\framework\system\CodeIgniter.php(436): CodeIgniter\CodeIgniter->runController(Object(App\Controllers\Dashboard))
#8 C:\Users\lenovo\Downloads\AVI\project-dashboard\vendor\codeigniter4\framework\system\CodeIgniter.php(336): CodeIgniter\CodeIgniter->handleRequest(NULL, Object(Config\Cache), false)
#9 C:\Users\lenovo\Downloads\AVI\project-dashboard\public\index.php(37): CodeIgniter\CodeIgniter->run()
#10 C:\Users\lenovo\Downloads\AVI\project-dashboard\vendor\codeigniter4\framework\system\Commands\Server\rewrite.php(45): require_once('C:\\Users\\lenovo...')
#11 {main}
CRITICAL - 2021-07-07 13:59:01 --> Invalid file: user/index.php
#0 C:\Users\lenovo\Downloads\AVI\project-dashboard\vendor\codeigniter4\framework\system\View\View.php(213): CodeIgniter\Exceptions\FrameworkException::forInvalidFile('user/index.php')
#1 C:\Users\lenovo\Downloads\AVI\project-dashboard\vendor\codeigniter4\framework\system\Common.php(1271): CodeIgniter\View\View->render('user/index', Array, true)
#2 C:\Users\lenovo\Downloads\AVI\project-dashboard\app\Controllers\User.php(10): view('user/index', Array)
#3 C:\Users\lenovo\Downloads\AVI\project-dashboard\vendor\codeigniter4\framework\system\CodeIgniter.php(928): App\Controllers\User->index()
#4 C:\Users\lenovo\Downloads\AVI\project-dashboard\vendor\codeigniter4\framework\system\CodeIgniter.php(436): CodeIgniter\CodeIgniter->runController(Object(App\Controllers\User))
#5 C:\Users\lenovo\Downloads\AVI\project-dashboard\vendor\codeigniter4\framework\system\CodeIgniter.php(336): CodeIgniter\CodeIgniter->handleRequest(NULL, Object(Config\Cache), false)
#6 C:\Users\lenovo\Downloads\AVI\project-dashboard\public\index.php(37): CodeIgniter\CodeIgniter->run()
#7 C:\Users\lenovo\Downloads\AVI\project-dashboard\vendor\codeigniter4\framework\system\Commands\Server\rewrite.php(45): require_once('C:\\Users\\lenovo...')
#8 {main}
CRITICAL - 2021-07-07 14:14:30 --> Invalid file: user/index.php
#0 C:\Users\lenovo\Downloads\AVI\project-dashboard\vendor\codeigniter4\framework\system\View\View.php(213): CodeIgniter\Exceptions\FrameworkException::forInvalidFile('user/index.php')
#1 C:\Users\lenovo\Downloads\AVI\project-dashboard\vendor\codeigniter4\framework\system\Common.php(1271): CodeIgniter\View\View->render('user/index', Array, true)
#2 C:\Users\lenovo\Downloads\AVI\project-dashboard\app\Controllers\User.php(10): view('user/index', Array)
#3 C:\Users\lenovo\Downloads\AVI\project-dashboard\vendor\codeigniter4\framework\system\CodeIgniter.php(928): App\Controllers\User->index()
#4 C:\Users\lenovo\Downloads\AVI\project-dashboard\vendor\codeigniter4\framework\system\CodeIgniter.php(436): CodeIgniter\CodeIgniter->runController(Object(App\Controllers\User))
#5 C:\Users\lenovo\Downloads\AVI\project-dashboard\vendor\codeigniter4\framework\system\CodeIgniter.php(336): CodeIgniter\CodeIgniter->handleRequest(NULL, Object(Config\Cache), false)
#6 C:\Users\lenovo\Downloads\AVI\project-dashboard\public\index.php(37): CodeIgniter\CodeIgniter->run()
#7 C:\Users\lenovo\Downloads\AVI\project-dashboard\vendor\codeigniter4\framework\system\Commands\Server\rewrite.php(45): require_once('C:\\Users\\lenovo...')
#8 {main}
CRITICAL - 2021-07-07 14:26:22 --> You do not have sufficient permissions to access that page.
#0 C:\Users\lenovo\Downloads\AVI\project-dashboard\vendor\codeigniter4\framework\system\Filters\Filters.php(181): Myth\Auth\Filters\RoleFilter->before(Object(CodeIgniter\HTTP\IncomingRequest), Array)
#1 C:\Users\lenovo\Downloads\AVI\project-dashboard\vendor\codeigniter4\framework\system\CodeIgniter.php(407): CodeIgniter\Filters\Filters->run('admin', 'before')
#2 C:\Users\lenovo\Downloads\AVI\project-dashboard\vendor\codeigniter4\framework\system\CodeIgniter.php(336): CodeIgniter\CodeIgniter->handleRequest(NULL, Object(Config\Cache), false)
#3 C:\Users\lenovo\Downloads\AVI\project-dashboard\public\index.php(37): CodeIgniter\CodeIgniter->run()
#4 C:\Users\lenovo\Downloads\AVI\project-dashboard\vendor\codeigniter4\framework\system\Commands\Server\rewrite.php(45): require_once('C:\\Users\\lenovo...')
#5 {main}
CRITICAL - 2021-07-07 14:27:57 --> You do not have sufficient permissions to access that page.
#0 C:\Users\lenovo\Downloads\AVI\project-dashboard\vendor\codeigniter4\framework\system\Filters\Filters.php(181): Myth\Auth\Filters\RoleFilter->before(Object(CodeIgniter\HTTP\IncomingRequest), Array)
#1 C:\Users\lenovo\Downloads\AVI\project-dashboard\vendor\codeigniter4\framework\system\CodeIgniter.php(407): CodeIgniter\Filters\Filters->run('admin', 'before')
#2 C:\Users\lenovo\Downloads\AVI\project-dashboard\vendor\codeigniter4\framework\system\CodeIgniter.php(336): CodeIgniter\CodeIgniter->handleRequest(NULL, Object(Config\Cache), false)
#3 C:\Users\lenovo\Downloads\AVI\project-dashboard\public\index.php(37): CodeIgniter\CodeIgniter->run()
#4 C:\Users\lenovo\Downloads\AVI\project-dashboard\vendor\codeigniter4\framework\system\Commands\Server\rewrite.php(45): require_once('C:\\Users\\lenovo...')
#5 {main}
CRITICAL - 2021-07-07 14:28:19 --> You do not have sufficient permissions to access that page.
#0 C:\Users\lenovo\Downloads\AVI\project-dashboard\vendor\codeigniter4\framework\system\Filters\Filters.php(181): Myth\Auth\Filters\RoleFilter->before(Object(CodeIgniter\HTTP\IncomingRequest), Array)
#1 C:\Users\lenovo\Downloads\AVI\project-dashboard\vendor\codeigniter4\framework\system\CodeIgniter.php(407): CodeIgniter\Filters\Filters->run('admin', 'before')
#2 C:\Users\lenovo\Downloads\AVI\project-dashboard\vendor\codeigniter4\framework\system\CodeIgniter.php(336): CodeIgniter\CodeIgniter->handleRequest(NULL, Object(Config\Cache), false)
#3 C:\Users\lenovo\Downloads\AVI\project-dashboard\public\index.php(37): CodeIgniter\CodeIgniter->run()
#4 C:\Users\lenovo\Downloads\AVI\project-dashboard\vendor\codeigniter4\framework\system\Commands\Server\rewrite.php(45): require_once('C:\\Users\\lenovo...')
#5 {main}
CRITICAL - 2021-07-07 14:32:46 --> syntax error, unexpected '}', expecting ';'
#0 C:\Users\lenovo\Downloads\AVI\project-dashboard\vendor\codeigniter4\framework\system\Autoloader\Autoloader.php(273): CodeIgniter\Autoloader\Autoloader->includeFile('C:\\Users\\lenovo...')
#1 C:\Users\lenovo\Downloads\AVI\project-dashboard\vendor\codeigniter4\framework\system\Autoloader\Autoloader.php(247): CodeIgniter\Autoloader\Autoloader->loadInNamespace('Myth\\Auth\\Filte...')
#2 [internal function]: CodeIgniter\Autoloader\Autoloader->loadClass('Myth\\Auth\\Filte...')
#3 C:\Users\lenovo\Downloads\AVI\project-dashboard\vendor\codeigniter4\framework\system\Filters\Filters.php(172): spl_autoload_call('Myth\\Auth\\Filte...')
#4 C:\Users\lenovo\Downloads\AVI\project-dashboard\vendor\codeigniter4\framework\system\CodeIgniter.php(407): CodeIgniter\Filters\Filters->run('admin', 'before')
#5 C:\Users\lenovo\Downloads\AVI\project-dashboard\vendor\codeigniter4\framework\system\CodeIgniter.php(336): CodeIgniter\CodeIgniter->handleRequest(NULL, Object(Config\Cache), false)
#6 C:\Users\lenovo\Downloads\AVI\project-dashboard\public\index.php(37): CodeIgniter\CodeIgniter->run()
#7 C:\Users\lenovo\Downloads\AVI\project-dashboard\vendor\codeigniter4\framework\system\Commands\Server\rewrite.php(45): require_once('C:\\Users\\lenovo...')
#8 {main}
CRITICAL - 2021-07-07 14:33:08 --> syntax error, unexpected '}', expecting ';'
#0 C:\Users\lenovo\Downloads\AVI\project-dashboard\vendor\codeigniter4\framework\system\Autoloader\Autoloader.php(273): CodeIgniter\Autoloader\Autoloader->includeFile('C:\\Users\\lenovo...')
#1 C:\Users\lenovo\Downloads\AVI\project-dashboard\vendor\codeigniter4\framework\system\Autoloader\Autoloader.php(247): CodeIgniter\Autoloader\Autoloader->loadInNamespace('Myth\\Auth\\Filte...')
#2 [internal function]: CodeIgniter\Autoloader\Autoloader->loadClass('Myth\\Auth\\Filte...')
#3 C:\Users\lenovo\Downloads\AVI\project-dashboard\vendor\codeigniter4\framework\system\Filters\Filters.php(172): spl_autoload_call('Myth\\Auth\\Filte...')
#4 C:\Users\lenovo\Downloads\AVI\project-dashboard\vendor\codeigniter4\framework\system\CodeIgniter.php(407): CodeIgniter\Filters\Filters->run('admin', 'before')
#5 C:\Users\lenovo\Downloads\AVI\project-dashboard\vendor\codeigniter4\framework\system\CodeIgniter.php(336): CodeIgniter\CodeIgniter->handleRequest(NULL, Object(Config\Cache), false)
#6 C:\Users\lenovo\Downloads\AVI\project-dashboard\public\index.php(37): CodeIgniter\CodeIgniter->run()
#7 C:\Users\lenovo\Downloads\AVI\project-dashboard\vendor\codeigniter4\framework\system\Commands\Server\rewrite.php(45): require_once('C:\\Users\\lenovo...')
#8 {main}
CRITICAL - 2021-07-07 14:57:36 --> Cannot use object of type Myth\Auth\Entities\User as array
#0 C:\Users\lenovo\Downloads\AVI\project-dashboard\vendor\codeigniter4\framework\system\View\View.php(230): include()
#1 C:\Users\lenovo\Downloads\AVI\project-dashboard\vendor\codeigniter4\framework\system\View\View.php(232): CodeIgniter\View\View->CodeIgniter\View\{closure}()
#2 C:\Users\lenovo\Downloads\AVI\project-dashboard\vendor\codeigniter4\framework\system\Common.php(1271): CodeIgniter\View\View->render('admin/index', Array, true)
#3 C:\Users\lenovo\Downloads\AVI\project-dashboard\app\Controllers\Admin.php(12): view('admin/index', Array)
#4 C:\Users\lenovo\Downloads\AVI\project-dashboard\vendor\codeigniter4\framework\system\CodeIgniter.php(928): App\Controllers\Admin->index()
#5 C:\Users\lenovo\Downloads\AVI\project-dashboard\vendor\codeigniter4\framework\system\CodeIgniter.php(436): CodeIgniter\CodeIgniter->runController(Object(App\Controllers\Admin))
#6 C:\Users\lenovo\Downloads\AVI\project-dashboard\vendor\codeigniter4\framework\system\CodeIgniter.php(336): CodeIgniter\CodeIgniter->handleRequest(NULL, Object(Config\Cache), false)
#7 C:\Users\lenovo\Downloads\AVI\project-dashboard\public\index.php(37): CodeIgniter\CodeIgniter->run()
#8 C:\Users\lenovo\Downloads\AVI\project-dashboard\vendor\codeigniter4\framework\system\Commands\Server\rewrite.php(45): require_once('C:\\Users\\lenovo...')
#9 {main}
CRITICAL - 2021-07-07 14:58:10 --> Cannot use object of type Myth\Auth\Entities\User as array
#0 C:\Users\lenovo\Downloads\AVI\project-dashboard\vendor\codeigniter4\framework\system\View\View.php(230): include()
#1 C:\Users\lenovo\Downloads\AVI\project-dashboard\vendor\codeigniter4\framework\system\View\View.php(232): CodeIgniter\View\View->CodeIgniter\View\{closure}()
#2 C:\Users\lenovo\Downloads\AVI\project-dashboard\vendor\codeigniter4\framework\system\Common.php(1271): CodeIgniter\View\View->render('admin/index', Array, true)
#3 C:\Users\lenovo\Downloads\AVI\project-dashboard\app\Controllers\Admin.php(12): view('admin/index', Array)
#4 C:\Users\lenovo\Downloads\AVI\project-dashboard\vendor\codeigniter4\framework\system\CodeIgniter.php(928): App\Controllers\Admin->index()
#5 C:\Users\lenovo\Downloads\AVI\project-dashboard\vendor\codeigniter4\framework\system\CodeIgniter.php(436): CodeIgniter\CodeIgniter->runController(Object(App\Controllers\Admin))
#6 C:\Users\lenovo\Downloads\AVI\project-dashboard\vendor\codeigniter4\framework\system\CodeIgniter.php(336): CodeIgniter\CodeIgniter->handleRequest(NULL, Object(Config\Cache), false)
#7 C:\Users\lenovo\Downloads\AVI\project-dashboard\public\index.php(37): CodeIgniter\CodeIgniter->run()
#8 C:\Users\lenovo\Downloads\AVI\project-dashboard\vendor\codeigniter4\framework\system\Commands\Server\rewrite.php(45): require_once('C:\\Users\\lenovo...')
#9 {main}
