CRITICAL - 2021-07-22 07:36:30 --> Undefined property: stdClass::$section
#0 C:\Users\lenovo\Downloads\AVI\project-dashboard\app\Views\admin\detail.php(24): CodeIgniter\Debug\Exceptions->errorHandler(8, 'Undefined prope...', 'C:\\Users\\lenovo...', 24, Array)
#1 C:\Users\lenovo\Downloads\AVI\project-dashboard\vendor\codeigniter4\framework\system\View\View.php(230): include('C:\\Users\\lenovo...')
#2 C:\Users\lenovo\Downloads\AVI\project-dashboard\vendor\codeigniter4\framework\system\View\View.php(232): CodeIgniter\View\View->CodeIgniter\View\{closure}()
#3 C:\Users\lenovo\Downloads\AVI\project-dashboard\vendor\codeigniter4\framework\system\Common.php(1271): CodeIgniter\View\View->render('admin/detail', Array, true)
#4 C:\Users\lenovo\Downloads\AVI\project-dashboard\app\Controllers\Admin.php(56): view('admin/detail', Array)
#5 C:\Users\lenovo\Downloads\AVI\project-dashboard\vendor\codeigniter4\framework\system\CodeIgniter.php(928): App\Controllers\Admin->detail('1')
#6 C:\Users\lenovo\Downloads\AVI\project-dashboard\vendor\codeigniter4\framework\system\CodeIgniter.php(436): CodeIgniter\CodeIgniter->runController(Object(App\Controllers\Admin))
#7 C:\Users\lenovo\Downloads\AVI\project-dashboard\vendor\codeigniter4\framework\system\CodeIgniter.php(336): CodeIgniter\CodeIgniter->handleRequest(NULL, Object(Config\Cache), false)
#8 C:\Users\lenovo\Downloads\AVI\project-dashboard\public\index.php(37): CodeIgniter\CodeIgniter->run()
#9 C:\Users\lenovo\Downloads\AVI\project-dashboard\vendor\codeigniter4\framework\system\Commands\Server\rewrite.php(45): require_once('C:\\Users\\lenovo...')
#10 {main}
CRITICAL - 2021-07-22 07:53:04 --> Undefined variable: customer
#0 C:\Users\lenovo\Downloads\AVI\project-dashboard\app\Views\admin\edit.php(10): CodeIgniter\Debug\Exceptions->errorHandler(8, 'Undefined varia...', 'C:\\Users\\lenovo...', 10, Array)
#1 C:\Users\lenovo\Downloads\AVI\project-dashboard\vendor\codeigniter4\framework\system\View\View.php(230): include('C:\\Users\\lenovo...')
#2 C:\Users\lenovo\Downloads\AVI\project-dashboard\vendor\codeigniter4\framework\system\View\View.php(232): CodeIgniter\View\View->CodeIgniter\View\{closure}()
#3 C:\Users\lenovo\Downloads\AVI\project-dashboard\vendor\codeigniter4\framework\system\Common.php(1271): CodeIgniter\View\View->render('admin/edit', Array, true)
#4 C:\Users\lenovo\Downloads\AVI\project-dashboard\app\Controllers\Admin.php(68): view('admin/edit', Array)
#5 C:\Users\lenovo\Downloads\AVI\project-dashboard\vendor\codeigniter4\framework\system\CodeIgniter.php(928): App\Controllers\Admin->edit('12')
#6 C:\Users\lenovo\Downloads\AVI\project-dashboard\vendor\codeigniter4\framework\system\CodeIgniter.php(436): CodeIgniter\CodeIgniter->runController(Object(App\Controllers\Admin))
#7 C:\Users\lenovo\Downloads\AVI\project-dashboard\vendor\codeigniter4\framework\system\CodeIgniter.php(336): CodeIgniter\CodeIgniter->handleRequest(NULL, Object(Config\Cache), false)
#8 C:\Users\lenovo\Downloads\AVI\project-dashboard\public\index.php(37): CodeIgniter\CodeIgniter->run()
#9 C:\Users\lenovo\Downloads\AVI\project-dashboard\vendor\codeigniter4\framework\system\Commands\Server\rewrite.php(45): require_once('C:\\Users\\lenovo...')
#10 {main}
CRITICAL - 2021-07-22 08:23:25 --> Undefined variable: customer
#0 C:\Users\lenovo\Downloads\AVI\project-dashboard\app\Views\user\dashboard.php(10): CodeIgniter\Debug\Exceptions->errorHandler(8, 'Undefined varia...', 'C:\\Users\\lenovo...', 10, Array)
#1 C:\Users\lenovo\Downloads\AVI\project-dashboard\vendor\codeigniter4\framework\system\View\View.php(230): include('C:\\Users\\lenovo...')
#2 C:\Users\lenovo\Downloads\AVI\project-dashboard\vendor\codeigniter4\framework\system\View\View.php(232): CodeIgniter\View\View->CodeIgniter\View\{closure}()
#3 C:\Users\lenovo\Downloads\AVI\project-dashboard\vendor\codeigniter4\framework\system\Common.php(1271): CodeIgniter\View\View->render('user/dashboard', Array, true)
#4 C:\Users\lenovo\Downloads\AVI\project-dashboard\app\Controllers\User.php(87): view('user/dashboard', Array)
#5 C:\Users\lenovo\Downloads\AVI\project-dashboard\vendor\codeigniter4\framework\system\CodeIgniter.php(928): App\Controllers\User->dashboard()
#6 C:\Users\lenovo\Downloads\AVI\project-dashboard\vendor\codeigniter4\framework\system\CodeIgniter.php(436): CodeIgniter\CodeIgniter->runController(Object(App\Controllers\User))
#7 C:\Users\lenovo\Downloads\AVI\project-dashboard\vendor\codeigniter4\framework\system\CodeIgniter.php(336): CodeIgniter\CodeIgniter->handleRequest(NULL, Object(Config\Cache), false)
#8 C:\Users\lenovo\Downloads\AVI\project-dashboard\public\index.php(37): CodeIgniter\CodeIgniter->run()
#9 C:\Users\lenovo\Downloads\AVI\project-dashboard\vendor\codeigniter4\framework\system\Commands\Server\rewrite.php(45): require_once('C:\\Users\\lenovo...')
#10 {main}
CRITICAL - 2021-07-22 08:23:55 --> Undefined variable: project
#0 C:\Users\lenovo\Downloads\AVI\project-dashboard\app\Views\user\dashboard.php(51): CodeIgniter\Debug\Exceptions->errorHandler(8, 'Undefined varia...', 'C:\\Users\\lenovo...', 51, Array)
#1 C:\Users\lenovo\Downloads\AVI\project-dashboard\vendor\codeigniter4\framework\system\View\View.php(230): include('C:\\Users\\lenovo...')
#2 C:\Users\lenovo\Downloads\AVI\project-dashboard\vendor\codeigniter4\framework\system\View\View.php(232): CodeIgniter\View\View->CodeIgniter\View\{closure}()
#3 C:\Users\lenovo\Downloads\AVI\project-dashboard\vendor\codeigniter4\framework\system\Common.php(1271): CodeIgniter\View\View->render('user/dashboard', Array, true)
#4 C:\Users\lenovo\Downloads\AVI\project-dashboard\app\Controllers\User.php(87): view('user/dashboard', Array)
#5 C:\Users\lenovo\Downloads\AVI\project-dashboard\vendor\codeigniter4\framework\system\CodeIgniter.php(928): App\Controllers\User->dashboard()
#6 C:\Users\lenovo\Downloads\AVI\project-dashboard\vendor\codeigniter4\framework\system\CodeIgniter.php(436): CodeIgniter\CodeIgniter->runController(Object(App\Controllers\User))
#7 C:\Users\lenovo\Downloads\AVI\project-dashboard\vendor\codeigniter4\framework\system\CodeIgniter.php(336): CodeIgniter\CodeIgniter->handleRequest(NULL, Object(Config\Cache), false)
#8 C:\Users\lenovo\Downloads\AVI\project-dashboard\public\index.php(37): CodeIgniter\CodeIgniter->run()
#9 C:\Users\lenovo\Downloads\AVI\project-dashboard\vendor\codeigniter4\framework\system\Commands\Server\rewrite.php(45): require_once('C:\\Users\\lenovo...')
#10 {main}
CRITICAL - 2021-07-22 08:31:23 --> Trying to get property 'pic' of non-object
#0 C:\Users\lenovo\Downloads\AVI\project-dashboard\app\Views\user\dashboard.php(1): CodeIgniter\Debug\Exceptions->errorHandler(8, 'Trying to get p...', 'C:\\Users\\lenovo...', 1, Array)
#1 C:\Users\lenovo\Downloads\AVI\project-dashboard\vendor\codeigniter4\framework\system\View\View.php(230): include('C:\\Users\\lenovo...')
#2 C:\Users\lenovo\Downloads\AVI\project-dashboard\vendor\codeigniter4\framework\system\View\View.php(232): CodeIgniter\View\View->CodeIgniter\View\{closure}()
#3 C:\Users\lenovo\Downloads\AVI\project-dashboard\vendor\codeigniter4\framework\system\Common.php(1271): CodeIgniter\View\View->render('user/dashboard', Array, true)
#4 C:\Users\lenovo\Downloads\AVI\project-dashboard\app\Controllers\User.php(90): view('user/dashboard', Array)
#5 C:\Users\lenovo\Downloads\AVI\project-dashboard\vendor\codeigniter4\framework\system\CodeIgniter.php(928): App\Controllers\User->dashboard()
#6 C:\Users\lenovo\Downloads\AVI\project-dashboard\vendor\codeigniter4\framework\system\CodeIgniter.php(436): CodeIgniter\CodeIgniter->runController(Object(App\Controllers\User))
#7 C:\Users\lenovo\Downloads\AVI\project-dashboard\vendor\codeigniter4\framework\system\CodeIgniter.php(336): CodeIgniter\CodeIgniter->handleRequest(NULL, Object(Config\Cache), false)
#8 C:\Users\lenovo\Downloads\AVI\project-dashboard\public\index.php(37): CodeIgniter\CodeIgniter->run()
#9 C:\Users\lenovo\Downloads\AVI\project-dashboard\vendor\codeigniter4\framework\system\Commands\Server\rewrite.php(45): require_once('C:\\Users\\lenovo...')
#10 {main}
CRITICAL - 2021-07-22 08:31:34 --> Undefined index: pic
#0 C:\Users\lenovo\Downloads\AVI\project-dashboard\app\Views\user\dashboard.php(1): CodeIgniter\Debug\Exceptions->errorHandler(8, 'Undefined index...', 'C:\\Users\\lenovo...', 1, Array)
#1 C:\Users\lenovo\Downloads\AVI\project-dashboard\vendor\codeigniter4\framework\system\View\View.php(230): include('C:\\Users\\lenovo...')
#2 C:\Users\lenovo\Downloads\AVI\project-dashboard\vendor\codeigniter4\framework\system\View\View.php(232): CodeIgniter\View\View->CodeIgniter\View\{closure}()
#3 C:\Users\lenovo\Downloads\AVI\project-dashboard\vendor\codeigniter4\framework\system\Common.php(1271): CodeIgniter\View\View->render('user/dashboard', Array, true)
#4 C:\Users\lenovo\Downloads\AVI\project-dashboard\app\Controllers\User.php(90): view('user/dashboard', Array)
#5 C:\Users\lenovo\Downloads\AVI\project-dashboard\vendor\codeigniter4\framework\system\CodeIgniter.php(928): App\Controllers\User->dashboard()
#6 C:\Users\lenovo\Downloads\AVI\project-dashboard\vendor\codeigniter4\framework\system\CodeIgniter.php(436): CodeIgniter\CodeIgniter->runController(Object(App\Controllers\User))
#7 C:\Users\lenovo\Downloads\AVI\project-dashboard\vendor\codeigniter4\framework\system\CodeIgniter.php(336): CodeIgniter\CodeIgniter->handleRequest(NULL, Object(Config\Cache), false)
#8 C:\Users\lenovo\Downloads\AVI\project-dashboard\public\index.php(37): CodeIgniter\CodeIgniter->run()
#9 C:\Users\lenovo\Downloads\AVI\project-dashboard\vendor\codeigniter4\framework\system\Commands\Server\rewrite.php(45): require_once('C:\\Users\\lenovo...')
#10 {main}
CRITICAL - 2021-07-22 08:31:50 --> Trying to get property 'pic' of non-object
#0 C:\Users\lenovo\Downloads\AVI\project-dashboard\app\Views\user\dashboard.php(1): CodeIgniter\Debug\Exceptions->errorHandler(8, 'Trying to get p...', 'C:\\Users\\lenovo...', 1, Array)
#1 C:\Users\lenovo\Downloads\AVI\project-dashboard\vendor\codeigniter4\framework\system\View\View.php(230): include('C:\\Users\\lenovo...')
#2 C:\Users\lenovo\Downloads\AVI\project-dashboard\vendor\codeigniter4\framework\system\View\View.php(232): CodeIgniter\View\View->CodeIgniter\View\{closure}()
#3 C:\Users\lenovo\Downloads\AVI\project-dashboard\vendor\codeigniter4\framework\system\Common.php(1271): CodeIgniter\View\View->render('user/dashboard', Array, true)
#4 C:\Users\lenovo\Downloads\AVI\project-dashboard\app\Controllers\User.php(90): view('user/dashboard', Array)
#5 C:\Users\lenovo\Downloads\AVI\project-dashboard\vendor\codeigniter4\framework\system\CodeIgniter.php(928): App\Controllers\User->dashboard()
#6 C:\Users\lenovo\Downloads\AVI\project-dashboard\vendor\codeigniter4\framework\system\CodeIgniter.php(436): CodeIgniter\CodeIgniter->runController(Object(App\Controllers\User))
#7 C:\Users\lenovo\Downloads\AVI\project-dashboard\vendor\codeigniter4\framework\system\CodeIgniter.php(336): CodeIgniter\CodeIgniter->handleRequest(NULL, Object(Config\Cache), false)
#8 C:\Users\lenovo\Downloads\AVI\project-dashboard\public\index.php(37): CodeIgniter\CodeIgniter->run()
#9 C:\Users\lenovo\Downloads\AVI\project-dashboard\vendor\codeigniter4\framework\system\Commands\Server\rewrite.php(45): require_once('C:\\Users\\lenovo...')
#10 {main}
CRITICAL - 2021-07-22 08:33:30 --> Trying to get property 'pic' of non-object
#0 C:\Users\lenovo\Downloads\AVI\project-dashboard\app\Views\user\dashboard.php(3): CodeIgniter\Debug\Exceptions->errorHandler(8, 'Trying to get p...', 'C:\\Users\\lenovo...', 3, Array)
#1 C:\Users\lenovo\Downloads\AVI\project-dashboard\vendor\codeigniter4\framework\system\View\View.php(230): include('C:\\Users\\lenovo...')
#2 C:\Users\lenovo\Downloads\AVI\project-dashboard\vendor\codeigniter4\framework\system\View\View.php(232): CodeIgniter\View\View->CodeIgniter\View\{closure}()
#3 C:\Users\lenovo\Downloads\AVI\project-dashboard\vendor\codeigniter4\framework\system\Common.php(1271): CodeIgniter\View\View->render('user/dashboard', Array, true)
#4 C:\Users\lenovo\Downloads\AVI\project-dashboard\app\Controllers\User.php(90): view('user/dashboard', Array)
#5 C:\Users\lenovo\Downloads\AVI\project-dashboard\vendor\codeigniter4\framework\system\CodeIgniter.php(928): App\Controllers\User->dashboard()
#6 C:\Users\lenovo\Downloads\AVI\project-dashboard\vendor\codeigniter4\framework\system\CodeIgniter.php(436): CodeIgniter\CodeIgniter->runController(Object(App\Controllers\User))
#7 C:\Users\lenovo\Downloads\AVI\project-dashboard\vendor\codeigniter4\framework\system\CodeIgniter.php(336): CodeIgniter\CodeIgniter->handleRequest(NULL, Object(Config\Cache), false)
#8 C:\Users\lenovo\Downloads\AVI\project-dashboard\public\index.php(37): CodeIgniter\CodeIgniter->run()
#9 C:\Users\lenovo\Downloads\AVI\project-dashboard\vendor\codeigniter4\framework\system\Commands\Server\rewrite.php(45): require_once('C:\\Users\\lenovo...')
#10 {main}
CRITICAL - 2021-07-22 08:33:46 --> Undefined index: pic
#0 C:\Users\lenovo\Downloads\AVI\project-dashboard\app\Views\user\dashboard.php(3): CodeIgniter\Debug\Exceptions->errorHandler(8, 'Undefined index...', 'C:\\Users\\lenovo...', 3, Array)
#1 C:\Users\lenovo\Downloads\AVI\project-dashboard\vendor\codeigniter4\framework\system\View\View.php(230): include('C:\\Users\\lenovo...')
#2 C:\Users\lenovo\Downloads\AVI\project-dashboard\vendor\codeigniter4\framework\system\View\View.php(232): CodeIgniter\View\View->CodeIgniter\View\{closure}()
#3 C:\Users\lenovo\Downloads\AVI\project-dashboard\vendor\codeigniter4\framework\system\Common.php(1271): CodeIgniter\View\View->render('user/dashboard', Array, true)
#4 C:\Users\lenovo\Downloads\AVI\project-dashboard\app\Controllers\User.php(90): view('user/dashboard', Array)
#5 C:\Users\lenovo\Downloads\AVI\project-dashboard\vendor\codeigniter4\framework\system\CodeIgniter.php(928): App\Controllers\User->dashboard()
#6 C:\Users\lenovo\Downloads\AVI\project-dashboard\vendor\codeigniter4\framework\system\CodeIgniter.php(436): CodeIgniter\CodeIgniter->runController(Object(App\Controllers\User))
#7 C:\Users\lenovo\Downloads\AVI\project-dashboard\vendor\codeigniter4\framework\system\CodeIgniter.php(336): CodeIgniter\CodeIgniter->handleRequest(NULL, Object(Config\Cache), false)
#8 C:\Users\lenovo\Downloads\AVI\project-dashboard\public\index.php(37): CodeIgniter\CodeIgniter->run()
#9 C:\Users\lenovo\Downloads\AVI\project-dashboard\vendor\codeigniter4\framework\system\Commands\Server\rewrite.php(45): require_once('C:\\Users\\lenovo...')
#10 {main}
CRITICAL - 2021-07-22 08:33:47 --> Undefined index: pic
#0 C:\Users\lenovo\Downloads\AVI\project-dashboard\app\Views\user\dashboard.php(3): CodeIgniter\Debug\Exceptions->errorHandler(8, 'Undefined index...', 'C:\\Users\\lenovo...', 3, Array)
#1 C:\Users\lenovo\Downloads\AVI\project-dashboard\vendor\codeigniter4\framework\system\View\View.php(230): include('C:\\Users\\lenovo...')
#2 C:\Users\lenovo\Downloads\AVI\project-dashboard\vendor\codeigniter4\framework\system\View\View.php(232): CodeIgniter\View\View->CodeIgniter\View\{closure}()
#3 C:\Users\lenovo\Downloads\AVI\project-dashboard\vendor\codeigniter4\framework\system\Common.php(1271): CodeIgniter\View\View->render('user/dashboard', Array, true)
#4 C:\Users\lenovo\Downloads\AVI\project-dashboard\app\Controllers\User.php(90): view('user/dashboard', Array)
#5 C:\Users\lenovo\Downloads\AVI\project-dashboard\vendor\codeigniter4\framework\system\CodeIgniter.php(928): App\Controllers\User->dashboard()
#6 C:\Users\lenovo\Downloads\AVI\project-dashboard\vendor\codeigniter4\framework\system\CodeIgniter.php(436): CodeIgniter\CodeIgniter->runController(Object(App\Controllers\User))
#7 C:\Users\lenovo\Downloads\AVI\project-dashboard\vendor\codeigniter4\framework\system\CodeIgniter.php(336): CodeIgniter\CodeIgniter->handleRequest(NULL, Object(Config\Cache), false)
#8 C:\Users\lenovo\Downloads\AVI\project-dashboard\public\index.php(37): CodeIgniter\CodeIgniter->run()
#9 C:\Users\lenovo\Downloads\AVI\project-dashboard\vendor\codeigniter4\framework\system\Commands\Server\rewrite.php(45): require_once('C:\\Users\\lenovo...')
#10 {main}
CRITICAL - 2021-07-22 08:33:47 --> Undefined index: pic
#0 C:\Users\lenovo\Downloads\AVI\project-dashboard\app\Views\user\dashboard.php(3): CodeIgniter\Debug\Exceptions->errorHandler(8, 'Undefined index...', 'C:\\Users\\lenovo...', 3, Array)
#1 C:\Users\lenovo\Downloads\AVI\project-dashboard\vendor\codeigniter4\framework\system\View\View.php(230): include('C:\\Users\\lenovo...')
#2 C:\Users\lenovo\Downloads\AVI\project-dashboard\vendor\codeigniter4\framework\system\View\View.php(232): CodeIgniter\View\View->CodeIgniter\View\{closure}()
#3 C:\Users\lenovo\Downloads\AVI\project-dashboard\vendor\codeigniter4\framework\system\Common.php(1271): CodeIgniter\View\View->render('user/dashboard', Array, true)
#4 C:\Users\lenovo\Downloads\AVI\project-dashboard\app\Controllers\User.php(90): view('user/dashboard', Array)
#5 C:\Users\lenovo\Downloads\AVI\project-dashboard\vendor\codeigniter4\framework\system\CodeIgniter.php(928): App\Controllers\User->dashboard()
#6 C:\Users\lenovo\Downloads\AVI\project-dashboard\vendor\codeigniter4\framework\system\CodeIgniter.php(436): CodeIgniter\CodeIgniter->runController(Object(App\Controllers\User))
#7 C:\Users\lenovo\Downloads\AVI\project-dashboard\vendor\codeigniter4\framework\system\CodeIgniter.php(336): CodeIgniter\CodeIgniter->handleRequest(NULL, Object(Config\Cache), false)
#8 C:\Users\lenovo\Downloads\AVI\project-dashboard\public\index.php(37): CodeIgniter\CodeIgniter->run()
#9 C:\Users\lenovo\Downloads\AVI\project-dashboard\vendor\codeigniter4\framework\system\Commands\Server\rewrite.php(45): require_once('C:\\Users\\lenovo...')
#10 {main}
CRITICAL - 2021-07-22 08:33:47 --> Undefined index: pic
#0 C:\Users\lenovo\Downloads\AVI\project-dashboard\app\Views\user\dashboard.php(3): CodeIgniter\Debug\Exceptions->errorHandler(8, 'Undefined index...', 'C:\\Users\\lenovo...', 3, Array)
#1 C:\Users\lenovo\Downloads\AVI\project-dashboard\vendor\codeigniter4\framework\system\View\View.php(230): include('C:\\Users\\lenovo...')
#2 C:\Users\lenovo\Downloads\AVI\project-dashboard\vendor\codeigniter4\framework\system\View\View.php(232): CodeIgniter\View\View->CodeIgniter\View\{closure}()
#3 C:\Users\lenovo\Downloads\AVI\project-dashboard\vendor\codeigniter4\framework\system\Common.php(1271): CodeIgniter\View\View->render('user/dashboard', Array, true)
#4 C:\Users\lenovo\Downloads\AVI\project-dashboard\app\Controllers\User.php(90): view('user/dashboard', Array)
#5 C:\Users\lenovo\Downloads\AVI\project-dashboard\vendor\codeigniter4\framework\system\CodeIgniter.php(928): App\Controllers\User->dashboard()
#6 C:\Users\lenovo\Downloads\AVI\project-dashboard\vendor\codeigniter4\framework\system\CodeIgniter.php(436): CodeIgniter\CodeIgniter->runController(Object(App\Controllers\User))
#7 C:\Users\lenovo\Downloads\AVI\project-dashboard\vendor\codeigniter4\framework\system\CodeIgniter.php(336): CodeIgniter\CodeIgniter->handleRequest(NULL, Object(Config\Cache), false)
#8 C:\Users\lenovo\Downloads\AVI\project-dashboard\public\index.php(37): CodeIgniter\CodeIgniter->run()
#9 C:\Users\lenovo\Downloads\AVI\project-dashboard\vendor\codeigniter4\framework\system\Commands\Server\rewrite.php(45): require_once('C:\\Users\\lenovo...')
#10 {main}
CRITICAL - 2021-07-22 08:33:48 --> Undefined index: pic
#0 C:\Users\lenovo\Downloads\AVI\project-dashboard\app\Views\user\dashboard.php(3): CodeIgniter\Debug\Exceptions->errorHandler(8, 'Undefined index...', 'C:\\Users\\lenovo...', 3, Array)
#1 C:\Users\lenovo\Downloads\AVI\project-dashboard\vendor\codeigniter4\framework\system\View\View.php(230): include('C:\\Users\\lenovo...')
#2 C:\Users\lenovo\Downloads\AVI\project-dashboard\vendor\codeigniter4\framework\system\View\View.php(232): CodeIgniter\View\View->CodeIgniter\View\{closure}()
#3 C:\Users\lenovo\Downloads\AVI\project-dashboard\vendor\codeigniter4\framework\system\Common.php(1271): CodeIgniter\View\View->render('user/dashboard', Array, true)
#4 C:\Users\lenovo\Downloads\AVI\project-dashboard\app\Controllers\User.php(90): view('user/dashboard', Array)
#5 C:\Users\lenovo\Downloads\AVI\project-dashboard\vendor\codeigniter4\framework\system\CodeIgniter.php(928): App\Controllers\User->dashboard()
#6 C:\Users\lenovo\Downloads\AVI\project-dashboard\vendor\codeigniter4\framework\system\CodeIgniter.php(436): CodeIgniter\CodeIgniter->runController(Object(App\Controllers\User))
#7 C:\Users\lenovo\Downloads\AVI\project-dashboard\vendor\codeigniter4\framework\system\CodeIgniter.php(336): CodeIgniter\CodeIgniter->handleRequest(NULL, Object(Config\Cache), false)
#8 C:\Users\lenovo\Downloads\AVI\project-dashboard\public\index.php(37): CodeIgniter\CodeIgniter->run()
#9 C:\Users\lenovo\Downloads\AVI\project-dashboard\vendor\codeigniter4\framework\system\Commands\Server\rewrite.php(45): require_once('C:\\Users\\lenovo...')
#10 {main}
CRITICAL - 2021-07-22 08:33:48 --> Undefined index: pic
#0 C:\Users\lenovo\Downloads\AVI\project-dashboard\app\Views\user\dashboard.php(3): CodeIgniter\Debug\Exceptions->errorHandler(8, 'Undefined index...', 'C:\\Users\\lenovo...', 3, Array)
#1 C:\Users\lenovo\Downloads\AVI\project-dashboard\vendor\codeigniter4\framework\system\View\View.php(230): include('C:\\Users\\lenovo...')
#2 C:\Users\lenovo\Downloads\AVI\project-dashboard\vendor\codeigniter4\framework\system\View\View.php(232): CodeIgniter\View\View->CodeIgniter\View\{closure}()
#3 C:\Users\lenovo\Downloads\AVI\project-dashboard\vendor\codeigniter4\framework\system\Common.php(1271): CodeIgniter\View\View->render('user/dashboard', Array, true)
#4 C:\Users\lenovo\Downloads\AVI\project-dashboard\app\Controllers\User.php(90): view('user/dashboard', Array)
#5 C:\Users\lenovo\Downloads\AVI\project-dashboard\vendor\codeigniter4\framework\system\CodeIgniter.php(928): App\Controllers\User->dashboard()
#6 C:\Users\lenovo\Downloads\AVI\project-dashboard\vendor\codeigniter4\framework\system\CodeIgniter.php(436): CodeIgniter\CodeIgniter->runController(Object(App\Controllers\User))
#7 C:\Users\lenovo\Downloads\AVI\project-dashboard\vendor\codeigniter4\framework\system\CodeIgniter.php(336): CodeIgniter\CodeIgniter->handleRequest(NULL, Object(Config\Cache), false)
#8 C:\Users\lenovo\Downloads\AVI\project-dashboard\public\index.php(37): CodeIgniter\CodeIgniter->run()
#9 C:\Users\lenovo\Downloads\AVI\project-dashboard\vendor\codeigniter4\framework\system\Commands\Server\rewrite.php(45): require_once('C:\\Users\\lenovo...')
#10 {main}
CRITICAL - 2021-07-22 08:33:57 --> Cannot use object of type stdClass as array
#0 C:\Users\lenovo\Downloads\AVI\project-dashboard\vendor\codeigniter4\framework\system\View\View.php(230): include()
#1 C:\Users\lenovo\Downloads\AVI\project-dashboard\vendor\codeigniter4\framework\system\View\View.php(232): CodeIgniter\View\View->CodeIgniter\View\{closure}()
#2 C:\Users\lenovo\Downloads\AVI\project-dashboard\vendor\codeigniter4\framework\system\Common.php(1271): CodeIgniter\View\View->render('user/dashboard', Array, true)
#3 C:\Users\lenovo\Downloads\AVI\project-dashboard\app\Controllers\User.php(90): view('user/dashboard', Array)
#4 C:\Users\lenovo\Downloads\AVI\project-dashboard\vendor\codeigniter4\framework\system\CodeIgniter.php(928): App\Controllers\User->dashboard()
#5 C:\Users\lenovo\Downloads\AVI\project-dashboard\vendor\codeigniter4\framework\system\CodeIgniter.php(436): CodeIgniter\CodeIgniter->runController(Object(App\Controllers\User))
#6 C:\Users\lenovo\Downloads\AVI\project-dashboard\vendor\codeigniter4\framework\system\CodeIgniter.php(336): CodeIgniter\CodeIgniter->handleRequest(NULL, Object(Config\Cache), false)
#7 C:\Users\lenovo\Downloads\AVI\project-dashboard\public\index.php(37): CodeIgniter\CodeIgniter->run()
#8 C:\Users\lenovo\Downloads\AVI\project-dashboard\vendor\codeigniter4\framework\system\Commands\Server\rewrite.php(45): require_once('C:\\Users\\lenovo...')
#9 {main}
CRITICAL - 2021-07-22 08:39:08 --> Undefined variable: id
#0 C:\Users\lenovo\Downloads\AVI\project-dashboard\app\Views\user\dashboard.php(59): CodeIgniter\Debug\Exceptions->errorHandler(8, 'Undefined varia...', 'C:\\Users\\lenovo...', 59, Array)
#1 C:\Users\lenovo\Downloads\AVI\project-dashboard\vendor\codeigniter4\framework\system\View\View.php(230): include('C:\\Users\\lenovo...')
#2 C:\Users\lenovo\Downloads\AVI\project-dashboard\vendor\codeigniter4\framework\system\View\View.php(232): CodeIgniter\View\View->CodeIgniter\View\{closure}()
#3 C:\Users\lenovo\Downloads\AVI\project-dashboard\vendor\codeigniter4\framework\system\Common.php(1271): CodeIgniter\View\View->render('user/dashboard', Array, true)
#4 C:\Users\lenovo\Downloads\AVI\project-dashboard\app\Controllers\User.php(90): view('user/dashboard', Array)
#5 C:\Users\lenovo\Downloads\AVI\project-dashboard\vendor\codeigniter4\framework\system\CodeIgniter.php(928): App\Controllers\User->dashboard()
#6 C:\Users\lenovo\Downloads\AVI\project-dashboard\vendor\codeigniter4\framework\system\CodeIgniter.php(436): CodeIgniter\CodeIgniter->runController(Object(App\Controllers\User))
#7 C:\Users\lenovo\Downloads\AVI\project-dashboard\vendor\codeigniter4\framework\system\CodeIgniter.php(336): CodeIgniter\CodeIgniter->handleRequest(NULL, Object(Config\Cache), false)
#8 C:\Users\lenovo\Downloads\AVI\project-dashboard\public\index.php(37): CodeIgniter\CodeIgniter->run()
#9 C:\Users\lenovo\Downloads\AVI\project-dashboard\vendor\codeigniter4\framework\system\Commands\Server\rewrite.php(45): require_once('C:\\Users\\lenovo...')
#10 {main}
CRITICAL - 2021-07-22 08:39:50 --> Undefined property: stdClass::$id
#0 C:\Users\lenovo\Downloads\AVI\project-dashboard\app\Views\user\dashboard.php(59): CodeIgniter\Debug\Exceptions->errorHandler(8, 'Undefined prope...', 'C:\\Users\\lenovo...', 59, Array)
#1 C:\Users\lenovo\Downloads\AVI\project-dashboard\vendor\codeigniter4\framework\system\View\View.php(230): include('C:\\Users\\lenovo...')
#2 C:\Users\lenovo\Downloads\AVI\project-dashboard\vendor\codeigniter4\framework\system\View\View.php(232): CodeIgniter\View\View->CodeIgniter\View\{closure}()
#3 C:\Users\lenovo\Downloads\AVI\project-dashboard\vendor\codeigniter4\framework\system\Common.php(1271): CodeIgniter\View\View->render('user/dashboard', Array, true)
#4 C:\Users\lenovo\Downloads\AVI\project-dashboard\app\Controllers\User.php(90): view('user/dashboard', Array)
#5 C:\Users\lenovo\Downloads\AVI\project-dashboard\vendor\codeigniter4\framework\system\CodeIgniter.php(928): App\Controllers\User->dashboard()
#6 C:\Users\lenovo\Downloads\AVI\project-dashboard\vendor\codeigniter4\framework\system\CodeIgniter.php(436): CodeIgniter\CodeIgniter->runController(Object(App\Controllers\User))
#7 C:\Users\lenovo\Downloads\AVI\project-dashboard\vendor\codeigniter4\framework\system\CodeIgniter.php(336): CodeIgniter\CodeIgniter->handleRequest(NULL, Object(Config\Cache), false)
#8 C:\Users\lenovo\Downloads\AVI\project-dashboard\public\index.php(37): CodeIgniter\CodeIgniter->run()
#9 C:\Users\lenovo\Downloads\AVI\project-dashboard\vendor\codeigniter4\framework\system\Commands\Server\rewrite.php(45): require_once('C:\\Users\\lenovo...')
#10 {main}
CRITICAL - 2021-07-22 08:49:55 --> Trying to get property 'pic' of non-object
#0 C:\Users\lenovo\Downloads\AVI\project-dashboard\app\Controllers\User.php(85): CodeIgniter\Debug\Exceptions->errorHandler(8, 'Trying to get p...', 'C:\\Users\\lenovo...', 85, Array)
#1 C:\Users\lenovo\Downloads\AVI\project-dashboard\vendor\codeigniter4\framework\system\CodeIgniter.php(928): App\Controllers\User->dashboard()
#2 C:\Users\lenovo\Downloads\AVI\project-dashboard\vendor\codeigniter4\framework\system\CodeIgniter.php(436): CodeIgniter\CodeIgniter->runController(Object(App\Controllers\User))
#3 C:\Users\lenovo\Downloads\AVI\project-dashboard\vendor\codeigniter4\framework\system\CodeIgniter.php(336): CodeIgniter\CodeIgniter->handleRequest(NULL, Object(Config\Cache), false)
#4 C:\Users\lenovo\Downloads\AVI\project-dashboard\public\index.php(37): CodeIgniter\CodeIgniter->run()
#5 C:\Users\lenovo\Downloads\AVI\project-dashboard\vendor\codeigniter4\framework\system\Commands\Server\rewrite.php(45): require_once('C:\\Users\\lenovo...')
#6 {main}
CRITICAL - 2021-07-22 08:50:10 --> Undefined property: stdClass::$pic
#0 C:\Users\lenovo\Downloads\AVI\project-dashboard\app\Controllers\User.php(85): CodeIgniter\Debug\Exceptions->errorHandler(8, 'Undefined prope...', 'C:\\Users\\lenovo...', 85, Array)
#1 C:\Users\lenovo\Downloads\AVI\project-dashboard\vendor\codeigniter4\framework\system\CodeIgniter.php(928): App\Controllers\User->dashboard()
#2 C:\Users\lenovo\Downloads\AVI\project-dashboard\vendor\codeigniter4\framework\system\CodeIgniter.php(436): CodeIgniter\CodeIgniter->runController(Object(App\Controllers\User))
#3 C:\Users\lenovo\Downloads\AVI\project-dashboard\vendor\codeigniter4\framework\system\CodeIgniter.php(336): CodeIgniter\CodeIgniter->handleRequest(NULL, Object(Config\Cache), false)
#4 C:\Users\lenovo\Downloads\AVI\project-dashboard\public\index.php(37): CodeIgniter\CodeIgniter->run()
#5 C:\Users\lenovo\Downloads\AVI\project-dashboard\vendor\codeigniter4\framework\system\Commands\Server\rewrite.php(45): require_once('C:\\Users\\lenovo...')
#6 {main}
CRITICAL - 2021-07-22 08:50:11 --> Undefined property: stdClass::$pic
#0 C:\Users\lenovo\Downloads\AVI\project-dashboard\app\Controllers\User.php(85): CodeIgniter\Debug\Exceptions->errorHandler(8, 'Undefined prope...', 'C:\\Users\\lenovo...', 85, Array)
#1 C:\Users\lenovo\Downloads\AVI\project-dashboard\vendor\codeigniter4\framework\system\CodeIgniter.php(928): App\Controllers\User->dashboard()
#2 C:\Users\lenovo\Downloads\AVI\project-dashboard\vendor\codeigniter4\framework\system\CodeIgniter.php(436): CodeIgniter\CodeIgniter->runController(Object(App\Controllers\User))
#3 C:\Users\lenovo\Downloads\AVI\project-dashboard\vendor\codeigniter4\framework\system\CodeIgniter.php(336): CodeIgniter\CodeIgniter->handleRequest(NULL, Object(Config\Cache), false)
#4 C:\Users\lenovo\Downloads\AVI\project-dashboard\public\index.php(37): CodeIgniter\CodeIgniter->run()
#5 C:\Users\lenovo\Downloads\AVI\project-dashboard\vendor\codeigniter4\framework\system\Commands\Server\rewrite.php(45): require_once('C:\\Users\\lenovo...')
#6 {main}
CRITICAL - 2021-07-22 08:51:49 --> Undefined property: stdClass::$pic
#0 C:\Users\lenovo\Downloads\AVI\project-dashboard\app\Controllers\User.php(85): CodeIgniter\Debug\Exceptions->errorHandler(8, 'Undefined prope...', 'C:\\Users\\lenovo...', 85, Array)
#1 C:\Users\lenovo\Downloads\AVI\project-dashboard\vendor\codeigniter4\framework\system\CodeIgniter.php(928): App\Controllers\User->dashboard()
#2 C:\Users\lenovo\Downloads\AVI\project-dashboard\vendor\codeigniter4\framework\system\CodeIgniter.php(436): CodeIgniter\CodeIgniter->runController(Object(App\Controllers\User))
#3 C:\Users\lenovo\Downloads\AVI\project-dashboard\vendor\codeigniter4\framework\system\CodeIgniter.php(336): CodeIgniter\CodeIgniter->handleRequest(NULL, Object(Config\Cache), false)
#4 C:\Users\lenovo\Downloads\AVI\project-dashboard\public\index.php(37): CodeIgniter\CodeIgniter->run()
#5 C:\Users\lenovo\Downloads\AVI\project-dashboard\vendor\codeigniter4\framework\system\Commands\Server\rewrite.php(45): require_once('C:\\Users\\lenovo...')
#6 {main}
CRITICAL - 2021-07-22 08:51:50 --> Undefined property: stdClass::$pic
#0 C:\Users\lenovo\Downloads\AVI\project-dashboard\app\Controllers\User.php(85): CodeIgniter\Debug\Exceptions->errorHandler(8, 'Undefined prope...', 'C:\\Users\\lenovo...', 85, Array)
#1 C:\Users\lenovo\Downloads\AVI\project-dashboard\vendor\codeigniter4\framework\system\CodeIgniter.php(928): App\Controllers\User->dashboard()
#2 C:\Users\lenovo\Downloads\AVI\project-dashboard\vendor\codeigniter4\framework\system\CodeIgniter.php(436): CodeIgniter\CodeIgniter->runController(Object(App\Controllers\User))
#3 C:\Users\lenovo\Downloads\AVI\project-dashboard\vendor\codeigniter4\framework\system\CodeIgniter.php(336): CodeIgniter\CodeIgniter->handleRequest(NULL, Object(Config\Cache), false)
#4 C:\Users\lenovo\Downloads\AVI\project-dashboard\public\index.php(37): CodeIgniter\CodeIgniter->run()
#5 C:\Users\lenovo\Downloads\AVI\project-dashboard\vendor\codeigniter4\framework\system\Commands\Server\rewrite.php(45): require_once('C:\\Users\\lenovo...')
#6 {main}
CRITICAL - 2021-07-22 08:52:47 --> Undefined property: stdClass::$id
#0 C:\Users\lenovo\Downloads\AVI\project-dashboard\app\Controllers\User.php(85): CodeIgniter\Debug\Exceptions->errorHandler(8, 'Undefined prope...', 'C:\\Users\\lenovo...', 85, Array)
#1 C:\Users\lenovo\Downloads\AVI\project-dashboard\vendor\codeigniter4\framework\system\CodeIgniter.php(928): App\Controllers\User->dashboard()
#2 C:\Users\lenovo\Downloads\AVI\project-dashboard\vendor\codeigniter4\framework\system\CodeIgniter.php(436): CodeIgniter\CodeIgniter->runController(Object(App\Controllers\User))
#3 C:\Users\lenovo\Downloads\AVI\project-dashboard\vendor\codeigniter4\framework\system\CodeIgniter.php(336): CodeIgniter\CodeIgniter->handleRequest(NULL, Object(Config\Cache), false)
#4 C:\Users\lenovo\Downloads\AVI\project-dashboard\public\index.php(37): CodeIgniter\CodeIgniter->run()
#5 C:\Users\lenovo\Downloads\AVI\project-dashboard\vendor\codeigniter4\framework\system\Commands\Server\rewrite.php(45): require_once('C:\\Users\\lenovo...')
#6 {main}
CRITICAL - 2021-07-22 08:52:48 --> Undefined property: stdClass::$id
#0 C:\Users\lenovo\Downloads\AVI\project-dashboard\app\Controllers\User.php(85): CodeIgniter\Debug\Exceptions->errorHandler(8, 'Undefined prope...', 'C:\\Users\\lenovo...', 85, Array)
#1 C:\Users\lenovo\Downloads\AVI\project-dashboard\vendor\codeigniter4\framework\system\CodeIgniter.php(928): App\Controllers\User->dashboard()
#2 C:\Users\lenovo\Downloads\AVI\project-dashboard\vendor\codeigniter4\framework\system\CodeIgniter.php(436): CodeIgniter\CodeIgniter->runController(Object(App\Controllers\User))
#3 C:\Users\lenovo\Downloads\AVI\project-dashboard\vendor\codeigniter4\framework\system\CodeIgniter.php(336): CodeIgniter\CodeIgniter->handleRequest(NULL, Object(Config\Cache), false)
#4 C:\Users\lenovo\Downloads\AVI\project-dashboard\public\index.php(37): CodeIgniter\CodeIgniter->run()
#5 C:\Users\lenovo\Downloads\AVI\project-dashboard\vendor\codeigniter4\framework\system\Commands\Server\rewrite.php(45): require_once('C:\\Users\\lenovo...')
#6 {main}
CRITICAL - 2021-07-22 08:52:49 --> Undefined property: stdClass::$id
#0 C:\Users\lenovo\Downloads\AVI\project-dashboard\app\Controllers\User.php(85): CodeIgniter\Debug\Exceptions->errorHandler(8, 'Undefined prope...', 'C:\\Users\\lenovo...', 85, Array)
#1 C:\Users\lenovo\Downloads\AVI\project-dashboard\vendor\codeigniter4\framework\system\CodeIgniter.php(928): App\Controllers\User->dashboard()
#2 C:\Users\lenovo\Downloads\AVI\project-dashboard\vendor\codeigniter4\framework\system\CodeIgniter.php(436): CodeIgniter\CodeIgniter->runController(Object(App\Controllers\User))
#3 C:\Users\lenovo\Downloads\AVI\project-dashboard\vendor\codeigniter4\framework\system\CodeIgniter.php(336): CodeIgniter\CodeIgniter->handleRequest(NULL, Object(Config\Cache), false)
#4 C:\Users\lenovo\Downloads\AVI\project-dashboard\public\index.php(37): CodeIgniter\CodeIgniter->run()
#5 C:\Users\lenovo\Downloads\AVI\project-dashboard\vendor\codeigniter4\framework\system\Commands\Server\rewrite.php(45): require_once('C:\\Users\\lenovo...')
#6 {main}
CRITICAL - 2021-07-22 08:53:53 --> Undefined property: stdClass::$id
#0 C:\Users\lenovo\Downloads\AVI\project-dashboard\app\Controllers\User.php(85): CodeIgniter\Debug\Exceptions->errorHandler(8, 'Undefined prope...', 'C:\\Users\\lenovo...', 85, Array)
#1 C:\Users\lenovo\Downloads\AVI\project-dashboard\vendor\codeigniter4\framework\system\CodeIgniter.php(928): App\Controllers\User->dashboard()
#2 C:\Users\lenovo\Downloads\AVI\project-dashboard\vendor\codeigniter4\framework\system\CodeIgniter.php(436): CodeIgniter\CodeIgniter->runController(Object(App\Controllers\User))
#3 C:\Users\lenovo\Downloads\AVI\project-dashboard\vendor\codeigniter4\framework\system\CodeIgniter.php(336): CodeIgniter\CodeIgniter->handleRequest(NULL, Object(Config\Cache), false)
#4 C:\Users\lenovo\Downloads\AVI\project-dashboard\public\index.php(37): CodeIgniter\CodeIgniter->run()
#5 C:\Users\lenovo\Downloads\AVI\project-dashboard\vendor\codeigniter4\framework\system\Commands\Server\rewrite.php(45): require_once('C:\\Users\\lenovo...')
#6 {main}
CRITICAL - 2021-07-22 08:53:54 --> Undefined property: stdClass::$id
#0 C:\Users\lenovo\Downloads\AVI\project-dashboard\app\Controllers\User.php(85): CodeIgniter\Debug\Exceptions->errorHandler(8, 'Undefined prope...', 'C:\\Users\\lenovo...', 85, Array)
#1 C:\Users\lenovo\Downloads\AVI\project-dashboard\vendor\codeigniter4\framework\system\CodeIgniter.php(928): App\Controllers\User->dashboard()
#2 C:\Users\lenovo\Downloads\AVI\project-dashboard\vendor\codeigniter4\framework\system\CodeIgniter.php(436): CodeIgniter\CodeIgniter->runController(Object(App\Controllers\User))
#3 C:\Users\lenovo\Downloads\AVI\project-dashboard\vendor\codeigniter4\framework\system\CodeIgniter.php(336): CodeIgniter\CodeIgniter->handleRequest(NULL, Object(Config\Cache), false)
#4 C:\Users\lenovo\Downloads\AVI\project-dashboard\public\index.php(37): CodeIgniter\CodeIgniter->run()
#5 C:\Users\lenovo\Downloads\AVI\project-dashboard\vendor\codeigniter4\framework\system\Commands\Server\rewrite.php(45): require_once('C:\\Users\\lenovo...')
#6 {main}
CRITICAL - 2021-07-22 08:53:54 --> Undefined property: stdClass::$id
#0 C:\Users\lenovo\Downloads\AVI\project-dashboard\app\Controllers\User.php(85): CodeIgniter\Debug\Exceptions->errorHandler(8, 'Undefined prope...', 'C:\\Users\\lenovo...', 85, Array)
#1 C:\Users\lenovo\Downloads\AVI\project-dashboard\vendor\codeigniter4\framework\system\CodeIgniter.php(928): App\Controllers\User->dashboard()
#2 C:\Users\lenovo\Downloads\AVI\project-dashboard\vendor\codeigniter4\framework\system\CodeIgniter.php(436): CodeIgniter\CodeIgniter->runController(Object(App\Controllers\User))
#3 C:\Users\lenovo\Downloads\AVI\project-dashboard\vendor\codeigniter4\framework\system\CodeIgniter.php(336): CodeIgniter\CodeIgniter->handleRequest(NULL, Object(Config\Cache), false)
#4 C:\Users\lenovo\Downloads\AVI\project-dashboard\public\index.php(37): CodeIgniter\CodeIgniter->run()
#5 C:\Users\lenovo\Downloads\AVI\project-dashboard\vendor\codeigniter4\framework\system\Commands\Server\rewrite.php(45): require_once('C:\\Users\\lenovo...')
#6 {main}
CRITICAL - 2021-07-22 08:56:52 --> Object of class stdClass could not be converted to string
#0 C:\Users\lenovo\Downloads\AVI\project-dashboard\app\Controllers\User.php(87): CodeIgniter\Debug\Exceptions->errorHandler(4096, 'Object of class...', 'C:\\Users\\lenovo...', 87, Array)
#1 C:\Users\lenovo\Downloads\AVI\project-dashboard\vendor\codeigniter4\framework\system\CodeIgniter.php(928): App\Controllers\User->dashboard()
#2 C:\Users\lenovo\Downloads\AVI\project-dashboard\vendor\codeigniter4\framework\system\CodeIgniter.php(436): CodeIgniter\CodeIgniter->runController(Object(App\Controllers\User))
#3 C:\Users\lenovo\Downloads\AVI\project-dashboard\vendor\codeigniter4\framework\system\CodeIgniter.php(336): CodeIgniter\CodeIgniter->handleRequest(NULL, Object(Config\Cache), false)
#4 C:\Users\lenovo\Downloads\AVI\project-dashboard\public\index.php(37): CodeIgniter\CodeIgniter->run()
#5 C:\Users\lenovo\Downloads\AVI\project-dashboard\vendor\codeigniter4\framework\system\Commands\Server\rewrite.php(45): require_once('C:\\Users\\lenovo...')
#6 {main}
CRITICAL - 2021-07-22 08:57:02 --> Cannot use object of type stdClass as array
#0 C:\Users\lenovo\Downloads\AVI\project-dashboard\vendor\codeigniter4\framework\system\CodeIgniter.php(928): App\Controllers\User->dashboard()
#1 C:\Users\lenovo\Downloads\AVI\project-dashboard\vendor\codeigniter4\framework\system\CodeIgniter.php(436): CodeIgniter\CodeIgniter->runController(Object(App\Controllers\User))
#2 C:\Users\lenovo\Downloads\AVI\project-dashboard\vendor\codeigniter4\framework\system\CodeIgniter.php(336): CodeIgniter\CodeIgniter->handleRequest(NULL, Object(Config\Cache), false)
#3 C:\Users\lenovo\Downloads\AVI\project-dashboard\public\index.php(37): CodeIgniter\CodeIgniter->run()
#4 C:\Users\lenovo\Downloads\AVI\project-dashboard\vendor\codeigniter4\framework\system\Commands\Server\rewrite.php(45): require_once('C:\\Users\\lenovo...')
#5 {main}
CRITICAL - 2021-07-22 08:57:09 --> Undefined property: stdClass::$pic
#0 C:\Users\lenovo\Downloads\AVI\project-dashboard\app\Controllers\User.php(87): CodeIgniter\Debug\Exceptions->errorHandler(8, 'Undefined prope...', 'C:\\Users\\lenovo...', 87, Array)
#1 C:\Users\lenovo\Downloads\AVI\project-dashboard\vendor\codeigniter4\framework\system\CodeIgniter.php(928): App\Controllers\User->dashboard()
#2 C:\Users\lenovo\Downloads\AVI\project-dashboard\vendor\codeigniter4\framework\system\CodeIgniter.php(436): CodeIgniter\CodeIgniter->runController(Object(App\Controllers\User))
#3 C:\Users\lenovo\Downloads\AVI\project-dashboard\vendor\codeigniter4\framework\system\CodeIgniter.php(336): CodeIgniter\CodeIgniter->handleRequest(NULL, Object(Config\Cache), false)
#4 C:\Users\lenovo\Downloads\AVI\project-dashboard\public\index.php(37): CodeIgniter\CodeIgniter->run()
#5 C:\Users\lenovo\Downloads\AVI\project-dashboard\vendor\codeigniter4\framework\system\Commands\Server\rewrite.php(45): require_once('C:\\Users\\lenovo...')
#6 {main}
CRITICAL - 2021-07-22 08:58:52 --> Object of class stdClass could not be converted to string
#0 C:\Users\lenovo\Downloads\AVI\project-dashboard\app\Controllers\User.php(87): CodeIgniter\Debug\Exceptions->errorHandler(4096, 'Object of class...', 'C:\\Users\\lenovo...', 87, Array)
#1 C:\Users\lenovo\Downloads\AVI\project-dashboard\vendor\codeigniter4\framework\system\CodeIgniter.php(928): App\Controllers\User->dashboard()
#2 C:\Users\lenovo\Downloads\AVI\project-dashboard\vendor\codeigniter4\framework\system\CodeIgniter.php(436): CodeIgniter\CodeIgniter->runController(Object(App\Controllers\User))
#3 C:\Users\lenovo\Downloads\AVI\project-dashboard\vendor\codeigniter4\framework\system\CodeIgniter.php(336): CodeIgniter\CodeIgniter->handleRequest(NULL, Object(Config\Cache), false)
#4 C:\Users\lenovo\Downloads\AVI\project-dashboard\public\index.php(37): CodeIgniter\CodeIgniter->run()
#5 C:\Users\lenovo\Downloads\AVI\project-dashboard\vendor\codeigniter4\framework\system\Commands\Server\rewrite.php(45): require_once('C:\\Users\\lenovo...')
#6 {main}
CRITICAL - 2021-07-22 09:02:56 --> Object of class stdClass could not be converted to string
#0 C:\Users\lenovo\Downloads\AVI\project-dashboard\app\Views\user\dashboard.php(4): CodeIgniter\Debug\Exceptions->errorHandler(4096, 'Object of class...', 'C:\\Users\\lenovo...', 4, Array)
#1 C:\Users\lenovo\Downloads\AVI\project-dashboard\vendor\codeigniter4\framework\system\View\View.php(230): include('C:\\Users\\lenovo...')
#2 C:\Users\lenovo\Downloads\AVI\project-dashboard\vendor\codeigniter4\framework\system\View\View.php(232): CodeIgniter\View\View->CodeIgniter\View\{closure}()
#3 C:\Users\lenovo\Downloads\AVI\project-dashboard\vendor\codeigniter4\framework\system\Common.php(1271): CodeIgniter\View\View->render('user/dashboard', Array, true)
#4 C:\Users\lenovo\Downloads\AVI\project-dashboard\app\Controllers\User.php(90): view('user/dashboard', Array)
#5 C:\Users\lenovo\Downloads\AVI\project-dashboard\vendor\codeigniter4\framework\system\CodeIgniter.php(928): App\Controllers\User->dashboard()
#6 C:\Users\lenovo\Downloads\AVI\project-dashboard\vendor\codeigniter4\framework\system\CodeIgniter.php(436): CodeIgniter\CodeIgniter->runController(Object(App\Controllers\User))
#7 C:\Users\lenovo\Downloads\AVI\project-dashboard\vendor\codeigniter4\framework\system\CodeIgniter.php(336): CodeIgniter\CodeIgniter->handleRequest(NULL, Object(Config\Cache), false)
#8 C:\Users\lenovo\Downloads\AVI\project-dashboard\public\index.php(37): CodeIgniter\CodeIgniter->run()
#9 C:\Users\lenovo\Downloads\AVI\project-dashboard\vendor\codeigniter4\framework\system\Commands\Server\rewrite.php(45): require_once('C:\\Users\\lenovo...')
#10 {main}
ERROR - 2021-07-22 09:32:07 --> Cannot delete or update a parent row: a foreign key constraint fails (`pdavi`.`task`, CONSTRAINT `task_ibfk_1` FOREIGN KEY (`project_id`) REFERENCES `project` (`id`))
CRITICAL - 2021-07-22 09:32:07 --> Cannot delete or update a parent row: a foreign key constraint fails (`pdavi`.`task`, CONSTRAINT `task_ibfk_1` FOREIGN KEY (`project_id`) REFERENCES `project` (`id`))
#0 C:\Users\lenovo\Downloads\AVI\project-dashboard\vendor\codeigniter4\framework\system\Database\MySQLi\Connection.php(329): mysqli->query('DELETE FROM `pr...')
#1 C:\Users\lenovo\Downloads\AVI\project-dashboard\vendor\codeigniter4\framework\system\Database\BaseConnection.php(732): CodeIgniter\Database\MySQLi\Connection->execute('DELETE FROM `pr...')
#2 C:\Users\lenovo\Downloads\AVI\project-dashboard\vendor\codeigniter4\framework\system\Database\BaseConnection.php(647): CodeIgniter\Database\BaseConnection->simpleQuery('DELETE FROM `pr...')
#3 C:\Users\lenovo\Downloads\AVI\project-dashboard\vendor\codeigniter4\framework\system\Database\BaseBuilder.php(2881): CodeIgniter\Database\BaseConnection->query('DELETE FROM `pr...', Array, false)
#4 C:\Users\lenovo\Downloads\AVI\project-dashboard\vendor\codeigniter4\framework\system\Model.php(392): CodeIgniter\Database\BaseBuilder->delete()
#5 C:\Users\lenovo\Downloads\AVI\project-dashboard\vendor\codeigniter4\framework\system\BaseModel.php(1025): CodeIgniter\Model->doDelete(NULL, false)
#6 C:\Users\lenovo\Downloads\AVI\project-dashboard\app\Controllers\User.php(301): CodeIgniter\BaseModel->delete()
#7 C:\Users\lenovo\Downloads\AVI\project-dashboard\vendor\codeigniter4\framework\system\CodeIgniter.php(928): App\Controllers\User->deleteproject('7')
#8 C:\Users\lenovo\Downloads\AVI\project-dashboard\vendor\codeigniter4\framework\system\CodeIgniter.php(436): CodeIgniter\CodeIgniter->runController(Object(App\Controllers\User))
#9 C:\Users\lenovo\Downloads\AVI\project-dashboard\vendor\codeigniter4\framework\system\CodeIgniter.php(336): CodeIgniter\CodeIgniter->handleRequest(NULL, Object(Config\Cache), false)
#10 C:\Users\lenovo\Downloads\AVI\project-dashboard\public\index.php(37): CodeIgniter\CodeIgniter->run()
#11 C:\Users\lenovo\Downloads\AVI\project-dashboard\vendor\codeigniter4\framework\system\Commands\Server\rewrite.php(45): require_once('C:\\Users\\lenovo...')
#12 {main}
CRITICAL - 2021-07-22 09:39:53 --> Call to undefined method App\Models\CustModel::getProject
#0 C:\Users\lenovo\Downloads\AVI\project-dashboard\app\Controllers\User.php(170): CodeIgniter\Model->__call('getProject', Array)
#1 C:\Users\lenovo\Downloads\AVI\project-dashboard\vendor\codeigniter4\framework\system\CodeIgniter.php(928): App\Controllers\User->editcust('5')
#2 C:\Users\lenovo\Downloads\AVI\project-dashboard\vendor\codeigniter4\framework\system\CodeIgniter.php(436): CodeIgniter\CodeIgniter->runController(Object(App\Controllers\User))
#3 C:\Users\lenovo\Downloads\AVI\project-dashboard\vendor\codeigniter4\framework\system\CodeIgniter.php(336): CodeIgniter\CodeIgniter->handleRequest(NULL, Object(Config\Cache), false)
#4 C:\Users\lenovo\Downloads\AVI\project-dashboard\public\index.php(37): CodeIgniter\CodeIgniter->run()
#5 C:\Users\lenovo\Downloads\AVI\project-dashboard\vendor\codeigniter4\framework\system\Commands\Server\rewrite.php(45): require_once('C:\\Users\\lenovo...')
#6 {main}
CRITICAL - 2021-07-22 09:40:32 --> Call to undefined method App\Models\CustModel::getCustomer
#0 C:\Users\lenovo\Downloads\AVI\project-dashboard\app\Controllers\User.php(170): CodeIgniter\Model->__call('getCustomer', Array)
#1 C:\Users\lenovo\Downloads\AVI\project-dashboard\vendor\codeigniter4\framework\system\CodeIgniter.php(928): App\Controllers\User->editcust('5')
#2 C:\Users\lenovo\Downloads\AVI\project-dashboard\vendor\codeigniter4\framework\system\CodeIgniter.php(436): CodeIgniter\CodeIgniter->runController(Object(App\Controllers\User))
#3 C:\Users\lenovo\Downloads\AVI\project-dashboard\vendor\codeigniter4\framework\system\CodeIgniter.php(336): CodeIgniter\CodeIgniter->handleRequest(NULL, Object(Config\Cache), false)
#4 C:\Users\lenovo\Downloads\AVI\project-dashboard\public\index.php(37): CodeIgniter\CodeIgniter->run()
#5 C:\Users\lenovo\Downloads\AVI\project-dashboard\vendor\codeigniter4\framework\system\Commands\Server\rewrite.php(45): require_once('C:\\Users\\lenovo...')
#6 {main}
CRITICAL - 2021-07-22 09:40:51 --> Undefined variable: customer
#0 C:\Users\lenovo\Downloads\AVI\project-dashboard\app\Views\user\editcust.php(18): CodeIgniter\Debug\Exceptions->errorHandler(8, 'Undefined varia...', 'C:\\Users\\lenovo...', 18, Array)
#1 C:\Users\lenovo\Downloads\AVI\project-dashboard\vendor\codeigniter4\framework\system\View\View.php(230): include('C:\\Users\\lenovo...')
#2 C:\Users\lenovo\Downloads\AVI\project-dashboard\vendor\codeigniter4\framework\system\View\View.php(232): CodeIgniter\View\View->CodeIgniter\View\{closure}()
#3 C:\Users\lenovo\Downloads\AVI\project-dashboard\vendor\codeigniter4\framework\system\Common.php(1271): CodeIgniter\View\View->render('user/editcust', Array, true)
#4 C:\Users\lenovo\Downloads\AVI\project-dashboard\app\Controllers\User.php(173): view('user/editcust', Array)
#5 C:\Users\lenovo\Downloads\AVI\project-dashboard\vendor\codeigniter4\framework\system\CodeIgniter.php(928): App\Controllers\User->editcust('5')
#6 C:\Users\lenovo\Downloads\AVI\project-dashboard\vendor\codeigniter4\framework\system\CodeIgniter.php(436): CodeIgniter\CodeIgniter->runController(Object(App\Controllers\User))
#7 C:\Users\lenovo\Downloads\AVI\project-dashboard\vendor\codeigniter4\framework\system\CodeIgniter.php(336): CodeIgniter\CodeIgniter->handleRequest(NULL, Object(Config\Cache), false)
#8 C:\Users\lenovo\Downloads\AVI\project-dashboard\public\index.php(37): CodeIgniter\CodeIgniter->run()
#9 C:\Users\lenovo\Downloads\AVI\project-dashboard\vendor\codeigniter4\framework\system\Commands\Server\rewrite.php(45): require_once('C:\\Users\\lenovo...')
#10 {main}
CRITICAL - 2021-07-22 09:41:05 --> Trying to get property 'id' of non-object
#0 C:\Users\lenovo\Downloads\AVI\project-dashboard\app\Views\user\editcust.php(18): CodeIgniter\Debug\Exceptions->errorHandler(8, 'Trying to get p...', 'C:\\Users\\lenovo...', 18, Array)
#1 C:\Users\lenovo\Downloads\AVI\project-dashboard\vendor\codeigniter4\framework\system\View\View.php(230): include('C:\\Users\\lenovo...')
#2 C:\Users\lenovo\Downloads\AVI\project-dashboard\vendor\codeigniter4\framework\system\View\View.php(232): CodeIgniter\View\View->CodeIgniter\View\{closure}()
#3 C:\Users\lenovo\Downloads\AVI\project-dashboard\vendor\codeigniter4\framework\system\Common.php(1271): CodeIgniter\View\View->render('user/editcust', Array, true)
#4 C:\Users\lenovo\Downloads\AVI\project-dashboard\app\Controllers\User.php(173): view('user/editcust', Array)
#5 C:\Users\lenovo\Downloads\AVI\project-dashboard\vendor\codeigniter4\framework\system\CodeIgniter.php(928): App\Controllers\User->editcust('5')
#6 C:\Users\lenovo\Downloads\AVI\project-dashboard\vendor\codeigniter4\framework\system\CodeIgniter.php(436): CodeIgniter\CodeIgniter->runController(Object(App\Controllers\User))
#7 C:\Users\lenovo\Downloads\AVI\project-dashboard\vendor\codeigniter4\framework\system\CodeIgniter.php(336): CodeIgniter\CodeIgniter->handleRequest(NULL, Object(Config\Cache), false)
#8 C:\Users\lenovo\Downloads\AVI\project-dashboard\public\index.php(37): CodeIgniter\CodeIgniter->run()
#9 C:\Users\lenovo\Downloads\AVI\project-dashboard\vendor\codeigniter4\framework\system\Commands\Server\rewrite.php(45): require_once('C:\\Users\\lenovo...')
#10 {main}
CRITICAL - 2021-07-22 09:41:19 --> Trying to get property 'username' of non-object
#0 C:\Users\lenovo\Downloads\AVI\project-dashboard\app\Views\user\editcust.php(24): CodeIgniter\Debug\Exceptions->errorHandler(8, 'Trying to get p...', 'C:\\Users\\lenovo...', 24, Array)
#1 C:\Users\lenovo\Downloads\AVI\project-dashboard\vendor\codeigniter4\framework\system\View\View.php(230): include('C:\\Users\\lenovo...')
#2 C:\Users\lenovo\Downloads\AVI\project-dashboard\vendor\codeigniter4\framework\system\View\View.php(232): CodeIgniter\View\View->CodeIgniter\View\{closure}()
#3 C:\Users\lenovo\Downloads\AVI\project-dashboard\vendor\codeigniter4\framework\system\Common.php(1271): CodeIgniter\View\View->render('user/editcust', Array, true)
#4 C:\Users\lenovo\Downloads\AVI\project-dashboard\app\Controllers\User.php(173): view('user/editcust', Array)
#5 C:\Users\lenovo\Downloads\AVI\project-dashboard\vendor\codeigniter4\framework\system\CodeIgniter.php(928): App\Controllers\User->editcust('5')
#6 C:\Users\lenovo\Downloads\AVI\project-dashboard\vendor\codeigniter4\framework\system\CodeIgniter.php(436): CodeIgniter\CodeIgniter->runController(Object(App\Controllers\User))
#7 C:\Users\lenovo\Downloads\AVI\project-dashboard\vendor\codeigniter4\framework\system\CodeIgniter.php(336): CodeIgniter\CodeIgniter->handleRequest(NULL, Object(Config\Cache), false)
#8 C:\Users\lenovo\Downloads\AVI\project-dashboard\public\index.php(37): CodeIgniter\CodeIgniter->run()
#9 C:\Users\lenovo\Downloads\AVI\project-dashboard\vendor\codeigniter4\framework\system\Commands\Server\rewrite.php(45): require_once('C:\\Users\\lenovo...')
#10 {main}
ERROR - 2021-07-22 10:56:59 --> Unknown column 'pic' in 'where clause'
CRITICAL - 2021-07-22 10:56:59 --> Unknown column 'pic' in 'where clause'
#0 C:\Users\lenovo\Downloads\AVI\project-dashboard\vendor\codeigniter4\framework\system\Database\MySQLi\Connection.php(329): mysqli->query('SELECT *\nFROM `...')
#1 C:\Users\lenovo\Downloads\AVI\project-dashboard\vendor\codeigniter4\framework\system\Database\BaseConnection.php(732): CodeIgniter\Database\MySQLi\Connection->execute('SELECT *\nFROM `...')
#2 C:\Users\lenovo\Downloads\AVI\project-dashboard\vendor\codeigniter4\framework\system\Database\BaseConnection.php(647): CodeIgniter\Database\BaseConnection->simpleQuery('SELECT *\nFROM `...')
#3 C:\Users\lenovo\Downloads\AVI\project-dashboard\vendor\codeigniter4\framework\system\Database\BaseBuilder.php(1881): CodeIgniter\Database\BaseConnection->query('SELECT *\nFROM `...', Array, false)
#4 C:\Users\lenovo\Downloads\AVI\project-dashboard\app\Controllers\User.php(342): CodeIgniter\Database\BaseBuilder->get()
#5 C:\Users\lenovo\Downloads\AVI\project-dashboard\vendor\codeigniter4\framework\system\CodeIgniter.php(928): App\Controllers\User->addtask('7')
#6 C:\Users\lenovo\Downloads\AVI\project-dashboard\vendor\codeigniter4\framework\system\CodeIgniter.php(436): CodeIgniter\CodeIgniter->runController(Object(App\Controllers\User))
#7 C:\Users\lenovo\Downloads\AVI\project-dashboard\vendor\codeigniter4\framework\system\CodeIgniter.php(336): CodeIgniter\CodeIgniter->handleRequest(NULL, Object(Config\Cache), false)
#8 C:\Users\lenovo\Downloads\AVI\project-dashboard\public\index.php(37): CodeIgniter\CodeIgniter->run()
#9 C:\Users\lenovo\Downloads\AVI\project-dashboard\vendor\codeigniter4\framework\system\Commands\Server\rewrite.php(45): require_once('C:\\Users\\lenovo...')
#10 {main}
CRITICAL - 2021-07-22 10:58:16 --> Cannot use object of type stdClass as array
#0 C:\Users\lenovo\Downloads\AVI\project-dashboard\vendor\codeigniter4\framework\system\CodeIgniter.php(928): App\Controllers\User->addtask('7')
#1 C:\Users\lenovo\Downloads\AVI\project-dashboard\vendor\codeigniter4\framework\system\CodeIgniter.php(436): CodeIgniter\CodeIgniter->runController(Object(App\Controllers\User))
#2 C:\Users\lenovo\Downloads\AVI\project-dashboard\vendor\codeigniter4\framework\system\CodeIgniter.php(336): CodeIgniter\CodeIgniter->handleRequest(NULL, Object(Config\Cache), false)
#3 C:\Users\lenovo\Downloads\AVI\project-dashboard\public\index.php(37): CodeIgniter\CodeIgniter->run()
#4 C:\Users\lenovo\Downloads\AVI\project-dashboard\vendor\codeigniter4\framework\system\Commands\Server\rewrite.php(45): require_once('C:\\Users\\lenovo...')
#5 {main}
CRITICAL - 2021-07-22 13:22:36 --> Undefined variable: currenteventname
#0 C:\Users\lenovo\Downloads\AVI\project-dashboard\app\Views\user\detailproject.php(164): CodeIgniter\Debug\Exceptions->errorHandler(8, 'Undefined varia...', 'C:\\Users\\lenovo...', 164, Array)
#1 C:\Users\lenovo\Downloads\AVI\project-dashboard\vendor\codeigniter4\framework\system\View\View.php(230): include('C:\\Users\\lenovo...')
#2 C:\Users\lenovo\Downloads\AVI\project-dashboard\vendor\codeigniter4\framework\system\View\View.php(232): CodeIgniter\View\View->CodeIgniter\View\{closure}()
#3 C:\Users\lenovo\Downloads\AVI\project-dashboard\vendor\codeigniter4\framework\system\Common.php(1271): CodeIgniter\View\View->render('user/detailproj...', Array, true)
#4 C:\Users\lenovo\Downloads\AVI\project-dashboard\app\Controllers\User.php(317): view('user/detailproj...', Array)
#5 C:\Users\lenovo\Downloads\AVI\project-dashboard\vendor\codeigniter4\framework\system\CodeIgniter.php(928): App\Controllers\User->detailproject('15', '1')
#6 C:\Users\lenovo\Downloads\AVI\project-dashboard\vendor\codeigniter4\framework\system\CodeIgniter.php(436): CodeIgniter\CodeIgniter->runController(Object(App\Controllers\User))
#7 C:\Users\lenovo\Downloads\AVI\project-dashboard\vendor\codeigniter4\framework\system\CodeIgniter.php(336): CodeIgniter\CodeIgniter->handleRequest(NULL, Object(Config\Cache), false)
#8 C:\Users\lenovo\Downloads\AVI\project-dashboard\public\index.php(37): CodeIgniter\CodeIgniter->run()
#9 C:\Users\lenovo\Downloads\AVI\project-dashboard\vendor\codeigniter4\framework\system\Commands\Server\rewrite.php(45): require_once('C:\\Users\\lenovo...')
#10 {main}
CRITICAL - 2021-07-22 13:24:04 --> Undefined variable: nexteventname
#0 C:\Users\lenovo\Downloads\AVI\project-dashboard\app\Views\user\detailproject.php(177): CodeIgniter\Debug\Exceptions->errorHandler(8, 'Undefined varia...', 'C:\\Users\\lenovo...', 177, Array)
#1 C:\Users\lenovo\Downloads\AVI\project-dashboard\vendor\codeigniter4\framework\system\View\View.php(230): include('C:\\Users\\lenovo...')
#2 C:\Users\lenovo\Downloads\AVI\project-dashboard\vendor\codeigniter4\framework\system\View\View.php(232): CodeIgniter\View\View->CodeIgniter\View\{closure}()
#3 C:\Users\lenovo\Downloads\AVI\project-dashboard\vendor\codeigniter4\framework\system\Common.php(1271): CodeIgniter\View\View->render('user/detailproj...', Array, true)
#4 C:\Users\lenovo\Downloads\AVI\project-dashboard\app\Controllers\User.php(317): view('user/detailproj...', Array)
#5 C:\Users\lenovo\Downloads\AVI\project-dashboard\vendor\codeigniter4\framework\system\CodeIgniter.php(928): App\Controllers\User->detailproject('15', '1')
#6 C:\Users\lenovo\Downloads\AVI\project-dashboard\vendor\codeigniter4\framework\system\CodeIgniter.php(436): CodeIgniter\CodeIgniter->runController(Object(App\Controllers\User))
#7 C:\Users\lenovo\Downloads\AVI\project-dashboard\vendor\codeigniter4\framework\system\CodeIgniter.php(336): CodeIgniter\CodeIgniter->handleRequest(NULL, Object(Config\Cache), false)
#8 C:\Users\lenovo\Downloads\AVI\project-dashboard\public\index.php(37): CodeIgniter\CodeIgniter->run()
#9 C:\Users\lenovo\Downloads\AVI\project-dashboard\vendor\codeigniter4\framework\system\Commands\Server\rewrite.php(45): require_once('C:\\Users\\lenovo...')
#10 {main}
ERROR - 2021-07-22 13:36:28 --> Cannot delete or update a parent row: a foreign key constraint fails (`pdavi`.`task`, CONSTRAINT `task_ibfk_1` FOREIGN KEY (`project_id`) REFERENCES `project` (`id`))
CRITICAL - 2021-07-22 13:36:28 --> Cannot delete or update a parent row: a foreign key constraint fails (`pdavi`.`task`, CONSTRAINT `task_ibfk_1` FOREIGN KEY (`project_id`) REFERENCES `project` (`id`))
#0 C:\Users\lenovo\Downloads\AVI\project-dashboard\vendor\codeigniter4\framework\system\Database\MySQLi\Connection.php(329): mysqli->query('DELETE FROM `pr...')
#1 C:\Users\lenovo\Downloads\AVI\project-dashboard\vendor\codeigniter4\framework\system\Database\BaseConnection.php(732): CodeIgniter\Database\MySQLi\Connection->execute('DELETE FROM `pr...')
#2 C:\Users\lenovo\Downloads\AVI\project-dashboard\vendor\codeigniter4\framework\system\Database\BaseConnection.php(647): CodeIgniter\Database\BaseConnection->simpleQuery('DELETE FROM `pr...')
#3 C:\Users\lenovo\Downloads\AVI\project-dashboard\vendor\codeigniter4\framework\system\Database\BaseBuilder.php(2881): CodeIgniter\Database\BaseConnection->query('DELETE FROM `pr...', Array, false)
#4 C:\Users\lenovo\Downloads\AVI\project-dashboard\vendor\codeigniter4\framework\system\Model.php(392): CodeIgniter\Database\BaseBuilder->delete()
#5 C:\Users\lenovo\Downloads\AVI\project-dashboard\vendor\codeigniter4\framework\system\BaseModel.php(1025): CodeIgniter\Model->doDelete(NULL, false)
#6 C:\Users\lenovo\Downloads\AVI\project-dashboard\app\Controllers\User.php(323): CodeIgniter\BaseModel->delete()
#7 C:\Users\lenovo\Downloads\AVI\project-dashboard\vendor\codeigniter4\framework\system\CodeIgniter.php(928): App\Controllers\User->deleteproject('12', '1')
#8 C:\Users\lenovo\Downloads\AVI\project-dashboard\vendor\codeigniter4\framework\system\CodeIgniter.php(436): CodeIgniter\CodeIgniter->runController(Object(App\Controllers\User))
#9 C:\Users\lenovo\Downloads\AVI\project-dashboard\vendor\codeigniter4\framework\system\CodeIgniter.php(336): CodeIgniter\CodeIgniter->handleRequest(NULL, Object(Config\Cache), false)
#10 C:\Users\lenovo\Downloads\AVI\project-dashboard\public\index.php(37): CodeIgniter\CodeIgniter->run()
#11 C:\Users\lenovo\Downloads\AVI\project-dashboard\vendor\codeigniter4\framework\system\Commands\Server\rewrite.php(45): require_once('C:\\Users\\lenovo...')
#12 {main}
CRITICAL - 2021-07-22 13:37:36 --> Trying to get property 'id' of non-object
#0 C:\Users\lenovo\Downloads\AVI\project-dashboard\app\Views\user\detailproject.php(129): CodeIgniter\Debug\Exceptions->errorHandler(8, 'Trying to get p...', 'C:\\Users\\lenovo...', 129, Array)
#1 C:\Users\lenovo\Downloads\AVI\project-dashboard\vendor\codeigniter4\framework\system\View\View.php(230): include('C:\\Users\\lenovo...')
#2 C:\Users\lenovo\Downloads\AVI\project-dashboard\vendor\codeigniter4\framework\system\View\View.php(232): CodeIgniter\View\View->CodeIgniter\View\{closure}()
#3 C:\Users\lenovo\Downloads\AVI\project-dashboard\vendor\codeigniter4\framework\system\Common.php(1271): CodeIgniter\View\View->render('user/detailproj...', Array, true)
#4 C:\Users\lenovo\Downloads\AVI\project-dashboard\app\Controllers\User.php(317): view('user/detailproj...', Array)
#5 C:\Users\lenovo\Downloads\AVI\project-dashboard\vendor\codeigniter4\framework\system\CodeIgniter.php(928): App\Controllers\User->detailproject('12')
#6 C:\Users\lenovo\Downloads\AVI\project-dashboard\vendor\codeigniter4\framework\system\CodeIgniter.php(436): CodeIgniter\CodeIgniter->runController(Object(App\Controllers\User))
#7 C:\Users\lenovo\Downloads\AVI\project-dashboard\vendor\codeigniter4\framework\system\CodeIgniter.php(336): CodeIgniter\CodeIgniter->handleRequest(NULL, Object(Config\Cache), false)
#8 C:\Users\lenovo\Downloads\AVI\project-dashboard\public\index.php(37): CodeIgniter\CodeIgniter->run()
#9 C:\Users\lenovo\Downloads\AVI\project-dashboard\vendor\codeigniter4\framework\system\Commands\Server\rewrite.php(45): require_once('C:\\Users\\lenovo...')
#10 {main}
CRITICAL - 2021-07-22 13:41:47 --> Trying to get property 'id' of non-object
#0 C:\Users\lenovo\Downloads\AVI\project-dashboard\app\Views\user\detailproject.php(129): CodeIgniter\Debug\Exceptions->errorHandler(8, 'Trying to get p...', 'C:\\Users\\lenovo...', 129, Array)
#1 C:\Users\lenovo\Downloads\AVI\project-dashboard\vendor\codeigniter4\framework\system\View\View.php(230): include('C:\\Users\\lenovo...')
#2 C:\Users\lenovo\Downloads\AVI\project-dashboard\vendor\codeigniter4\framework\system\View\View.php(232): CodeIgniter\View\View->CodeIgniter\View\{closure}()
#3 C:\Users\lenovo\Downloads\AVI\project-dashboard\vendor\codeigniter4\framework\system\Common.php(1271): CodeIgniter\View\View->render('user/detailproj...', Array, true)
#4 C:\Users\lenovo\Downloads\AVI\project-dashboard\app\Controllers\User.php(317): view('user/detailproj...', Array)
#5 C:\Users\lenovo\Downloads\AVI\project-dashboard\vendor\codeigniter4\framework\system\CodeIgniter.php(928): App\Controllers\User->detailproject('12')
#6 C:\Users\lenovo\Downloads\AVI\project-dashboard\vendor\codeigniter4\framework\system\CodeIgniter.php(436): CodeIgniter\CodeIgniter->runController(Object(App\Controllers\User))
#7 C:\Users\lenovo\Downloads\AVI\project-dashboard\vendor\codeigniter4\framework\system\CodeIgniter.php(336): CodeIgniter\CodeIgniter->handleRequest(NULL, Object(Config\Cache), false)
#8 C:\Users\lenovo\Downloads\AVI\project-dashboard\public\index.php(37): CodeIgniter\CodeIgniter->run()
#9 C:\Users\lenovo\Downloads\AVI\project-dashboard\vendor\codeigniter4\framework\system\Commands\Server\rewrite.php(45): require_once('C:\\Users\\lenovo...')
#10 {main}
CRITICAL - 2021-07-22 13:44:45 --> Trying to get property 'id' of non-object
#0 C:\Users\lenovo\Downloads\AVI\project-dashboard\app\Views\user\detailproject.php(129): CodeIgniter\Debug\Exceptions->errorHandler(8, 'Trying to get p...', 'C:\\Users\\lenovo...', 129, Array)
#1 C:\Users\lenovo\Downloads\AVI\project-dashboard\vendor\codeigniter4\framework\system\View\View.php(230): include('C:\\Users\\lenovo...')
#2 C:\Users\lenovo\Downloads\AVI\project-dashboard\vendor\codeigniter4\framework\system\View\View.php(232): CodeIgniter\View\View->CodeIgniter\View\{closure}()
#3 C:\Users\lenovo\Downloads\AVI\project-dashboard\vendor\codeigniter4\framework\system\Common.php(1271): CodeIgniter\View\View->render('user/detailproj...', Array, true)
#4 C:\Users\lenovo\Downloads\AVI\project-dashboard\app\Controllers\User.php(317): view('user/detailproj...', Array)
#5 C:\Users\lenovo\Downloads\AVI\project-dashboard\vendor\codeigniter4\framework\system\CodeIgniter.php(928): App\Controllers\User->detailproject('12')
#6 C:\Users\lenovo\Downloads\AVI\project-dashboard\vendor\codeigniter4\framework\system\CodeIgniter.php(436): CodeIgniter\CodeIgniter->runController(Object(App\Controllers\User))
#7 C:\Users\lenovo\Downloads\AVI\project-dashboard\vendor\codeigniter4\framework\system\CodeIgniter.php(336): CodeIgniter\CodeIgniter->handleRequest(NULL, Object(Config\Cache), false)
#8 C:\Users\lenovo\Downloads\AVI\project-dashboard\public\index.php(37): CodeIgniter\CodeIgniter->run()
#9 C:\Users\lenovo\Downloads\AVI\project-dashboard\vendor\codeigniter4\framework\system\Commands\Server\rewrite.php(45): require_once('C:\\Users\\lenovo...')
#10 {main}
ERROR - 2021-07-22 16:41:22 --> Error connecting to the database: No connection could be made because the target machine actively refused it.

CRITICAL - 2021-07-22 16:41:22 --> Unable to connect to the database.
Main connection [MySQLi]: No connection could be made because the target machine actively refused it.

#0 C:\Users\lenovo\Downloads\AVI\project-dashboard\vendor\codeigniter4\framework\system\Database\BaseConnection.php(625): CodeIgniter\Database\BaseConnection->initialize()
#1 C:\Users\lenovo\Downloads\AVI\project-dashboard\vendor\codeigniter4\framework\system\Database\BaseBuilder.php(1881): CodeIgniter\Database\BaseConnection->query('SELECT *\nFROM `...', Array, false)
#2 C:\Users\lenovo\Downloads\AVI\project-dashboard\vendor\codeigniter4\framework\system\Model.php(153): CodeIgniter\Database\BaseBuilder->get()
#3 C:\Users\lenovo\Downloads\AVI\project-dashboard\vendor\codeigniter4\framework\system\BaseModel.php(538): CodeIgniter\Model->doFind(true, '1')
#4 C:\Users\lenovo\Downloads\AVI\project-dashboard\vendor\myth\auth\src\Authentication\AuthenticationBase.php(137): CodeIgniter\BaseModel->find('1')
#5 C:\Users\lenovo\Downloads\AVI\project-dashboard\vendor\myth\auth\src\Authentication\LocalAuthenticator.php(70): Myth\Auth\Authentication\AuthenticationBase->isLoggedIn()
#6 C:\Users\lenovo\Downloads\AVI\project-dashboard\vendor\myth\auth\src\Filters\LoginFilter.php(45): Myth\Auth\Authentication\LocalAuthenticator->check()
#7 C:\Users\lenovo\Downloads\AVI\project-dashboard\vendor\codeigniter4\framework\system\Filters\Filters.php(181): Myth\Auth\Filters\LoginFilter->before(Object(CodeIgniter\HTTP\IncomingRequest), NULL)
#8 C:\Users\lenovo\Downloads\AVI\project-dashboard\vendor\codeigniter4\framework\system\CodeIgniter.php(407): CodeIgniter\Filters\Filters->run('user/dashboard', 'before')
#9 C:\Users\lenovo\Downloads\AVI\project-dashboard\vendor\codeigniter4\framework\system\CodeIgniter.php(336): CodeIgniter\CodeIgniter->handleRequest(NULL, Object(Config\Cache), false)
#10 C:\Users\lenovo\Downloads\AVI\project-dashboard\public\index.php(37): CodeIgniter\CodeIgniter->run()
#11 C:\Users\lenovo\Downloads\AVI\project-dashboard\vendor\codeigniter4\framework\system\Commands\Server\rewrite.php(45): require_once('C:\\Users\\lenovo...')
#12 {main}
