CRITICAL - 2021-11-25 10:19:52 --> Class 'PHPMailer\PHPMailer\PHPMailer' not found
#0 C:\xampp\htdocs\avis\vendor\codeigniter4\framework\system\CodeIgniter.php(928): App\Controllers\Task->addtask('7')
#1 C:\xampp\htdocs\avis\vendor\codeigniter4\framework\system\CodeIgniter.php(436): CodeIgniter\CodeIgniter->runController(Object(App\Controllers\Task))
#2 C:\xampp\htdocs\avis\vendor\codeigniter4\framework\system\CodeIgniter.php(336): CodeIgniter\CodeIgniter->handleRequest(NULL, Object(Config\Cache), false)
#3 C:\xampp\htdocs\avis\index.php(37): CodeIgniter\CodeIgniter->run()
#4 {main}
CRITICAL - 2021-11-25 10:23:50 --> Trying to get property 'email' of non-object
#0 C:\xampp\htdocs\avis\app\Controllers\Task.php(322): CodeIgniter\Debug\Exceptions->errorHandler(8, 'Trying to get p...', 'C:\\xampp\\htdocs...', 322, Array)
#1 C:\xampp\htdocs\avis\vendor\codeigniter4\framework\system\CodeIgniter.php(928): App\Controllers\Task->addtask('7')
#2 C:\xampp\htdocs\avis\vendor\codeigniter4\framework\system\CodeIgniter.php(436): CodeIgniter\CodeIgniter->runController(Object(App\Controllers\Task))
#3 C:\xampp\htdocs\avis\vendor\codeigniter4\framework\system\CodeIgniter.php(336): CodeIgniter\CodeIgniter->handleRequest(NULL, Object(Config\Cache), false)
#4 C:\xampp\htdocs\avis\index.php(37): CodeIgniter\CodeIgniter->run()
#5 {main}
CRITICAL - 2021-11-25 10:24:01 --> Class 'PHPMailer\PHPMailer\PHPMailer' not found
#0 C:\xampp\htdocs\avis\vendor\codeigniter4\framework\system\CodeIgniter.php(928): App\Controllers\Task->addtask('7')
#1 C:\xampp\htdocs\avis\vendor\codeigniter4\framework\system\CodeIgniter.php(436): CodeIgniter\CodeIgniter->runController(Object(App\Controllers\Task))
#2 C:\xampp\htdocs\avis\vendor\codeigniter4\framework\system\CodeIgniter.php(336): CodeIgniter\CodeIgniter->handleRequest(NULL, Object(Config\Cache), false)
#3 C:\xampp\htdocs\avis\index.php(37): CodeIgniter\CodeIgniter->run()
#4 {main}
CRITICAL - 2021-11-25 10:24:15 --> Class 'PHPMailer\PHPMailer\PHPMailer' not found
#0 C:\xampp\htdocs\avis\vendor\codeigniter4\framework\system\CodeIgniter.php(928): App\Controllers\Task->addtask('7')
#1 C:\xampp\htdocs\avis\vendor\codeigniter4\framework\system\CodeIgniter.php(436): CodeIgniter\CodeIgniter->runController(Object(App\Controllers\Task))
#2 C:\xampp\htdocs\avis\vendor\codeigniter4\framework\system\CodeIgniter.php(336): CodeIgniter\CodeIgniter->handleRequest(NULL, Object(Config\Cache), false)
#3 C:\xampp\htdocs\avis\index.php(37): CodeIgniter\CodeIgniter->run()
#4 {main}
CRITICAL - 2021-11-25 10:26:46 --> CodeIgniter\Router\Router::main(): Failed opening required 'path/to/PHPMailer/src/Exception.php' (include_path='C:\xampp\php\PEAR')
#0 [internal function]: CodeIgniter\Debug\Exceptions->shutdownHandler()
#1 {main}
CRITICAL - 2021-11-25 10:27:22 --> CodeIgniter\Router\Router::main(): Failed opening required 'vendor/PHPMailer/src/Exception.php' (include_path='C:\xampp\php\PEAR')
#0 [internal function]: CodeIgniter\Debug\Exceptions->shutdownHandler()
#1 {main}
