CRITICAL - 2021-09-23 08:06:57 --> file_get_contents(C:\xampp\htdocs\pdavi\writable\debugbar/debugbar_1632301638.json): failed to open stream: No such file or directory
#0 [internal function]: CodeIgniter\Debug\Exceptions->errorHandler(2, 'file_get_conten...', 'C:\\xampp\\htdocs...', 83, Array)
#1 C:\xampp\htdocs\pdavi\vendor\codeigniter4\framework\system\Debug\Toolbar\Collectors\History.php(83): file_get_contents('C:\\xampp\\htdocs...')
#2 C:\xampp\htdocs\pdavi\vendor\codeigniter4\framework\system\Debug\Toolbar.php(480): CodeIgniter\Debug\Toolbar\Collectors\History->setFiles(1632359155, 20)
#3 C:\xampp\htdocs\pdavi\vendor\codeigniter4\framework\system\Debug\Toolbar.php(452): CodeIgniter\Debug\Toolbar->format(Array, 'html')
#4 C:\xampp\htdocs\pdavi\app\Config\Events.php(52): CodeIgniter\Debug\Toolbar->respond()
#5 [internal function]: CodeIgniter\Events\Events::Config\{closure}()
#6 C:\xampp\htdocs\pdavi\vendor\codeigniter4\framework\system\Events\Events.php(166): call_user_func(Object(Closure))
#7 C:\xampp\htdocs\pdavi\vendor\codeigniter4\framework\system\CodeIgniter.php(316): CodeIgniter\Events\Events::trigger('pre_system')
#8 C:\xampp\htdocs\pdavi\index.php(37): CodeIgniter\CodeIgniter->run()
#9 {main}
CRITICAL - 2021-09-23 08:30:34 --> Array to string conversion
#0 C:\xampp\htdocs\pdavi\app\Views\user\detailproject.php(62): CodeIgniter\Debug\Exceptions->errorHandler(8, 'Array to string...', 'C:\\xampp\\htdocs...', 62, Array)
#1 C:\xampp\htdocs\pdavi\vendor\codeigniter4\framework\system\View\View.php(230): include('C:\\xampp\\htdocs...')
#2 C:\xampp\htdocs\pdavi\vendor\codeigniter4\framework\system\View\View.php(232): CodeIgniter\View\View->CodeIgniter\View\{closure}()
#3 C:\xampp\htdocs\pdavi\vendor\codeigniter4\framework\system\Common.php(1271): CodeIgniter\View\View->render('user/detailproj...', Array, true)
#4 C:\xampp\htdocs\pdavi\app\Controllers\Project.php(234): view('user/detailproj...', Array)
#5 C:\xampp\htdocs\pdavi\vendor\codeigniter4\framework\system\CodeIgniter.php(928): App\Controllers\Project->detailproject('2', '1')
#6 C:\xampp\htdocs\pdavi\vendor\codeigniter4\framework\system\CodeIgniter.php(436): CodeIgniter\CodeIgniter->runController(Object(App\Controllers\Project))
#7 C:\xampp\htdocs\pdavi\vendor\codeigniter4\framework\system\CodeIgniter.php(336): CodeIgniter\CodeIgniter->handleRequest(NULL, Object(Config\Cache), false)
#8 C:\xampp\htdocs\pdavi\index.php(37): CodeIgniter\CodeIgniter->run()
#9 {main}
CRITICAL - 2021-09-23 08:30:48 --> Trying to get property 'ct_target' of non-object
#0 C:\xampp\htdocs\pdavi\app\Views\user\detailproject.php(62): CodeIgniter\Debug\Exceptions->errorHandler(8, 'Trying to get p...', 'C:\\xampp\\htdocs...', 62, Array)
#1 C:\xampp\htdocs\pdavi\vendor\codeigniter4\framework\system\View\View.php(230): include('C:\\xampp\\htdocs...')
#2 C:\xampp\htdocs\pdavi\vendor\codeigniter4\framework\system\View\View.php(232): CodeIgniter\View\View->CodeIgniter\View\{closure}()
#3 C:\xampp\htdocs\pdavi\vendor\codeigniter4\framework\system\Common.php(1271): CodeIgniter\View\View->render('user/detailproj...', Array, true)
#4 C:\xampp\htdocs\pdavi\app\Controllers\Project.php(234): view('user/detailproj...', Array)
#5 C:\xampp\htdocs\pdavi\vendor\codeigniter4\framework\system\CodeIgniter.php(928): App\Controllers\Project->detailproject('2', '1')
#6 C:\xampp\htdocs\pdavi\vendor\codeigniter4\framework\system\CodeIgniter.php(436): CodeIgniter\CodeIgniter->runController(Object(App\Controllers\Project))
#7 C:\xampp\htdocs\pdavi\vendor\codeigniter4\framework\system\CodeIgniter.php(336): CodeIgniter\CodeIgniter->handleRequest(NULL, Object(Config\Cache), false)
#8 C:\xampp\htdocs\pdavi\index.php(37): CodeIgniter\CodeIgniter->run()
#9 {main}
CRITICAL - 2021-09-23 08:31:01 --> Undefined index: ct_target
#0 C:\xampp\htdocs\pdavi\app\Views\user\detailproject.php(62): CodeIgniter\Debug\Exceptions->errorHandler(8, 'Undefined index...', 'C:\\xampp\\htdocs...', 62, Array)
#1 C:\xampp\htdocs\pdavi\vendor\codeigniter4\framework\system\View\View.php(230): include('C:\\xampp\\htdocs...')
#2 C:\xampp\htdocs\pdavi\vendor\codeigniter4\framework\system\View\View.php(232): CodeIgniter\View\View->CodeIgniter\View\{closure}()
#3 C:\xampp\htdocs\pdavi\vendor\codeigniter4\framework\system\Common.php(1271): CodeIgniter\View\View->render('user/detailproj...', Array, true)
#4 C:\xampp\htdocs\pdavi\app\Controllers\Project.php(234): view('user/detailproj...', Array)
#5 C:\xampp\htdocs\pdavi\vendor\codeigniter4\framework\system\CodeIgniter.php(928): App\Controllers\Project->detailproject('2', '1')
#6 C:\xampp\htdocs\pdavi\vendor\codeigniter4\framework\system\CodeIgniter.php(436): CodeIgniter\CodeIgniter->runController(Object(App\Controllers\Project))
#7 C:\xampp\htdocs\pdavi\vendor\codeigniter4\framework\system\CodeIgniter.php(336): CodeIgniter\CodeIgniter->handleRequest(NULL, Object(Config\Cache), false)
#8 C:\xampp\htdocs\pdavi\index.php(37): CodeIgniter\CodeIgniter->run()
#9 {main}
CRITICAL - 2021-09-23 08:32:49 --> Trying to get property 'station' of non-object
#0 C:\xampp\htdocs\pdavi\app\Views\user\detailproject.php(66): CodeIgniter\Debug\Exceptions->errorHandler(8, 'Trying to get p...', 'C:\\xampp\\htdocs...', 66, Array)
#1 C:\xampp\htdocs\pdavi\vendor\codeigniter4\framework\system\View\View.php(230): include('C:\\xampp\\htdocs...')
#2 C:\xampp\htdocs\pdavi\vendor\codeigniter4\framework\system\View\View.php(232): CodeIgniter\View\View->CodeIgniter\View\{closure}()
#3 C:\xampp\htdocs\pdavi\vendor\codeigniter4\framework\system\Common.php(1271): CodeIgniter\View\View->render('user/detailproj...', Array, true)
#4 C:\xampp\htdocs\pdavi\app\Controllers\Project.php(234): view('user/detailproj...', Array)
#5 C:\xampp\htdocs\pdavi\vendor\codeigniter4\framework\system\CodeIgniter.php(928): App\Controllers\Project->detailproject('2', '1')
#6 C:\xampp\htdocs\pdavi\vendor\codeigniter4\framework\system\CodeIgniter.php(436): CodeIgniter\CodeIgniter->runController(Object(App\Controllers\Project))
#7 C:\xampp\htdocs\pdavi\vendor\codeigniter4\framework\system\CodeIgniter.php(336): CodeIgniter\CodeIgniter->handleRequest(NULL, Object(Config\Cache), false)
#8 C:\xampp\htdocs\pdavi\index.php(37): CodeIgniter\CodeIgniter->run()
#9 {main}
