CRITICAL - 2021-10-27 08:28:19 --> Trying to get property 'level_id' of non-object
#0 C:\xampp\htdocs\pdavi\app\Controllers\Customer.php(27): CodeIgniter\Debug\Exceptions->errorHandler(8, 'Trying to get p...', 'C:\\xampp\\htdocs...', 27, Array)
#1 C:\xampp\htdocs\pdavi\vendor\codeigniter4\framework\system\CodeIgniter.php(928): App\Controllers\Customer->index()
#2 C:\xampp\htdocs\pdavi\vendor\codeigniter4\framework\system\CodeIgniter.php(436): CodeIgniter\CodeIgniter->runController(Object(App\Controllers\Customer))
#3 C:\xampp\htdocs\pdavi\vendor\codeigniter4\framework\system\CodeIgniter.php(336): CodeIgniter\CodeIgniter->handleRequest(NULL, Object(Config\Cache), false)
#4 C:\xampp\htdocs\pdavi\index.php(37): CodeIgniter\CodeIgniter->run()
#5 {main}
CRITICAL - 2021-10-27 08:28:23 --> Trying to get property 'level_id' of non-object
#0 C:\xampp\htdocs\pdavi\app\Controllers\Customer.php(27): CodeIgniter\Debug\Exceptions->errorHandler(8, 'Trying to get p...', 'C:\\xampp\\htdocs...', 27, Array)
#1 C:\xampp\htdocs\pdavi\vendor\codeigniter4\framework\system\CodeIgniter.php(928): App\Controllers\Customer->index()
#2 C:\xampp\htdocs\pdavi\vendor\codeigniter4\framework\system\CodeIgniter.php(436): CodeIgniter\CodeIgniter->runController(Object(App\Controllers\Customer))
#3 C:\xampp\htdocs\pdavi\vendor\codeigniter4\framework\system\CodeIgniter.php(336): CodeIgniter\CodeIgniter->handleRequest(NULL, Object(Config\Cache), false)
#4 C:\xampp\htdocs\pdavi\index.php(37): CodeIgniter\CodeIgniter->run()
#5 {main}
CRITICAL - 2021-10-27 09:10:03 --> Undefined variable: nr2
#0 C:\xampp\htdocs\pdavi\app\Models\ProjectModel.php(504): CodeIgniter\Debug\Exceptions->errorHandler(8, 'Undefined varia...', 'C:\\xampp\\htdocs...', 504, Array)
#1 C:\xampp\htdocs\pdavi\app\Controllers\Project.php(214): App\Models\ProjectModel->getAllPicPerform(Array, Array)
#2 C:\xampp\htdocs\pdavi\vendor\codeigniter4\framework\system\CodeIgniter.php(928): App\Controllers\Project->detailproject('2', '1')
#3 C:\xampp\htdocs\pdavi\vendor\codeigniter4\framework\system\CodeIgniter.php(436): CodeIgniter\CodeIgniter->runController(Object(App\Controllers\Project))
#4 C:\xampp\htdocs\pdavi\vendor\codeigniter4\framework\system\CodeIgniter.php(336): CodeIgniter\CodeIgniter->handleRequest(NULL, Object(Config\Cache), false)
#5 C:\xampp\htdocs\pdavi\index.php(37): CodeIgniter\CodeIgniter->run()
#6 {main}
CRITICAL - 2021-10-27 09:11:57 --> Undefined variable: nr2
#0 C:\xampp\htdocs\pdavi\app\Models\ProjectModel.php(511): CodeIgniter\Debug\Exceptions->errorHandler(8, 'Undefined varia...', 'C:\\xampp\\htdocs...', 511, Array)
#1 C:\xampp\htdocs\pdavi\app\Controllers\Project.php(214): App\Models\ProjectModel->getAllPicPerform(Array, Array)
#2 C:\xampp\htdocs\pdavi\vendor\codeigniter4\framework\system\CodeIgniter.php(928): App\Controllers\Project->detailproject('2', '1')
#3 C:\xampp\htdocs\pdavi\vendor\codeigniter4\framework\system\CodeIgniter.php(436): CodeIgniter\CodeIgniter->runController(Object(App\Controllers\Project))
#4 C:\xampp\htdocs\pdavi\vendor\codeigniter4\framework\system\CodeIgniter.php(336): CodeIgniter\CodeIgniter->handleRequest(NULL, Object(Config\Cache), false)
#5 C:\xampp\htdocs\pdavi\index.php(37): CodeIgniter\CodeIgniter->run()
#6 {main}
CRITICAL - 2021-10-27 09:33:56 --> syntax error, unexpected ';'
#0 C:\xampp\htdocs\pdavi\vendor\codeigniter4\framework\system\Autoloader\Autoloader.php(273): CodeIgniter\Autoloader\Autoloader->includeFile('C:\\xampp\\htdocs...')
#1 C:\xampp\htdocs\pdavi\vendor\codeigniter4\framework\system\Autoloader\Autoloader.php(247): CodeIgniter\Autoloader\Autoloader->loadInNamespace('App\\Models\\Proj...')
#2 [internal function]: CodeIgniter\Autoloader\Autoloader->loadClass('App\\Models\\Proj...')
#3 C:\xampp\htdocs\pdavi\app\Controllers\Project.php(26): spl_autoload_call('App\\Models\\Proj...')
#4 C:\xampp\htdocs\pdavi\vendor\codeigniter4\framework\system\CodeIgniter.php(900): App\Controllers\Project->__construct()
#5 C:\xampp\htdocs\pdavi\vendor\codeigniter4\framework\system\CodeIgniter.php(426): CodeIgniter\CodeIgniter->createController()
#6 C:\xampp\htdocs\pdavi\vendor\codeigniter4\framework\system\CodeIgniter.php(336): CodeIgniter\CodeIgniter->handleRequest(NULL, Object(Config\Cache), false)
#7 C:\xampp\htdocs\pdavi\index.php(37): CodeIgniter\CodeIgniter->run()
#8 {main}
CRITICAL - 2021-10-27 09:50:20 --> Array to string conversion
#0 [internal function]: CodeIgniter\Debug\Exceptions->errorHandler(8, 'Array to string...', 'C:\\xampp\\htdocs...', 510, Array)
#1 C:\xampp\htdocs\pdavi\app\Models\ProjectModel.php(510): array_unique(Array)
#2 C:\xampp\htdocs\pdavi\app\Controllers\Project.php(214): App\Models\ProjectModel->getAllPicPerform(Array, Array)
#3 C:\xampp\htdocs\pdavi\vendor\codeigniter4\framework\system\CodeIgniter.php(928): App\Controllers\Project->detailproject('2', '1')
#4 C:\xampp\htdocs\pdavi\vendor\codeigniter4\framework\system\CodeIgniter.php(436): CodeIgniter\CodeIgniter->runController(Object(App\Controllers\Project))
#5 C:\xampp\htdocs\pdavi\vendor\codeigniter4\framework\system\CodeIgniter.php(336): CodeIgniter\CodeIgniter->handleRequest(NULL, Object(Config\Cache), false)
#6 C:\xampp\htdocs\pdavi\index.php(37): CodeIgniter\CodeIgniter->run()
#7 {main}
CRITICAL - 2021-10-27 09:58:05 --> array_map() expects parameter 1 to be a valid callback, array must have exactly two members
#0 [internal function]: CodeIgniter\Debug\Exceptions->errorHandler(2, 'array_map() exp...', 'C:\\xampp\\htdocs...', 510, Array)
#1 C:\xampp\htdocs\pdavi\app\Models\ProjectModel.php(510): array_map(Array, Array)
#2 C:\xampp\htdocs\pdavi\app\Controllers\Project.php(214): App\Models\ProjectModel->getAllPicPerform(Array, Array)
#3 C:\xampp\htdocs\pdavi\vendor\codeigniter4\framework\system\CodeIgniter.php(928): App\Controllers\Project->detailproject('2', '1')
#4 C:\xampp\htdocs\pdavi\vendor\codeigniter4\framework\system\CodeIgniter.php(436): CodeIgniter\CodeIgniter->runController(Object(App\Controllers\Project))
#5 C:\xampp\htdocs\pdavi\vendor\codeigniter4\framework\system\CodeIgniter.php(336): CodeIgniter\CodeIgniter->handleRequest(NULL, Object(Config\Cache), false)
#6 C:\xampp\htdocs\pdavi\index.php(37): CodeIgniter\CodeIgniter->run()
#7 {main}
CRITICAL - 2021-10-27 14:03:21 --> rename(./public/theme/assets/4m change request/K1ZA,./public/theme/assets/4m change request/K1ZAAA): The system cannot find the file specified. (code: 2)
#0 [internal function]: CodeIgniter\Debug\Exceptions->errorHandler(2, 'rename(./public...', 'C:\\xampp\\htdocs...', 314, Array)
#1 C:\xampp\htdocs\pdavi\app\Controllers\Project.php(314): rename('./public/theme/...', './public/theme/...')
#2 C:\xampp\htdocs\pdavi\vendor\codeigniter4\framework\system\CodeIgniter.php(928): App\Controllers\Project->updateproject('4')
#3 C:\xampp\htdocs\pdavi\vendor\codeigniter4\framework\system\CodeIgniter.php(436): CodeIgniter\CodeIgniter->runController(Object(App\Controllers\Project))
#4 C:\xampp\htdocs\pdavi\vendor\codeigniter4\framework\system\CodeIgniter.php(336): CodeIgniter\CodeIgniter->handleRequest(NULL, Object(Config\Cache), false)
#5 C:\xampp\htdocs\pdavi\index.php(37): CodeIgniter\CodeIgniter->run()
#6 {main}
CRITICAL - 2021-10-27 16:12:21 --> Undefined property: stdClass::$status
#0 C:\xampp\htdocs\pdavi\app\Models\AdminModel.php(228): CodeIgniter\Debug\Exceptions->errorHandler(8, 'Undefined prope...', 'C:\\xampp\\htdocs...', 228, Array)
#1 C:\xampp\htdocs\pdavi\app\Controllers\Bom.php(53): App\Models\AdminModel->getNotif()
#2 C:\xampp\htdocs\pdavi\vendor\codeigniter4\framework\system\CodeIgniter.php(928): App\Controllers\Bom->index()
#3 C:\xampp\htdocs\pdavi\vendor\codeigniter4\framework\system\CodeIgniter.php(436): CodeIgniter\CodeIgniter->runController(Object(App\Controllers\Bom))
#4 C:\xampp\htdocs\pdavi\vendor\codeigniter4\framework\system\CodeIgniter.php(336): CodeIgniter\CodeIgniter->handleRequest(NULL, Object(Config\Cache), false)
#5 C:\xampp\htdocs\pdavi\index.php(37): CodeIgniter\CodeIgniter->run()
#6 {main}
ERROR - 2021-10-27 16:19:56 --> Column 'approve' in where clause is ambiguous
CRITICAL - 2021-10-27 16:19:56 --> Column 'approve' in where clause is ambiguous
#0 C:\xampp\htdocs\pdavi\vendor\codeigniter4\framework\system\Database\MySQLi\Connection.php(329): mysqli->query('SELECT *\nFROM `...')
#1 C:\xampp\htdocs\pdavi\vendor\codeigniter4\framework\system\Database\BaseConnection.php(732): CodeIgniter\Database\MySQLi\Connection->execute('SELECT *\nFROM `...')
#2 C:\xampp\htdocs\pdavi\vendor\codeigniter4\framework\system\Database\BaseConnection.php(647): CodeIgniter\Database\BaseConnection->simpleQuery('SELECT *\nFROM `...')
#3 C:\xampp\htdocs\pdavi\vendor\codeigniter4\framework\system\Database\BaseBuilder.php(1881): CodeIgniter\Database\BaseConnection->query('SELECT *\nFROM `...', Array, false)
#4 C:\xampp\htdocs\pdavi\app\Models\AdminModel.php(227): CodeIgniter\Database\BaseBuilder->get()
#5 C:\xampp\htdocs\pdavi\app\Controllers\Bom.php(53): App\Models\AdminModel->getNotif()
#6 C:\xampp\htdocs\pdavi\vendor\codeigniter4\framework\system\CodeIgniter.php(928): App\Controllers\Bom->index()
#7 C:\xampp\htdocs\pdavi\vendor\codeigniter4\framework\system\CodeIgniter.php(436): CodeIgniter\CodeIgniter->runController(Object(App\Controllers\Bom))
#8 C:\xampp\htdocs\pdavi\vendor\codeigniter4\framework\system\CodeIgniter.php(336): CodeIgniter\CodeIgniter->handleRequest(NULL, Object(Config\Cache), false)
#9 C:\xampp\htdocs\pdavi\index.php(37): CodeIgniter\CodeIgniter->run()
#10 {main}
ERROR - 2021-10-27 16:40:19 --> Column 'status' in where clause is ambiguous
CRITICAL - 2021-10-27 16:40:19 --> Column 'status' in where clause is ambiguous
#0 C:\xampp\htdocs\pdavi\vendor\codeigniter4\framework\system\Database\MySQLi\Connection.php(329): mysqli->query('SELECT `bom_app...')
#1 C:\xampp\htdocs\pdavi\vendor\codeigniter4\framework\system\Database\BaseConnection.php(732): CodeIgniter\Database\MySQLi\Connection->execute('SELECT `bom_app...')
#2 C:\xampp\htdocs\pdavi\vendor\codeigniter4\framework\system\Database\BaseConnection.php(647): CodeIgniter\Database\BaseConnection->simpleQuery('SELECT `bom_app...')
#3 C:\xampp\htdocs\pdavi\vendor\codeigniter4\framework\system\Database\BaseBuilder.php(1881): CodeIgniter\Database\BaseConnection->query('SELECT `bom_app...', Array, false)
#4 C:\xampp\htdocs\pdavi\app\Models\BomModel.php(47): CodeIgniter\Database\BaseBuilder->get()
#5 C:\xampp\htdocs\pdavi\app\Controllers\Bom.php(40): App\Models\BomModel->getApproveBom('38')
#6 C:\xampp\htdocs\pdavi\vendor\codeigniter4\framework\system\CodeIgniter.php(928): App\Controllers\Bom->index()
#7 C:\xampp\htdocs\pdavi\vendor\codeigniter4\framework\system\CodeIgniter.php(436): CodeIgniter\CodeIgniter->runController(Object(App\Controllers\Bom))
#8 C:\xampp\htdocs\pdavi\vendor\codeigniter4\framework\system\CodeIgniter.php(336): CodeIgniter\CodeIgniter->handleRequest(NULL, Object(Config\Cache), false)
#9 C:\xampp\htdocs\pdavi\index.php(37): CodeIgniter\CodeIgniter->run()
#10 {main}
CRITICAL - 2021-10-27 16:48:45 --> Undefined property: stdClass::$uploader
#0 C:\xampp\htdocs\pdavi\app\Views\bom\index.php(376): CodeIgniter\Debug\Exceptions->errorHandler(8, 'Undefined prope...', 'C:\\xampp\\htdocs...', 376, Array)
#1 C:\xampp\htdocs\pdavi\vendor\codeigniter4\framework\system\View\View.php(230): include('C:\\xampp\\htdocs...')
#2 C:\xampp\htdocs\pdavi\vendor\codeigniter4\framework\system\View\View.php(232): CodeIgniter\View\View->CodeIgniter\View\{closure}()
#3 C:\xampp\htdocs\pdavi\vendor\codeigniter4\framework\system\Common.php(1271): CodeIgniter\View\View->render('bom/index', Array, true)
#4 C:\xampp\htdocs\pdavi\app\Controllers\Bom.php(55): view('bom/index', Array)
#5 C:\xampp\htdocs\pdavi\vendor\codeigniter4\framework\system\CodeIgniter.php(928): App\Controllers\Bom->index()
#6 C:\xampp\htdocs\pdavi\vendor\codeigniter4\framework\system\CodeIgniter.php(436): CodeIgniter\CodeIgniter->runController(Object(App\Controllers\Bom))
#7 C:\xampp\htdocs\pdavi\vendor\codeigniter4\framework\system\CodeIgniter.php(336): CodeIgniter\CodeIgniter->handleRequest(NULL, Object(Config\Cache), false)
#8 C:\xampp\htdocs\pdavi\index.php(37): CodeIgniter\CodeIgniter->run()
#9 {main}
