ERROR - 2021-10-06 08:01:17 --> Table 'pdavi.mg_machine' doesn't exist
CRITICAL - 2021-10-06 08:01:17 --> Table 'pdavi.mg_machine' doesn't exist
#0 C:\xampp\htdocs\pdavi\vendor\codeigniter4\framework\system\Database\MySQLi\Connection.php(329): mysqli->query('SELECT `machine...')
#1 C:\xampp\htdocs\pdavi\vendor\codeigniter4\framework\system\Database\BaseConnection.php(732): CodeIgniter\Database\MySQLi\Connection->execute('SELECT `machine...')
#2 C:\xampp\htdocs\pdavi\vendor\codeigniter4\framework\system\Database\BaseConnection.php(647): CodeIgniter\Database\BaseConnection->simpleQuery('SELECT `machine...')
#3 C:\xampp\htdocs\pdavi\vendor\codeigniter4\framework\system\Database\BaseBuilder.php(1881): CodeIgniter\Database\BaseConnection->query('SELECT `machine...', Array, false)
#4 C:\xampp\htdocs\pdavi\app\Models\MguidelineModel.php(32): CodeIgniter\Database\BaseBuilder->get()
#5 C:\xampp\htdocs\pdavi\app\Controllers\Mguideline.php(39): App\Models\MguidelineModel->getMachine('2')
#6 C:\xampp\htdocs\pdavi\vendor\codeigniter4\framework\system\CodeIgniter.php(928): App\Controllers\Mguideline->area('2')
#7 C:\xampp\htdocs\pdavi\vendor\codeigniter4\framework\system\CodeIgniter.php(436): CodeIgniter\CodeIgniter->runController(Object(App\Controllers\Mguideline))
#8 C:\xampp\htdocs\pdavi\vendor\codeigniter4\framework\system\CodeIgniter.php(336): CodeIgniter\CodeIgniter->handleRequest(NULL, Object(Config\Cache), false)
#9 C:\xampp\htdocs\pdavi\index.php(37): CodeIgniter\CodeIgniter->run()
#10 {main}
ERROR - 2021-10-06 08:02:38 --> Table 'pdavi.mg_machine' doesn't exist
CRITICAL - 2021-10-06 08:02:38 --> Table 'pdavi.mg_machine' doesn't exist
#0 C:\xampp\htdocs\pdavi\vendor\codeigniter4\framework\system\Database\MySQLi\Connection.php(329): mysqli->query('SELECT `machine...')
#1 C:\xampp\htdocs\pdavi\vendor\codeigniter4\framework\system\Database\BaseConnection.php(732): CodeIgniter\Database\MySQLi\Connection->execute('SELECT `machine...')
#2 C:\xampp\htdocs\pdavi\vendor\codeigniter4\framework\system\Database\BaseConnection.php(647): CodeIgniter\Database\BaseConnection->simpleQuery('SELECT `machine...')
#3 C:\xampp\htdocs\pdavi\vendor\codeigniter4\framework\system\Database\BaseBuilder.php(1881): CodeIgniter\Database\BaseConnection->query('SELECT `machine...', Array, false)
#4 C:\xampp\htdocs\pdavi\app\Models\MguidelineModel.php(32): CodeIgniter\Database\BaseBuilder->get()
#5 C:\xampp\htdocs\pdavi\app\Controllers\Mguideline.php(39): App\Models\MguidelineModel->getMachine('2')
#6 C:\xampp\htdocs\pdavi\vendor\codeigniter4\framework\system\CodeIgniter.php(928): App\Controllers\Mguideline->area('2')
#7 C:\xampp\htdocs\pdavi\vendor\codeigniter4\framework\system\CodeIgniter.php(436): CodeIgniter\CodeIgniter->runController(Object(App\Controllers\Mguideline))
#8 C:\xampp\htdocs\pdavi\vendor\codeigniter4\framework\system\CodeIgniter.php(336): CodeIgniter\CodeIgniter->handleRequest(NULL, Object(Config\Cache), false)
#9 C:\xampp\htdocs\pdavi\index.php(37): CodeIgniter\CodeIgniter->run()
#10 {main}
ERROR - 2021-10-06 08:02:45 --> Table 'pdavi.mg_machine' doesn't exist
CRITICAL - 2021-10-06 08:02:45 --> Table 'pdavi.mg_machine' doesn't exist
#0 C:\xampp\htdocs\pdavi\vendor\codeigniter4\framework\system\Database\MySQLi\Connection.php(329): mysqli->query('SELECT `machine...')
#1 C:\xampp\htdocs\pdavi\vendor\codeigniter4\framework\system\Database\BaseConnection.php(732): CodeIgniter\Database\MySQLi\Connection->execute('SELECT `machine...')
#2 C:\xampp\htdocs\pdavi\vendor\codeigniter4\framework\system\Database\BaseConnection.php(647): CodeIgniter\Database\BaseConnection->simpleQuery('SELECT `machine...')
#3 C:\xampp\htdocs\pdavi\vendor\codeigniter4\framework\system\Database\BaseBuilder.php(1881): CodeIgniter\Database\BaseConnection->query('SELECT `machine...', Array, false)
#4 C:\xampp\htdocs\pdavi\app\Models\MguidelineModel.php(32): CodeIgniter\Database\BaseBuilder->get()
#5 C:\xampp\htdocs\pdavi\app\Controllers\Mguideline.php(39): App\Models\MguidelineModel->getMachine('2')
#6 C:\xampp\htdocs\pdavi\vendor\codeigniter4\framework\system\CodeIgniter.php(928): App\Controllers\Mguideline->area('2')
#7 C:\xampp\htdocs\pdavi\vendor\codeigniter4\framework\system\CodeIgniter.php(436): CodeIgniter\CodeIgniter->runController(Object(App\Controllers\Mguideline))
#8 C:\xampp\htdocs\pdavi\vendor\codeigniter4\framework\system\CodeIgniter.php(336): CodeIgniter\CodeIgniter->handleRequest(NULL, Object(Config\Cache), false)
#9 C:\xampp\htdocs\pdavi\index.php(37): CodeIgniter\CodeIgniter->run()
#10 {main}
CRITICAL - 2021-10-06 08:04:45 --> Undefined property: stdClass::$machine_name
#0 C:\xampp\htdocs\pdavi\app\Views\mguideline\area.php(62): CodeIgniter\Debug\Exceptions->errorHandler(8, 'Undefined prope...', 'C:\\xampp\\htdocs...', 62, Array)
#1 C:\xampp\htdocs\pdavi\vendor\codeigniter4\framework\system\View\View.php(230): include('C:\\xampp\\htdocs...')
#2 C:\xampp\htdocs\pdavi\vendor\codeigniter4\framework\system\View\View.php(232): CodeIgniter\View\View->CodeIgniter\View\{closure}()
#3 C:\xampp\htdocs\pdavi\vendor\codeigniter4\framework\system\Common.php(1271): CodeIgniter\View\View->render('mguideline/area', Array, true)
#4 C:\xampp\htdocs\pdavi\app\Controllers\Mguideline.php(48): view('mguideline/area', Array)
#5 C:\xampp\htdocs\pdavi\vendor\codeigniter4\framework\system\CodeIgniter.php(928): App\Controllers\Mguideline->area('1')
#6 C:\xampp\htdocs\pdavi\vendor\codeigniter4\framework\system\CodeIgniter.php(436): CodeIgniter\CodeIgniter->runController(Object(App\Controllers\Mguideline))
#7 C:\xampp\htdocs\pdavi\vendor\codeigniter4\framework\system\CodeIgniter.php(336): CodeIgniter\CodeIgniter->handleRequest(NULL, Object(Config\Cache), false)
#8 C:\xampp\htdocs\pdavi\index.php(37): CodeIgniter\CodeIgniter->run()
#9 {main}
CRITICAL - 2021-10-06 08:06:45 --> Undefined variable: machine
#0 C:\xampp\htdocs\pdavi\app\Views\mguideline\area.php(107): CodeIgniter\Debug\Exceptions->errorHandler(8, 'Undefined varia...', 'C:\\xampp\\htdocs...', 107, Array)
#1 C:\xampp\htdocs\pdavi\vendor\codeigniter4\framework\system\View\View.php(230): include('C:\\xampp\\htdocs...')
#2 C:\xampp\htdocs\pdavi\vendor\codeigniter4\framework\system\View\View.php(232): CodeIgniter\View\View->CodeIgniter\View\{closure}()
#3 C:\xampp\htdocs\pdavi\vendor\codeigniter4\framework\system\Common.php(1271): CodeIgniter\View\View->render('mguideline/area', Array, true)
#4 C:\xampp\htdocs\pdavi\app\Controllers\Mguideline.php(48): view('mguideline/area', Array)
#5 C:\xampp\htdocs\pdavi\vendor\codeigniter4\framework\system\CodeIgniter.php(928): App\Controllers\Mguideline->area('1')
#6 C:\xampp\htdocs\pdavi\vendor\codeigniter4\framework\system\CodeIgniter.php(436): CodeIgniter\CodeIgniter->runController(Object(App\Controllers\Mguideline))
#7 C:\xampp\htdocs\pdavi\vendor\codeigniter4\framework\system\CodeIgniter.php(336): CodeIgniter\CodeIgniter->handleRequest(NULL, Object(Config\Cache), false)
#8 C:\xampp\htdocs\pdavi\index.php(37): CodeIgniter\CodeIgniter->run()
#9 {main}
CRITICAL - 2021-10-06 08:09:36 --> Call to undefined method App\Models\MguidelineModel::getMachine
#0 C:\xampp\htdocs\pdavi\app\Controllers\Mguideline.php(55): CodeIgniter\Model->__call('getMachine', Array)
#1 C:\xampp\htdocs\pdavi\vendor\codeigniter4\framework\system\CodeIgniter.php(928): App\Controllers\Mguideline->machine('2', '5')
#2 C:\xampp\htdocs\pdavi\vendor\codeigniter4\framework\system\CodeIgniter.php(436): CodeIgniter\CodeIgniter->runController(Object(App\Controllers\Mguideline))
#3 C:\xampp\htdocs\pdavi\vendor\codeigniter4\framework\system\CodeIgniter.php(336): CodeIgniter\CodeIgniter->handleRequest(NULL, Object(Config\Cache), false)
#4 C:\xampp\htdocs\pdavi\index.php(37): CodeIgniter\CodeIgniter->run()
#5 {main}
CRITICAL - 2021-10-06 08:10:12 --> Undefined property: stdClass::$machine_name
#0 C:\xampp\htdocs\pdavi\app\Views\mguideline\machine.php(11): CodeIgniter\Debug\Exceptions->errorHandler(8, 'Undefined prope...', 'C:\\xampp\\htdocs...', 11, Array)
#1 C:\xampp\htdocs\pdavi\vendor\codeigniter4\framework\system\View\View.php(230): include('C:\\xampp\\htdocs...')
#2 C:\xampp\htdocs\pdavi\vendor\codeigniter4\framework\system\View\View.php(232): CodeIgniter\View\View->CodeIgniter\View\{closure}()
#3 C:\xampp\htdocs\pdavi\vendor\codeigniter4\framework\system\Common.php(1271): CodeIgniter\View\View->render('mguideline/mach...', Array, true)
#4 C:\xampp\htdocs\pdavi\app\Controllers\Mguideline.php(66): view('mguideline/mach...', Array)
#5 C:\xampp\htdocs\pdavi\vendor\codeigniter4\framework\system\CodeIgniter.php(928): App\Controllers\Mguideline->machine('2', '4')
#6 C:\xampp\htdocs\pdavi\vendor\codeigniter4\framework\system\CodeIgniter.php(436): CodeIgniter\CodeIgniter->runController(Object(App\Controllers\Mguideline))
#7 C:\xampp\htdocs\pdavi\vendor\codeigniter4\framework\system\CodeIgniter.php(336): CodeIgniter\CodeIgniter->handleRequest(NULL, Object(Config\Cache), false)
#8 C:\xampp\htdocs\pdavi\index.php(37): CodeIgniter\CodeIgniter->run()
#9 {main}
CRITICAL - 2021-10-06 09:24:08 --> Undefined property: stdClass::$photo
#0 C:\xampp\htdocs\pdavi\app\Views\mguideline\area.php(66): CodeIgniter\Debug\Exceptions->errorHandler(8, 'Undefined prope...', 'C:\\xampp\\htdocs...', 66, Array)
#1 C:\xampp\htdocs\pdavi\vendor\codeigniter4\framework\system\View\View.php(230): include('C:\\xampp\\htdocs...')
#2 C:\xampp\htdocs\pdavi\vendor\codeigniter4\framework\system\View\View.php(232): CodeIgniter\View\View->CodeIgniter\View\{closure}()
#3 C:\xampp\htdocs\pdavi\vendor\codeigniter4\framework\system\Common.php(1271): CodeIgniter\View\View->render('mguideline/area', Array, true)
#4 C:\xampp\htdocs\pdavi\app\Controllers\Mguideline.php(48): view('mguideline/area', Array)
#5 C:\xampp\htdocs\pdavi\vendor\codeigniter4\framework\system\CodeIgniter.php(928): App\Controllers\Mguideline->area('2')
#6 C:\xampp\htdocs\pdavi\vendor\codeigniter4\framework\system\CodeIgniter.php(436): CodeIgniter\CodeIgniter->runController(Object(App\Controllers\Mguideline))
#7 C:\xampp\htdocs\pdavi\vendor\codeigniter4\framework\system\CodeIgniter.php(336): CodeIgniter\CodeIgniter->handleRequest(NULL, Object(Config\Cache), false)
#8 C:\xampp\htdocs\pdavi\index.php(37): CodeIgniter\CodeIgniter->run()
#9 {main}
ERROR - 2021-10-06 09:35:03 --> Unknown column 'mfgspec' in 'field list'
CRITICAL - 2021-10-06 09:35:03 --> Unknown column 'mfgspec' in 'field list'
#0 C:\xampp\htdocs\pdavi\vendor\codeigniter4\framework\system\Database\MySQLi\Connection.php(329): mysqli->query('INSERT INTO `mg...')
#1 C:\xampp\htdocs\pdavi\vendor\codeigniter4\framework\system\Database\BaseConnection.php(732): CodeIgniter\Database\MySQLi\Connection->execute('INSERT INTO `mg...')
#2 C:\xampp\htdocs\pdavi\vendor\codeigniter4\framework\system\Database\BaseConnection.php(647): CodeIgniter\Database\BaseConnection->simpleQuery('INSERT INTO `mg...')
#3 C:\xampp\htdocs\pdavi\vendor\codeigniter4\framework\system\Database\BaseBuilder.php(2277): CodeIgniter\Database\BaseConnection->query('INSERT INTO `mg...', Array, false)
#4 C:\xampp\htdocs\pdavi\app\Controllers\Mguideline.php(159): CodeIgniter\Database\BaseBuilder->insert(Array)
#5 C:\xampp\htdocs\pdavi\vendor\codeigniter4\framework\system\CodeIgniter.php(928): App\Controllers\Mguideline->addprocess()
#6 C:\xampp\htdocs\pdavi\vendor\codeigniter4\framework\system\CodeIgniter.php(436): CodeIgniter\CodeIgniter->runController(Object(App\Controllers\Mguideline))
#7 C:\xampp\htdocs\pdavi\vendor\codeigniter4\framework\system\CodeIgniter.php(336): CodeIgniter\CodeIgniter->handleRequest(NULL, Object(Config\Cache), false)
#8 C:\xampp\htdocs\pdavi\index.php(37): CodeIgniter\CodeIgniter->run()
#9 {main}
CRITICAL - 2021-10-06 10:06:57 --> Undefined property: stdClass::$photo
#0 C:\xampp\htdocs\pdavi\app\Views\mguideline\area.php(66): CodeIgniter\Debug\Exceptions->errorHandler(8, 'Undefined prope...', 'C:\\xampp\\htdocs...', 66, Array)
#1 C:\xampp\htdocs\pdavi\vendor\codeigniter4\framework\system\View\View.php(230): include('C:\\xampp\\htdocs...')
#2 C:\xampp\htdocs\pdavi\vendor\codeigniter4\framework\system\View\View.php(232): CodeIgniter\View\View->CodeIgniter\View\{closure}()
#3 C:\xampp\htdocs\pdavi\vendor\codeigniter4\framework\system\Common.php(1271): CodeIgniter\View\View->render('mguideline/area', Array, true)
#4 C:\xampp\htdocs\pdavi\app\Controllers\Mguideline.php(48): view('mguideline/area', Array)
#5 C:\xampp\htdocs\pdavi\vendor\codeigniter4\framework\system\CodeIgniter.php(928): App\Controllers\Mguideline->area('2')
#6 C:\xampp\htdocs\pdavi\vendor\codeigniter4\framework\system\CodeIgniter.php(436): CodeIgniter\CodeIgniter->runController(Object(App\Controllers\Mguideline))
#7 C:\xampp\htdocs\pdavi\vendor\codeigniter4\framework\system\CodeIgniter.php(336): CodeIgniter\CodeIgniter->handleRequest(NULL, Object(Config\Cache), false)
#8 C:\xampp\htdocs\pdavi\index.php(37): CodeIgniter\CodeIgniter->run()
#9 {main}
CRITICAL - 2021-10-06 10:07:06 --> Undefined property: stdClass::$mfg_spec
#0 C:\xampp\htdocs\pdavi\app\Views\mguideline\area.php(68): CodeIgniter\Debug\Exceptions->errorHandler(8, 'Undefined prope...', 'C:\\xampp\\htdocs...', 68, Array)
#1 C:\xampp\htdocs\pdavi\vendor\codeigniter4\framework\system\View\View.php(230): include('C:\\xampp\\htdocs...')
#2 C:\xampp\htdocs\pdavi\vendor\codeigniter4\framework\system\View\View.php(232): CodeIgniter\View\View->CodeIgniter\View\{closure}()
#3 C:\xampp\htdocs\pdavi\vendor\codeigniter4\framework\system\Common.php(1271): CodeIgniter\View\View->render('mguideline/area', Array, true)
#4 C:\xampp\htdocs\pdavi\app\Controllers\Mguideline.php(48): view('mguideline/area', Array)
#5 C:\xampp\htdocs\pdavi\vendor\codeigniter4\framework\system\CodeIgniter.php(928): App\Controllers\Mguideline->area('2')
#6 C:\xampp\htdocs\pdavi\vendor\codeigniter4\framework\system\CodeIgniter.php(436): CodeIgniter\CodeIgniter->runController(Object(App\Controllers\Mguideline))
#7 C:\xampp\htdocs\pdavi\vendor\codeigniter4\framework\system\CodeIgniter.php(336): CodeIgniter\CodeIgniter->handleRequest(NULL, Object(Config\Cache), false)
#8 C:\xampp\htdocs\pdavi\index.php(37): CodeIgniter\CodeIgniter->run()
#9 {main}
CRITICAL - 2021-10-06 11:13:21 --> unlink(./public/theme/assets/manufacturing_guidline/Final Assembly/Thermal/thermal.jpg): No such file or directory
#0 [internal function]: CodeIgniter\Debug\Exceptions->errorHandler(2, 'unlink(./public...', 'C:\\xampp\\htdocs...', 259, Array)
#1 C:\xampp\htdocs\pdavi\app\Controllers\Mguideline.php(259): unlink('./public/theme/...')
#2 C:\xampp\htdocs\pdavi\vendor\codeigniter4\framework\system\CodeIgniter.php(928): App\Controllers\Mguideline->updateprocess('9')
#3 C:\xampp\htdocs\pdavi\vendor\codeigniter4\framework\system\CodeIgniter.php(436): CodeIgniter\CodeIgniter->runController(Object(App\Controllers\Mguideline))
#4 C:\xampp\htdocs\pdavi\vendor\codeigniter4\framework\system\CodeIgniter.php(336): CodeIgniter\CodeIgniter->handleRequest(NULL, Object(Config\Cache), false)
#5 C:\xampp\htdocs\pdavi\index.php(37): CodeIgniter\CodeIgniter->run()
#6 {main}
CRITICAL - 2021-10-06 11:24:58 --> Invalid file: avqs/index.php
#0 C:\xampp\htdocs\pdavi\vendor\codeigniter4\framework\system\View\View.php(213): CodeIgniter\Exceptions\FrameworkException::forInvalidFile('avqs/index.php')
#1 C:\xampp\htdocs\pdavi\vendor\codeigniter4\framework\system\Common.php(1271): CodeIgniter\View\View->render('avqs/index', Array, true)
#2 C:\xampp\htdocs\pdavi\app\Controllers\Avqs.php(32): view('avqs/index', Array)
#3 C:\xampp\htdocs\pdavi\vendor\codeigniter4\framework\system\CodeIgniter.php(928): App\Controllers\Avqs->index()
#4 C:\xampp\htdocs\pdavi\vendor\codeigniter4\framework\system\CodeIgniter.php(436): CodeIgniter\CodeIgniter->runController(Object(App\Controllers\Avqs))
#5 C:\xampp\htdocs\pdavi\vendor\codeigniter4\framework\system\CodeIgniter.php(336): CodeIgniter\CodeIgniter->handleRequest(NULL, Object(Config\Cache), false)
#6 C:\xampp\htdocs\pdavi\index.php(37): CodeIgniter\CodeIgniter->run()
#7 {main}
CRITICAL - 2021-10-06 13:52:00 --> Trying to get property 'avqs_name' of non-object
#0 C:\xampp\htdocs\pdavi\app\Views\avqs\index.php(19): CodeIgniter\Debug\Exceptions->errorHandler(8, 'Trying to get p...', 'C:\\xampp\\htdocs...', 19, Array)
#1 C:\xampp\htdocs\pdavi\vendor\codeigniter4\framework\system\View\View.php(230): include('C:\\xampp\\htdocs...')
#2 C:\xampp\htdocs\pdavi\vendor\codeigniter4\framework\system\View\View.php(232): CodeIgniter\View\View->CodeIgniter\View\{closure}()
#3 C:\xampp\htdocs\pdavi\vendor\codeigniter4\framework\system\Common.php(1271): CodeIgniter\View\View->render('avqs/index', Array, true)
#4 C:\xampp\htdocs\pdavi\app\Controllers\Avqs.php(32): view('avqs/index', Array)
#5 C:\xampp\htdocs\pdavi\vendor\codeigniter4\framework\system\CodeIgniter.php(928): App\Controllers\Avqs->index()
#6 C:\xampp\htdocs\pdavi\vendor\codeigniter4\framework\system\CodeIgniter.php(436): CodeIgniter\CodeIgniter->runController(Object(App\Controllers\Avqs))
#7 C:\xampp\htdocs\pdavi\vendor\codeigniter4\framework\system\CodeIgniter.php(336): CodeIgniter\CodeIgniter->handleRequest(NULL, Object(Config\Cache), false)
#8 C:\xampp\htdocs\pdavi\index.php(37): CodeIgniter\CodeIgniter->run()
#9 {main}
CRITICAL - 2021-10-06 13:53:02 --> Trying to get property 'id' of non-object
#0 C:\xampp\htdocs\pdavi\app\Views\avqs\index.php(19): CodeIgniter\Debug\Exceptions->errorHandler(8, 'Trying to get p...', 'C:\\xampp\\htdocs...', 19, Array)
#1 C:\xampp\htdocs\pdavi\vendor\codeigniter4\framework\system\View\View.php(230): include('C:\\xampp\\htdocs...')
#2 C:\xampp\htdocs\pdavi\vendor\codeigniter4\framework\system\View\View.php(232): CodeIgniter\View\View->CodeIgniter\View\{closure}()
#3 C:\xampp\htdocs\pdavi\vendor\codeigniter4\framework\system\Common.php(1271): CodeIgniter\View\View->render('avqs/index', Array, true)
#4 C:\xampp\htdocs\pdavi\app\Controllers\Avqs.php(32): view('avqs/index', Array)
#5 C:\xampp\htdocs\pdavi\vendor\codeigniter4\framework\system\CodeIgniter.php(928): App\Controllers\Avqs->index()
#6 C:\xampp\htdocs\pdavi\vendor\codeigniter4\framework\system\CodeIgniter.php(436): CodeIgniter\CodeIgniter->runController(Object(App\Controllers\Avqs))
#7 C:\xampp\htdocs\pdavi\vendor\codeigniter4\framework\system\CodeIgniter.php(336): CodeIgniter\CodeIgniter->handleRequest(NULL, Object(Config\Cache), false)
#8 C:\xampp\htdocs\pdavi\index.php(37): CodeIgniter\CodeIgniter->run()
#9 {main}
CRITICAL - 2021-10-06 14:05:35 --> Invalid file: avqs/list.php
#0 C:\xampp\htdocs\pdavi\vendor\codeigniter4\framework\system\View\View.php(213): CodeIgniter\Exceptions\FrameworkException::forInvalidFile('avqs/list.php')
#1 C:\xampp\htdocs\pdavi\vendor\codeigniter4\framework\system\Common.php(1271): CodeIgniter\View\View->render('avqs/list', Array, true)
#2 C:\xampp\htdocs\pdavi\app\Controllers\Avqs.php(43): view('avqs/list', Array)
#3 C:\xampp\htdocs\pdavi\vendor\codeigniter4\framework\system\CodeIgniter.php(928): App\Controllers\Avqs->list('1')
#4 C:\xampp\htdocs\pdavi\vendor\codeigniter4\framework\system\CodeIgniter.php(436): CodeIgniter\CodeIgniter->runController(Object(App\Controllers\Avqs))
#5 C:\xampp\htdocs\pdavi\vendor\codeigniter4\framework\system\CodeIgniter.php(336): CodeIgniter\CodeIgniter->handleRequest(NULL, Object(Config\Cache), false)
#6 C:\xampp\htdocs\pdavi\index.php(37): CodeIgniter\CodeIgniter->run()
#7 {main}
CRITICAL - 2021-10-06 14:09:28 --> Trying to get property 'id' of non-object
#0 C:\xampp\htdocs\pdavi\app\Views\avqs\list.php(42): CodeIgniter\Debug\Exceptions->errorHandler(8, 'Trying to get p...', 'C:\\xampp\\htdocs...', 42, Array)
#1 C:\xampp\htdocs\pdavi\vendor\codeigniter4\framework\system\View\View.php(230): include('C:\\xampp\\htdocs...')
#2 C:\xampp\htdocs\pdavi\vendor\codeigniter4\framework\system\View\View.php(232): CodeIgniter\View\View->CodeIgniter\View\{closure}()
#3 C:\xampp\htdocs\pdavi\vendor\codeigniter4\framework\system\Common.php(1271): CodeIgniter\View\View->render('avqs/list', Array, true)
#4 C:\xampp\htdocs\pdavi\app\Controllers\Avqs.php(43): view('avqs/list', Array)
#5 C:\xampp\htdocs\pdavi\vendor\codeigniter4\framework\system\CodeIgniter.php(928): App\Controllers\Avqs->list('1')
#6 C:\xampp\htdocs\pdavi\vendor\codeigniter4\framework\system\CodeIgniter.php(436): CodeIgniter\CodeIgniter->runController(Object(App\Controllers\Avqs))
#7 C:\xampp\htdocs\pdavi\vendor\codeigniter4\framework\system\CodeIgniter.php(336): CodeIgniter\CodeIgniter->handleRequest(NULL, Object(Config\Cache), false)
#8 C:\xampp\htdocs\pdavi\index.php(37): CodeIgniter\CodeIgniter->run()
#9 {main}
CRITICAL - 2021-10-06 14:10:17 --> Trying to get property 'id' of non-object
#0 C:\xampp\htdocs\pdavi\app\Views\avqs\list.php(42): CodeIgniter\Debug\Exceptions->errorHandler(8, 'Trying to get p...', 'C:\\xampp\\htdocs...', 42, Array)
#1 C:\xampp\htdocs\pdavi\vendor\codeigniter4\framework\system\View\View.php(230): include('C:\\xampp\\htdocs...')
#2 C:\xampp\htdocs\pdavi\vendor\codeigniter4\framework\system\View\View.php(232): CodeIgniter\View\View->CodeIgniter\View\{closure}()
#3 C:\xampp\htdocs\pdavi\vendor\codeigniter4\framework\system\Common.php(1271): CodeIgniter\View\View->render('avqs/list', Array, true)
#4 C:\xampp\htdocs\pdavi\app\Controllers\Avqs.php(43): view('avqs/list', Array)
#5 C:\xampp\htdocs\pdavi\vendor\codeigniter4\framework\system\CodeIgniter.php(928): App\Controllers\Avqs->list('1')
#6 C:\xampp\htdocs\pdavi\vendor\codeigniter4\framework\system\CodeIgniter.php(436): CodeIgniter\CodeIgniter->runController(Object(App\Controllers\Avqs))
#7 C:\xampp\htdocs\pdavi\vendor\codeigniter4\framework\system\CodeIgniter.php(336): CodeIgniter\CodeIgniter->handleRequest(NULL, Object(Config\Cache), false)
#8 C:\xampp\htdocs\pdavi\index.php(37): CodeIgniter\CodeIgniter->run()
#9 {main}
CRITICAL - 2021-10-06 14:10:19 --> Trying to get property 'id' of non-object
#0 C:\xampp\htdocs\pdavi\app\Views\avqs\list.php(42): CodeIgniter\Debug\Exceptions->errorHandler(8, 'Trying to get p...', 'C:\\xampp\\htdocs...', 42, Array)
#1 C:\xampp\htdocs\pdavi\vendor\codeigniter4\framework\system\View\View.php(230): include('C:\\xampp\\htdocs...')
#2 C:\xampp\htdocs\pdavi\vendor\codeigniter4\framework\system\View\View.php(232): CodeIgniter\View\View->CodeIgniter\View\{closure}()
#3 C:\xampp\htdocs\pdavi\vendor\codeigniter4\framework\system\Common.php(1271): CodeIgniter\View\View->render('avqs/list', Array, true)
#4 C:\xampp\htdocs\pdavi\app\Controllers\Avqs.php(43): view('avqs/list', Array)
#5 C:\xampp\htdocs\pdavi\vendor\codeigniter4\framework\system\CodeIgniter.php(928): App\Controllers\Avqs->list('1')
#6 C:\xampp\htdocs\pdavi\vendor\codeigniter4\framework\system\CodeIgniter.php(436): CodeIgniter\CodeIgniter->runController(Object(App\Controllers\Avqs))
#7 C:\xampp\htdocs\pdavi\vendor\codeigniter4\framework\system\CodeIgniter.php(336): CodeIgniter\CodeIgniter->handleRequest(NULL, Object(Config\Cache), false)
#8 C:\xampp\htdocs\pdavi\index.php(37): CodeIgniter\CodeIgniter->run()
#9 {main}
CRITICAL - 2021-10-06 14:18:44 --> Undefined variable: areaRow
#0 C:\xampp\htdocs\pdavi\app\Views\avqs\list.php(95): CodeIgniter\Debug\Exceptions->errorHandler(8, 'Undefined varia...', 'C:\\xampp\\htdocs...', 95, Array)
#1 C:\xampp\htdocs\pdavi\vendor\codeigniter4\framework\system\View\View.php(230): include('C:\\xampp\\htdocs...')
#2 C:\xampp\htdocs\pdavi\vendor\codeigniter4\framework\system\View\View.php(232): CodeIgniter\View\View->CodeIgniter\View\{closure}()
#3 C:\xampp\htdocs\pdavi\vendor\codeigniter4\framework\system\Common.php(1271): CodeIgniter\View\View->render('avqs/list', Array, true)
#4 C:\xampp\htdocs\pdavi\app\Controllers\Avqs.php(43): view('avqs/list', Array)
#5 C:\xampp\htdocs\pdavi\vendor\codeigniter4\framework\system\CodeIgniter.php(928): App\Controllers\Avqs->list('1')
#6 C:\xampp\htdocs\pdavi\vendor\codeigniter4\framework\system\CodeIgniter.php(436): CodeIgniter\CodeIgniter->runController(Object(App\Controllers\Avqs))
#7 C:\xampp\htdocs\pdavi\vendor\codeigniter4\framework\system\CodeIgniter.php(336): CodeIgniter\CodeIgniter->handleRequest(NULL, Object(Config\Cache), false)
#8 C:\xampp\htdocs\pdavi\index.php(37): CodeIgniter\CodeIgniter->run()
#9 {main}
CRITICAL - 2021-10-06 14:30:43 --> Trying to get property 'id' of non-object
#0 C:\xampp\htdocs\pdavi\app\Views\avqs\list.php(8): CodeIgniter\Debug\Exceptions->errorHandler(8, 'Trying to get p...', 'C:\\xampp\\htdocs...', 8, Array)
#1 C:\xampp\htdocs\pdavi\vendor\codeigniter4\framework\system\View\View.php(230): include('C:\\xampp\\htdocs...')
#2 C:\xampp\htdocs\pdavi\vendor\codeigniter4\framework\system\View\View.php(232): CodeIgniter\View\View->CodeIgniter\View\{closure}()
#3 C:\xampp\htdocs\pdavi\vendor\codeigniter4\framework\system\Common.php(1271): CodeIgniter\View\View->render('avqs/list', Array, true)
#4 C:\xampp\htdocs\pdavi\app\Controllers\Avqs.php(45): view('avqs/list', Array)
#5 C:\xampp\htdocs\pdavi\vendor\codeigniter4\framework\system\CodeIgniter.php(928): App\Controllers\Avqs->list('2')
#6 C:\xampp\htdocs\pdavi\vendor\codeigniter4\framework\system\CodeIgniter.php(436): CodeIgniter\CodeIgniter->runController(Object(App\Controllers\Avqs))
#7 C:\xampp\htdocs\pdavi\vendor\codeigniter4\framework\system\CodeIgniter.php(336): CodeIgniter\CodeIgniter->handleRequest(NULL, Object(Config\Cache), false)
#8 C:\xampp\htdocs\pdavi\index.php(37): CodeIgniter\CodeIgniter->run()
#9 {main}
CRITICAL - 2021-10-06 15:31:06 --> Undefined index: avqs
#0 C:\xampp\htdocs\pdavi\app\Views\avqs\list.php(88): CodeIgniter\Debug\Exceptions->errorHandler(8, 'Undefined index...', 'C:\\xampp\\htdocs...', 88, Array)
#1 C:\xampp\htdocs\pdavi\vendor\codeigniter4\framework\system\View\View.php(230): include('C:\\xampp\\htdocs...')
#2 C:\xampp\htdocs\pdavi\vendor\codeigniter4\framework\system\View\View.php(232): CodeIgniter\View\View->CodeIgniter\View\{closure}()
#3 C:\xampp\htdocs\pdavi\vendor\codeigniter4\framework\system\Common.php(1271): CodeIgniter\View\View->render('avqs/list', Array, true)
#4 C:\xampp\htdocs\pdavi\app\Controllers\Avqs.php(44): view('avqs/list', Array)
#5 C:\xampp\htdocs\pdavi\vendor\codeigniter4\framework\system\CodeIgniter.php(928): App\Controllers\Avqs->list('1')
#6 C:\xampp\htdocs\pdavi\vendor\codeigniter4\framework\system\CodeIgniter.php(436): CodeIgniter\CodeIgniter->runController(Object(App\Controllers\Avqs))
#7 C:\xampp\htdocs\pdavi\vendor\codeigniter4\framework\system\CodeIgniter.php(336): CodeIgniter\CodeIgniter->handleRequest(NULL, Object(Config\Cache), false)
#8 C:\xampp\htdocs\pdavi\index.php(37): CodeIgniter\CodeIgniter->run()
#9 {main}
