ERROR - 2021-11-04 08:05:30 --> Unknown column 'task.created_at' in 'field list'
CRITICAL - 2021-11-04 08:05:30 --> Unknown column 'task.created_at' in 'field list'
#0 C:\xampp\htdocs\pdavi\vendor\codeigniter4\framework\system\Database\MySQLi\Connection.php(329): mysqli->query('SELECT `project...')
#1 C:\xampp\htdocs\pdavi\vendor\codeigniter4\framework\system\Database\BaseConnection.php(732): CodeIgniter\Database\MySQLi\Connection->execute('SELECT `project...')
#2 C:\xampp\htdocs\pdavi\vendor\codeigniter4\framework\system\Database\BaseConnection.php(647): CodeIgniter\Database\BaseConnection->simpleQuery('SELECT `project...')
#3 C:\xampp\htdocs\pdavi\vendor\codeigniter4\framework\system\Database\BaseBuilder.php(1881): CodeIgniter\Database\BaseConnection->query('SELECT `project...', Array, false)
#4 C:\xampp\htdocs\pdavi\app\Controllers\Project.php(211): CodeIgniter\Database\BaseBuilder->get()
#5 C:\xampp\htdocs\pdavi\vendor\codeigniter4\framework\system\CodeIgniter.php(928): App\Controllers\Project->detailproject('2', '1')
#6 C:\xampp\htdocs\pdavi\vendor\codeigniter4\framework\system\CodeIgniter.php(436): CodeIgniter\CodeIgniter->runController(Object(App\Controllers\Project))
#7 C:\xampp\htdocs\pdavi\vendor\codeigniter4\framework\system\CodeIgniter.php(336): CodeIgniter\CodeIgniter->handleRequest(NULL, Object(Config\Cache), false)
#8 C:\xampp\htdocs\pdavi\index.php(37): CodeIgniter\CodeIgniter->run()
#9 {main}
ERROR - 2021-11-04 08:23:22 --> Unknown column 'project_id' in 'where clause'
CRITICAL - 2021-11-04 08:23:22 --> Unknown column 'project_id' in 'where clause'
#0 C:\xampp\htdocs\pdavi\vendor\codeigniter4\framework\system\Database\MySQLi\Connection.php(329): mysqli->query('SELECT *\nFROM `...')
#1 C:\xampp\htdocs\pdavi\vendor\codeigniter4\framework\system\Database\BaseConnection.php(732): CodeIgniter\Database\MySQLi\Connection->execute('SELECT *\nFROM `...')
#2 C:\xampp\htdocs\pdavi\vendor\codeigniter4\framework\system\Database\BaseConnection.php(647): CodeIgniter\Database\BaseConnection->simpleQuery('SELECT *\nFROM `...')
#3 C:\xampp\htdocs\pdavi\vendor\codeigniter4\framework\system\Database\BaseBuilder.php(1881): CodeIgniter\Database\BaseConnection->query('SELECT *\nFROM `...', Array, false)
#4 C:\xampp\htdocs\pdavi\app\Models\ProjectModel.php(719): CodeIgniter\Database\BaseBuilder->get()
#5 C:\xampp\htdocs\pdavi\app\Controllers\Project.php(282): App\Models\ProjectModel->getLastUpdatedTask('2')
#6 C:\xampp\htdocs\pdavi\vendor\codeigniter4\framework\system\CodeIgniter.php(928): App\Controllers\Project->detailproject('2', '1')
#7 C:\xampp\htdocs\pdavi\vendor\codeigniter4\framework\system\CodeIgniter.php(436): CodeIgniter\CodeIgniter->runController(Object(App\Controllers\Project))
#8 C:\xampp\htdocs\pdavi\vendor\codeigniter4\framework\system\CodeIgniter.php(336): CodeIgniter\CodeIgniter->handleRequest(NULL, Object(Config\Cache), false)
#9 C:\xampp\htdocs\pdavi\index.php(37): CodeIgniter\CodeIgniter->run()
#10 {main}
ERROR - 2021-11-04 09:14:52 --> Unknown column 'task.created_at' in 'field list'
CRITICAL - 2021-11-04 09:14:52 --> Unknown column 'task.created_at' in 'field list'
#0 C:\xampp\htdocs\avis\vendor\codeigniter4\framework\system\Database\MySQLi\Connection.php(329): mysqli->query('SELECT `project...')
#1 C:\xampp\htdocs\avis\vendor\codeigniter4\framework\system\Database\BaseConnection.php(732): CodeIgniter\Database\MySQLi\Connection->execute('SELECT `project...')
#2 C:\xampp\htdocs\avis\vendor\codeigniter4\framework\system\Database\BaseConnection.php(647): CodeIgniter\Database\BaseConnection->simpleQuery('SELECT `project...')
#3 C:\xampp\htdocs\avis\vendor\codeigniter4\framework\system\Database\BaseBuilder.php(1881): CodeIgniter\Database\BaseConnection->query('SELECT `project...', Array, false)
#4 C:\xampp\htdocs\avis\app\Controllers\User.php(112): CodeIgniter\Database\BaseBuilder->get()
#5 C:\xampp\htdocs\avis\vendor\codeigniter4\framework\system\CodeIgniter.php(928): App\Controllers\User->dashboard()
#6 C:\xampp\htdocs\avis\vendor\codeigniter4\framework\system\CodeIgniter.php(436): CodeIgniter\CodeIgniter->runController(Object(App\Controllers\User))
#7 C:\xampp\htdocs\avis\vendor\codeigniter4\framework\system\CodeIgniter.php(336): CodeIgniter\CodeIgniter->handleRequest(NULL, Object(Config\Cache), false)
#8 C:\xampp\htdocs\avis\index.php(37): CodeIgniter\CodeIgniter->run()
#9 {main}
ERROR - 2021-11-04 10:48:03 --> Column 'status' in order clause is ambiguous
CRITICAL - 2021-11-04 10:48:03 --> Column 'status' in order clause is ambiguous
#0 C:\xampp\htdocs\avis\vendor\codeigniter4\framework\system\Database\MySQLi\Connection.php(329): mysqli->query('SELECT `task`.`...')
#1 C:\xampp\htdocs\avis\vendor\codeigniter4\framework\system\Database\BaseConnection.php(732): CodeIgniter\Database\MySQLi\Connection->execute('SELECT `task`.`...')
#2 C:\xampp\htdocs\avis\vendor\codeigniter4\framework\system\Database\BaseConnection.php(647): CodeIgniter\Database\BaseConnection->simpleQuery('SELECT `task`.`...')
#3 C:\xampp\htdocs\avis\vendor\codeigniter4\framework\system\Database\BaseBuilder.php(1881): CodeIgniter\Database\BaseConnection->query('SELECT `task`.`...', Array, false)
#4 C:\xampp\htdocs\avis\app\Controllers\Task.php(44): CodeIgniter\Database\BaseBuilder->get()
#5 C:\xampp\htdocs\avis\vendor\codeigniter4\framework\system\CodeIgniter.php(928): App\Controllers\Task->index()
#6 C:\xampp\htdocs\avis\vendor\codeigniter4\framework\system\CodeIgniter.php(436): CodeIgniter\CodeIgniter->runController(Object(App\Controllers\Task))
#7 C:\xampp\htdocs\avis\vendor\codeigniter4\framework\system\CodeIgniter.php(336): CodeIgniter\CodeIgniter->handleRequest(NULL, Object(Config\Cache), false)
#8 C:\xampp\htdocs\avis\index.php(37): CodeIgniter\CodeIgniter->run()
#9 {main}
