ERROR - 2021-07-08 07:11:50 --> Error connecting to the database: No connection could be made because the target machine actively refused it.

CRITICAL - 2021-07-08 07:11:50 --> Unable to connect to the database.
Main connection [MySQLi]: No connection could be made because the target machine actively refused it.

#0 C:\Users\lenovo\Downloads\AVI\project-dashboard\vendor\codeigniter4\framework\system\Database\BaseConnection.php(625): CodeIgniter\Database\BaseConnection->initialize()
#1 C:\Users\lenovo\Downloads\AVI\project-dashboard\vendor\codeigniter4\framework\system\Database\BaseBuilder.php(1881): CodeIgniter\Database\BaseConnection->query('SELECT *\nFROM `...', Array, false)
#2 C:\Users\lenovo\Downloads\AVI\project-dashboard\vendor\codeigniter4\framework\system\Model.php(228): CodeIgniter\Database\BaseBuilder->get()
#3 C:\Users\lenovo\Downloads\AVI\project-dashboard\vendor\codeigniter4\framework\system\BaseModel.php(644): CodeIgniter\Model->doFirst()
#4 C:\Users\lenovo\Downloads\AVI\project-dashboard\vendor\myth\auth\src\Authentication\LocalAuthenticator.php(156): CodeIgniter\BaseModel->first()
#5 C:\Users\lenovo\Downloads\AVI\project-dashboard\vendor\myth\auth\src\Authentication\LocalAuthenticator.php(20): Myth\Auth\Authentication\LocalAuthenticator->validate(Array, true)
#6 C:\Users\lenovo\Downloads\AVI\project-dashboard\vendor\myth\auth\src\Controllers\AuthController.php(94): Myth\Auth\Authentication\LocalAuthenticator->attempt(Array, false)
#7 C:\Users\lenovo\Downloads\AVI\project-dashboard\vendor\codeigniter4\framework\system\CodeIgniter.php(928): Myth\Auth\Controllers\AuthController->attemptLogin()
#8 C:\Users\lenovo\Downloads\AVI\project-dashboard\vendor\codeigniter4\framework\system\CodeIgniter.php(436): CodeIgniter\CodeIgniter->runController(Object(Myth\Auth\Controllers\AuthController))
#9 C:\Users\lenovo\Downloads\AVI\project-dashboard\vendor\codeigniter4\framework\system\CodeIgniter.php(336): CodeIgniter\CodeIgniter->handleRequest(NULL, Object(Config\Cache), false)
#10 C:\Users\lenovo\Downloads\AVI\project-dashboard\public\index.php(37): CodeIgniter\CodeIgniter->run()
#11 C:\Users\lenovo\Downloads\AVI\project-dashboard\vendor\codeigniter4\framework\system\Commands\Server\rewrite.php(45): require_once('C:\\Users\\lenovo...')
#12 {main}
CRITICAL - 2021-07-08 07:11:50 --> Uncaught ErrorException: print_r(): Property access is not allowed yet in C:\Users\lenovo\Downloads\AVI\project-dashboard\app\Views\errors\html\error_exception.php:99
Stack trace:
#0 [internal function]: CodeIgniter\Debug\Exceptions->errorHandler(2, 'print_r(): Prop...', 'C:\\Users\\lenovo...', 99, Array)
#1 C:\Users\lenovo\Downloads\AVI\project-dashboard\app\Views\errors\html\error_exception.php(99): print_r(Object(Myth\Auth\Controllers\AuthController), true)
#2 C:\Users\lenovo\Downloads\AVI\project-dashboard\vendor\codeigniter4\framework\system\Debug\Exceptions.php(278): include('C:\\Users\\lenovo...')
#3 C:\Users\lenovo\Downloads\AVI\project-dashboard\vendor\codeigniter4\framework\system\Debug\Exceptions.php(147): CodeIgniter\Debug\Exceptions->render(Object(CodeIgniter\Database\Exceptions\DatabaseException), 500)
#4 [internal function]: CodeIgniter\Debug\Exceptions->exceptionHandler(Object(CodeIgniter\Database\Exceptions\DatabaseException))
#5 {main}
  thrown
#0 [internal function]: CodeIgniter\Debug\Exceptions->shutdownHandler()
#1 {main}
CRITICAL - 2021-07-08 07:43:50 --> Undefined property: App\Controllers\Admin::$builder
#0 C:\Users\lenovo\Downloads\AVI\project-dashboard\app\Controllers\Admin.php(10): CodeIgniter\Debug\Exceptions->errorHandler(8, 'Undefined prope...', 'C:\\Users\\lenovo...', 10, Array)
#1 C:\Users\lenovo\Downloads\AVI\project-dashboard\vendor\codeigniter4\framework\system\CodeIgniter.php(928): App\Controllers\Admin->index()
#2 C:\Users\lenovo\Downloads\AVI\project-dashboard\vendor\codeigniter4\framework\system\CodeIgniter.php(436): CodeIgniter\CodeIgniter->runController(Object(App\Controllers\Admin))
#3 C:\Users\lenovo\Downloads\AVI\project-dashboard\vendor\codeigniter4\framework\system\CodeIgniter.php(336): CodeIgniter\CodeIgniter->handleRequest(NULL, Object(Config\Cache), false)
#4 C:\Users\lenovo\Downloads\AVI\project-dashboard\public\index.php(37): CodeIgniter\CodeIgniter->run()
#5 C:\Users\lenovo\Downloads\AVI\project-dashboard\vendor\codeigniter4\framework\system\Commands\Server\rewrite.php(45): require_once('C:\\Users\\lenovo...')
#6 {main}
CRITICAL - 2021-07-08 07:44:40 --> Undefined property: stdClass::$fullname
#0 C:\Users\lenovo\Downloads\AVI\project-dashboard\app\Views\admin\index.php(37): CodeIgniter\Debug\Exceptions->errorHandler(8, 'Undefined prope...', 'C:\\Users\\lenovo...', 37, Array)
#1 C:\Users\lenovo\Downloads\AVI\project-dashboard\vendor\codeigniter4\framework\system\View\View.php(230): include('C:\\Users\\lenovo...')
#2 C:\Users\lenovo\Downloads\AVI\project-dashboard\vendor\codeigniter4\framework\system\View\View.php(232): CodeIgniter\View\View->CodeIgniter\View\{closure}()
#3 C:\Users\lenovo\Downloads\AVI\project-dashboard\vendor\codeigniter4\framework\system\Common.php(1271): CodeIgniter\View\View->render('admin/index', Array, true)
#4 C:\Users\lenovo\Downloads\AVI\project-dashboard\app\Controllers\Admin.php(27): view('admin/index', Array)
#5 C:\Users\lenovo\Downloads\AVI\project-dashboard\vendor\codeigniter4\framework\system\CodeIgniter.php(928): App\Controllers\Admin->index()
#6 C:\Users\lenovo\Downloads\AVI\project-dashboard\vendor\codeigniter4\framework\system\CodeIgniter.php(436): CodeIgniter\CodeIgniter->runController(Object(App\Controllers\Admin))
#7 C:\Users\lenovo\Downloads\AVI\project-dashboard\vendor\codeigniter4\framework\system\CodeIgniter.php(336): CodeIgniter\CodeIgniter->handleRequest(NULL, Object(Config\Cache), false)
#8 C:\Users\lenovo\Downloads\AVI\project-dashboard\public\index.php(37): CodeIgniter\CodeIgniter->run()
#9 C:\Users\lenovo\Downloads\AVI\project-dashboard\vendor\codeigniter4\framework\system\Commands\Server\rewrite.php(45): require_once('C:\\Users\\lenovo...')
#10 {main}
CRITICAL - 2021-07-08 07:44:41 --> Undefined property: stdClass::$fullname
#0 C:\Users\lenovo\Downloads\AVI\project-dashboard\app\Views\admin\index.php(37): CodeIgniter\Debug\Exceptions->errorHandler(8, 'Undefined prope...', 'C:\\Users\\lenovo...', 37, Array)
#1 C:\Users\lenovo\Downloads\AVI\project-dashboard\vendor\codeigniter4\framework\system\View\View.php(230): include('C:\\Users\\lenovo...')
#2 C:\Users\lenovo\Downloads\AVI\project-dashboard\vendor\codeigniter4\framework\system\View\View.php(232): CodeIgniter\View\View->CodeIgniter\View\{closure}()
#3 C:\Users\lenovo\Downloads\AVI\project-dashboard\vendor\codeigniter4\framework\system\Common.php(1271): CodeIgniter\View\View->render('admin/index', Array, true)
#4 C:\Users\lenovo\Downloads\AVI\project-dashboard\app\Controllers\Admin.php(27): view('admin/index', Array)
#5 C:\Users\lenovo\Downloads\AVI\project-dashboard\vendor\codeigniter4\framework\system\CodeIgniter.php(928): App\Controllers\Admin->index()
#6 C:\Users\lenovo\Downloads\AVI\project-dashboard\vendor\codeigniter4\framework\system\CodeIgniter.php(436): CodeIgniter\CodeIgniter->runController(Object(App\Controllers\Admin))
#7 C:\Users\lenovo\Downloads\AVI\project-dashboard\vendor\codeigniter4\framework\system\CodeIgniter.php(336): CodeIgniter\CodeIgniter->handleRequest(NULL, Object(Config\Cache), false)
#8 C:\Users\lenovo\Downloads\AVI\project-dashboard\public\index.php(37): CodeIgniter\CodeIgniter->run()
#9 C:\Users\lenovo\Downloads\AVI\project-dashboard\vendor\codeigniter4\framework\system\Commands\Server\rewrite.php(45): require_once('C:\\Users\\lenovo...')
#10 {main}
CRITICAL - 2021-07-08 07:45:14 --> Cannot use object of type stdClass as array
#0 C:\Users\lenovo\Downloads\AVI\project-dashboard\vendor\codeigniter4\framework\system\View\View.php(230): include()
#1 C:\Users\lenovo\Downloads\AVI\project-dashboard\vendor\codeigniter4\framework\system\View\View.php(232): CodeIgniter\View\View->CodeIgniter\View\{closure}()
#2 C:\Users\lenovo\Downloads\AVI\project-dashboard\vendor\codeigniter4\framework\system\Common.php(1271): CodeIgniter\View\View->render('admin/index', Array, true)
#3 C:\Users\lenovo\Downloads\AVI\project-dashboard\app\Controllers\Admin.php(27): view('admin/index', Array)
#4 C:\Users\lenovo\Downloads\AVI\project-dashboard\vendor\codeigniter4\framework\system\CodeIgniter.php(928): App\Controllers\Admin->index()
#5 C:\Users\lenovo\Downloads\AVI\project-dashboard\vendor\codeigniter4\framework\system\CodeIgniter.php(436): CodeIgniter\CodeIgniter->runController(Object(App\Controllers\Admin))
#6 C:\Users\lenovo\Downloads\AVI\project-dashboard\vendor\codeigniter4\framework\system\CodeIgniter.php(336): CodeIgniter\CodeIgniter->handleRequest(NULL, Object(Config\Cache), false)
#7 C:\Users\lenovo\Downloads\AVI\project-dashboard\public\index.php(37): CodeIgniter\CodeIgniter->run()
#8 C:\Users\lenovo\Downloads\AVI\project-dashboard\vendor\codeigniter4\framework\system\Commands\Server\rewrite.php(45): require_once('C:\\Users\\lenovo...')
#9 {main}
CRITICAL - 2021-07-08 07:45:16 --> Cannot use object of type stdClass as array
#0 C:\Users\lenovo\Downloads\AVI\project-dashboard\vendor\codeigniter4\framework\system\View\View.php(230): include()
#1 C:\Users\lenovo\Downloads\AVI\project-dashboard\vendor\codeigniter4\framework\system\View\View.php(232): CodeIgniter\View\View->CodeIgniter\View\{closure}()
#2 C:\Users\lenovo\Downloads\AVI\project-dashboard\vendor\codeigniter4\framework\system\Common.php(1271): CodeIgniter\View\View->render('admin/index', Array, true)
#3 C:\Users\lenovo\Downloads\AVI\project-dashboard\app\Controllers\Admin.php(27): view('admin/index', Array)
#4 C:\Users\lenovo\Downloads\AVI\project-dashboard\vendor\codeigniter4\framework\system\CodeIgniter.php(928): App\Controllers\Admin->index()
#5 C:\Users\lenovo\Downloads\AVI\project-dashboard\vendor\codeigniter4\framework\system\CodeIgniter.php(436): CodeIgniter\CodeIgniter->runController(Object(App\Controllers\Admin))
#6 C:\Users\lenovo\Downloads\AVI\project-dashboard\vendor\codeigniter4\framework\system\CodeIgniter.php(336): CodeIgniter\CodeIgniter->handleRequest(NULL, Object(Config\Cache), false)
#7 C:\Users\lenovo\Downloads\AVI\project-dashboard\public\index.php(37): CodeIgniter\CodeIgniter->run()
#8 C:\Users\lenovo\Downloads\AVI\project-dashboard\vendor\codeigniter4\framework\system\Commands\Server\rewrite.php(45): require_once('C:\\Users\\lenovo...')
#9 {main}
ERROR - 2021-07-08 07:46:12 --> Unknown column 'fulllname' in 'field list'
CRITICAL - 2021-07-08 07:46:12 --> Unknown column 'fulllname' in 'field list'
#0 C:\Users\lenovo\Downloads\AVI\project-dashboard\vendor\codeigniter4\framework\system\Database\MySQLi\Connection.php(329): mysqli->query('SELECT `users`....')
#1 C:\Users\lenovo\Downloads\AVI\project-dashboard\vendor\codeigniter4\framework\system\Database\BaseConnection.php(732): CodeIgniter\Database\MySQLi\Connection->execute('SELECT `users`....')
#2 C:\Users\lenovo\Downloads\AVI\project-dashboard\vendor\codeigniter4\framework\system\Database\BaseConnection.php(647): CodeIgniter\Database\BaseConnection->simpleQuery('SELECT `users`....')
#3 C:\Users\lenovo\Downloads\AVI\project-dashboard\vendor\codeigniter4\framework\system\Database\BaseBuilder.php(1881): CodeIgniter\Database\BaseConnection->query('SELECT `users`....', Array, false)
#4 C:\Users\lenovo\Downloads\AVI\project-dashboard\app\Controllers\Admin.php(25): CodeIgniter\Database\BaseBuilder->get()
#5 C:\Users\lenovo\Downloads\AVI\project-dashboard\vendor\codeigniter4\framework\system\CodeIgniter.php(928): App\Controllers\Admin->index()
#6 C:\Users\lenovo\Downloads\AVI\project-dashboard\vendor\codeigniter4\framework\system\CodeIgniter.php(436): CodeIgniter\CodeIgniter->runController(Object(App\Controllers\Admin))
#7 C:\Users\lenovo\Downloads\AVI\project-dashboard\vendor\codeigniter4\framework\system\CodeIgniter.php(336): CodeIgniter\CodeIgniter->handleRequest(NULL, Object(Config\Cache), false)
#8 C:\Users\lenovo\Downloads\AVI\project-dashboard\public\index.php(37): CodeIgniter\CodeIgniter->run()
#9 C:\Users\lenovo\Downloads\AVI\project-dashboard\vendor\codeigniter4\framework\system\Commands\Server\rewrite.php(45): require_once('C:\\Users\\lenovo...')
#10 {main}
ERROR - 2021-07-08 07:48:29 --> Unknown column 'fulllname' in 'field list'
CRITICAL - 2021-07-08 07:48:29 --> Unknown column 'fulllname' in 'field list'
#0 C:\Users\lenovo\Downloads\AVI\project-dashboard\vendor\codeigniter4\framework\system\Database\MySQLi\Connection.php(329): mysqli->query('SELECT `users`....')
#1 C:\Users\lenovo\Downloads\AVI\project-dashboard\vendor\codeigniter4\framework\system\Database\BaseConnection.php(732): CodeIgniter\Database\MySQLi\Connection->execute('SELECT `users`....')
#2 C:\Users\lenovo\Downloads\AVI\project-dashboard\vendor\codeigniter4\framework\system\Database\BaseConnection.php(647): CodeIgniter\Database\BaseConnection->simpleQuery('SELECT `users`....')
#3 C:\Users\lenovo\Downloads\AVI\project-dashboard\vendor\codeigniter4\framework\system\Database\BaseBuilder.php(1881): CodeIgniter\Database\BaseConnection->query('SELECT `users`....', Array, false)
#4 C:\Users\lenovo\Downloads\AVI\project-dashboard\app\Controllers\Admin.php(28): CodeIgniter\Database\BaseBuilder->get()
#5 C:\Users\lenovo\Downloads\AVI\project-dashboard\vendor\codeigniter4\framework\system\CodeIgniter.php(928): App\Controllers\Admin->index()
#6 C:\Users\lenovo\Downloads\AVI\project-dashboard\vendor\codeigniter4\framework\system\CodeIgniter.php(436): CodeIgniter\CodeIgniter->runController(Object(App\Controllers\Admin))
#7 C:\Users\lenovo\Downloads\AVI\project-dashboard\vendor\codeigniter4\framework\system\CodeIgniter.php(336): CodeIgniter\CodeIgniter->handleRequest(NULL, Object(Config\Cache), false)
#8 C:\Users\lenovo\Downloads\AVI\project-dashboard\public\index.php(37): CodeIgniter\CodeIgniter->run()
#9 C:\Users\lenovo\Downloads\AVI\project-dashboard\vendor\codeigniter4\framework\system\Commands\Server\rewrite.php(45): require_once('C:\\Users\\lenovo...')
#10 {main}
ERROR - 2021-07-08 07:48:29 --> Unknown column 'fulllname' in 'field list'
CRITICAL - 2021-07-08 07:48:29 --> Unknown column 'fulllname' in 'field list'
#0 C:\Users\lenovo\Downloads\AVI\project-dashboard\vendor\codeigniter4\framework\system\Database\MySQLi\Connection.php(329): mysqli->query('SELECT `users`....')
#1 C:\Users\lenovo\Downloads\AVI\project-dashboard\vendor\codeigniter4\framework\system\Database\BaseConnection.php(732): CodeIgniter\Database\MySQLi\Connection->execute('SELECT `users`....')
#2 C:\Users\lenovo\Downloads\AVI\project-dashboard\vendor\codeigniter4\framework\system\Database\BaseConnection.php(647): CodeIgniter\Database\BaseConnection->simpleQuery('SELECT `users`....')
#3 C:\Users\lenovo\Downloads\AVI\project-dashboard\vendor\codeigniter4\framework\system\Database\BaseBuilder.php(1881): CodeIgniter\Database\BaseConnection->query('SELECT `users`....', Array, false)
#4 C:\Users\lenovo\Downloads\AVI\project-dashboard\app\Controllers\Admin.php(28): CodeIgniter\Database\BaseBuilder->get()
#5 C:\Users\lenovo\Downloads\AVI\project-dashboard\vendor\codeigniter4\framework\system\CodeIgniter.php(928): App\Controllers\Admin->index()
#6 C:\Users\lenovo\Downloads\AVI\project-dashboard\vendor\codeigniter4\framework\system\CodeIgniter.php(436): CodeIgniter\CodeIgniter->runController(Object(App\Controllers\Admin))
#7 C:\Users\lenovo\Downloads\AVI\project-dashboard\vendor\codeigniter4\framework\system\CodeIgniter.php(336): CodeIgniter\CodeIgniter->handleRequest(NULL, Object(Config\Cache), false)
#8 C:\Users\lenovo\Downloads\AVI\project-dashboard\public\index.php(37): CodeIgniter\CodeIgniter->run()
#9 C:\Users\lenovo\Downloads\AVI\project-dashboard\vendor\codeigniter4\framework\system\Commands\Server\rewrite.php(45): require_once('C:\\Users\\lenovo...')
#10 {main}
CRITICAL - 2021-07-08 07:51:15 --> Undefined property: stdClass::$fullname
#0 C:\Users\lenovo\Downloads\AVI\project-dashboard\app\Views\admin\index.php(37): CodeIgniter\Debug\Exceptions->errorHandler(8, 'Undefined prope...', 'C:\\Users\\lenovo...', 37, Array)
#1 C:\Users\lenovo\Downloads\AVI\project-dashboard\vendor\codeigniter4\framework\system\View\View.php(230): include('C:\\Users\\lenovo...')
#2 C:\Users\lenovo\Downloads\AVI\project-dashboard\vendor\codeigniter4\framework\system\View\View.php(232): CodeIgniter\View\View->CodeIgniter\View\{closure}()
#3 C:\Users\lenovo\Downloads\AVI\project-dashboard\vendor\codeigniter4\framework\system\Common.php(1271): CodeIgniter\View\View->render('admin/index', Array, true)
#4 C:\Users\lenovo\Downloads\AVI\project-dashboard\app\Controllers\Admin.php(30): view('admin/index', Array)
#5 C:\Users\lenovo\Downloads\AVI\project-dashboard\vendor\codeigniter4\framework\system\CodeIgniter.php(928): App\Controllers\Admin->index()
#6 C:\Users\lenovo\Downloads\AVI\project-dashboard\vendor\codeigniter4\framework\system\CodeIgniter.php(436): CodeIgniter\CodeIgniter->runController(Object(App\Controllers\Admin))
#7 C:\Users\lenovo\Downloads\AVI\project-dashboard\vendor\codeigniter4\framework\system\CodeIgniter.php(336): CodeIgniter\CodeIgniter->handleRequest(NULL, Object(Config\Cache), false)
#8 C:\Users\lenovo\Downloads\AVI\project-dashboard\public\index.php(37): CodeIgniter\CodeIgniter->run()
#9 C:\Users\lenovo\Downloads\AVI\project-dashboard\vendor\codeigniter4\framework\system\Commands\Server\rewrite.php(45): require_once('C:\\Users\\lenovo...')
#10 {main}
CRITICAL - 2021-07-08 08:54:39 --> Invalid file: \Vendor\Myth\Auth\Views\_message_block.php
#0 C:\Users\lenovo\Downloads\AVI\project-dashboard\vendor\codeigniter4\framework\system\View\View.php(213): CodeIgniter\Exceptions\FrameworkException::forInvalidFile('\\Vendor\\Myth\\Au...')
#1 C:\Users\lenovo\Downloads\AVI\project-dashboard\vendor\codeigniter4\framework\system\Common.php(1271): CodeIgniter\View\View->render('\\Vendor\\Myth\\Au...', Array, true)
#2 C:\Users\lenovo\Downloads\AVI\project-dashboard\app\Views\admin\index.php(21): view('\\Vendor\\Myth\\Au...')
#3 C:\Users\lenovo\Downloads\AVI\project-dashboard\vendor\codeigniter4\framework\system\View\View.php(230): include('C:\\Users\\lenovo...')
#4 C:\Users\lenovo\Downloads\AVI\project-dashboard\vendor\codeigniter4\framework\system\View\View.php(232): CodeIgniter\View\View->CodeIgniter\View\{closure}()
#5 C:\Users\lenovo\Downloads\AVI\project-dashboard\vendor\codeigniter4\framework\system\Common.php(1271): CodeIgniter\View\View->render('admin/index', Array, true)
#6 C:\Users\lenovo\Downloads\AVI\project-dashboard\app\Controllers\Admin.php(32): view('admin/index', Array)
#7 C:\Users\lenovo\Downloads\AVI\project-dashboard\vendor\codeigniter4\framework\system\CodeIgniter.php(928): App\Controllers\Admin->index()
#8 C:\Users\lenovo\Downloads\AVI\project-dashboard\vendor\codeigniter4\framework\system\CodeIgniter.php(436): CodeIgniter\CodeIgniter->runController(Object(App\Controllers\Admin))
#9 C:\Users\lenovo\Downloads\AVI\project-dashboard\vendor\codeigniter4\framework\system\CodeIgniter.php(336): CodeIgniter\CodeIgniter->handleRequest(NULL, Object(Config\Cache), false)
#10 C:\Users\lenovo\Downloads\AVI\project-dashboard\public\index.php(37): CodeIgniter\CodeIgniter->run()
#11 C:\Users\lenovo\Downloads\AVI\project-dashboard\vendor\codeigniter4\framework\system\Commands\Server\rewrite.php(45): require_once('C:\\Users\\lenovo...')
#12 {main}
CRITICAL - 2021-07-08 09:43:04 --> date_format() expects parameter 1 to be DateTimeInterface, string given
#0 [internal function]: CodeIgniter\Debug\Exceptions->errorHandler(2, 'date_format() e...', 'C:\\Users\\lenovo...', 15, Array)
#1 C:\Users\lenovo\Downloads\AVI\project-dashboard\app\Views\admin\detail.php(15): date_format('2021-07-07 14:0...', 'd M Y')
#2 C:\Users\lenovo\Downloads\AVI\project-dashboard\vendor\codeigniter4\framework\system\View\View.php(230): include('C:\\Users\\lenovo...')
#3 C:\Users\lenovo\Downloads\AVI\project-dashboard\vendor\codeigniter4\framework\system\View\View.php(232): CodeIgniter\View\View->CodeIgniter\View\{closure}()
#4 C:\Users\lenovo\Downloads\AVI\project-dashboard\vendor\codeigniter4\framework\system\Common.php(1271): CodeIgniter\View\View->render('admin/detail', Array, true)
#5 C:\Users\lenovo\Downloads\AVI\project-dashboard\app\Controllers\Admin.php(51): view('admin/detail', Array)
#6 C:\Users\lenovo\Downloads\AVI\project-dashboard\vendor\codeigniter4\framework\system\CodeIgniter.php(928): App\Controllers\Admin->detail('12')
#7 C:\Users\lenovo\Downloads\AVI\project-dashboard\vendor\codeigniter4\framework\system\CodeIgniter.php(436): CodeIgniter\CodeIgniter->runController(Object(App\Controllers\Admin))
#8 C:\Users\lenovo\Downloads\AVI\project-dashboard\vendor\codeigniter4\framework\system\CodeIgniter.php(336): CodeIgniter\CodeIgniter->handleRequest(NULL, Object(Config\Cache), false)
#9 C:\Users\lenovo\Downloads\AVI\project-dashboard\public\index.php(37): CodeIgniter\CodeIgniter->run()
#10 C:\Users\lenovo\Downloads\AVI\project-dashboard\vendor\codeigniter4\framework\system\Commands\Server\rewrite.php(45): require_once('C:\\Users\\lenovo...')
#11 {main}
CRITICAL - 2021-07-08 09:46:51 --> date_format() expects parameter 1 to be DateTimeInterface, string given
#0 [internal function]: CodeIgniter\Debug\Exceptions->errorHandler(2, 'date_format() e...', 'C:\\Users\\lenovo...', 15, Array)
#1 C:\Users\lenovo\Downloads\AVI\project-dashboard\app\Views\admin\detail.php(15): date_format('2021-07-08 09:1...', 'd M Y')
#2 C:\Users\lenovo\Downloads\AVI\project-dashboard\vendor\codeigniter4\framework\system\View\View.php(230): include('C:\\Users\\lenovo...')
#3 C:\Users\lenovo\Downloads\AVI\project-dashboard\vendor\codeigniter4\framework\system\View\View.php(232): CodeIgniter\View\View->CodeIgniter\View\{closure}()
#4 C:\Users\lenovo\Downloads\AVI\project-dashboard\vendor\codeigniter4\framework\system\Common.php(1271): CodeIgniter\View\View->render('admin/detail', Array, true)
#5 C:\Users\lenovo\Downloads\AVI\project-dashboard\app\Controllers\Admin.php(51): view('admin/detail', Array)
#6 C:\Users\lenovo\Downloads\AVI\project-dashboard\vendor\codeigniter4\framework\system\CodeIgniter.php(928): App\Controllers\Admin->detail('21')
#7 C:\Users\lenovo\Downloads\AVI\project-dashboard\vendor\codeigniter4\framework\system\CodeIgniter.php(436): CodeIgniter\CodeIgniter->runController(Object(App\Controllers\Admin))
#8 C:\Users\lenovo\Downloads\AVI\project-dashboard\vendor\codeigniter4\framework\system\CodeIgniter.php(336): CodeIgniter\CodeIgniter->handleRequest(NULL, Object(Config\Cache), false)
#9 C:\Users\lenovo\Downloads\AVI\project-dashboard\public\index.php(37): CodeIgniter\CodeIgniter->run()
#10 C:\Users\lenovo\Downloads\AVI\project-dashboard\vendor\codeigniter4\framework\system\Commands\Server\rewrite.php(45): require_once('C:\\Users\\lenovo...')
#11 {main}
CRITICAL - 2021-07-08 09:56:22 --> Undefined variable: active_menu
#0 C:\Users\lenovo\Downloads\AVI\project-dashboard\app\Views\layout\sidebar.php(13): CodeIgniter\Debug\Exceptions->errorHandler(8, 'Undefined varia...', 'C:\\Users\\lenovo...', 13, Array)
#1 C:\Users\lenovo\Downloads\AVI\project-dashboard\vendor\codeigniter4\framework\system\View\View.php(230): include('C:\\Users\\lenovo...')
#2 C:\Users\lenovo\Downloads\AVI\project-dashboard\vendor\codeigniter4\framework\system\View\View.php(232): CodeIgniter\View\View->CodeIgniter\View\{closure}()
#3 C:\Users\lenovo\Downloads\AVI\project-dashboard\vendor\codeigniter4\framework\system\View\View.php(487): CodeIgniter\View\View->render('layout/sidebar', NULL, true)
#4 C:\Users\lenovo\Downloads\AVI\project-dashboard\app\Views\layout\template.php(32): CodeIgniter\View\View->include('layout/sidebar')
#5 C:\Users\lenovo\Downloads\AVI\project-dashboard\vendor\codeigniter4\framework\system\View\View.php(230): include('C:\\Users\\lenovo...')
#6 C:\Users\lenovo\Downloads\AVI\project-dashboard\vendor\codeigniter4\framework\system\View\View.php(232): CodeIgniter\View\View->CodeIgniter\View\{closure}()
#7 C:\Users\lenovo\Downloads\AVI\project-dashboard\vendor\codeigniter4\framework\system\View\View.php(246): CodeIgniter\View\View->render('layout/template', Array, true)
#8 C:\Users\lenovo\Downloads\AVI\project-dashboard\vendor\codeigniter4\framework\system\Common.php(1271): CodeIgniter\View\View->render('admin/edit', Array, true)
#9 C:\Users\lenovo\Downloads\AVI\project-dashboard\app\Controllers\Admin.php(62): view('admin/edit', Array)
#10 C:\Users\lenovo\Downloads\AVI\project-dashboard\vendor\codeigniter4\framework\system\CodeIgniter.php(928): App\Controllers\Admin->edit('1')
#11 C:\Users\lenovo\Downloads\AVI\project-dashboard\vendor\codeigniter4\framework\system\CodeIgniter.php(436): CodeIgniter\CodeIgniter->runController(Object(App\Controllers\Admin))
#12 C:\Users\lenovo\Downloads\AVI\project-dashboard\vendor\codeigniter4\framework\system\CodeIgniter.php(336): CodeIgniter\CodeIgniter->handleRequest(NULL, Object(Config\Cache), false)
#13 C:\Users\lenovo\Downloads\AVI\project-dashboard\public\index.php(37): CodeIgniter\CodeIgniter->run()
#14 C:\Users\lenovo\Downloads\AVI\project-dashboard\vendor\codeigniter4\framework\system\Commands\Server\rewrite.php(45): require_once('C:\\Users\\lenovo...')
#15 {main}
CRITICAL - 2021-07-08 09:56:43 --> Undefined variable: active_menu
#0 C:\Users\lenovo\Downloads\AVI\project-dashboard\app\Views\layout\sidebar.php(13): CodeIgniter\Debug\Exceptions->errorHandler(8, 'Undefined varia...', 'C:\\Users\\lenovo...', 13, Array)
#1 C:\Users\lenovo\Downloads\AVI\project-dashboard\vendor\codeigniter4\framework\system\View\View.php(230): include('C:\\Users\\lenovo...')
#2 C:\Users\lenovo\Downloads\AVI\project-dashboard\vendor\codeigniter4\framework\system\View\View.php(232): CodeIgniter\View\View->CodeIgniter\View\{closure}()
#3 C:\Users\lenovo\Downloads\AVI\project-dashboard\vendor\codeigniter4\framework\system\View\View.php(487): CodeIgniter\View\View->render('layout/sidebar', NULL, true)
#4 C:\Users\lenovo\Downloads\AVI\project-dashboard\app\Views\layout\template.php(32): CodeIgniter\View\View->include('layout/sidebar')
#5 C:\Users\lenovo\Downloads\AVI\project-dashboard\vendor\codeigniter4\framework\system\View\View.php(230): include('C:\\Users\\lenovo...')
#6 C:\Users\lenovo\Downloads\AVI\project-dashboard\vendor\codeigniter4\framework\system\View\View.php(232): CodeIgniter\View\View->CodeIgniter\View\{closure}()
#7 C:\Users\lenovo\Downloads\AVI\project-dashboard\vendor\codeigniter4\framework\system\View\View.php(246): CodeIgniter\View\View->render('layout/template', Array, true)
#8 C:\Users\lenovo\Downloads\AVI\project-dashboard\vendor\codeigniter4\framework\system\Common.php(1271): CodeIgniter\View\View->render('admin/edit', Array, true)
#9 C:\Users\lenovo\Downloads\AVI\project-dashboard\app\Controllers\Admin.php(62): view('admin/edit', Array)
#10 C:\Users\lenovo\Downloads\AVI\project-dashboard\vendor\codeigniter4\framework\system\CodeIgniter.php(928): App\Controllers\Admin->edit('1')
#11 C:\Users\lenovo\Downloads\AVI\project-dashboard\vendor\codeigniter4\framework\system\CodeIgniter.php(436): CodeIgniter\CodeIgniter->runController(Object(App\Controllers\Admin))
#12 C:\Users\lenovo\Downloads\AVI\project-dashboard\vendor\codeigniter4\framework\system\CodeIgniter.php(336): CodeIgniter\CodeIgniter->handleRequest(NULL, Object(Config\Cache), false)
#13 C:\Users\lenovo\Downloads\AVI\project-dashboard\public\index.php(37): CodeIgniter\CodeIgniter->run()
#14 C:\Users\lenovo\Downloads\AVI\project-dashboard\vendor\codeigniter4\framework\system\Commands\Server\rewrite.php(45): require_once('C:\\Users\\lenovo...')
#15 {main}
CRITICAL - 2021-07-08 09:57:04 --> Undefined variable: active_menu
#0 C:\Users\lenovo\Downloads\AVI\project-dashboard\app\Views\layout\sidebar.php(13): CodeIgniter\Debug\Exceptions->errorHandler(8, 'Undefined varia...', 'C:\\Users\\lenovo...', 13, Array)
#1 C:\Users\lenovo\Downloads\AVI\project-dashboard\vendor\codeigniter4\framework\system\View\View.php(230): include('C:\\Users\\lenovo...')
#2 C:\Users\lenovo\Downloads\AVI\project-dashboard\vendor\codeigniter4\framework\system\View\View.php(232): CodeIgniter\View\View->CodeIgniter\View\{closure}()
#3 C:\Users\lenovo\Downloads\AVI\project-dashboard\vendor\codeigniter4\framework\system\View\View.php(487): CodeIgniter\View\View->render('layout/sidebar', NULL, true)
#4 C:\Users\lenovo\Downloads\AVI\project-dashboard\app\Views\layout\template.php(27): CodeIgniter\View\View->include('layout/sidebar')
#5 C:\Users\lenovo\Downloads\AVI\project-dashboard\vendor\codeigniter4\framework\system\View\View.php(230): include('C:\\Users\\lenovo...')
#6 C:\Users\lenovo\Downloads\AVI\project-dashboard\vendor\codeigniter4\framework\system\View\View.php(232): CodeIgniter\View\View->CodeIgniter\View\{closure}()
#7 C:\Users\lenovo\Downloads\AVI\project-dashboard\vendor\codeigniter4\framework\system\View\View.php(246): CodeIgniter\View\View->render('layout/template', Array, true)
#8 C:\Users\lenovo\Downloads\AVI\project-dashboard\vendor\codeigniter4\framework\system\Common.php(1271): CodeIgniter\View\View->render('admin/edit', Array, true)
#9 C:\Users\lenovo\Downloads\AVI\project-dashboard\app\Controllers\Admin.php(62): view('admin/edit', Array)
#10 C:\Users\lenovo\Downloads\AVI\project-dashboard\vendor\codeigniter4\framework\system\CodeIgniter.php(928): App\Controllers\Admin->edit('1')
#11 C:\Users\lenovo\Downloads\AVI\project-dashboard\vendor\codeigniter4\framework\system\CodeIgniter.php(436): CodeIgniter\CodeIgniter->runController(Object(App\Controllers\Admin))
#12 C:\Users\lenovo\Downloads\AVI\project-dashboard\vendor\codeigniter4\framework\system\CodeIgniter.php(336): CodeIgniter\CodeIgniter->handleRequest(NULL, Object(Config\Cache), false)
#13 C:\Users\lenovo\Downloads\AVI\project-dashboard\public\index.php(37): CodeIgniter\CodeIgniter->run()
#14 C:\Users\lenovo\Downloads\AVI\project-dashboard\vendor\codeigniter4\framework\system\Commands\Server\rewrite.php(45): require_once('C:\\Users\\lenovo...')
#15 {main}
CRITICAL - 2021-07-08 11:38:46 --> Invalid file: user/changepass.php
#0 C:\Users\lenovo\Downloads\AVI\project-dashboard\vendor\codeigniter4\framework\system\View\View.php(213): CodeIgniter\Exceptions\FrameworkException::forInvalidFile('user/changepass...')
#1 C:\Users\lenovo\Downloads\AVI\project-dashboard\vendor\codeigniter4\framework\system\Common.php(1271): CodeIgniter\View\View->render('user/changepass', Array, true)
#2 C:\Users\lenovo\Downloads\AVI\project-dashboard\app\Controllers\User.php(23): view('user/changepass', Array)
#3 C:\Users\lenovo\Downloads\AVI\project-dashboard\vendor\codeigniter4\framework\system\CodeIgniter.php(928): App\Controllers\User->change_pass()
#4 C:\Users\lenovo\Downloads\AVI\project-dashboard\vendor\codeigniter4\framework\system\CodeIgniter.php(436): CodeIgniter\CodeIgniter->runController(Object(App\Controllers\User))
#5 C:\Users\lenovo\Downloads\AVI\project-dashboard\vendor\codeigniter4\framework\system\CodeIgniter.php(336): CodeIgniter\CodeIgniter->handleRequest(NULL, Object(Config\Cache), false)
#6 C:\Users\lenovo\Downloads\AVI\project-dashboard\public\index.php(37): CodeIgniter\CodeIgniter->run()
#7 C:\Users\lenovo\Downloads\AVI\project-dashboard\vendor\codeigniter4\framework\system\Commands\Server\rewrite.php(45): require_once('C:\\Users\\lenovo...')
#8 {main}
CRITICAL - 2021-07-08 12:56:03 --> Invalid file: user/changepass.php
#0 C:\Users\lenovo\Downloads\AVI\project-dashboard\vendor\codeigniter4\framework\system\View\View.php(213): CodeIgniter\Exceptions\FrameworkException::forInvalidFile('user/changepass...')
#1 C:\Users\lenovo\Downloads\AVI\project-dashboard\vendor\codeigniter4\framework\system\Common.php(1271): CodeIgniter\View\View->render('user/changepass', Array, true)
#2 C:\Users\lenovo\Downloads\AVI\project-dashboard\app\Controllers\User.php(23): view('user/changepass', Array)
#3 C:\Users\lenovo\Downloads\AVI\project-dashboard\vendor\codeigniter4\framework\system\CodeIgniter.php(928): App\Controllers\User->change_pass()
#4 C:\Users\lenovo\Downloads\AVI\project-dashboard\vendor\codeigniter4\framework\system\CodeIgniter.php(436): CodeIgniter\CodeIgniter->runController(Object(App\Controllers\User))
#5 C:\Users\lenovo\Downloads\AVI\project-dashboard\vendor\codeigniter4\framework\system\CodeIgniter.php(336): CodeIgniter\CodeIgniter->handleRequest(NULL, Object(Config\Cache), false)
#6 C:\Users\lenovo\Downloads\AVI\project-dashboard\public\index.php(37): CodeIgniter\CodeIgniter->run()
#7 C:\Users\lenovo\Downloads\AVI\project-dashboard\vendor\codeigniter4\framework\system\Commands\Server\rewrite.php(45): require_once('C:\\Users\\lenovo...')
#8 {main}
CRITICAL - 2021-07-08 12:56:41 --> Invalid file: user/changepass.php
#0 C:\Users\lenovo\Downloads\AVI\project-dashboard\vendor\codeigniter4\framework\system\View\View.php(213): CodeIgniter\Exceptions\FrameworkException::forInvalidFile('user/changepass...')
#1 C:\Users\lenovo\Downloads\AVI\project-dashboard\vendor\codeigniter4\framework\system\Common.php(1271): CodeIgniter\View\View->render('user/changepass', Array, true)
#2 C:\Users\lenovo\Downloads\AVI\project-dashboard\app\Controllers\User.php(23): view('user/changepass', Array)
#3 C:\Users\lenovo\Downloads\AVI\project-dashboard\vendor\codeigniter4\framework\system\CodeIgniter.php(928): App\Controllers\User->change_pass()
#4 C:\Users\lenovo\Downloads\AVI\project-dashboard\vendor\codeigniter4\framework\system\CodeIgniter.php(436): CodeIgniter\CodeIgniter->runController(Object(App\Controllers\User))
#5 C:\Users\lenovo\Downloads\AVI\project-dashboard\vendor\codeigniter4\framework\system\CodeIgniter.php(336): CodeIgniter\CodeIgniter->handleRequest(NULL, Object(Config\Cache), false)
#6 C:\Users\lenovo\Downloads\AVI\project-dashboard\public\index.php(37): CodeIgniter\CodeIgniter->run()
#7 C:\Users\lenovo\Downloads\AVI\project-dashboard\vendor\codeigniter4\framework\system\Commands\Server\rewrite.php(45): require_once('C:\\Users\\lenovo...')
#8 {main}
CRITICAL - 2021-07-08 12:56:42 --> Invalid file: user/changepass.php
#0 C:\Users\lenovo\Downloads\AVI\project-dashboard\vendor\codeigniter4\framework\system\View\View.php(213): CodeIgniter\Exceptions\FrameworkException::forInvalidFile('user/changepass...')
#1 C:\Users\lenovo\Downloads\AVI\project-dashboard\vendor\codeigniter4\framework\system\Common.php(1271): CodeIgniter\View\View->render('user/changepass', Array, true)
#2 C:\Users\lenovo\Downloads\AVI\project-dashboard\app\Controllers\User.php(23): view('user/changepass', Array)
#3 C:\Users\lenovo\Downloads\AVI\project-dashboard\vendor\codeigniter4\framework\system\CodeIgniter.php(928): App\Controllers\User->change_pass()
#4 C:\Users\lenovo\Downloads\AVI\project-dashboard\vendor\codeigniter4\framework\system\CodeIgniter.php(436): CodeIgniter\CodeIgniter->runController(Object(App\Controllers\User))
#5 C:\Users\lenovo\Downloads\AVI\project-dashboard\vendor\codeigniter4\framework\system\CodeIgniter.php(336): CodeIgniter\CodeIgniter->handleRequest(NULL, Object(Config\Cache), false)
#6 C:\Users\lenovo\Downloads\AVI\project-dashboard\public\index.php(37): CodeIgniter\CodeIgniter->run()
#7 C:\Users\lenovo\Downloads\AVI\project-dashboard\vendor\codeigniter4\framework\system\Commands\Server\rewrite.php(45): require_once('C:\\Users\\lenovo...')
#8 {main}
CRITICAL - 2021-07-08 12:57:09 --> Invalid file: user/changepass.php
#0 C:\Users\lenovo\Downloads\AVI\project-dashboard\vendor\codeigniter4\framework\system\View\View.php(213): CodeIgniter\Exceptions\FrameworkException::forInvalidFile('user/changepass...')
#1 C:\Users\lenovo\Downloads\AVI\project-dashboard\vendor\codeigniter4\framework\system\Common.php(1271): CodeIgniter\View\View->render('user/changepass', Array, true)
#2 C:\Users\lenovo\Downloads\AVI\project-dashboard\app\Controllers\User.php(23): view('user/changepass', Array)
#3 C:\Users\lenovo\Downloads\AVI\project-dashboard\vendor\codeigniter4\framework\system\CodeIgniter.php(928): App\Controllers\User->change_pass()
#4 C:\Users\lenovo\Downloads\AVI\project-dashboard\vendor\codeigniter4\framework\system\CodeIgniter.php(436): CodeIgniter\CodeIgniter->runController(Object(App\Controllers\User))
#5 C:\Users\lenovo\Downloads\AVI\project-dashboard\vendor\codeigniter4\framework\system\CodeIgniter.php(336): CodeIgniter\CodeIgniter->handleRequest(NULL, Object(Config\Cache), false)
#6 C:\Users\lenovo\Downloads\AVI\project-dashboard\public\index.php(37): CodeIgniter\CodeIgniter->run()
#7 C:\Users\lenovo\Downloads\AVI\project-dashboard\vendor\codeigniter4\framework\system\Commands\Server\rewrite.php(45): require_once('C:\\Users\\lenovo...')
#8 {main}
CRITICAL - 2021-07-08 12:57:10 --> Invalid file: user/changepass.php
#0 C:\Users\lenovo\Downloads\AVI\project-dashboard\vendor\codeigniter4\framework\system\View\View.php(213): CodeIgniter\Exceptions\FrameworkException::forInvalidFile('user/changepass...')
#1 C:\Users\lenovo\Downloads\AVI\project-dashboard\vendor\codeigniter4\framework\system\Common.php(1271): CodeIgniter\View\View->render('user/changepass', Array, true)
#2 C:\Users\lenovo\Downloads\AVI\project-dashboard\app\Controllers\User.php(23): view('user/changepass', Array)
#3 C:\Users\lenovo\Downloads\AVI\project-dashboard\vendor\codeigniter4\framework\system\CodeIgniter.php(928): App\Controllers\User->change_pass()
#4 C:\Users\lenovo\Downloads\AVI\project-dashboard\vendor\codeigniter4\framework\system\CodeIgniter.php(436): CodeIgniter\CodeIgniter->runController(Object(App\Controllers\User))
#5 C:\Users\lenovo\Downloads\AVI\project-dashboard\vendor\codeigniter4\framework\system\CodeIgniter.php(336): CodeIgniter\CodeIgniter->handleRequest(NULL, Object(Config\Cache), false)
#6 C:\Users\lenovo\Downloads\AVI\project-dashboard\public\index.php(37): CodeIgniter\CodeIgniter->run()
#7 C:\Users\lenovo\Downloads\AVI\project-dashboard\vendor\codeigniter4\framework\system\Commands\Server\rewrite.php(45): require_once('C:\\Users\\lenovo...')
#8 {main}
CRITICAL - 2021-07-08 12:57:10 --> Invalid file: user/changepass.php
#0 C:\Users\lenovo\Downloads\AVI\project-dashboard\vendor\codeigniter4\framework\system\View\View.php(213): CodeIgniter\Exceptions\FrameworkException::forInvalidFile('user/changepass...')
#1 C:\Users\lenovo\Downloads\AVI\project-dashboard\vendor\codeigniter4\framework\system\Common.php(1271): CodeIgniter\View\View->render('user/changepass', Array, true)
#2 C:\Users\lenovo\Downloads\AVI\project-dashboard\app\Controllers\User.php(23): view('user/changepass', Array)
#3 C:\Users\lenovo\Downloads\AVI\project-dashboard\vendor\codeigniter4\framework\system\CodeIgniter.php(928): App\Controllers\User->change_pass()
#4 C:\Users\lenovo\Downloads\AVI\project-dashboard\vendor\codeigniter4\framework\system\CodeIgniter.php(436): CodeIgniter\CodeIgniter->runController(Object(App\Controllers\User))
#5 C:\Users\lenovo\Downloads\AVI\project-dashboard\vendor\codeigniter4\framework\system\CodeIgniter.php(336): CodeIgniter\CodeIgniter->handleRequest(NULL, Object(Config\Cache), false)
#6 C:\Users\lenovo\Downloads\AVI\project-dashboard\public\index.php(37): CodeIgniter\CodeIgniter->run()
#7 C:\Users\lenovo\Downloads\AVI\project-dashboard\vendor\codeigniter4\framework\system\Commands\Server\rewrite.php(45): require_once('C:\\Users\\lenovo...')
#8 {main}
CRITICAL - 2021-07-08 12:57:11 --> Invalid file: user/changepass.php
#0 C:\Users\lenovo\Downloads\AVI\project-dashboard\vendor\codeigniter4\framework\system\View\View.php(213): CodeIgniter\Exceptions\FrameworkException::forInvalidFile('user/changepass...')
#1 C:\Users\lenovo\Downloads\AVI\project-dashboard\vendor\codeigniter4\framework\system\Common.php(1271): CodeIgniter\View\View->render('user/changepass', Array, true)
#2 C:\Users\lenovo\Downloads\AVI\project-dashboard\app\Controllers\User.php(23): view('user/changepass', Array)
#3 C:\Users\lenovo\Downloads\AVI\project-dashboard\vendor\codeigniter4\framework\system\CodeIgniter.php(928): App\Controllers\User->change_pass()
#4 C:\Users\lenovo\Downloads\AVI\project-dashboard\vendor\codeigniter4\framework\system\CodeIgniter.php(436): CodeIgniter\CodeIgniter->runController(Object(App\Controllers\User))
#5 C:\Users\lenovo\Downloads\AVI\project-dashboard\vendor\codeigniter4\framework\system\CodeIgniter.php(336): CodeIgniter\CodeIgniter->handleRequest(NULL, Object(Config\Cache), false)
#6 C:\Users\lenovo\Downloads\AVI\project-dashboard\public\index.php(37): CodeIgniter\CodeIgniter->run()
#7 C:\Users\lenovo\Downloads\AVI\project-dashboard\vendor\codeigniter4\framework\system\Commands\Server\rewrite.php(45): require_once('C:\\Users\\lenovo...')
#8 {main}
CRITICAL - 2021-07-08 12:59:37 --> Invalid file: user/changepass.php
#0 C:\Users\lenovo\Downloads\AVI\project-dashboard\vendor\codeigniter4\framework\system\View\View.php(213): CodeIgniter\Exceptions\FrameworkException::forInvalidFile('user/changepass...')
#1 C:\Users\lenovo\Downloads\AVI\project-dashboard\vendor\codeigniter4\framework\system\Common.php(1271): CodeIgniter\View\View->render('user/changepass', Array, true)
#2 C:\Users\lenovo\Downloads\AVI\project-dashboard\app\Controllers\User.php(23): view('user/changepass', Array)
#3 C:\Users\lenovo\Downloads\AVI\project-dashboard\vendor\codeigniter4\framework\system\CodeIgniter.php(928): App\Controllers\User->change_pass()
#4 C:\Users\lenovo\Downloads\AVI\project-dashboard\vendor\codeigniter4\framework\system\CodeIgniter.php(436): CodeIgniter\CodeIgniter->runController(Object(App\Controllers\User))
#5 C:\Users\lenovo\Downloads\AVI\project-dashboard\vendor\codeigniter4\framework\system\CodeIgniter.php(336): CodeIgniter\CodeIgniter->handleRequest(NULL, Object(Config\Cache), false)
#6 C:\Users\lenovo\Downloads\AVI\project-dashboard\public\index.php(37): CodeIgniter\CodeIgniter->run()
#7 C:\Users\lenovo\Downloads\AVI\project-dashboard\vendor\codeigniter4\framework\system\Commands\Server\rewrite.php(45): require_once('C:\\Users\\lenovo...')
#8 {main}
CRITICAL - 2021-07-08 12:59:37 --> Invalid file: user/changepass.php
#0 C:\Users\lenovo\Downloads\AVI\project-dashboard\vendor\codeigniter4\framework\system\View\View.php(213): CodeIgniter\Exceptions\FrameworkException::forInvalidFile('user/changepass...')
#1 C:\Users\lenovo\Downloads\AVI\project-dashboard\vendor\codeigniter4\framework\system\Common.php(1271): CodeIgniter\View\View->render('user/changepass', Array, true)
#2 C:\Users\lenovo\Downloads\AVI\project-dashboard\app\Controllers\User.php(23): view('user/changepass', Array)
#3 C:\Users\lenovo\Downloads\AVI\project-dashboard\vendor\codeigniter4\framework\system\CodeIgniter.php(928): App\Controllers\User->change_pass()
#4 C:\Users\lenovo\Downloads\AVI\project-dashboard\vendor\codeigniter4\framework\system\CodeIgniter.php(436): CodeIgniter\CodeIgniter->runController(Object(App\Controllers\User))
#5 C:\Users\lenovo\Downloads\AVI\project-dashboard\vendor\codeigniter4\framework\system\CodeIgniter.php(336): CodeIgniter\CodeIgniter->handleRequest(NULL, Object(Config\Cache), false)
#6 C:\Users\lenovo\Downloads\AVI\project-dashboard\public\index.php(37): CodeIgniter\CodeIgniter->run()
#7 C:\Users\lenovo\Downloads\AVI\project-dashboard\vendor\codeigniter4\framework\system\Commands\Server\rewrite.php(45): require_once('C:\\Users\\lenovo...')
#8 {main}
CRITICAL - 2021-07-08 12:59:38 --> Invalid file: user/changepass.php
#0 C:\Users\lenovo\Downloads\AVI\project-dashboard\vendor\codeigniter4\framework\system\View\View.php(213): CodeIgniter\Exceptions\FrameworkException::forInvalidFile('user/changepass...')
#1 C:\Users\lenovo\Downloads\AVI\project-dashboard\vendor\codeigniter4\framework\system\Common.php(1271): CodeIgniter\View\View->render('user/changepass', Array, true)
#2 C:\Users\lenovo\Downloads\AVI\project-dashboard\app\Controllers\User.php(23): view('user/changepass', Array)
#3 C:\Users\lenovo\Downloads\AVI\project-dashboard\vendor\codeigniter4\framework\system\CodeIgniter.php(928): App\Controllers\User->change_pass()
#4 C:\Users\lenovo\Downloads\AVI\project-dashboard\vendor\codeigniter4\framework\system\CodeIgniter.php(436): CodeIgniter\CodeIgniter->runController(Object(App\Controllers\User))
#5 C:\Users\lenovo\Downloads\AVI\project-dashboard\vendor\codeigniter4\framework\system\CodeIgniter.php(336): CodeIgniter\CodeIgniter->handleRequest(NULL, Object(Config\Cache), false)
#6 C:\Users\lenovo\Downloads\AVI\project-dashboard\public\index.php(37): CodeIgniter\CodeIgniter->run()
#7 C:\Users\lenovo\Downloads\AVI\project-dashboard\vendor\codeigniter4\framework\system\Commands\Server\rewrite.php(45): require_once('C:\\Users\\lenovo...')
#8 {main}
CRITICAL - 2021-07-08 12:59:44 --> Invalid file: user/changepass.php
#0 C:\Users\lenovo\Downloads\AVI\project-dashboard\vendor\codeigniter4\framework\system\View\View.php(213): CodeIgniter\Exceptions\FrameworkException::forInvalidFile('user/changepass...')
#1 C:\Users\lenovo\Downloads\AVI\project-dashboard\vendor\codeigniter4\framework\system\Common.php(1271): CodeIgniter\View\View->render('user/changepass', Array, true)
#2 C:\Users\lenovo\Downloads\AVI\project-dashboard\app\Controllers\User.php(23): view('user/changepass', Array)
#3 C:\Users\lenovo\Downloads\AVI\project-dashboard\vendor\codeigniter4\framework\system\CodeIgniter.php(928): App\Controllers\User->change_pass()
#4 C:\Users\lenovo\Downloads\AVI\project-dashboard\vendor\codeigniter4\framework\system\CodeIgniter.php(436): CodeIgniter\CodeIgniter->runController(Object(App\Controllers\User))
#5 C:\Users\lenovo\Downloads\AVI\project-dashboard\vendor\codeigniter4\framework\system\CodeIgniter.php(336): CodeIgniter\CodeIgniter->handleRequest(NULL, Object(Config\Cache), false)
#6 C:\Users\lenovo\Downloads\AVI\project-dashboard\public\index.php(37): CodeIgniter\CodeIgniter->run()
#7 C:\Users\lenovo\Downloads\AVI\project-dashboard\vendor\codeigniter4\framework\system\Commands\Server\rewrite.php(45): require_once('C:\\Users\\lenovo...')
#8 {main}
CRITICAL - 2021-07-08 12:59:59 --> Undefined variable: active_menu
#0 C:\Users\lenovo\Downloads\AVI\project-dashboard\app\Views\layout\sidebar.php(13): CodeIgniter\Debug\Exceptions->errorHandler(8, 'Undefined varia...', 'C:\\Users\\lenovo...', 13, Array)
#1 C:\Users\lenovo\Downloads\AVI\project-dashboard\vendor\codeigniter4\framework\system\View\View.php(230): include('C:\\Users\\lenovo...')
#2 C:\Users\lenovo\Downloads\AVI\project-dashboard\vendor\codeigniter4\framework\system\View\View.php(232): CodeIgniter\View\View->CodeIgniter\View\{closure}()
#3 C:\Users\lenovo\Downloads\AVI\project-dashboard\vendor\codeigniter4\framework\system\View\View.php(487): CodeIgniter\View\View->render('layout/sidebar', NULL, true)
#4 C:\Users\lenovo\Downloads\AVI\project-dashboard\app\Views\layout\template.php(32): CodeIgniter\View\View->include('layout/sidebar')
#5 C:\Users\lenovo\Downloads\AVI\project-dashboard\vendor\codeigniter4\framework\system\View\View.php(230): include('C:\\Users\\lenovo...')
#6 C:\Users\lenovo\Downloads\AVI\project-dashboard\vendor\codeigniter4\framework\system\View\View.php(232): CodeIgniter\View\View->CodeIgniter\View\{closure}()
#7 C:\Users\lenovo\Downloads\AVI\project-dashboard\vendor\codeigniter4\framework\system\View\View.php(246): CodeIgniter\View\View->render('layout/template', Array, true)
#8 C:\Users\lenovo\Downloads\AVI\project-dashboard\vendor\codeigniter4\framework\system\Common.php(1271): CodeIgniter\View\View->render('user/change_pas...', Array, true)
#9 C:\Users\lenovo\Downloads\AVI\project-dashboard\app\Controllers\User.php(23): view('user/change_pas...', Array)
#10 C:\Users\lenovo\Downloads\AVI\project-dashboard\vendor\codeigniter4\framework\system\CodeIgniter.php(928): App\Controllers\User->change_pass()
#11 C:\Users\lenovo\Downloads\AVI\project-dashboard\vendor\codeigniter4\framework\system\CodeIgniter.php(436): CodeIgniter\CodeIgniter->runController(Object(App\Controllers\User))
#12 C:\Users\lenovo\Downloads\AVI\project-dashboard\vendor\codeigniter4\framework\system\CodeIgniter.php(336): CodeIgniter\CodeIgniter->handleRequest(NULL, Object(Config\Cache), false)
#13 C:\Users\lenovo\Downloads\AVI\project-dashboard\public\index.php(37): CodeIgniter\CodeIgniter->run()
#14 C:\Users\lenovo\Downloads\AVI\project-dashboard\vendor\codeigniter4\framework\system\Commands\Server\rewrite.php(45): require_once('C:\\Users\\lenovo...')
#15 {main}
CRITICAL - 2021-07-08 13:06:15 --> Undefined property: App\Controllers\User::$db
#0 C:\Users\lenovo\Downloads\AVI\project-dashboard\app\Controllers\User.php(29): CodeIgniter\Debug\Exceptions->errorHandler(8, 'Undefined prope...', 'C:\\Users\\lenovo...', 29, Array)
#1 C:\Users\lenovo\Downloads\AVI\project-dashboard\vendor\codeigniter4\framework\system\CodeIgniter.php(928): App\Controllers\User->resetpass()
#2 C:\Users\lenovo\Downloads\AVI\project-dashboard\vendor\codeigniter4\framework\system\CodeIgniter.php(436): CodeIgniter\CodeIgniter->runController(Object(App\Controllers\User))
#3 C:\Users\lenovo\Downloads\AVI\project-dashboard\vendor\codeigniter4\framework\system\CodeIgniter.php(336): CodeIgniter\CodeIgniter->handleRequest(NULL, Object(Config\Cache), false)
#4 C:\Users\lenovo\Downloads\AVI\project-dashboard\public\index.php(37): CodeIgniter\CodeIgniter->run()
#5 C:\Users\lenovo\Downloads\AVI\project-dashboard\vendor\codeigniter4\framework\system\Commands\Server\rewrite.php(45): require_once('C:\\Users\\lenovo...')
#6 {main}
CRITICAL - 2021-07-08 15:55:17 --> You do not have sufficient permissions to access that page.
#0 C:\Users\lenovo\Downloads\AVI\project-dashboard\vendor\codeigniter4\framework\system\Filters\Filters.php(181): Myth\Auth\Filters\PermissionFilter->before(Object(CodeIgniter\HTTP\IncomingRequest), Array)
#1 C:\Users\lenovo\Downloads\AVI\project-dashboard\vendor\codeigniter4\framework\system\CodeIgniter.php(407): CodeIgniter\Filters\Filters->run('admin', 'before')
#2 C:\Users\lenovo\Downloads\AVI\project-dashboard\vendor\codeigniter4\framework\system\CodeIgniter.php(336): CodeIgniter\CodeIgniter->handleRequest(NULL, Object(Config\Cache), false)
#3 C:\Users\lenovo\Downloads\AVI\project-dashboard\public\index.php(37): CodeIgniter\CodeIgniter->run()
#4 C:\Users\lenovo\Downloads\AVI\project-dashboard\vendor\codeigniter4\framework\system\Commands\Server\rewrite.php(45): require_once('C:\\Users\\lenovo...')
#5 {main}
