CRITICAL - 2021-10-13 10:15:49 --> syntax error, unexpected 'endforeach' (T_ENDFOREACH), expecting elseif (T_ELSEIF) or else (T_ELSE) or endif (T_ENDIF)
#0 C:\xampp\htdocs\pdavi\vendor\codeigniter4\framework\system\View\View.php(232): CodeIgniter\View\View->CodeIgniter\View\{closure}()
#1 C:\xampp\htdocs\pdavi\vendor\codeigniter4\framework\system\Common.php(1271): CodeIgniter\View\View->render('user/detailproj...', Array, true)
#2 C:\xampp\htdocs\pdavi\app\Controllers\Project.php(250): view('user/detailproj...', Array)
#3 C:\xampp\htdocs\pdavi\vendor\codeigniter4\framework\system\CodeIgniter.php(928): App\Controllers\Project->detailproject('2', '1')
#4 C:\xampp\htdocs\pdavi\vendor\codeigniter4\framework\system\CodeIgniter.php(436): CodeIgniter\CodeIgniter->runController(Object(App\Controllers\Project))
#5 C:\xampp\htdocs\pdavi\vendor\codeigniter4\framework\system\CodeIgniter.php(336): CodeIgniter\CodeIgniter->handleRequest(NULL, Object(Config\Cache), false)
#6 C:\xampp\htdocs\pdavi\index.php(37): CodeIgniter\CodeIgniter->run()
#7 {main}
CRITICAL - 2021-10-13 10:18:38 --> Undefined variable: loop
#0 C:\xampp\htdocs\pdavi\app\Views\user\detailproject.php(507): CodeIgniter\Debug\Exceptions->errorHandler(8, 'Undefined varia...', 'C:\\xampp\\htdocs...', 507, Array)
#1 C:\xampp\htdocs\pdavi\vendor\codeigniter4\framework\system\View\View.php(230): include('C:\\xampp\\htdocs...')
#2 C:\xampp\htdocs\pdavi\vendor\codeigniter4\framework\system\View\View.php(232): CodeIgniter\View\View->CodeIgniter\View\{closure}()
#3 C:\xampp\htdocs\pdavi\vendor\codeigniter4\framework\system\Common.php(1271): CodeIgniter\View\View->render('user/detailproj...', Array, true)
#4 C:\xampp\htdocs\pdavi\app\Controllers\Project.php(250): view('user/detailproj...', Array)
#5 C:\xampp\htdocs\pdavi\vendor\codeigniter4\framework\system\CodeIgniter.php(928): App\Controllers\Project->detailproject('2', '1')
#6 C:\xampp\htdocs\pdavi\vendor\codeigniter4\framework\system\CodeIgniter.php(436): CodeIgniter\CodeIgniter->runController(Object(App\Controllers\Project))
#7 C:\xampp\htdocs\pdavi\vendor\codeigniter4\framework\system\CodeIgniter.php(336): CodeIgniter\CodeIgniter->handleRequest(NULL, Object(Config\Cache), false)
#8 C:\xampp\htdocs\pdavi\index.php(37): CodeIgniter\CodeIgniter->run()
#9 {main}
CRITICAL - 2021-10-13 10:56:34 --> Trying to get property 'level_id' of non-object
#0 C:\xampp\htdocs\pdavi\app\Controllers\Project.php(134): CodeIgniter\Debug\Exceptions->errorHandler(8, 'Trying to get p...', 'C:\\xampp\\htdocs...', 134, Array)
#1 C:\xampp\htdocs\pdavi\vendor\codeigniter4\framework\system\CodeIgniter.php(928): App\Controllers\Project->detailproject('2', '1')
#2 C:\xampp\htdocs\pdavi\vendor\codeigniter4\framework\system\CodeIgniter.php(436): CodeIgniter\CodeIgniter->runController(Object(App\Controllers\Project))
#3 C:\xampp\htdocs\pdavi\vendor\codeigniter4\framework\system\CodeIgniter.php(336): CodeIgniter\CodeIgniter->handleRequest(NULL, Object(Config\Cache), false)
#4 C:\xampp\htdocs\pdavi\index.php(37): CodeIgniter\CodeIgniter->run()
#5 {main}
CRITICAL - 2021-10-13 10:56:39 --> Trying to get property 'level_id' of non-object
#0 C:\xampp\htdocs\pdavi\app\Controllers\Project.php(134): CodeIgniter\Debug\Exceptions->errorHandler(8, 'Trying to get p...', 'C:\\xampp\\htdocs...', 134, Array)
#1 C:\xampp\htdocs\pdavi\vendor\codeigniter4\framework\system\CodeIgniter.php(928): App\Controllers\Project->detailproject('2', '1')
#2 C:\xampp\htdocs\pdavi\vendor\codeigniter4\framework\system\CodeIgniter.php(436): CodeIgniter\CodeIgniter->runController(Object(App\Controllers\Project))
#3 C:\xampp\htdocs\pdavi\vendor\codeigniter4\framework\system\CodeIgniter.php(336): CodeIgniter\CodeIgniter->handleRequest(NULL, Object(Config\Cache), false)
#4 C:\xampp\htdocs\pdavi\index.php(37): CodeIgniter\CodeIgniter->run()
#5 {main}
CRITICAL - 2021-10-13 11:06:06 --> file_get_contents(C:\xampp\htdocs\pdavi\writable\debugbar/debugbar_1634096863.json): failed to open stream: No such file or directory
#0 [internal function]: CodeIgniter\Debug\Exceptions->errorHandler(2, 'file_get_conten...', 'C:\\xampp\\htdocs...', 83, Array)
#1 C:\xampp\htdocs\pdavi\vendor\codeigniter4\framework\system\Debug\Toolbar\Collectors\History.php(83): file_get_contents('C:\\xampp\\htdocs...')
#2 C:\xampp\htdocs\pdavi\vendor\codeigniter4\framework\system\Debug\Toolbar.php(480): CodeIgniter\Debug\Toolbar\Collectors\History->setFiles(1634097957, 20)
#3 C:\xampp\htdocs\pdavi\vendor\codeigniter4\framework\system\Debug\Toolbar.php(452): CodeIgniter\Debug\Toolbar->format(Array, 'html')
#4 C:\xampp\htdocs\pdavi\app\Config\Events.php(52): CodeIgniter\Debug\Toolbar->respond()
#5 [internal function]: CodeIgniter\Events\Events::Config\{closure}()
#6 C:\xampp\htdocs\pdavi\vendor\codeigniter4\framework\system\Events\Events.php(166): call_user_func(Object(Closure))
#7 C:\xampp\htdocs\pdavi\vendor\codeigniter4\framework\system\CodeIgniter.php(316): CodeIgniter\Events\Events::trigger('pre_system')
#8 C:\xampp\htdocs\pdavi\index.php(37): CodeIgniter\CodeIgniter->run()
#9 {main}
CRITICAL - 2021-10-13 11:20:08 --> Invalid file: engchange/index.php
#0 C:\xampp\htdocs\pdavi\vendor\codeigniter4\framework\system\View\View.php(213): CodeIgniter\Exceptions\FrameworkException::forInvalidFile('engchange/index...')
#1 C:\xampp\htdocs\pdavi\vendor\codeigniter4\framework\system\Common.php(1271): CodeIgniter\View\View->render('engchange/index', Array, true)
#2 C:\xampp\htdocs\pdavi\app\Controllers\Engchange.php(33): view('engchange/index', Array)
#3 C:\xampp\htdocs\pdavi\vendor\codeigniter4\framework\system\CodeIgniter.php(928): App\Controllers\Engchange->index()
#4 C:\xampp\htdocs\pdavi\vendor\codeigniter4\framework\system\CodeIgniter.php(436): CodeIgniter\CodeIgniter->runController(Object(App\Controllers\Engchange))
#5 C:\xampp\htdocs\pdavi\vendor\codeigniter4\framework\system\CodeIgniter.php(336): CodeIgniter\CodeIgniter->handleRequest(NULL, Object(Config\Cache), false)
#6 C:\xampp\htdocs\pdavi\index.php(37): CodeIgniter\CodeIgniter->run()
#7 {main}
CRITICAL - 2021-10-13 13:24:32 --> Undefined variable: project
#0 C:\xampp\htdocs\pdavi\app\Views\engchange\index.php(48): CodeIgniter\Debug\Exceptions->errorHandler(8, 'Undefined varia...', 'C:\\xampp\\htdocs...', 48, Array)
#1 C:\xampp\htdocs\pdavi\vendor\codeigniter4\framework\system\View\View.php(230): include('C:\\xampp\\htdocs...')
#2 C:\xampp\htdocs\pdavi\vendor\codeigniter4\framework\system\View\View.php(232): CodeIgniter\View\View->CodeIgniter\View\{closure}()
#3 C:\xampp\htdocs\pdavi\vendor\codeigniter4\framework\system\Common.php(1271): CodeIgniter\View\View->render('engchange/index', Array, true)
#4 C:\xampp\htdocs\pdavi\app\Controllers\Engchange.php(33): view('engchange/index', Array)
#5 C:\xampp\htdocs\pdavi\vendor\codeigniter4\framework\system\CodeIgniter.php(928): App\Controllers\Engchange->index()
#6 C:\xampp\htdocs\pdavi\vendor\codeigniter4\framework\system\CodeIgniter.php(436): CodeIgniter\CodeIgniter->runController(Object(App\Controllers\Engchange))
#7 C:\xampp\htdocs\pdavi\vendor\codeigniter4\framework\system\CodeIgniter.php(336): CodeIgniter\CodeIgniter->handleRequest(NULL, Object(Config\Cache), false)
#8 C:\xampp\htdocs\pdavi\index.php(37): CodeIgniter\CodeIgniter->run()
#9 {main}
CRITICAL - 2021-10-13 13:24:44 --> Undefined property: stdClass::$project_name
#0 C:\xampp\htdocs\pdavi\app\Views\engchange\index.php(51): CodeIgniter\Debug\Exceptions->errorHandler(8, 'Undefined prope...', 'C:\\xampp\\htdocs...', 51, Array)
#1 C:\xampp\htdocs\pdavi\vendor\codeigniter4\framework\system\View\View.php(230): include('C:\\xampp\\htdocs...')
#2 C:\xampp\htdocs\pdavi\vendor\codeigniter4\framework\system\View\View.php(232): CodeIgniter\View\View->CodeIgniter\View\{closure}()
#3 C:\xampp\htdocs\pdavi\vendor\codeigniter4\framework\system\Common.php(1271): CodeIgniter\View\View->render('engchange/index', Array, true)
#4 C:\xampp\htdocs\pdavi\app\Controllers\Engchange.php(33): view('engchange/index', Array)
#5 C:\xampp\htdocs\pdavi\vendor\codeigniter4\framework\system\CodeIgniter.php(928): App\Controllers\Engchange->index()
#6 C:\xampp\htdocs\pdavi\vendor\codeigniter4\framework\system\CodeIgniter.php(436): CodeIgniter\CodeIgniter->runController(Object(App\Controllers\Engchange))
#7 C:\xampp\htdocs\pdavi\vendor\codeigniter4\framework\system\CodeIgniter.php(336): CodeIgniter\CodeIgniter->handleRequest(NULL, Object(Config\Cache), false)
#8 C:\xampp\htdocs\pdavi\index.php(37): CodeIgniter\CodeIgniter->run()
#9 {main}
CRITICAL - 2021-10-13 13:43:10 --> Cannot declare class App\Models\MguidelineModel, because the name is already in use
#0 [internal function]: CodeIgniter\Debug\Exceptions->shutdownHandler()
#1 {main}
ERROR - 2021-10-13 13:43:45 --> Table 'pdavi.engchange_fourm' doesn't exist
CRITICAL - 2021-10-13 13:43:45 --> Table 'pdavi.engchange_fourm' doesn't exist
#0 C:\xampp\htdocs\pdavi\vendor\codeigniter4\framework\system\Database\MySQLi\Connection.php(329): mysqli->query('SELECT *\nFROM `...')
#1 C:\xampp\htdocs\pdavi\vendor\codeigniter4\framework\system\Database\BaseConnection.php(732): CodeIgniter\Database\MySQLi\Connection->execute('SELECT *\nFROM `...')
#2 C:\xampp\htdocs\pdavi\vendor\codeigniter4\framework\system\Database\BaseConnection.php(647): CodeIgniter\Database\BaseConnection->simpleQuery('SELECT *\nFROM `...')
#3 C:\xampp\htdocs\pdavi\vendor\codeigniter4\framework\system\Database\BaseBuilder.php(1881): CodeIgniter\Database\BaseConnection->query('SELECT *\nFROM `...', Array, false)
#4 C:\xampp\htdocs\pdavi\app\Models\EngchangeModel.php(17): CodeIgniter\Database\BaseBuilder->get()
#5 C:\xampp\htdocs\pdavi\app\Controllers\Engchange.php(44): App\Models\EngchangeModel->getFourm()
#6 C:\xampp\htdocs\pdavi\vendor\codeigniter4\framework\system\CodeIgniter.php(928): App\Controllers\Engchange->fourm('2')
#7 C:\xampp\htdocs\pdavi\vendor\codeigniter4\framework\system\CodeIgniter.php(436): CodeIgniter\CodeIgniter->runController(Object(App\Controllers\Engchange))
#8 C:\xampp\htdocs\pdavi\vendor\codeigniter4\framework\system\CodeIgniter.php(336): CodeIgniter\CodeIgniter->handleRequest(NULL, Object(Config\Cache), false)
#9 C:\xampp\htdocs\pdavi\index.php(37): CodeIgniter\CodeIgniter->run()
#10 {main}
CRITICAL - 2021-10-13 13:44:21 --> Undefined variable: area
#0 C:\xampp\htdocs\pdavi\app\Views\engchange\fourm.php(61): CodeIgniter\Debug\Exceptions->errorHandler(8, 'Undefined varia...', 'C:\\xampp\\htdocs...', 61, Array)
#1 C:\xampp\htdocs\pdavi\vendor\codeigniter4\framework\system\View\View.php(230): include('C:\\xampp\\htdocs...')
#2 C:\xampp\htdocs\pdavi\vendor\codeigniter4\framework\system\View\View.php(232): CodeIgniter\View\View->CodeIgniter\View\{closure}()
#3 C:\xampp\htdocs\pdavi\vendor\codeigniter4\framework\system\Common.php(1271): CodeIgniter\View\View->render('engchange/fourm', Array, true)
#4 C:\xampp\htdocs\pdavi\app\Controllers\Engchange.php(52): view('engchange/fourm', Array)
#5 C:\xampp\htdocs\pdavi\vendor\codeigniter4\framework\system\CodeIgniter.php(928): App\Controllers\Engchange->fourm('2')
#6 C:\xampp\htdocs\pdavi\vendor\codeigniter4\framework\system\CodeIgniter.php(436): CodeIgniter\CodeIgniter->runController(Object(App\Controllers\Engchange))
#7 C:\xampp\htdocs\pdavi\vendor\codeigniter4\framework\system\CodeIgniter.php(336): CodeIgniter\CodeIgniter->handleRequest(NULL, Object(Config\Cache), false)
#8 C:\xampp\htdocs\pdavi\index.php(37): CodeIgniter\CodeIgniter->run()
#9 {main}
CRITICAL - 2021-10-13 13:44:41 --> Cannot use object of type stdClass as array
#0 C:\xampp\htdocs\pdavi\vendor\codeigniter4\framework\system\View\View.php(230): include()
#1 C:\xampp\htdocs\pdavi\vendor\codeigniter4\framework\system\View\View.php(232): CodeIgniter\View\View->CodeIgniter\View\{closure}()
#2 C:\xampp\htdocs\pdavi\vendor\codeigniter4\framework\system\Common.php(1271): CodeIgniter\View\View->render('engchange/fourm', Array, true)
#3 C:\xampp\htdocs\pdavi\app\Controllers\Engchange.php(52): view('engchange/fourm', Array)
#4 C:\xampp\htdocs\pdavi\vendor\codeigniter4\framework\system\CodeIgniter.php(928): App\Controllers\Engchange->fourm('2')
#5 C:\xampp\htdocs\pdavi\vendor\codeigniter4\framework\system\CodeIgniter.php(436): CodeIgniter\CodeIgniter->runController(Object(App\Controllers\Engchange))
#6 C:\xampp\htdocs\pdavi\vendor\codeigniter4\framework\system\CodeIgniter.php(336): CodeIgniter\CodeIgniter->handleRequest(NULL, Object(Config\Cache), false)
#7 C:\xampp\htdocs\pdavi\index.php(37): CodeIgniter\CodeIgniter->run()
#8 {main}
CRITICAL - 2021-10-13 13:45:54 --> Undefined property: stdClass::$area
#0 C:\xampp\htdocs\pdavi\app\Views\engchange\fourm.php(136): CodeIgniter\Debug\Exceptions->errorHandler(8, 'Undefined prope...', 'C:\\xampp\\htdocs...', 136, Array)
#1 C:\xampp\htdocs\pdavi\vendor\codeigniter4\framework\system\View\View.php(230): include('C:\\xampp\\htdocs...')
#2 C:\xampp\htdocs\pdavi\vendor\codeigniter4\framework\system\View\View.php(232): CodeIgniter\View\View->CodeIgniter\View\{closure}()
#3 C:\xampp\htdocs\pdavi\vendor\codeigniter4\framework\system\Common.php(1271): CodeIgniter\View\View->render('engchange/fourm', Array, true)
#4 C:\xampp\htdocs\pdavi\app\Controllers\Engchange.php(52): view('engchange/fourm', Array)
#5 C:\xampp\htdocs\pdavi\vendor\codeigniter4\framework\system\CodeIgniter.php(928): App\Controllers\Engchange->fourm('2')
#6 C:\xampp\htdocs\pdavi\vendor\codeigniter4\framework\system\CodeIgniter.php(436): CodeIgniter\CodeIgniter->runController(Object(App\Controllers\Engchange))
#7 C:\xampp\htdocs\pdavi\vendor\codeigniter4\framework\system\CodeIgniter.php(336): CodeIgniter\CodeIgniter->handleRequest(NULL, Object(Config\Cache), false)
#8 C:\xampp\htdocs\pdavi\index.php(37): CodeIgniter\CodeIgniter->run()
#9 {main}
CRITICAL - 2021-10-13 14:08:35 --> Undefined variable: lessonlearn
#0 C:\xampp\htdocs\pdavi\app\Views\lessonlearn\list.php(59): CodeIgniter\Debug\Exceptions->errorHandler(8, 'Undefined varia...', 'C:\\xampp\\htdocs...', 59, Array)
#1 C:\xampp\htdocs\pdavi\vendor\codeigniter4\framework\system\View\View.php(230): include('C:\\xampp\\htdocs...')
#2 C:\xampp\htdocs\pdavi\vendor\codeigniter4\framework\system\View\View.php(232): CodeIgniter\View\View->CodeIgniter\View\{closure}()
#3 C:\xampp\htdocs\pdavi\vendor\codeigniter4\framework\system\Common.php(1271): CodeIgniter\View\View->render('lessonlearn/lis...', Array, true)
#4 C:\xampp\htdocs\pdavi\app\Controllers\Engchange.php(67): view('lessonlearn/lis...', Array)
#5 C:\xampp\htdocs\pdavi\vendor\codeigniter4\framework\system\CodeIgniter.php(928): App\Controllers\Engchange->list('2', '1')
#6 C:\xampp\htdocs\pdavi\vendor\codeigniter4\framework\system\CodeIgniter.php(436): CodeIgniter\CodeIgniter->runController(Object(App\Controllers\Engchange))
#7 C:\xampp\htdocs\pdavi\vendor\codeigniter4\framework\system\CodeIgniter.php(336): CodeIgniter\CodeIgniter->handleRequest(NULL, Object(Config\Cache), false)
#8 C:\xampp\htdocs\pdavi\index.php(37): CodeIgniter\CodeIgniter->run()
#9 {main}
ERROR - 2021-10-13 14:18:25 --> Table 'pdavi.fourm' doesn't exist
CRITICAL - 2021-10-13 14:18:25 --> Table 'pdavi.fourm' doesn't exist
#0 C:\xampp\htdocs\pdavi\vendor\codeigniter4\framework\system\Database\MySQLi\Connection.php(329): mysqli->query('SELECT `line`, ...')
#1 C:\xampp\htdocs\pdavi\vendor\codeigniter4\framework\system\Database\BaseConnection.php(732): CodeIgniter\Database\MySQLi\Connection->execute('SELECT `line`, ...')
#2 C:\xampp\htdocs\pdavi\vendor\codeigniter4\framework\system\Database\BaseConnection.php(647): CodeIgniter\Database\BaseConnection->simpleQuery('SELECT `line`, ...')
#3 C:\xampp\htdocs\pdavi\vendor\codeigniter4\framework\system\Database\BaseBuilder.php(1881): CodeIgniter\Database\BaseConnection->query('SELECT `line`, ...', Array, false)
#4 C:\xampp\htdocs\pdavi\app\Models\EngchangeModel.php(33): CodeIgniter\Database\BaseBuilder->get()
#5 C:\xampp\htdocs\pdavi\app\Controllers\Engchange.php(60): App\Models\EngchangeModel->getRequest()
#6 C:\xampp\htdocs\pdavi\vendor\codeigniter4\framework\system\CodeIgniter.php(928): App\Controllers\Engchange->list('2', '1')
#7 C:\xampp\htdocs\pdavi\vendor\codeigniter4\framework\system\CodeIgniter.php(436): CodeIgniter\CodeIgniter->runController(Object(App\Controllers\Engchange))
#8 C:\xampp\htdocs\pdavi\vendor\codeigniter4\framework\system\CodeIgniter.php(336): CodeIgniter\CodeIgniter->handleRequest(NULL, Object(Config\Cache), false)
#9 C:\xampp\htdocs\pdavi\index.php(37): CodeIgniter\CodeIgniter->run()
#10 {main}
ERROR - 2021-10-13 14:18:49 --> Table 'pdavi.fourm' doesn't exist
CRITICAL - 2021-10-13 14:18:49 --> Table 'pdavi.fourm' doesn't exist
#0 C:\xampp\htdocs\pdavi\vendor\codeigniter4\framework\system\Database\MySQLi\Connection.php(329): mysqli->query('SELECT `line`, ...')
#1 C:\xampp\htdocs\pdavi\vendor\codeigniter4\framework\system\Database\BaseConnection.php(732): CodeIgniter\Database\MySQLi\Connection->execute('SELECT `line`, ...')
#2 C:\xampp\htdocs\pdavi\vendor\codeigniter4\framework\system\Database\BaseConnection.php(647): CodeIgniter\Database\BaseConnection->simpleQuery('SELECT `line`, ...')
#3 C:\xampp\htdocs\pdavi\vendor\codeigniter4\framework\system\Database\BaseBuilder.php(1881): CodeIgniter\Database\BaseConnection->query('SELECT `line`, ...', Array, false)
#4 C:\xampp\htdocs\pdavi\app\Models\EngchangeModel.php(33): CodeIgniter\Database\BaseBuilder->get()
#5 C:\xampp\htdocs\pdavi\app\Controllers\Engchange.php(60): App\Models\EngchangeModel->getRequest()
#6 C:\xampp\htdocs\pdavi\vendor\codeigniter4\framework\system\CodeIgniter.php(928): App\Controllers\Engchange->list('2', '1')
#7 C:\xampp\htdocs\pdavi\vendor\codeigniter4\framework\system\CodeIgniter.php(436): CodeIgniter\CodeIgniter->runController(Object(App\Controllers\Engchange))
#8 C:\xampp\htdocs\pdavi\vendor\codeigniter4\framework\system\CodeIgniter.php(336): CodeIgniter\CodeIgniter->handleRequest(NULL, Object(Config\Cache), false)
#9 C:\xampp\htdocs\pdavi\index.php(37): CodeIgniter\CodeIgniter->run()
#10 {main}
ERROR - 2021-10-13 14:18:50 --> Table 'pdavi.fourm' doesn't exist
CRITICAL - 2021-10-13 14:18:50 --> Table 'pdavi.fourm' doesn't exist
#0 C:\xampp\htdocs\pdavi\vendor\codeigniter4\framework\system\Database\MySQLi\Connection.php(329): mysqli->query('SELECT `line`, ...')
#1 C:\xampp\htdocs\pdavi\vendor\codeigniter4\framework\system\Database\BaseConnection.php(732): CodeIgniter\Database\MySQLi\Connection->execute('SELECT `line`, ...')
#2 C:\xampp\htdocs\pdavi\vendor\codeigniter4\framework\system\Database\BaseConnection.php(647): CodeIgniter\Database\BaseConnection->simpleQuery('SELECT `line`, ...')
#3 C:\xampp\htdocs\pdavi\vendor\codeigniter4\framework\system\Database\BaseBuilder.php(1881): CodeIgniter\Database\BaseConnection->query('SELECT `line`, ...', Array, false)
#4 C:\xampp\htdocs\pdavi\app\Models\EngchangeModel.php(33): CodeIgniter\Database\BaseBuilder->get()
#5 C:\xampp\htdocs\pdavi\app\Controllers\Engchange.php(60): App\Models\EngchangeModel->getRequest()
#6 C:\xampp\htdocs\pdavi\vendor\codeigniter4\framework\system\CodeIgniter.php(928): App\Controllers\Engchange->list('2', '1')
#7 C:\xampp\htdocs\pdavi\vendor\codeigniter4\framework\system\CodeIgniter.php(436): CodeIgniter\CodeIgniter->runController(Object(App\Controllers\Engchange))
#8 C:\xampp\htdocs\pdavi\vendor\codeigniter4\framework\system\CodeIgniter.php(336): CodeIgniter\CodeIgniter->handleRequest(NULL, Object(Config\Cache), false)
#9 C:\xampp\htdocs\pdavi\index.php(37): CodeIgniter\CodeIgniter->run()
#10 {main}
ERROR - 2021-10-13 14:18:51 --> Table 'pdavi.fourm' doesn't exist
CRITICAL - 2021-10-13 14:18:51 --> Table 'pdavi.fourm' doesn't exist
#0 C:\xampp\htdocs\pdavi\vendor\codeigniter4\framework\system\Database\MySQLi\Connection.php(329): mysqli->query('SELECT `line`, ...')
#1 C:\xampp\htdocs\pdavi\vendor\codeigniter4\framework\system\Database\BaseConnection.php(732): CodeIgniter\Database\MySQLi\Connection->execute('SELECT `line`, ...')
#2 C:\xampp\htdocs\pdavi\vendor\codeigniter4\framework\system\Database\BaseConnection.php(647): CodeIgniter\Database\BaseConnection->simpleQuery('SELECT `line`, ...')
#3 C:\xampp\htdocs\pdavi\vendor\codeigniter4\framework\system\Database\BaseBuilder.php(1881): CodeIgniter\Database\BaseConnection->query('SELECT `line`, ...', Array, false)
#4 C:\xampp\htdocs\pdavi\app\Models\EngchangeModel.php(33): CodeIgniter\Database\BaseBuilder->get()
#5 C:\xampp\htdocs\pdavi\app\Controllers\Engchange.php(60): App\Models\EngchangeModel->getRequest()
#6 C:\xampp\htdocs\pdavi\vendor\codeigniter4\framework\system\CodeIgniter.php(928): App\Controllers\Engchange->list('2', '1')
#7 C:\xampp\htdocs\pdavi\vendor\codeigniter4\framework\system\CodeIgniter.php(436): CodeIgniter\CodeIgniter->runController(Object(App\Controllers\Engchange))
#8 C:\xampp\htdocs\pdavi\vendor\codeigniter4\framework\system\CodeIgniter.php(336): CodeIgniter\CodeIgniter->handleRequest(NULL, Object(Config\Cache), false)
#9 C:\xampp\htdocs\pdavi\index.php(37): CodeIgniter\CodeIgniter->run()
#10 {main}
ERROR - 2021-10-13 14:19:08 --> Table 'pdavi.engchange_fourm' doesn't exist
CRITICAL - 2021-10-13 14:19:08 --> Table 'pdavi.engchange_fourm' doesn't exist
#0 C:\xampp\htdocs\pdavi\vendor\codeigniter4\framework\system\Database\MySQLi\Connection.php(329): mysqli->query('SELECT `line`, ...')
#1 C:\xampp\htdocs\pdavi\vendor\codeigniter4\framework\system\Database\BaseConnection.php(732): CodeIgniter\Database\MySQLi\Connection->execute('SELECT `line`, ...')
#2 C:\xampp\htdocs\pdavi\vendor\codeigniter4\framework\system\Database\BaseConnection.php(647): CodeIgniter\Database\BaseConnection->simpleQuery('SELECT `line`, ...')
#3 C:\xampp\htdocs\pdavi\vendor\codeigniter4\framework\system\Database\BaseBuilder.php(1881): CodeIgniter\Database\BaseConnection->query('SELECT `line`, ...', Array, false)
#4 C:\xampp\htdocs\pdavi\app\Models\EngchangeModel.php(33): CodeIgniter\Database\BaseBuilder->get()
#5 C:\xampp\htdocs\pdavi\app\Controllers\Engchange.php(60): App\Models\EngchangeModel->getRequest()
#6 C:\xampp\htdocs\pdavi\vendor\codeigniter4\framework\system\CodeIgniter.php(928): App\Controllers\Engchange->list('2', '1')
#7 C:\xampp\htdocs\pdavi\vendor\codeigniter4\framework\system\CodeIgniter.php(436): CodeIgniter\CodeIgniter->runController(Object(App\Controllers\Engchange))
#8 C:\xampp\htdocs\pdavi\vendor\codeigniter4\framework\system\CodeIgniter.php(336): CodeIgniter\CodeIgniter->handleRequest(NULL, Object(Config\Cache), false)
#9 C:\xampp\htdocs\pdavi\index.php(37): CodeIgniter\CodeIgniter->run()
#10 {main}
CRITICAL - 2021-10-13 14:19:31 --> Undefined variable: project
#0 C:\xampp\htdocs\pdavi\app\Views\engchange\list.php(10): CodeIgniter\Debug\Exceptions->errorHandler(8, 'Undefined varia...', 'C:\\xampp\\htdocs...', 10, Array)
#1 C:\xampp\htdocs\pdavi\vendor\codeigniter4\framework\system\View\View.php(230): include('C:\\xampp\\htdocs...')
#2 C:\xampp\htdocs\pdavi\vendor\codeigniter4\framework\system\View\View.php(232): CodeIgniter\View\View->CodeIgniter\View\{closure}()
#3 C:\xampp\htdocs\pdavi\vendor\codeigniter4\framework\system\Common.php(1271): CodeIgniter\View\View->render('engchange/list', Array, true)
#4 C:\xampp\htdocs\pdavi\app\Controllers\Engchange.php(69): view('engchange/list', Array)
#5 C:\xampp\htdocs\pdavi\vendor\codeigniter4\framework\system\CodeIgniter.php(928): App\Controllers\Engchange->list('2', '1')
#6 C:\xampp\htdocs\pdavi\vendor\codeigniter4\framework\system\CodeIgniter.php(436): CodeIgniter\CodeIgniter->runController(Object(App\Controllers\Engchange))
#7 C:\xampp\htdocs\pdavi\vendor\codeigniter4\framework\system\CodeIgniter.php(336): CodeIgniter\CodeIgniter->handleRequest(NULL, Object(Config\Cache), false)
#8 C:\xampp\htdocs\pdavi\index.php(37): CodeIgniter\CodeIgniter->run()
#9 {main}
CRITICAL - 2021-10-13 15:45:33 --> Undefined property: mysqli::$id
#0 C:\xampp\htdocs\pdavi\app\Views\engchange\list.php(178): CodeIgniter\Debug\Exceptions->errorHandler(8, 'Undefined prope...', 'C:\\xampp\\htdocs...', 178, Array)
#1 C:\xampp\htdocs\pdavi\vendor\codeigniter4\framework\system\View\View.php(230): include('C:\\xampp\\htdocs...')
#2 C:\xampp\htdocs\pdavi\vendor\codeigniter4\framework\system\View\View.php(232): CodeIgniter\View\View->CodeIgniter\View\{closure}()
#3 C:\xampp\htdocs\pdavi\vendor\codeigniter4\framework\system\Common.php(1271): CodeIgniter\View\View->render('engchange/list', Array, true)
#4 C:\xampp\htdocs\pdavi\app\Controllers\Engchange.php(76): view('engchange/list', Array)
#5 C:\xampp\htdocs\pdavi\vendor\codeigniter4\framework\system\CodeIgniter.php(928): App\Controllers\Engchange->list('2', '1')
#6 C:\xampp\htdocs\pdavi\vendor\codeigniter4\framework\system\CodeIgniter.php(436): CodeIgniter\CodeIgniter->runController(Object(App\Controllers\Engchange))
#7 C:\xampp\htdocs\pdavi\vendor\codeigniter4\framework\system\CodeIgniter.php(336): CodeIgniter\CodeIgniter->handleRequest(NULL, Object(Config\Cache), false)
#8 C:\xampp\htdocs\pdavi\index.php(37): CodeIgniter\CodeIgniter->run()
#9 {main}
CRITICAL - 2021-10-13 15:53:44 --> syntax error, unexpected '}', expecting ';'
#0 C:\xampp\htdocs\pdavi\vendor\codeigniter4\framework\system\Autoloader\Autoloader.php(273): CodeIgniter\Autoloader\Autoloader->includeFile('C:\\xampp\\htdocs...')
#1 C:\xampp\htdocs\pdavi\vendor\codeigniter4\framework\system\Autoloader\Autoloader.php(247): CodeIgniter\Autoloader\Autoloader->loadInNamespace('App\\Models\\Engc...')
#2 [internal function]: CodeIgniter\Autoloader\Autoloader->loadClass('App\\Models\\Engc...')
#3 C:\xampp\htdocs\pdavi\app\Controllers\Engchange.php(17): spl_autoload_call('App\\Models\\Engc...')
#4 C:\xampp\htdocs\pdavi\vendor\codeigniter4\framework\system\CodeIgniter.php(900): App\Controllers\Engchange->__construct()
#5 C:\xampp\htdocs\pdavi\vendor\codeigniter4\framework\system\CodeIgniter.php(426): CodeIgniter\CodeIgniter->createController()
#6 C:\xampp\htdocs\pdavi\vendor\codeigniter4\framework\system\CodeIgniter.php(336): CodeIgniter\CodeIgniter->handleRequest(NULL, Object(Config\Cache), false)
#7 C:\xampp\htdocs\pdavi\index.php(37): CodeIgniter\CodeIgniter->run()
#8 {main}
