CRITICAL - 2021-08-09 08:10:20 --> filesize(): stat failed for theme/assets/document/Agus Suhdi/
#0 [internal function]: CodeIgniter\Debug\Exceptions->errorHandler(2, 'filesize(): sta...', 'C:\\Users\\lenovo...', 378, Array)
#1 C:\Users\lenovo\Downloads\AVI\project-dashboard\app\Views\user\task.php(378): filesize('theme/assets/do...')
#2 C:\Users\lenovo\Downloads\AVI\project-dashboard\vendor\codeigniter4\framework\system\View\View.php(230): include('C:\\Users\\lenovo...')
#3 C:\Users\lenovo\Downloads\AVI\project-dashboard\vendor\codeigniter4\framework\system\View\View.php(232): CodeIgniter\View\View->CodeIgniter\View\{closure}()
#4 C:\Users\lenovo\Downloads\AVI\project-dashboard\vendor\codeigniter4\framework\system\Common.php(1271): CodeIgniter\View\View->render('user/task', Array, true)
#5 C:\Users\lenovo\Downloads\AVI\project-dashboard\app\Controllers\User.php(153): view('user/task', Array)
#6 C:\Users\lenovo\Downloads\AVI\project-dashboard\vendor\codeigniter4\framework\system\CodeIgniter.php(928): App\Controllers\User->task()
#7 C:\Users\lenovo\Downloads\AVI\project-dashboard\vendor\codeigniter4\framework\system\CodeIgniter.php(436): CodeIgniter\CodeIgniter->runController(Object(App\Controllers\User))
#8 C:\Users\lenovo\Downloads\AVI\project-dashboard\vendor\codeigniter4\framework\system\CodeIgniter.php(336): CodeIgniter\CodeIgniter->handleRequest(NULL, Object(Config\Cache), false)
#9 C:\Users\lenovo\Downloads\AVI\project-dashboard\public\index.php(37): CodeIgniter\CodeIgniter->run()
#10 C:\Users\lenovo\Downloads\AVI\project-dashboard\vendor\codeigniter4\framework\system\Commands\Server\rewrite.php(45): require_once('C:\\Users\\lenovo...')
#11 {main}
CRITICAL - 2021-08-09 08:16:42 --> filesize(): stat failed for theme/assets/document/Agus Suhdi/
#0 [internal function]: CodeIgniter\Debug\Exceptions->errorHandler(2, 'filesize(): sta...', 'C:\\Users\\lenovo...', 529, Array)
#1 C:\Users\lenovo\Downloads\AVI\project-dashboard\app\Views\user\task.php(529): filesize('theme/assets/do...')
#2 C:\Users\lenovo\Downloads\AVI\project-dashboard\vendor\codeigniter4\framework\system\View\View.php(230): include('C:\\Users\\lenovo...')
#3 C:\Users\lenovo\Downloads\AVI\project-dashboard\vendor\codeigniter4\framework\system\View\View.php(232): CodeIgniter\View\View->CodeIgniter\View\{closure}()
#4 C:\Users\lenovo\Downloads\AVI\project-dashboard\vendor\codeigniter4\framework\system\Common.php(1271): CodeIgniter\View\View->render('user/task', Array, true)
#5 C:\Users\lenovo\Downloads\AVI\project-dashboard\app\Controllers\User.php(153): view('user/task', Array)
#6 C:\Users\lenovo\Downloads\AVI\project-dashboard\vendor\codeigniter4\framework\system\CodeIgniter.php(928): App\Controllers\User->task()
#7 C:\Users\lenovo\Downloads\AVI\project-dashboard\vendor\codeigniter4\framework\system\CodeIgniter.php(436): CodeIgniter\CodeIgniter->runController(Object(App\Controllers\User))
#8 C:\Users\lenovo\Downloads\AVI\project-dashboard\vendor\codeigniter4\framework\system\CodeIgniter.php(336): CodeIgniter\CodeIgniter->handleRequest(NULL, Object(Config\Cache), false)
#9 C:\Users\lenovo\Downloads\AVI\project-dashboard\public\index.php(37): CodeIgniter\CodeIgniter->run()
#10 C:\Users\lenovo\Downloads\AVI\project-dashboard\vendor\codeigniter4\framework\system\Commands\Server\rewrite.php(45): require_once('C:\\Users\\lenovo...')
#11 {main}
CRITICAL - 2021-08-09 08:17:06 --> Undefined variable: filesize
#0 C:\Users\lenovo\Downloads\AVI\project-dashboard\app\Views\user\task.php(656): CodeIgniter\Debug\Exceptions->errorHandler(8, 'Undefined varia...', 'C:\\Users\\lenovo...', 656, Array)
#1 C:\Users\lenovo\Downloads\AVI\project-dashboard\vendor\codeigniter4\framework\system\View\View.php(230): include('C:\\Users\\lenovo...')
#2 C:\Users\lenovo\Downloads\AVI\project-dashboard\vendor\codeigniter4\framework\system\View\View.php(232): CodeIgniter\View\View->CodeIgniter\View\{closure}()
#3 C:\Users\lenovo\Downloads\AVI\project-dashboard\vendor\codeigniter4\framework\system\Common.php(1271): CodeIgniter\View\View->render('user/task', Array, true)
#4 C:\Users\lenovo\Downloads\AVI\project-dashboard\app\Controllers\User.php(153): view('user/task', Array)
#5 C:\Users\lenovo\Downloads\AVI\project-dashboard\vendor\codeigniter4\framework\system\CodeIgniter.php(928): App\Controllers\User->task()
#6 C:\Users\lenovo\Downloads\AVI\project-dashboard\vendor\codeigniter4\framework\system\CodeIgniter.php(436): CodeIgniter\CodeIgniter->runController(Object(App\Controllers\User))
#7 C:\Users\lenovo\Downloads\AVI\project-dashboard\vendor\codeigniter4\framework\system\CodeIgniter.php(336): CodeIgniter\CodeIgniter->handleRequest(NULL, Object(Config\Cache), false)
#8 C:\Users\lenovo\Downloads\AVI\project-dashboard\public\index.php(37): CodeIgniter\CodeIgniter->run()
#9 C:\Users\lenovo\Downloads\AVI\project-dashboard\vendor\codeigniter4\framework\system\Commands\Server\rewrite.php(45): require_once('C:\\Users\\lenovo...')
#10 {main}
CRITICAL - 2021-08-09 08:18:10 --> filesize(): stat failed for theme/assets/document/Agus Suhdi/
#0 [internal function]: CodeIgniter\Debug\Exceptions->errorHandler(2, 'filesize(): sta...', 'C:\\Users\\lenovo...', 684, Array)
#1 C:\Users\lenovo\Downloads\AVI\project-dashboard\app\Views\user\task.php(684): filesize('theme/assets/do...')
#2 C:\Users\lenovo\Downloads\AVI\project-dashboard\vendor\codeigniter4\framework\system\View\View.php(230): include('C:\\Users\\lenovo...')
#3 C:\Users\lenovo\Downloads\AVI\project-dashboard\vendor\codeigniter4\framework\system\View\View.php(232): CodeIgniter\View\View->CodeIgniter\View\{closure}()
#4 C:\Users\lenovo\Downloads\AVI\project-dashboard\vendor\codeigniter4\framework\system\Common.php(1271): CodeIgniter\View\View->render('user/task', Array, true)
#5 C:\Users\lenovo\Downloads\AVI\project-dashboard\app\Controllers\User.php(153): view('user/task', Array)
#6 C:\Users\lenovo\Downloads\AVI\project-dashboard\vendor\codeigniter4\framework\system\CodeIgniter.php(928): App\Controllers\User->task()
#7 C:\Users\lenovo\Downloads\AVI\project-dashboard\vendor\codeigniter4\framework\system\CodeIgniter.php(436): CodeIgniter\CodeIgniter->runController(Object(App\Controllers\User))
#8 C:\Users\lenovo\Downloads\AVI\project-dashboard\vendor\codeigniter4\framework\system\CodeIgniter.php(336): CodeIgniter\CodeIgniter->handleRequest(NULL, Object(Config\Cache), false)
#9 C:\Users\lenovo\Downloads\AVI\project-dashboard\public\index.php(37): CodeIgniter\CodeIgniter->run()
#10 C:\Users\lenovo\Downloads\AVI\project-dashboard\vendor\codeigniter4\framework\system\Commands\Server\rewrite.php(45): require_once('C:\\Users\\lenovo...')
#11 {main}
CRITICAL - 2021-08-09 08:48:31 --> Undefined variable: approve_user
#0 C:\Users\lenovo\Downloads\AVI\project-dashboard\app\Views\user\task.php(531): CodeIgniter\Debug\Exceptions->errorHandler(8, 'Undefined varia...', 'C:\\Users\\lenovo...', 531, Array)
#1 C:\Users\lenovo\Downloads\AVI\project-dashboard\vendor\codeigniter4\framework\system\View\View.php(230): include('C:\\Users\\lenovo...')
#2 C:\Users\lenovo\Downloads\AVI\project-dashboard\vendor\codeigniter4\framework\system\View\View.php(232): CodeIgniter\View\View->CodeIgniter\View\{closure}()
#3 C:\Users\lenovo\Downloads\AVI\project-dashboard\vendor\codeigniter4\framework\system\Common.php(1271): CodeIgniter\View\View->render('user/task', Array, true)
#4 C:\Users\lenovo\Downloads\AVI\project-dashboard\app\Controllers\User.php(153): view('user/task', Array)
#5 C:\Users\lenovo\Downloads\AVI\project-dashboard\vendor\codeigniter4\framework\system\CodeIgniter.php(928): App\Controllers\User->task()
#6 C:\Users\lenovo\Downloads\AVI\project-dashboard\vendor\codeigniter4\framework\system\CodeIgniter.php(436): CodeIgniter\CodeIgniter->runController(Object(App\Controllers\User))
#7 C:\Users\lenovo\Downloads\AVI\project-dashboard\vendor\codeigniter4\framework\system\CodeIgniter.php(336): CodeIgniter\CodeIgniter->handleRequest(NULL, Object(Config\Cache), false)
#8 C:\Users\lenovo\Downloads\AVI\project-dashboard\public\index.php(37): CodeIgniter\CodeIgniter->run()
#9 C:\Users\lenovo\Downloads\AVI\project-dashboard\vendor\codeigniter4\framework\system\Commands\Server\rewrite.php(45): require_once('C:\\Users\\lenovo...')
#10 {main}
CRITICAL - 2021-08-09 09:21:51 --> Undefined variable: filesize
#0 C:\Users\lenovo\Downloads\AVI\project-dashboard\app\Views\user\task.php(503): CodeIgniter\Debug\Exceptions->errorHandler(8, 'Undefined varia...', 'C:\\Users\\lenovo...', 503, Array)
#1 C:\Users\lenovo\Downloads\AVI\project-dashboard\vendor\codeigniter4\framework\system\View\View.php(230): include('C:\\Users\\lenovo...')
#2 C:\Users\lenovo\Downloads\AVI\project-dashboard\vendor\codeigniter4\framework\system\View\View.php(232): CodeIgniter\View\View->CodeIgniter\View\{closure}()
#3 C:\Users\lenovo\Downloads\AVI\project-dashboard\vendor\codeigniter4\framework\system\Common.php(1271): CodeIgniter\View\View->render('user/task', Array, true)
#4 C:\Users\lenovo\Downloads\AVI\project-dashboard\app\Controllers\User.php(153): view('user/task', Array)
#5 C:\Users\lenovo\Downloads\AVI\project-dashboard\vendor\codeigniter4\framework\system\CodeIgniter.php(928): App\Controllers\User->task()
#6 C:\Users\lenovo\Downloads\AVI\project-dashboard\vendor\codeigniter4\framework\system\CodeIgniter.php(436): CodeIgniter\CodeIgniter->runController(Object(App\Controllers\User))
#7 C:\Users\lenovo\Downloads\AVI\project-dashboard\vendor\codeigniter4\framework\system\CodeIgniter.php(336): CodeIgniter\CodeIgniter->handleRequest(NULL, Object(Config\Cache), false)
#8 C:\Users\lenovo\Downloads\AVI\project-dashboard\public\index.php(37): CodeIgniter\CodeIgniter->run()
#9 C:\Users\lenovo\Downloads\AVI\project-dashboard\vendor\codeigniter4\framework\system\Commands\Server\rewrite.php(45): require_once('C:\\Users\\lenovo...')
#10 {main}
CRITICAL - 2021-08-09 10:40:12 --> Undefined property: stdClass::$approve
#0 C:\Users\lenovo\Downloads\AVI\project-dashboard\app\Views\user\task.php(611): CodeIgniter\Debug\Exceptions->errorHandler(8, 'Undefined prope...', 'C:\\Users\\lenovo...', 611, Array)
#1 C:\Users\lenovo\Downloads\AVI\project-dashboard\vendor\codeigniter4\framework\system\View\View.php(230): include('C:\\Users\\lenovo...')
#2 C:\Users\lenovo\Downloads\AVI\project-dashboard\vendor\codeigniter4\framework\system\View\View.php(232): CodeIgniter\View\View->CodeIgniter\View\{closure}()
#3 C:\Users\lenovo\Downloads\AVI\project-dashboard\vendor\codeigniter4\framework\system\Common.php(1271): CodeIgniter\View\View->render('user/task', Array, true)
#4 C:\Users\lenovo\Downloads\AVI\project-dashboard\app\Controllers\User.php(153): view('user/task', Array)
#5 C:\Users\lenovo\Downloads\AVI\project-dashboard\vendor\codeigniter4\framework\system\CodeIgniter.php(928): App\Controllers\User->task()
#6 C:\Users\lenovo\Downloads\AVI\project-dashboard\vendor\codeigniter4\framework\system\CodeIgniter.php(436): CodeIgniter\CodeIgniter->runController(Object(App\Controllers\User))
#7 C:\Users\lenovo\Downloads\AVI\project-dashboard\vendor\codeigniter4\framework\system\CodeIgniter.php(336): CodeIgniter\CodeIgniter->handleRequest(NULL, Object(Config\Cache), false)
#8 C:\Users\lenovo\Downloads\AVI\project-dashboard\public\index.php(37): CodeIgniter\CodeIgniter->run()
#9 C:\Users\lenovo\Downloads\AVI\project-dashboard\vendor\codeigniter4\framework\system\Commands\Server\rewrite.php(45): require_once('C:\\Users\\lenovo...')
#10 {main}
CRITICAL - 2021-08-09 10:46:47 --> A non-numeric value encountered
#0 C:\Users\lenovo\Downloads\AVI\project-dashboard\app\Controllers\User.php(174): CodeIgniter\Debug\Exceptions->errorHandler(2, 'A non-numeric v...', 'C:\\Users\\lenovo...', 174, Array)
#1 C:\Users\lenovo\Downloads\AVI\project-dashboard\vendor\codeigniter4\framework\system\CodeIgniter.php(928): App\Controllers\User->canceltask('8')
#2 C:\Users\lenovo\Downloads\AVI\project-dashboard\vendor\codeigniter4\framework\system\CodeIgniter.php(436): CodeIgniter\CodeIgniter->runController(Object(App\Controllers\User))
#3 C:\Users\lenovo\Downloads\AVI\project-dashboard\vendor\codeigniter4\framework\system\CodeIgniter.php(336): CodeIgniter\CodeIgniter->handleRequest(NULL, Object(Config\Cache), false)
#4 C:\Users\lenovo\Downloads\AVI\project-dashboard\public\index.php(37): CodeIgniter\CodeIgniter->run()
#5 C:\Users\lenovo\Downloads\AVI\project-dashboard\vendor\codeigniter4\framework\system\Commands\Server\rewrite.php(45): require_once('C:\\Users\\lenovo...')
#6 {main}
CRITICAL - 2021-08-09 13:36:32 --> Undefined variable: id
#0 C:\Users\lenovo\Downloads\AVI\project-dashboard\app\Views\user\task.php(860): CodeIgniter\Debug\Exceptions->errorHandler(8, 'Undefined varia...', 'C:\\Users\\lenovo...', 860, Array)
#1 C:\Users\lenovo\Downloads\AVI\project-dashboard\vendor\codeigniter4\framework\system\View\View.php(230): include('C:\\Users\\lenovo...')
#2 C:\Users\lenovo\Downloads\AVI\project-dashboard\vendor\codeigniter4\framework\system\View\View.php(232): CodeIgniter\View\View->CodeIgniter\View\{closure}()
#3 C:\Users\lenovo\Downloads\AVI\project-dashboard\vendor\codeigniter4\framework\system\Common.php(1271): CodeIgniter\View\View->render('user/task', Array, true)
#4 C:\Users\lenovo\Downloads\AVI\project-dashboard\app\Controllers\User.php(153): view('user/task', Array)
#5 C:\Users\lenovo\Downloads\AVI\project-dashboard\vendor\codeigniter4\framework\system\CodeIgniter.php(928): App\Controllers\User->task()
#6 C:\Users\lenovo\Downloads\AVI\project-dashboard\vendor\codeigniter4\framework\system\CodeIgniter.php(436): CodeIgniter\CodeIgniter->runController(Object(App\Controllers\User))
#7 C:\Users\lenovo\Downloads\AVI\project-dashboard\vendor\codeigniter4\framework\system\CodeIgniter.php(336): CodeIgniter\CodeIgniter->handleRequest(NULL, Object(Config\Cache), false)
#8 C:\Users\lenovo\Downloads\AVI\project-dashboard\public\index.php(37): CodeIgniter\CodeIgniter->run()
#9 C:\Users\lenovo\Downloads\AVI\project-dashboard\vendor\codeigniter4\framework\system\Commands\Server\rewrite.php(45): require_once('C:\\Users\\lenovo...')
#10 {main}
CRITICAL - 2021-08-09 13:37:15 --> Undefined variable: id
#0 C:\Users\lenovo\Downloads\AVI\project-dashboard\app\Views\user\task.php(961): CodeIgniter\Debug\Exceptions->errorHandler(8, 'Undefined varia...', 'C:\\Users\\lenovo...', 961, Array)
#1 C:\Users\lenovo\Downloads\AVI\project-dashboard\vendor\codeigniter4\framework\system\View\View.php(230): include('C:\\Users\\lenovo...')
#2 C:\Users\lenovo\Downloads\AVI\project-dashboard\vendor\codeigniter4\framework\system\View\View.php(232): CodeIgniter\View\View->CodeIgniter\View\{closure}()
#3 C:\Users\lenovo\Downloads\AVI\project-dashboard\vendor\codeigniter4\framework\system\Common.php(1271): CodeIgniter\View\View->render('user/task', Array, true)
#4 C:\Users\lenovo\Downloads\AVI\project-dashboard\app\Controllers\User.php(153): view('user/task', Array)
#5 C:\Users\lenovo\Downloads\AVI\project-dashboard\vendor\codeigniter4\framework\system\CodeIgniter.php(928): App\Controllers\User->task()
#6 C:\Users\lenovo\Downloads\AVI\project-dashboard\vendor\codeigniter4\framework\system\CodeIgniter.php(436): CodeIgniter\CodeIgniter->runController(Object(App\Controllers\User))
#7 C:\Users\lenovo\Downloads\AVI\project-dashboard\vendor\codeigniter4\framework\system\CodeIgniter.php(336): CodeIgniter\CodeIgniter->handleRequest(NULL, Object(Config\Cache), false)
#8 C:\Users\lenovo\Downloads\AVI\project-dashboard\public\index.php(37): CodeIgniter\CodeIgniter->run()
#9 C:\Users\lenovo\Downloads\AVI\project-dashboard\vendor\codeigniter4\framework\system\Commands\Server\rewrite.php(45): require_once('C:\\Users\\lenovo...')
#10 {main}
CRITICAL - 2021-08-09 13:40:17 --> Undefined variable: event
#0 C:\Users\lenovo\Downloads\AVI\project-dashboard\app\Views\user\task.php(865): CodeIgniter\Debug\Exceptions->errorHandler(8, 'Undefined varia...', 'C:\\Users\\lenovo...', 865, Array)
#1 C:\Users\lenovo\Downloads\AVI\project-dashboard\vendor\codeigniter4\framework\system\View\View.php(230): include('C:\\Users\\lenovo...')
#2 C:\Users\lenovo\Downloads\AVI\project-dashboard\vendor\codeigniter4\framework\system\View\View.php(232): CodeIgniter\View\View->CodeIgniter\View\{closure}()
#3 C:\Users\lenovo\Downloads\AVI\project-dashboard\vendor\codeigniter4\framework\system\Common.php(1271): CodeIgniter\View\View->render('user/task', Array, true)
#4 C:\Users\lenovo\Downloads\AVI\project-dashboard\app\Controllers\User.php(153): view('user/task', Array)
#5 C:\Users\lenovo\Downloads\AVI\project-dashboard\vendor\codeigniter4\framework\system\CodeIgniter.php(928): App\Controllers\User->task()
#6 C:\Users\lenovo\Downloads\AVI\project-dashboard\vendor\codeigniter4\framework\system\CodeIgniter.php(436): CodeIgniter\CodeIgniter->runController(Object(App\Controllers\User))
#7 C:\Users\lenovo\Downloads\AVI\project-dashboard\vendor\codeigniter4\framework\system\CodeIgniter.php(336): CodeIgniter\CodeIgniter->handleRequest(NULL, Object(Config\Cache), false)
#8 C:\Users\lenovo\Downloads\AVI\project-dashboard\public\index.php(37): CodeIgniter\CodeIgniter->run()
#9 C:\Users\lenovo\Downloads\AVI\project-dashboard\vendor\codeigniter4\framework\system\Commands\Server\rewrite.php(45): require_once('C:\\Users\\lenovo...')
#10 {main}
CRITICAL - 2021-08-09 14:19:58 --> Invalid file: task.php
#0 C:\Users\lenovo\Downloads\AVI\project-dashboard\vendor\codeigniter4\framework\system\View\View.php(213): CodeIgniter\Exceptions\FrameworkException::forInvalidFile('task.php')
#1 C:\Users\lenovo\Downloads\AVI\project-dashboard\vendor\codeigniter4\framework\system\Common.php(1271): CodeIgniter\View\View->render('task', Array, true)
#2 C:\Users\lenovo\Downloads\AVI\project-dashboard\app\Controllers\Task.php(68): view('task', Array)
#3 C:\Users\lenovo\Downloads\AVI\project-dashboard\vendor\codeigniter4\framework\system\CodeIgniter.php(928): App\Controllers\Task->index()
#4 C:\Users\lenovo\Downloads\AVI\project-dashboard\vendor\codeigniter4\framework\system\CodeIgniter.php(436): CodeIgniter\CodeIgniter->runController(Object(App\Controllers\Task))
#5 C:\Users\lenovo\Downloads\AVI\project-dashboard\vendor\codeigniter4\framework\system\CodeIgniter.php(336): CodeIgniter\CodeIgniter->handleRequest(NULL, Object(Config\Cache), false)
#6 C:\Users\lenovo\Downloads\AVI\project-dashboard\public\index.php(37): CodeIgniter\CodeIgniter->run()
#7 C:\Users\lenovo\Downloads\AVI\project-dashboard\vendor\codeigniter4\framework\system\Commands\Server\rewrite.php(45): require_once('C:\\Users\\lenovo...')
#8 {main}
CRITICAL - 2021-08-09 14:46:30 --> Cannot declare class App\Controllers\User, because the name is already in use
#0 [internal function]: CodeIgniter\Debug\Exceptions->shutdownHandler()
#1 {main}
CRITICAL - 2021-08-09 14:48:07 --> Cannot declare class App\Controllers\User, because the name is already in use
#0 [internal function]: CodeIgniter\Debug\Exceptions->shutdownHandler()
#1 {main}
CRITICAL - 2021-08-09 14:48:19 --> Cannot declare class App\Controllers\User, because the name is already in use
#0 [internal function]: CodeIgniter\Debug\Exceptions->shutdownHandler()
#1 {main}
CRITICAL - 2021-08-09 15:01:32 --> Invalid file: project/event.php
#0 C:\Users\lenovo\Downloads\AVI\project-dashboard\vendor\codeigniter4\framework\system\View\View.php(213): CodeIgniter\Exceptions\FrameworkException::forInvalidFile('project/event.p...')
#1 C:\Users\lenovo\Downloads\AVI\project-dashboard\vendor\codeigniter4\framework\system\Common.php(1271): CodeIgniter\View\View->render('project/event', Array, true)
#2 C:\Users\lenovo\Downloads\AVI\project-dashboard\app\Controllers\Project.php(400): view('project/event', Array)
#3 C:\Users\lenovo\Downloads\AVI\project-dashboard\vendor\codeigniter4\framework\system\CodeIgniter.php(928): App\Controllers\Project->event('6', '1', 'Design Freeze')
#4 C:\Users\lenovo\Downloads\AVI\project-dashboard\vendor\codeigniter4\framework\system\CodeIgniter.php(436): CodeIgniter\CodeIgniter->runController(Object(App\Controllers\Project))
#5 C:\Users\lenovo\Downloads\AVI\project-dashboard\vendor\codeigniter4\framework\system\CodeIgniter.php(336): CodeIgniter\CodeIgniter->handleRequest(NULL, Object(Config\Cache), false)
#6 C:\Users\lenovo\Downloads\AVI\project-dashboard\public\index.php(37): CodeIgniter\CodeIgniter->run()
#7 C:\Users\lenovo\Downloads\AVI\project-dashboard\vendor\codeigniter4\framework\system\Commands\Server\rewrite.php(45): require_once('C:\\Users\\lenovo...')
#8 {main}
CRITICAL - 2021-08-09 15:11:49 --> Invalid argument supplied for foreach()
#0 C:\Users\lenovo\Downloads\AVI\project-dashboard\app\Controllers\Task.php(354): CodeIgniter\Debug\Exceptions->errorHandler(2, 'Invalid argumen...', 'C:\\Users\\lenovo...', 354, Array)
#1 C:\Users\lenovo\Downloads\AVI\project-dashboard\vendor\codeigniter4\framework\system\CodeIgniter.php(928): App\Controllers\Task->addChildtask('8')
#2 C:\Users\lenovo\Downloads\AVI\project-dashboard\vendor\codeigniter4\framework\system\CodeIgniter.php(436): CodeIgniter\CodeIgniter->runController(Object(App\Controllers\Task))
#3 C:\Users\lenovo\Downloads\AVI\project-dashboard\vendor\codeigniter4\framework\system\CodeIgniter.php(336): CodeIgniter\CodeIgniter->handleRequest(NULL, Object(Config\Cache), false)
#4 C:\Users\lenovo\Downloads\AVI\project-dashboard\public\index.php(37): CodeIgniter\CodeIgniter->run()
#5 C:\Users\lenovo\Downloads\AVI\project-dashboard\vendor\codeigniter4\framework\system\Commands\Server\rewrite.php(45): require_once('C:\\Users\\lenovo...')
#6 {main}
CRITICAL - 2021-08-09 16:21:03 --> Undefined property: stdClass::$routes
#0 C:\Users\lenovo\Downloads\AVI\project-dashboard\app\Views\user\detailproject.php(577): CodeIgniter\Debug\Exceptions->errorHandler(8, 'Undefined prope...', 'C:\\Users\\lenovo...', 577, Array)
#1 C:\Users\lenovo\Downloads\AVI\project-dashboard\vendor\codeigniter4\framework\system\View\View.php(230): include('C:\\Users\\lenovo...')
#2 C:\Users\lenovo\Downloads\AVI\project-dashboard\vendor\codeigniter4\framework\system\View\View.php(232): CodeIgniter\View\View->CodeIgniter\View\{closure}()
#3 C:\Users\lenovo\Downloads\AVI\project-dashboard\vendor\codeigniter4\framework\system\Common.php(1271): CodeIgniter\View\View->render('user/detailproj...', Array, true)
#4 C:\Users\lenovo\Downloads\AVI\project-dashboard\app\Controllers\Project.php(227): view('user/detailproj...', Array)
#5 C:\Users\lenovo\Downloads\AVI\project-dashboard\vendor\codeigniter4\framework\system\CodeIgniter.php(928): App\Controllers\Project->detailproject('5', '1')
#6 C:\Users\lenovo\Downloads\AVI\project-dashboard\vendor\codeigniter4\framework\system\CodeIgniter.php(436): CodeIgniter\CodeIgniter->runController(Object(App\Controllers\Project))
#7 C:\Users\lenovo\Downloads\AVI\project-dashboard\vendor\codeigniter4\framework\system\CodeIgniter.php(336): CodeIgniter\CodeIgniter->handleRequest(NULL, Object(Config\Cache), false)
#8 C:\Users\lenovo\Downloads\AVI\project-dashboard\public\index.php(37): CodeIgniter\CodeIgniter->run()
#9 C:\Users\lenovo\Downloads\AVI\project-dashboard\vendor\codeigniter4\framework\system\Commands\Server\rewrite.php(45): require_once('C:\\Users\\lenovo...')
#10 {main}
CRITICAL - 2021-08-09 16:22:56 --> Undefined variable: appro
#0 C:\Users\lenovo\Downloads\AVI\project-dashboard\app\Views\user\detailproject.php(575): CodeIgniter\Debug\Exceptions->errorHandler(8, 'Undefined varia...', 'C:\\Users\\lenovo...', 575, Array)
#1 C:\Users\lenovo\Downloads\AVI\project-dashboard\vendor\codeigniter4\framework\system\View\View.php(230): include('C:\\Users\\lenovo...')
#2 C:\Users\lenovo\Downloads\AVI\project-dashboard\vendor\codeigniter4\framework\system\View\View.php(232): CodeIgniter\View\View->CodeIgniter\View\{closure}()
#3 C:\Users\lenovo\Downloads\AVI\project-dashboard\vendor\codeigniter4\framework\system\Common.php(1271): CodeIgniter\View\View->render('user/detailproj...', Array, true)
#4 C:\Users\lenovo\Downloads\AVI\project-dashboard\app\Controllers\Project.php(227): view('user/detailproj...', Array)
#5 C:\Users\lenovo\Downloads\AVI\project-dashboard\vendor\codeigniter4\framework\system\CodeIgniter.php(928): App\Controllers\Project->detailproject('5', '1')
#6 C:\Users\lenovo\Downloads\AVI\project-dashboard\vendor\codeigniter4\framework\system\CodeIgniter.php(436): CodeIgniter\CodeIgniter->runController(Object(App\Controllers\Project))
#7 C:\Users\lenovo\Downloads\AVI\project-dashboard\vendor\codeigniter4\framework\system\CodeIgniter.php(336): CodeIgniter\CodeIgniter->handleRequest(NULL, Object(Config\Cache), false)
#8 C:\Users\lenovo\Downloads\AVI\project-dashboard\public\index.php(37): CodeIgniter\CodeIgniter->run()
#9 C:\Users\lenovo\Downloads\AVI\project-dashboard\vendor\codeigniter4\framework\system\Commands\Server\rewrite.php(45): require_once('C:\\Users\\lenovo...')
#10 {main}
CRITICAL - 2021-08-09 16:30:10 --> Undefined variable: appro
#0 C:\Users\lenovo\Downloads\AVI\project-dashboard\app\Views\user\detailproject.php(576): CodeIgniter\Debug\Exceptions->errorHandler(8, 'Undefined varia...', 'C:\\Users\\lenovo...', 576, Array)
#1 C:\Users\lenovo\Downloads\AVI\project-dashboard\vendor\codeigniter4\framework\system\View\View.php(230): include('C:\\Users\\lenovo...')
#2 C:\Users\lenovo\Downloads\AVI\project-dashboard\vendor\codeigniter4\framework\system\View\View.php(232): CodeIgniter\View\View->CodeIgniter\View\{closure}()
#3 C:\Users\lenovo\Downloads\AVI\project-dashboard\vendor\codeigniter4\framework\system\Common.php(1271): CodeIgniter\View\View->render('user/detailproj...', Array, true)
#4 C:\Users\lenovo\Downloads\AVI\project-dashboard\app\Controllers\Project.php(227): view('user/detailproj...', Array)
#5 C:\Users\lenovo\Downloads\AVI\project-dashboard\vendor\codeigniter4\framework\system\CodeIgniter.php(928): App\Controllers\Project->detailproject('6', '1')
#6 C:\Users\lenovo\Downloads\AVI\project-dashboard\vendor\codeigniter4\framework\system\CodeIgniter.php(436): CodeIgniter\CodeIgniter->runController(Object(App\Controllers\Project))
#7 C:\Users\lenovo\Downloads\AVI\project-dashboard\vendor\codeigniter4\framework\system\CodeIgniter.php(336): CodeIgniter\CodeIgniter->handleRequest(NULL, Object(Config\Cache), false)
#8 C:\Users\lenovo\Downloads\AVI\project-dashboard\public\index.php(37): CodeIgniter\CodeIgniter->run()
#9 C:\Users\lenovo\Downloads\AVI\project-dashboard\vendor\codeigniter4\framework\system\Commands\Server\rewrite.php(45): require_once('C:\\Users\\lenovo...')
#10 {main}
CRITICAL - 2021-08-09 16:33:11 --> Undefined property: stdClass::$update_date
#0 C:\Users\lenovo\Downloads\AVI\project-dashboard\app\Views\user\detailproject.php(631): CodeIgniter\Debug\Exceptions->errorHandler(8, 'Undefined prope...', 'C:\\Users\\lenovo...', 631, Array)
#1 C:\Users\lenovo\Downloads\AVI\project-dashboard\vendor\codeigniter4\framework\system\View\View.php(230): include('C:\\Users\\lenovo...')
#2 C:\Users\lenovo\Downloads\AVI\project-dashboard\vendor\codeigniter4\framework\system\View\View.php(232): CodeIgniter\View\View->CodeIgniter\View\{closure}()
#3 C:\Users\lenovo\Downloads\AVI\project-dashboard\vendor\codeigniter4\framework\system\Common.php(1271): CodeIgniter\View\View->render('user/detailproj...', Array, true)
#4 C:\Users\lenovo\Downloads\AVI\project-dashboard\app\Controllers\Project.php(228): view('user/detailproj...', Array)
#5 C:\Users\lenovo\Downloads\AVI\project-dashboard\vendor\codeigniter4\framework\system\CodeIgniter.php(928): App\Controllers\Project->detailproject('6', '1')
#6 C:\Users\lenovo\Downloads\AVI\project-dashboard\vendor\codeigniter4\framework\system\CodeIgniter.php(436): CodeIgniter\CodeIgniter->runController(Object(App\Controllers\Project))
#7 C:\Users\lenovo\Downloads\AVI\project-dashboard\vendor\codeigniter4\framework\system\CodeIgniter.php(336): CodeIgniter\CodeIgniter->handleRequest(NULL, Object(Config\Cache), false)
#8 C:\Users\lenovo\Downloads\AVI\project-dashboard\public\index.php(37): CodeIgniter\CodeIgniter->run()
#9 C:\Users\lenovo\Downloads\AVI\project-dashboard\vendor\codeigniter4\framework\system\Commands\Server\rewrite.php(45): require_once('C:\\Users\\lenovo...')
#10 {main}
ERROR - 2021-08-09 16:34:28 --> Unknown column 'task.id' in 'on clause'
CRITICAL - 2021-08-09 16:34:28 --> Unknown column 'task.id' in 'on clause'
#0 C:\Users\lenovo\Downloads\AVI\project-dashboard\vendor\codeigniter4\framework\system\Database\MySQLi\Connection.php(329): mysqli->query('SELECT `project...')
#1 C:\Users\lenovo\Downloads\AVI\project-dashboard\vendor\codeigniter4\framework\system\Database\BaseConnection.php(732): CodeIgniter\Database\MySQLi\Connection->execute('SELECT `project...')
#2 C:\Users\lenovo\Downloads\AVI\project-dashboard\vendor\codeigniter4\framework\system\Database\BaseConnection.php(647): CodeIgniter\Database\BaseConnection->simpleQuery('SELECT `project...')
#3 C:\Users\lenovo\Downloads\AVI\project-dashboard\vendor\codeigniter4\framework\system\Database\BaseBuilder.php(1881): CodeIgniter\Database\BaseConnection->query('SELECT `project...', Array, false)
#4 C:\Users\lenovo\Downloads\AVI\project-dashboard\app\Controllers\Project.php(192): CodeIgniter\Database\BaseBuilder->get()
#5 C:\Users\lenovo\Downloads\AVI\project-dashboard\vendor\codeigniter4\framework\system\CodeIgniter.php(928): App\Controllers\Project->detailproject('6', '1')
#6 C:\Users\lenovo\Downloads\AVI\project-dashboard\vendor\codeigniter4\framework\system\CodeIgniter.php(436): CodeIgniter\CodeIgniter->runController(Object(App\Controllers\Project))
#7 C:\Users\lenovo\Downloads\AVI\project-dashboard\vendor\codeigniter4\framework\system\CodeIgniter.php(336): CodeIgniter\CodeIgniter->handleRequest(NULL, Object(Config\Cache), false)
#8 C:\Users\lenovo\Downloads\AVI\project-dashboard\public\index.php(37): CodeIgniter\CodeIgniter->run()
#9 C:\Users\lenovo\Downloads\AVI\project-dashboard\vendor\codeigniter4\framework\system\Commands\Server\rewrite.php(45): require_once('C:\\Users\\lenovo...')
#10 {main}
