CRITICAL - 2021-11-15 12:59:49 --> Undefined property: stdClass::$flag
#0 C:\xampp\htdocs\avis\app\Views\project\detailproject.php(282): CodeIgniter\Debug\Exceptions->errorHandler(8, 'Undefined prope...', 'C:\\xampp\\htdocs...', 282, Array)
#1 C:\xampp\htdocs\avis\vendor\codeigniter4\framework\system\View\View.php(230): include('C:\\xampp\\htdocs...')
#2 C:\xampp\htdocs\avis\vendor\codeigniter4\framework\system\View\View.php(232): CodeIgniter\View\View->CodeIgniter\View\{closure}()
#3 C:\xampp\htdocs\avis\vendor\codeigniter4\framework\system\Common.php(1271): CodeIgniter\View\View->render('project/detailp...', Array, true)
#4 C:\xampp\htdocs\avis\app\Controllers\Project.php(334): view('project/detailp...', Array)
#5 C:\xampp\htdocs\avis\vendor\codeigniter4\framework\system\CodeIgniter.php(928): App\Controllers\Project->detailproject('2', '1')
#6 C:\xampp\htdocs\avis\vendor\codeigniter4\framework\system\CodeIgniter.php(436): CodeIgniter\CodeIgniter->runController(Object(App\Controllers\Project))
#7 C:\xampp\htdocs\avis\vendor\codeigniter4\framework\system\CodeIgniter.php(336): CodeIgniter\CodeIgniter->handleRequest(NULL, Object(Config\Cache), false)
#8 C:\xampp\htdocs\avis\index.php(37): CodeIgniter\CodeIgniter->run()
#9 {main}
CRITICAL - 2021-11-15 13:20:57 --> Object of class App\Models\ProjectModel could not be converted to string
#0 [internal function]: CodeIgniter\Debug\Exceptions->errorHandler(4096, 'Object of class...', 'C:\\xampp\\htdocs...', 387, Array)
#1 C:\xampp\htdocs\avis\vendor\codeigniter4\framework\system\Database\Query.php(387): strtr('SELECT *\nFROM `...', Array)
#2 C:\xampp\htdocs\avis\vendor\codeigniter4\framework\system\Database\Query.php(355): CodeIgniter\Database\Query->matchNamedBinds('SELECT *\nFROM `...', Array)
#3 C:\xampp\htdocs\avis\vendor\codeigniter4\framework\system\Database\Query.php(170): CodeIgniter\Database\Query->compileBinds()
#4 C:\xampp\htdocs\avis\vendor\codeigniter4\framework\system\Database\BaseConnection.php(647): CodeIgniter\Database\Query->getQuery()
#5 C:\xampp\htdocs\avis\vendor\codeigniter4\framework\system\Database\BaseBuilder.php(1881): CodeIgniter\Database\BaseConnection->query('SELECT *\nFROM `...', Array, false)
#6 C:\xampp\htdocs\avis\app\Models\ProjectModel.php(789): CodeIgniter\Database\BaseBuilder->get()
#7 C:\xampp\htdocs\avis\app\Controllers\Project.php(52): App\Models\ProjectModel->getFlagDelivery(Object(App\Models\ProjectModel), '2')
#8 C:\xampp\htdocs\avis\vendor\codeigniter4\framework\system\CodeIgniter.php(928): App\Controllers\Project->index()
#9 C:\xampp\htdocs\avis\vendor\codeigniter4\framework\system\CodeIgniter.php(436): CodeIgniter\CodeIgniter->runController(Object(App\Controllers\Project))
#10 C:\xampp\htdocs\avis\vendor\codeigniter4\framework\system\CodeIgniter.php(336): CodeIgniter\CodeIgniter->handleRequest(NULL, Object(Config\Cache), false)
#11 C:\xampp\htdocs\avis\index.php(37): CodeIgniter\CodeIgniter->run()
#12 {main}
CRITICAL - 2021-11-15 13:22:58 --> Object of class App\Models\ProjectModel could not be converted to string
#0 [internal function]: CodeIgniter\Debug\Exceptions->errorHandler(4096, 'Object of class...', 'C:\\xampp\\htdocs...', 387, Array)
#1 C:\xampp\htdocs\avis\vendor\codeigniter4\framework\system\Database\Query.php(387): strtr('SELECT *\nFROM `...', Array)
#2 C:\xampp\htdocs\avis\vendor\codeigniter4\framework\system\Database\Query.php(355): CodeIgniter\Database\Query->matchNamedBinds('SELECT *\nFROM `...', Array)
#3 C:\xampp\htdocs\avis\vendor\codeigniter4\framework\system\Database\Query.php(170): CodeIgniter\Database\Query->compileBinds()
#4 C:\xampp\htdocs\avis\vendor\codeigniter4\framework\system\Database\BaseConnection.php(647): CodeIgniter\Database\Query->getQuery()
#5 C:\xampp\htdocs\avis\vendor\codeigniter4\framework\system\Database\BaseBuilder.php(1881): CodeIgniter\Database\BaseConnection->query('SELECT *\nFROM `...', Array, false)
#6 C:\xampp\htdocs\avis\app\Models\ProjectModel.php(789): CodeIgniter\Database\BaseBuilder->get()
#7 C:\xampp\htdocs\avis\app\Controllers\Project.php(52): App\Models\ProjectModel->getFlagDelivery(Object(App\Models\ProjectModel), '2')
#8 C:\xampp\htdocs\avis\vendor\codeigniter4\framework\system\CodeIgniter.php(928): App\Controllers\Project->index()
#9 C:\xampp\htdocs\avis\vendor\codeigniter4\framework\system\CodeIgniter.php(436): CodeIgniter\CodeIgniter->runController(Object(App\Controllers\Project))
#10 C:\xampp\htdocs\avis\vendor\codeigniter4\framework\system\CodeIgniter.php(336): CodeIgniter\CodeIgniter->handleRequest(NULL, Object(Config\Cache), false)
#11 C:\xampp\htdocs\avis\index.php(37): CodeIgniter\CodeIgniter->run()
#12 {main}
CRITICAL - 2021-11-15 13:23:26 --> Object of class App\Models\ProjectModel could not be converted to string
#0 [internal function]: CodeIgniter\Debug\Exceptions->errorHandler(4096, 'Object of class...', 'C:\\xampp\\htdocs...', 387, Array)
#1 C:\xampp\htdocs\avis\vendor\codeigniter4\framework\system\Database\Query.php(387): strtr('SELECT *\nFROM `...', Array)
#2 C:\xampp\htdocs\avis\vendor\codeigniter4\framework\system\Database\Query.php(355): CodeIgniter\Database\Query->matchNamedBinds('SELECT *\nFROM `...', Array)
#3 C:\xampp\htdocs\avis\vendor\codeigniter4\framework\system\Database\Query.php(170): CodeIgniter\Database\Query->compileBinds()
#4 C:\xampp\htdocs\avis\vendor\codeigniter4\framework\system\Database\BaseConnection.php(647): CodeIgniter\Database\Query->getQuery()
#5 C:\xampp\htdocs\avis\vendor\codeigniter4\framework\system\Database\BaseBuilder.php(1881): CodeIgniter\Database\BaseConnection->query('SELECT *\nFROM `...', Array, false)
#6 C:\xampp\htdocs\avis\app\Models\ProjectModel.php(789): CodeIgniter\Database\BaseBuilder->get()
#7 C:\xampp\htdocs\avis\app\Controllers\Project.php(52): App\Models\ProjectModel->getFlagDelivery(Object(App\Models\ProjectModel), '2')
#8 C:\xampp\htdocs\avis\vendor\codeigniter4\framework\system\CodeIgniter.php(928): App\Controllers\Project->index()
#9 C:\xampp\htdocs\avis\vendor\codeigniter4\framework\system\CodeIgniter.php(436): CodeIgniter\CodeIgniter->runController(Object(App\Controllers\Project))
#10 C:\xampp\htdocs\avis\vendor\codeigniter4\framework\system\CodeIgniter.php(336): CodeIgniter\CodeIgniter->handleRequest(NULL, Object(Config\Cache), false)
#11 C:\xampp\htdocs\avis\index.php(37): CodeIgniter\CodeIgniter->run()
#12 {main}
CRITICAL - 2021-11-15 13:23:37 --> Object of class App\Models\ProjectModel could not be converted to string
#0 [internal function]: CodeIgniter\Debug\Exceptions->errorHandler(4096, 'Object of class...', 'C:\\xampp\\htdocs...', 387, Array)
#1 C:\xampp\htdocs\avis\vendor\codeigniter4\framework\system\Database\Query.php(387): strtr('SELECT *\nFROM `...', Array)
#2 C:\xampp\htdocs\avis\vendor\codeigniter4\framework\system\Database\Query.php(355): CodeIgniter\Database\Query->matchNamedBinds('SELECT *\nFROM `...', Array)
#3 C:\xampp\htdocs\avis\vendor\codeigniter4\framework\system\Database\Query.php(170): CodeIgniter\Database\Query->compileBinds()
#4 C:\xampp\htdocs\avis\vendor\codeigniter4\framework\system\Database\BaseConnection.php(647): CodeIgniter\Database\Query->getQuery()
#5 C:\xampp\htdocs\avis\vendor\codeigniter4\framework\system\Database\BaseBuilder.php(1881): CodeIgniter\Database\BaseConnection->query('SELECT *\nFROM `...', Array, false)
#6 C:\xampp\htdocs\avis\app\Models\ProjectModel.php(789): CodeIgniter\Database\BaseBuilder->get()
#7 C:\xampp\htdocs\avis\app\Controllers\Project.php(52): App\Models\ProjectModel->getFlagDelivery(Object(App\Models\ProjectModel), '2')
#8 C:\xampp\htdocs\avis\vendor\codeigniter4\framework\system\CodeIgniter.php(928): App\Controllers\Project->index()
#9 C:\xampp\htdocs\avis\vendor\codeigniter4\framework\system\CodeIgniter.php(436): CodeIgniter\CodeIgniter->runController(Object(App\Controllers\Project))
#10 C:\xampp\htdocs\avis\vendor\codeigniter4\framework\system\CodeIgniter.php(336): CodeIgniter\CodeIgniter->handleRequest(NULL, Object(Config\Cache), false)
#11 C:\xampp\htdocs\avis\index.php(37): CodeIgniter\CodeIgniter->run()
#12 {main}
CRITICAL - 2021-11-15 13:24:26 --> Object of class App\Models\ProjectModel could not be converted to string
#0 [internal function]: CodeIgniter\Debug\Exceptions->errorHandler(4096, 'Object of class...', 'C:\\xampp\\htdocs...', 387, Array)
#1 C:\xampp\htdocs\avis\vendor\codeigniter4\framework\system\Database\Query.php(387): strtr('SELECT *\nFROM `...', Array)
#2 C:\xampp\htdocs\avis\vendor\codeigniter4\framework\system\Database\Query.php(355): CodeIgniter\Database\Query->matchNamedBinds('SELECT *\nFROM `...', Array)
#3 C:\xampp\htdocs\avis\vendor\codeigniter4\framework\system\Database\Query.php(170): CodeIgniter\Database\Query->compileBinds()
#4 C:\xampp\htdocs\avis\vendor\codeigniter4\framework\system\Database\BaseConnection.php(647): CodeIgniter\Database\Query->getQuery()
#5 C:\xampp\htdocs\avis\vendor\codeigniter4\framework\system\Database\BaseBuilder.php(1881): CodeIgniter\Database\BaseConnection->query('SELECT *\nFROM `...', Array, false)
#6 C:\xampp\htdocs\avis\app\Models\ProjectModel.php(789): CodeIgniter\Database\BaseBuilder->get()
#7 C:\xampp\htdocs\avis\app\Controllers\Project.php(52): App\Models\ProjectModel->getFlagDelivery(Object(App\Models\ProjectModel), '2')
#8 C:\xampp\htdocs\avis\vendor\codeigniter4\framework\system\CodeIgniter.php(928): App\Controllers\Project->index()
#9 C:\xampp\htdocs\avis\vendor\codeigniter4\framework\system\CodeIgniter.php(436): CodeIgniter\CodeIgniter->runController(Object(App\Controllers\Project))
#10 C:\xampp\htdocs\avis\vendor\codeigniter4\framework\system\CodeIgniter.php(336): CodeIgniter\CodeIgniter->handleRequest(NULL, Object(Config\Cache), false)
#11 C:\xampp\htdocs\avis\index.php(37): CodeIgniter\CodeIgniter->run()
#12 {main}
CRITICAL - 2021-11-15 13:32:23 --> Trying to get property 'event' of non-object
#0 C:\xampp\htdocs\avis\app\Controllers\Project.php(52): CodeIgniter\Debug\Exceptions->errorHandler(8, 'Trying to get p...', 'C:\\xampp\\htdocs...', 52, Array)
#1 C:\xampp\htdocs\avis\vendor\codeigniter4\framework\system\CodeIgniter.php(928): App\Controllers\Project->index()
#2 C:\xampp\htdocs\avis\vendor\codeigniter4\framework\system\CodeIgniter.php(436): CodeIgniter\CodeIgniter->runController(Object(App\Controllers\Project))
#3 C:\xampp\htdocs\avis\vendor\codeigniter4\framework\system\CodeIgniter.php(336): CodeIgniter\CodeIgniter->handleRequest(NULL, Object(Config\Cache), false)
#4 C:\xampp\htdocs\avis\index.php(37): CodeIgniter\CodeIgniter->run()
#5 {main}
CRITICAL - 2021-11-15 13:40:50 --> syntax error, unexpected '}'
#0 C:\xampp\htdocs\avis\vendor\codeigniter4\framework\system\Router\Router.php(169): CodeIgniter\Router\Router->autoRoute('project')
#1 C:\xampp\htdocs\avis\vendor\codeigniter4\framework\system\CodeIgniter.php(809): CodeIgniter\Router\Router->handle('project')
#2 C:\xampp\htdocs\avis\vendor\codeigniter4\framework\system\CodeIgniter.php(389): CodeIgniter\CodeIgniter->tryToRouteIt(Object(CodeIgniter\Router\RouteCollection))
#3 C:\xampp\htdocs\avis\vendor\codeigniter4\framework\system\CodeIgniter.php(336): CodeIgniter\CodeIgniter->handleRequest(NULL, Object(Config\Cache), false)
#4 C:\xampp\htdocs\avis\index.php(37): CodeIgniter\CodeIgniter->run()
#5 {main}
CRITICAL - 2021-11-15 13:41:19 --> Trying to get property 'flag' of non-object
#0 C:\xampp\htdocs\avis\app\Models\ProjectModel.php(790): CodeIgniter\Debug\Exceptions->errorHandler(8, 'Trying to get p...', 'C:\\xampp\\htdocs...', 790, Array)
#1 C:\xampp\htdocs\avis\app\Controllers\Project.php(63): App\Models\ProjectModel->getFlagDelivery('MASS PRO', '11 Nov 2021')
#2 C:\xampp\htdocs\avis\vendor\codeigniter4\framework\system\CodeIgniter.php(928): App\Controllers\Project->index()
#3 C:\xampp\htdocs\avis\vendor\codeigniter4\framework\system\CodeIgniter.php(436): CodeIgniter\CodeIgniter->runController(Object(App\Controllers\Project))
#4 C:\xampp\htdocs\avis\vendor\codeigniter4\framework\system\CodeIgniter.php(336): CodeIgniter\CodeIgniter->handleRequest(NULL, Object(Config\Cache), false)
#5 C:\xampp\htdocs\avis\index.php(37): CodeIgniter\CodeIgniter->run()
#6 {main}
