CRITICAL - 2021-12-01 12:12:12 --> filesize(): stat failed for public/theme/assets/baan/K1ZA/dummies (2).pdf
#0 [internal function]: CodeIgniter\Debug\Exceptions->errorHandler(2, 'filesize(): sta...', 'C:\\xampp\\htdocs...', 685, Array)
#1 C:\xampp\htdocs\avis\app\Views\bom\index.php(685): filesize('public/theme/as...')
#2 C:\xampp\htdocs\avis\vendor\codeigniter4\framework\system\View\View.php(230): include('C:\\xampp\\htdocs...')
#3 C:\xampp\htdocs\avis\vendor\codeigniter4\framework\system\View\View.php(232): CodeIgniter\View\View->CodeIgniter\View\{closure}()
#4 C:\xampp\htdocs\avis\vendor\codeigniter4\framework\system\Common.php(1271): CodeIgniter\View\View->render('bom/index', Array, true)
#5 C:\xampp\htdocs\avis\app\Controllers\Bom.php(64): view('bom/index', Array)
#6 C:\xampp\htdocs\avis\vendor\codeigniter4\framework\system\CodeIgniter.php(928): App\Controllers\Bom->index()
#7 C:\xampp\htdocs\avis\vendor\codeigniter4\framework\system\CodeIgniter.php(436): CodeIgniter\CodeIgniter->runController(Object(App\Controllers\Bom))
#8 C:\xampp\htdocs\avis\vendor\codeigniter4\framework\system\CodeIgniter.php(336): CodeIgniter\CodeIgniter->handleRequest(NULL, Object(Config\Cache), false)
#9 C:\xampp\htdocs\avis\index.php(37): CodeIgniter\CodeIgniter->run()
#10 {main}
CRITICAL - 2021-12-01 12:12:21 --> filesize(): stat failed for public/theme/assets/baan/K1ZA/dummies (2).pdf
#0 [internal function]: CodeIgniter\Debug\Exceptions->errorHandler(2, 'filesize(): sta...', 'C:\\xampp\\htdocs...', 685, Array)
#1 C:\xampp\htdocs\avis\app\Views\bom\index.php(685): filesize('public/theme/as...')
#2 C:\xampp\htdocs\avis\vendor\codeigniter4\framework\system\View\View.php(230): include('C:\\xampp\\htdocs...')
#3 C:\xampp\htdocs\avis\vendor\codeigniter4\framework\system\View\View.php(232): CodeIgniter\View\View->CodeIgniter\View\{closure}()
#4 C:\xampp\htdocs\avis\vendor\codeigniter4\framework\system\Common.php(1271): CodeIgniter\View\View->render('bom/index', Array, true)
#5 C:\xampp\htdocs\avis\app\Controllers\Bom.php(64): view('bom/index', Array)
#6 C:\xampp\htdocs\avis\vendor\codeigniter4\framework\system\CodeIgniter.php(928): App\Controllers\Bom->index()
#7 C:\xampp\htdocs\avis\vendor\codeigniter4\framework\system\CodeIgniter.php(436): CodeIgniter\CodeIgniter->runController(Object(App\Controllers\Bom))
#8 C:\xampp\htdocs\avis\vendor\codeigniter4\framework\system\CodeIgniter.php(336): CodeIgniter\CodeIgniter->handleRequest(NULL, Object(Config\Cache), false)
#9 C:\xampp\htdocs\avis\index.php(37): CodeIgniter\CodeIgniter->run()
#10 {main}
