CRITICAL - 2021-07-26 08:05:53 --> Too few arguments to function App\Controllers\User::project(), 0 passed in C:\Users\lenovo\Downloads\AVI\project-dashboard\vendor\codeigniter4\framework\system\CodeIgniter.php on line 928 and exactly 1 expected
#0 C:\Users\lenovo\Downloads\AVI\project-dashboard\vendor\codeigniter4\framework\system\CodeIgniter.php(928): App\Controllers\User->project()
#1 C:\Users\lenovo\Downloads\AVI\project-dashboard\vendor\codeigniter4\framework\system\CodeIgniter.php(436): CodeIgniter\CodeIgniter->runController(Object(App\Controllers\User))
#2 C:\Users\lenovo\Downloads\AVI\project-dashboard\vendor\codeigniter4\framework\system\CodeIgniter.php(336): CodeIgniter\CodeIgniter->handleRequest(NULL, Object(Config\Cache), false)
#3 C:\Users\lenovo\Downloads\AVI\project-dashboard\public\index.php(37): CodeIgniter\CodeIgniter->run()
#4 C:\Users\lenovo\Downloads\AVI\project-dashboard\vendor\codeigniter4\framework\system\Commands\Server\rewrite.php(45): require_once('C:\\Users\\lenovo...')
#5 {main}
CRITICAL - 2021-07-26 08:58:20 --> Trying to get property 'concern' of non-object
#0 C:\Users\lenovo\Downloads\AVI\project-dashboard\app\Views\user\detailproject.php(483): CodeIgniter\Debug\Exceptions->errorHandler(8, 'Trying to get p...', 'C:\\Users\\lenovo...', 483, Array)
#1 C:\Users\lenovo\Downloads\AVI\project-dashboard\vendor\codeigniter4\framework\system\View\View.php(230): include('C:\\Users\\lenovo...')
#2 C:\Users\lenovo\Downloads\AVI\project-dashboard\vendor\codeigniter4\framework\system\View\View.php(232): CodeIgniter\View\View->CodeIgniter\View\{closure}()
#3 C:\Users\lenovo\Downloads\AVI\project-dashboard\vendor\codeigniter4\framework\system\Common.php(1271): CodeIgniter\View\View->render('user/detailproj...', Array, true)
#4 C:\Users\lenovo\Downloads\AVI\project-dashboard\app\Controllers\User.php(318): view('user/detailproj...', Array)
#5 C:\Users\lenovo\Downloads\AVI\project-dashboard\vendor\codeigniter4\framework\system\CodeIgniter.php(928): App\Controllers\User->detailproject('7', '1')
#6 C:\Users\lenovo\Downloads\AVI\project-dashboard\vendor\codeigniter4\framework\system\CodeIgniter.php(436): CodeIgniter\CodeIgniter->runController(Object(App\Controllers\User))
#7 C:\Users\lenovo\Downloads\AVI\project-dashboard\vendor\codeigniter4\framework\system\CodeIgniter.php(336): CodeIgniter\CodeIgniter->handleRequest(NULL, Object(Config\Cache), false)
#8 C:\Users\lenovo\Downloads\AVI\project-dashboard\public\index.php(37): CodeIgniter\CodeIgniter->run()
#9 C:\Users\lenovo\Downloads\AVI\project-dashboard\vendor\codeigniter4\framework\system\Commands\Server\rewrite.php(45): require_once('C:\\Users\\lenovo...')
#10 {main}
CRITICAL - 2021-07-26 13:28:29 --> Undefined property: stdClass::$event
#0 C:\Users\lenovo\Downloads\AVI\project-dashboard\app\Views\user\dashboard.php(186): CodeIgniter\Debug\Exceptions->errorHandler(8, 'Undefined prope...', 'C:\\Users\\lenovo...', 186, Array)
#1 C:\Users\lenovo\Downloads\AVI\project-dashboard\vendor\codeigniter4\framework\system\View\View.php(230): include('C:\\Users\\lenovo...')
#2 C:\Users\lenovo\Downloads\AVI\project-dashboard\vendor\codeigniter4\framework\system\View\View.php(232): CodeIgniter\View\View->CodeIgniter\View\{closure}()
#3 C:\Users\lenovo\Downloads\AVI\project-dashboard\vendor\codeigniter4\framework\system\Common.php(1271): CodeIgniter\View\View->render('user/dashboard', Array, true)
#4 C:\Users\lenovo\Downloads\AVI\project-dashboard\app\Controllers\User.php(96): view('user/dashboard', Array)
#5 C:\Users\lenovo\Downloads\AVI\project-dashboard\vendor\codeigniter4\framework\system\CodeIgniter.php(928): App\Controllers\User->dashboard()
#6 C:\Users\lenovo\Downloads\AVI\project-dashboard\vendor\codeigniter4\framework\system\CodeIgniter.php(436): CodeIgniter\CodeIgniter->runController(Object(App\Controllers\User))
#7 C:\Users\lenovo\Downloads\AVI\project-dashboard\vendor\codeigniter4\framework\system\CodeIgniter.php(336): CodeIgniter\CodeIgniter->handleRequest(NULL, Object(Config\Cache), false)
#8 C:\Users\lenovo\Downloads\AVI\project-dashboard\public\index.php(37): CodeIgniter\CodeIgniter->run()
#9 C:\Users\lenovo\Downloads\AVI\project-dashboard\vendor\codeigniter4\framework\system\Commands\Server\rewrite.php(45): require_once('C:\\Users\\lenovo...')
#10 {main}
CRITICAL - 2021-07-26 13:29:01 --> Undefined variable: user
#0 C:\Users\lenovo\Downloads\AVI\project-dashboard\app\Views\user\dashboard.php(230): CodeIgniter\Debug\Exceptions->errorHandler(8, 'Undefined varia...', 'C:\\Users\\lenovo...', 230, Array)
#1 C:\Users\lenovo\Downloads\AVI\project-dashboard\vendor\codeigniter4\framework\system\View\View.php(230): include('C:\\Users\\lenovo...')
#2 C:\Users\lenovo\Downloads\AVI\project-dashboard\vendor\codeigniter4\framework\system\View\View.php(232): CodeIgniter\View\View->CodeIgniter\View\{closure}()
#3 C:\Users\lenovo\Downloads\AVI\project-dashboard\vendor\codeigniter4\framework\system\Common.php(1271): CodeIgniter\View\View->render('user/dashboard', Array, true)
#4 C:\Users\lenovo\Downloads\AVI\project-dashboard\app\Controllers\User.php(96): view('user/dashboard', Array)
#5 C:\Users\lenovo\Downloads\AVI\project-dashboard\vendor\codeigniter4\framework\system\CodeIgniter.php(928): App\Controllers\User->dashboard()
#6 C:\Users\lenovo\Downloads\AVI\project-dashboard\vendor\codeigniter4\framework\system\CodeIgniter.php(436): CodeIgniter\CodeIgniter->runController(Object(App\Controllers\User))
#7 C:\Users\lenovo\Downloads\AVI\project-dashboard\vendor\codeigniter4\framework\system\CodeIgniter.php(336): CodeIgniter\CodeIgniter->handleRequest(NULL, Object(Config\Cache), false)
#8 C:\Users\lenovo\Downloads\AVI\project-dashboard\public\index.php(37): CodeIgniter\CodeIgniter->run()
#9 C:\Users\lenovo\Downloads\AVI\project-dashboard\vendor\codeigniter4\framework\system\Commands\Server\rewrite.php(45): require_once('C:\\Users\\lenovo...')
#10 {main}
CRITICAL - 2021-07-26 13:30:23 --> Undefined variable: id
#0 C:\Users\lenovo\Downloads\AVI\project-dashboard\app\Views\user\dashboard.php(236): CodeIgniter\Debug\Exceptions->errorHandler(8, 'Undefined varia...', 'C:\\Users\\lenovo...', 236, Array)
#1 C:\Users\lenovo\Downloads\AVI\project-dashboard\vendor\codeigniter4\framework\system\View\View.php(230): include('C:\\Users\\lenovo...')
#2 C:\Users\lenovo\Downloads\AVI\project-dashboard\vendor\codeigniter4\framework\system\View\View.php(232): CodeIgniter\View\View->CodeIgniter\View\{closure}()
#3 C:\Users\lenovo\Downloads\AVI\project-dashboard\vendor\codeigniter4\framework\system\Common.php(1271): CodeIgniter\View\View->render('user/dashboard', Array, true)
#4 C:\Users\lenovo\Downloads\AVI\project-dashboard\app\Controllers\User.php(100): view('user/dashboard', Array)
#5 C:\Users\lenovo\Downloads\AVI\project-dashboard\vendor\codeigniter4\framework\system\CodeIgniter.php(928): App\Controllers\User->dashboard()
#6 C:\Users\lenovo\Downloads\AVI\project-dashboard\vendor\codeigniter4\framework\system\CodeIgniter.php(436): CodeIgniter\CodeIgniter->runController(Object(App\Controllers\User))
#7 C:\Users\lenovo\Downloads\AVI\project-dashboard\vendor\codeigniter4\framework\system\CodeIgniter.php(336): CodeIgniter\CodeIgniter->handleRequest(NULL, Object(Config\Cache), false)
#8 C:\Users\lenovo\Downloads\AVI\project-dashboard\public\index.php(37): CodeIgniter\CodeIgniter->run()
#9 C:\Users\lenovo\Downloads\AVI\project-dashboard\vendor\codeigniter4\framework\system\Commands\Server\rewrite.php(45): require_once('C:\\Users\\lenovo...')
#10 {main}
CRITICAL - 2021-07-26 13:30:24 --> Undefined variable: id
#0 C:\Users\lenovo\Downloads\AVI\project-dashboard\app\Views\user\dashboard.php(236): CodeIgniter\Debug\Exceptions->errorHandler(8, 'Undefined varia...', 'C:\\Users\\lenovo...', 236, Array)
#1 C:\Users\lenovo\Downloads\AVI\project-dashboard\vendor\codeigniter4\framework\system\View\View.php(230): include('C:\\Users\\lenovo...')
#2 C:\Users\lenovo\Downloads\AVI\project-dashboard\vendor\codeigniter4\framework\system\View\View.php(232): CodeIgniter\View\View->CodeIgniter\View\{closure}()
#3 C:\Users\lenovo\Downloads\AVI\project-dashboard\vendor\codeigniter4\framework\system\Common.php(1271): CodeIgniter\View\View->render('user/dashboard', Array, true)
#4 C:\Users\lenovo\Downloads\AVI\project-dashboard\app\Controllers\User.php(100): view('user/dashboard', Array)
#5 C:\Users\lenovo\Downloads\AVI\project-dashboard\vendor\codeigniter4\framework\system\CodeIgniter.php(928): App\Controllers\User->dashboard()
#6 C:\Users\lenovo\Downloads\AVI\project-dashboard\vendor\codeigniter4\framework\system\CodeIgniter.php(436): CodeIgniter\CodeIgniter->runController(Object(App\Controllers\User))
#7 C:\Users\lenovo\Downloads\AVI\project-dashboard\vendor\codeigniter4\framework\system\CodeIgniter.php(336): CodeIgniter\CodeIgniter->handleRequest(NULL, Object(Config\Cache), false)
#8 C:\Users\lenovo\Downloads\AVI\project-dashboard\public\index.php(37): CodeIgniter\CodeIgniter->run()
#9 C:\Users\lenovo\Downloads\AVI\project-dashboard\vendor\codeigniter4\framework\system\Commands\Server\rewrite.php(45): require_once('C:\\Users\\lenovo...')
#10 {main}
CRITICAL - 2021-07-26 14:54:17 --> Cannot use [] for reading
#0 C:\Users\lenovo\Downloads\AVI\project-dashboard\vendor\codeigniter4\framework\system\CodeIgniter.php(928): App\Controllers\User->updatetask('12')
#1 C:\Users\lenovo\Downloads\AVI\project-dashboard\vendor\codeigniter4\framework\system\CodeIgniter.php(436): CodeIgniter\CodeIgniter->runController(Object(App\Controllers\User))
#2 C:\Users\lenovo\Downloads\AVI\project-dashboard\vendor\codeigniter4\framework\system\CodeIgniter.php(336): CodeIgniter\CodeIgniter->handleRequest(NULL, Object(Config\Cache), false)
#3 C:\Users\lenovo\Downloads\AVI\project-dashboard\public\index.php(37): CodeIgniter\CodeIgniter->run()
#4 C:\Users\lenovo\Downloads\AVI\project-dashboard\vendor\codeigniter4\framework\system\Commands\Server\rewrite.php(45): require_once('C:\\Users\\lenovo...')
#5 {main}
ERROR - 2021-07-26 15:03:21 --> Duplicate entry '12' for key 'PRIMARY'
CRITICAL - 2021-07-26 15:03:21 --> Duplicate entry '12' for key 'PRIMARY'
#0 C:\Users\lenovo\Downloads\AVI\project-dashboard\vendor\codeigniter4\framework\system\Database\MySQLi\Connection.php(329): mysqli->query('INSERT INTO `ta...')
#1 C:\Users\lenovo\Downloads\AVI\project-dashboard\vendor\codeigniter4\framework\system\Database\BaseConnection.php(732): CodeIgniter\Database\MySQLi\Connection->execute('INSERT INTO `ta...')
#2 C:\Users\lenovo\Downloads\AVI\project-dashboard\vendor\codeigniter4\framework\system\Database\BaseConnection.php(647): CodeIgniter\Database\BaseConnection->simpleQuery('INSERT INTO `ta...')
#3 C:\Users\lenovo\Downloads\AVI\project-dashboard\vendor\codeigniter4\framework\system\Database\BaseBuilder.php(2277): CodeIgniter\Database\BaseConnection->query('INSERT INTO `ta...', Array, false)
#4 C:\Users\lenovo\Downloads\AVI\project-dashboard\vendor\codeigniter4\framework\system\Model.php(259): CodeIgniter\Database\BaseBuilder->insert()
#5 C:\Users\lenovo\Downloads\AVI\project-dashboard\vendor\codeigniter4\framework\system\BaseModel.php(774): CodeIgniter\Model->doInsert(Array)
#6 C:\Users\lenovo\Downloads\AVI\project-dashboard\vendor\codeigniter4\framework\system\Model.php(686): CodeIgniter\BaseModel->insert(Array, false)
#7 C:\Users\lenovo\Downloads\AVI\project-dashboard\vendor\codeigniter4\framework\system\BaseModel.php(687): CodeIgniter\Model->insert(Array, false)
#8 C:\Users\lenovo\Downloads\AVI\project-dashboard\app\Controllers\User.php(405): CodeIgniter\BaseModel->save(Array)
#9 C:\Users\lenovo\Downloads\AVI\project-dashboard\vendor\codeigniter4\framework\system\CodeIgniter.php(928): App\Controllers\User->updatetask('12')
#10 C:\Users\lenovo\Downloads\AVI\project-dashboard\vendor\codeigniter4\framework\system\CodeIgniter.php(436): CodeIgniter\CodeIgniter->runController(Object(App\Controllers\User))
#11 C:\Users\lenovo\Downloads\AVI\project-dashboard\vendor\codeigniter4\framework\system\CodeIgniter.php(336): CodeIgniter\CodeIgniter->handleRequest(NULL, Object(Config\Cache), false)
#12 C:\Users\lenovo\Downloads\AVI\project-dashboard\public\index.php(37): CodeIgniter\CodeIgniter->run()
#13 C:\Users\lenovo\Downloads\AVI\project-dashboard\vendor\codeigniter4\framework\system\Commands\Server\rewrite.php(45): require_once('C:\\Users\\lenovo...')
#14 {main}
ERROR - 2021-07-26 15:16:02 --> Duplicate entry '12' for key 'PRIMARY'
CRITICAL - 2021-07-26 15:16:02 --> Duplicate entry '12' for key 'PRIMARY'
#0 C:\Users\lenovo\Downloads\AVI\project-dashboard\vendor\codeigniter4\framework\system\Database\MySQLi\Connection.php(329): mysqli->query('INSERT INTO `ta...')
#1 C:\Users\lenovo\Downloads\AVI\project-dashboard\vendor\codeigniter4\framework\system\Database\BaseConnection.php(732): CodeIgniter\Database\MySQLi\Connection->execute('INSERT INTO `ta...')
#2 C:\Users\lenovo\Downloads\AVI\project-dashboard\vendor\codeigniter4\framework\system\Database\BaseConnection.php(647): CodeIgniter\Database\BaseConnection->simpleQuery('INSERT INTO `ta...')
#3 C:\Users\lenovo\Downloads\AVI\project-dashboard\vendor\codeigniter4\framework\system\Database\BaseBuilder.php(2277): CodeIgniter\Database\BaseConnection->query('INSERT INTO `ta...', Array, false)
#4 C:\Users\lenovo\Downloads\AVI\project-dashboard\vendor\codeigniter4\framework\system\Model.php(259): CodeIgniter\Database\BaseBuilder->insert()
#5 C:\Users\lenovo\Downloads\AVI\project-dashboard\vendor\codeigniter4\framework\system\BaseModel.php(774): CodeIgniter\Model->doInsert(Array)
#6 C:\Users\lenovo\Downloads\AVI\project-dashboard\vendor\codeigniter4\framework\system\Model.php(686): CodeIgniter\BaseModel->insert(Array, false)
#7 C:\Users\lenovo\Downloads\AVI\project-dashboard\vendor\codeigniter4\framework\system\BaseModel.php(687): CodeIgniter\Model->insert(Array, false)
#8 C:\Users\lenovo\Downloads\AVI\project-dashboard\app\Controllers\User.php(388): CodeIgniter\BaseModel->save(Array)
#9 C:\Users\lenovo\Downloads\AVI\project-dashboard\vendor\codeigniter4\framework\system\CodeIgniter.php(928): App\Controllers\User->updatetask('12')
#10 C:\Users\lenovo\Downloads\AVI\project-dashboard\vendor\codeigniter4\framework\system\CodeIgniter.php(436): CodeIgniter\CodeIgniter->runController(Object(App\Controllers\User))
#11 C:\Users\lenovo\Downloads\AVI\project-dashboard\vendor\codeigniter4\framework\system\CodeIgniter.php(336): CodeIgniter\CodeIgniter->handleRequest(NULL, Object(Config\Cache), false)
#12 C:\Users\lenovo\Downloads\AVI\project-dashboard\public\index.php(37): CodeIgniter\CodeIgniter->run()
#13 C:\Users\lenovo\Downloads\AVI\project-dashboard\vendor\codeigniter4\framework\system\Commands\Server\rewrite.php(45): require_once('C:\\Users\\lenovo...')
#14 {main}
ERROR - 2021-07-26 15:16:37 --> Duplicate entry '12' for key 'PRIMARY'
CRITICAL - 2021-07-26 15:16:37 --> Duplicate entry '12' for key 'PRIMARY'
#0 C:\Users\lenovo\Downloads\AVI\project-dashboard\vendor\codeigniter4\framework\system\Database\MySQLi\Connection.php(329): mysqli->query('INSERT INTO `ta...')
#1 C:\Users\lenovo\Downloads\AVI\project-dashboard\vendor\codeigniter4\framework\system\Database\BaseConnection.php(732): CodeIgniter\Database\MySQLi\Connection->execute('INSERT INTO `ta...')
#2 C:\Users\lenovo\Downloads\AVI\project-dashboard\vendor\codeigniter4\framework\system\Database\BaseConnection.php(647): CodeIgniter\Database\BaseConnection->simpleQuery('INSERT INTO `ta...')
#3 C:\Users\lenovo\Downloads\AVI\project-dashboard\vendor\codeigniter4\framework\system\Database\BaseBuilder.php(2277): CodeIgniter\Database\BaseConnection->query('INSERT INTO `ta...', Array, false)
#4 C:\Users\lenovo\Downloads\AVI\project-dashboard\vendor\codeigniter4\framework\system\Model.php(259): CodeIgniter\Database\BaseBuilder->insert()
#5 C:\Users\lenovo\Downloads\AVI\project-dashboard\vendor\codeigniter4\framework\system\BaseModel.php(774): CodeIgniter\Model->doInsert(Array)
#6 C:\Users\lenovo\Downloads\AVI\project-dashboard\vendor\codeigniter4\framework\system\Model.php(686): CodeIgniter\BaseModel->insert(Array, false)
#7 C:\Users\lenovo\Downloads\AVI\project-dashboard\vendor\codeigniter4\framework\system\BaseModel.php(687): CodeIgniter\Model->insert(Array, false)
#8 C:\Users\lenovo\Downloads\AVI\project-dashboard\app\Controllers\User.php(388): CodeIgniter\BaseModel->save(Array)
#9 C:\Users\lenovo\Downloads\AVI\project-dashboard\vendor\codeigniter4\framework\system\CodeIgniter.php(928): App\Controllers\User->updatetask('12')
#10 C:\Users\lenovo\Downloads\AVI\project-dashboard\vendor\codeigniter4\framework\system\CodeIgniter.php(436): CodeIgniter\CodeIgniter->runController(Object(App\Controllers\User))
#11 C:\Users\lenovo\Downloads\AVI\project-dashboard\vendor\codeigniter4\framework\system\CodeIgniter.php(336): CodeIgniter\CodeIgniter->handleRequest(NULL, Object(Config\Cache), false)
#12 C:\Users\lenovo\Downloads\AVI\project-dashboard\public\index.php(37): CodeIgniter\CodeIgniter->run()
#13 C:\Users\lenovo\Downloads\AVI\project-dashboard\vendor\codeigniter4\framework\system\Commands\Server\rewrite.php(45): require_once('C:\\Users\\lenovo...')
#14 {main}
ERROR - 2021-07-26 15:18:10 --> Duplicate entry '12' for key 'PRIMARY'
CRITICAL - 2021-07-26 15:18:10 --> Duplicate entry '12' for key 'PRIMARY'
#0 C:\Users\lenovo\Downloads\AVI\project-dashboard\vendor\codeigniter4\framework\system\Database\MySQLi\Connection.php(329): mysqli->query('INSERT INTO `ta...')
#1 C:\Users\lenovo\Downloads\AVI\project-dashboard\vendor\codeigniter4\framework\system\Database\BaseConnection.php(732): CodeIgniter\Database\MySQLi\Connection->execute('INSERT INTO `ta...')
#2 C:\Users\lenovo\Downloads\AVI\project-dashboard\vendor\codeigniter4\framework\system\Database\BaseConnection.php(647): CodeIgniter\Database\BaseConnection->simpleQuery('INSERT INTO `ta...')
#3 C:\Users\lenovo\Downloads\AVI\project-dashboard\vendor\codeigniter4\framework\system\Database\BaseBuilder.php(2277): CodeIgniter\Database\BaseConnection->query('INSERT INTO `ta...', Array, false)
#4 C:\Users\lenovo\Downloads\AVI\project-dashboard\vendor\codeigniter4\framework\system\Model.php(259): CodeIgniter\Database\BaseBuilder->insert()
#5 C:\Users\lenovo\Downloads\AVI\project-dashboard\vendor\codeigniter4\framework\system\BaseModel.php(774): CodeIgniter\Model->doInsert(Array)
#6 C:\Users\lenovo\Downloads\AVI\project-dashboard\vendor\codeigniter4\framework\system\Model.php(686): CodeIgniter\BaseModel->insert(Array, false)
#7 C:\Users\lenovo\Downloads\AVI\project-dashboard\vendor\codeigniter4\framework\system\BaseModel.php(687): CodeIgniter\Model->insert(Array, false)
#8 C:\Users\lenovo\Downloads\AVI\project-dashboard\app\Controllers\User.php(388): CodeIgniter\BaseModel->save(Array)
#9 C:\Users\lenovo\Downloads\AVI\project-dashboard\vendor\codeigniter4\framework\system\CodeIgniter.php(928): App\Controllers\User->updatetask('12')
#10 C:\Users\lenovo\Downloads\AVI\project-dashboard\vendor\codeigniter4\framework\system\CodeIgniter.php(436): CodeIgniter\CodeIgniter->runController(Object(App\Controllers\User))
#11 C:\Users\lenovo\Downloads\AVI\project-dashboard\vendor\codeigniter4\framework\system\CodeIgniter.php(336): CodeIgniter\CodeIgniter->handleRequest(NULL, Object(Config\Cache), false)
#12 C:\Users\lenovo\Downloads\AVI\project-dashboard\public\index.php(37): CodeIgniter\CodeIgniter->run()
#13 C:\Users\lenovo\Downloads\AVI\project-dashboard\vendor\codeigniter4\framework\system\Commands\Server\rewrite.php(45): require_once('C:\\Users\\lenovo...')
#14 {main}
CRITICAL - 2021-07-26 15:21:09 --> There is no data to update.
#0 C:\Users\lenovo\Downloads\AVI\project-dashboard\vendor\codeigniter4\framework\system\BaseModel.php(1668): CodeIgniter\Database\Exceptions\DataException::forEmptyDataset('update')
#1 C:\Users\lenovo\Downloads\AVI\project-dashboard\vendor\codeigniter4\framework\system\BaseModel.php(880): CodeIgniter\BaseModel->transformDataToArray(NULL, 'update')
#2 C:\Users\lenovo\Downloads\AVI\project-dashboard\vendor\codeigniter4\framework\system\Model.php(718): CodeIgniter\BaseModel->update(Array, NULL)
#3 C:\Users\lenovo\Downloads\AVI\project-dashboard\app\Controllers\User.php(388): CodeIgniter\Model->update(Array)
#4 C:\Users\lenovo\Downloads\AVI\project-dashboard\vendor\codeigniter4\framework\system\CodeIgniter.php(928): App\Controllers\User->updatetask('12')
#5 C:\Users\lenovo\Downloads\AVI\project-dashboard\vendor\codeigniter4\framework\system\CodeIgniter.php(436): CodeIgniter\CodeIgniter->runController(Object(App\Controllers\User))
#6 C:\Users\lenovo\Downloads\AVI\project-dashboard\vendor\codeigniter4\framework\system\CodeIgniter.php(336): CodeIgniter\CodeIgniter->handleRequest(NULL, Object(Config\Cache), false)
#7 C:\Users\lenovo\Downloads\AVI\project-dashboard\public\index.php(37): CodeIgniter\CodeIgniter->run()
#8 C:\Users\lenovo\Downloads\AVI\project-dashboard\vendor\codeigniter4\framework\system\Commands\Server\rewrite.php(45): require_once('C:\\Users\\lenovo...')
#9 {main}
ERROR - 2021-07-26 15:22:37 --> Unknown column 'task.id' in 'where clause'
CRITICAL - 2021-07-26 15:22:37 --> Unknown column 'task.id' in 'where clause'
#0 C:\Users\lenovo\Downloads\AVI\project-dashboard\vendor\codeigniter4\framework\system\Database\MySQLi\Connection.php(329): mysqli->query('UPDATE `task` S...')
#1 C:\Users\lenovo\Downloads\AVI\project-dashboard\vendor\codeigniter4\framework\system\Database\BaseConnection.php(732): CodeIgniter\Database\MySQLi\Connection->execute('UPDATE `task` S...')
#2 C:\Users\lenovo\Downloads\AVI\project-dashboard\vendor\codeigniter4\framework\system\Database\BaseConnection.php(647): CodeIgniter\Database\BaseConnection->simpleQuery('UPDATE `task` S...')
#3 C:\Users\lenovo\Downloads\AVI\project-dashboard\vendor\codeigniter4\framework\system\Database\BaseBuilder.php(2482): CodeIgniter\Database\BaseConnection->query('UPDATE `task` S...', Array, false)
#4 C:\Users\lenovo\Downloads\AVI\project-dashboard\vendor\codeigniter4\framework\system\Model.php(326): CodeIgniter\Database\BaseBuilder->update()
#5 C:\Users\lenovo\Downloads\AVI\project-dashboard\vendor\codeigniter4\framework\system\BaseModel.php(917): CodeIgniter\Model->doUpdate(Array, Array)
#6 C:\Users\lenovo\Downloads\AVI\project-dashboard\vendor\codeigniter4\framework\system\Model.php(718): CodeIgniter\BaseModel->update(Array, Array)
#7 C:\Users\lenovo\Downloads\AVI\project-dashboard\app\Controllers\User.php(389): CodeIgniter\Model->update('12', Array)
#8 C:\Users\lenovo\Downloads\AVI\project-dashboard\vendor\codeigniter4\framework\system\CodeIgniter.php(928): App\Controllers\User->updatetask('12')
#9 C:\Users\lenovo\Downloads\AVI\project-dashboard\vendor\codeigniter4\framework\system\CodeIgniter.php(436): CodeIgniter\CodeIgniter->runController(Object(App\Controllers\User))
#10 C:\Users\lenovo\Downloads\AVI\project-dashboard\vendor\codeigniter4\framework\system\CodeIgniter.php(336): CodeIgniter\CodeIgniter->handleRequest(NULL, Object(Config\Cache), false)
#11 C:\Users\lenovo\Downloads\AVI\project-dashboard\public\index.php(37): CodeIgniter\CodeIgniter->run()
#12 C:\Users\lenovo\Downloads\AVI\project-dashboard\vendor\codeigniter4\framework\system\Commands\Server\rewrite.php(45): require_once('C:\\Users\\lenovo...')
#13 {main}
ERROR - 2021-07-26 15:24:01 --> Unknown column 'task.id' in 'where clause'
CRITICAL - 2021-07-26 15:24:01 --> Unknown column 'task.id' in 'where clause'
#0 C:\Users\lenovo\Downloads\AVI\project-dashboard\vendor\codeigniter4\framework\system\Database\MySQLi\Connection.php(329): mysqli->query('UPDATE `task` S...')
#1 C:\Users\lenovo\Downloads\AVI\project-dashboard\vendor\codeigniter4\framework\system\Database\BaseConnection.php(732): CodeIgniter\Database\MySQLi\Connection->execute('UPDATE `task` S...')
#2 C:\Users\lenovo\Downloads\AVI\project-dashboard\vendor\codeigniter4\framework\system\Database\BaseConnection.php(647): CodeIgniter\Database\BaseConnection->simpleQuery('UPDATE `task` S...')
#3 C:\Users\lenovo\Downloads\AVI\project-dashboard\vendor\codeigniter4\framework\system\Database\BaseBuilder.php(2482): CodeIgniter\Database\BaseConnection->query('UPDATE `task` S...', Array, false)
#4 C:\Users\lenovo\Downloads\AVI\project-dashboard\vendor\codeigniter4\framework\system\Model.php(326): CodeIgniter\Database\BaseBuilder->update()
#5 C:\Users\lenovo\Downloads\AVI\project-dashboard\vendor\codeigniter4\framework\system\BaseModel.php(917): CodeIgniter\Model->doUpdate(Array, Array)
#6 C:\Users\lenovo\Downloads\AVI\project-dashboard\vendor\codeigniter4\framework\system\Model.php(718): CodeIgniter\BaseModel->update(Array, Array)
#7 C:\Users\lenovo\Downloads\AVI\project-dashboard\app\Controllers\User.php(390): CodeIgniter\Model->update('12', Array)
#8 C:\Users\lenovo\Downloads\AVI\project-dashboard\vendor\codeigniter4\framework\system\CodeIgniter.php(928): App\Controllers\User->updatetask('12')
#9 C:\Users\lenovo\Downloads\AVI\project-dashboard\vendor\codeigniter4\framework\system\CodeIgniter.php(436): CodeIgniter\CodeIgniter->runController(Object(App\Controllers\User))
#10 C:\Users\lenovo\Downloads\AVI\project-dashboard\vendor\codeigniter4\framework\system\CodeIgniter.php(336): CodeIgniter\CodeIgniter->handleRequest(NULL, Object(Config\Cache), false)
#11 C:\Users\lenovo\Downloads\AVI\project-dashboard\public\index.php(37): CodeIgniter\CodeIgniter->run()
#12 C:\Users\lenovo\Downloads\AVI\project-dashboard\vendor\codeigniter4\framework\system\Commands\Server\rewrite.php(45): require_once('C:\\Users\\lenovo...')
#13 {main}
ERROR - 2021-07-26 15:49:34 --> Unknown column 'task.id' in 'where clause'
CRITICAL - 2021-07-26 15:49:34 --> Unknown column 'task.id' in 'where clause'
#0 C:\Users\lenovo\Downloads\AVI\project-dashboard\vendor\codeigniter4\framework\system\Database\MySQLi\Connection.php(329): mysqli->query('UPDATE `task` S...')
#1 C:\Users\lenovo\Downloads\AVI\project-dashboard\vendor\codeigniter4\framework\system\Database\BaseConnection.php(732): CodeIgniter\Database\MySQLi\Connection->execute('UPDATE `task` S...')
#2 C:\Users\lenovo\Downloads\AVI\project-dashboard\vendor\codeigniter4\framework\system\Database\BaseConnection.php(647): CodeIgniter\Database\BaseConnection->simpleQuery('UPDATE `task` S...')
#3 C:\Users\lenovo\Downloads\AVI\project-dashboard\vendor\codeigniter4\framework\system\Database\BaseBuilder.php(2482): CodeIgniter\Database\BaseConnection->query('UPDATE `task` S...', Array, false)
#4 C:\Users\lenovo\Downloads\AVI\project-dashboard\vendor\codeigniter4\framework\system\Model.php(326): CodeIgniter\Database\BaseBuilder->update()
#5 C:\Users\lenovo\Downloads\AVI\project-dashboard\vendor\codeigniter4\framework\system\BaseModel.php(917): CodeIgniter\Model->doUpdate(Array, Array)
#6 C:\Users\lenovo\Downloads\AVI\project-dashboard\vendor\codeigniter4\framework\system\Model.php(718): CodeIgniter\BaseModel->update(Array, Array)
#7 C:\Users\lenovo\Downloads\AVI\project-dashboard\app\Controllers\User.php(380): CodeIgniter\Model->update('12', Array)
#8 C:\Users\lenovo\Downloads\AVI\project-dashboard\vendor\codeigniter4\framework\system\CodeIgniter.php(928): App\Controllers\User->updatetask('12')
#9 C:\Users\lenovo\Downloads\AVI\project-dashboard\vendor\codeigniter4\framework\system\CodeIgniter.php(436): CodeIgniter\CodeIgniter->runController(Object(App\Controllers\User))
#10 C:\Users\lenovo\Downloads\AVI\project-dashboard\vendor\codeigniter4\framework\system\CodeIgniter.php(336): CodeIgniter\CodeIgniter->handleRequest(NULL, Object(Config\Cache), false)
#11 C:\Users\lenovo\Downloads\AVI\project-dashboard\public\index.php(37): CodeIgniter\CodeIgniter->run()
#12 C:\Users\lenovo\Downloads\AVI\project-dashboard\vendor\codeigniter4\framework\system\Commands\Server\rewrite.php(45): require_once('C:\\Users\\lenovo...')
#13 {main}
ERROR - 2021-07-26 15:51:28 --> Unknown column 'task.id' in 'where clause'
CRITICAL - 2021-07-26 15:51:28 --> Unknown column 'task.id' in 'where clause'
#0 C:\Users\lenovo\Downloads\AVI\project-dashboard\vendor\codeigniter4\framework\system\Database\MySQLi\Connection.php(329): mysqli->query('UPDATE `task` S...')
#1 C:\Users\lenovo\Downloads\AVI\project-dashboard\vendor\codeigniter4\framework\system\Database\BaseConnection.php(732): CodeIgniter\Database\MySQLi\Connection->execute('UPDATE `task` S...')
#2 C:\Users\lenovo\Downloads\AVI\project-dashboard\vendor\codeigniter4\framework\system\Database\BaseConnection.php(647): CodeIgniter\Database\BaseConnection->simpleQuery('UPDATE `task` S...')
#3 C:\Users\lenovo\Downloads\AVI\project-dashboard\vendor\codeigniter4\framework\system\Database\BaseBuilder.php(2482): CodeIgniter\Database\BaseConnection->query('UPDATE `task` S...', Array, false)
#4 C:\Users\lenovo\Downloads\AVI\project-dashboard\vendor\codeigniter4\framework\system\Model.php(326): CodeIgniter\Database\BaseBuilder->update()
#5 C:\Users\lenovo\Downloads\AVI\project-dashboard\vendor\codeigniter4\framework\system\BaseModel.php(917): CodeIgniter\Model->doUpdate(Array, Array)
#6 C:\Users\lenovo\Downloads\AVI\project-dashboard\vendor\codeigniter4\framework\system\Model.php(718): CodeIgniter\BaseModel->update(Array, Array)
#7 C:\Users\lenovo\Downloads\AVI\project-dashboard\app\Controllers\User.php(390): CodeIgniter\Model->update('12', Array)
#8 C:\Users\lenovo\Downloads\AVI\project-dashboard\vendor\codeigniter4\framework\system\CodeIgniter.php(928): App\Controllers\User->updatetask('12')
#9 C:\Users\lenovo\Downloads\AVI\project-dashboard\vendor\codeigniter4\framework\system\CodeIgniter.php(436): CodeIgniter\CodeIgniter->runController(Object(App\Controllers\User))
#10 C:\Users\lenovo\Downloads\AVI\project-dashboard\vendor\codeigniter4\framework\system\CodeIgniter.php(336): CodeIgniter\CodeIgniter->handleRequest(NULL, Object(Config\Cache), false)
#11 C:\Users\lenovo\Downloads\AVI\project-dashboard\public\index.php(37): CodeIgniter\CodeIgniter->run()
#12 C:\Users\lenovo\Downloads\AVI\project-dashboard\vendor\codeigniter4\framework\system\Commands\Server\rewrite.php(45): require_once('C:\\Users\\lenovo...')
#13 {main}
ERROR - 2021-07-26 15:52:23 --> Unknown column 'task.id' in 'where clause'
CRITICAL - 2021-07-26 15:52:23 --> Unknown column 'task.id' in 'where clause'
#0 C:\Users\lenovo\Downloads\AVI\project-dashboard\vendor\codeigniter4\framework\system\Database\MySQLi\Connection.php(329): mysqli->query('UPDATE `task` S...')
#1 C:\Users\lenovo\Downloads\AVI\project-dashboard\vendor\codeigniter4\framework\system\Database\BaseConnection.php(732): CodeIgniter\Database\MySQLi\Connection->execute('UPDATE `task` S...')
#2 C:\Users\lenovo\Downloads\AVI\project-dashboard\vendor\codeigniter4\framework\system\Database\BaseConnection.php(647): CodeIgniter\Database\BaseConnection->simpleQuery('UPDATE `task` S...')
#3 C:\Users\lenovo\Downloads\AVI\project-dashboard\vendor\codeigniter4\framework\system\Database\BaseBuilder.php(2482): CodeIgniter\Database\BaseConnection->query('UPDATE `task` S...', Array, false)
#4 C:\Users\lenovo\Downloads\AVI\project-dashboard\vendor\codeigniter4\framework\system\Model.php(326): CodeIgniter\Database\BaseBuilder->update()
#5 C:\Users\lenovo\Downloads\AVI\project-dashboard\vendor\codeigniter4\framework\system\BaseModel.php(917): CodeIgniter\Model->doUpdate(Array, Array)
#6 C:\Users\lenovo\Downloads\AVI\project-dashboard\vendor\codeigniter4\framework\system\Model.php(718): CodeIgniter\BaseModel->update(Array, Array)
#7 C:\Users\lenovo\Downloads\AVI\project-dashboard\app\Controllers\User.php(380): CodeIgniter\Model->update('12', Array)
#8 C:\Users\lenovo\Downloads\AVI\project-dashboard\vendor\codeigniter4\framework\system\CodeIgniter.php(928): App\Controllers\User->updatetask('12')
#9 C:\Users\lenovo\Downloads\AVI\project-dashboard\vendor\codeigniter4\framework\system\CodeIgniter.php(436): CodeIgniter\CodeIgniter->runController(Object(App\Controllers\User))
#10 C:\Users\lenovo\Downloads\AVI\project-dashboard\vendor\codeigniter4\framework\system\CodeIgniter.php(336): CodeIgniter\CodeIgniter->handleRequest(NULL, Object(Config\Cache), false)
#11 C:\Users\lenovo\Downloads\AVI\project-dashboard\public\index.php(37): CodeIgniter\CodeIgniter->run()
#12 C:\Users\lenovo\Downloads\AVI\project-dashboard\vendor\codeigniter4\framework\system\Commands\Server\rewrite.php(45): require_once('C:\\Users\\lenovo...')
#13 {main}
ERROR - 2021-07-26 15:52:34 --> Unknown column 'task.id' in 'where clause'
CRITICAL - 2021-07-26 15:52:34 --> Unknown column 'task.id' in 'where clause'
#0 C:\Users\lenovo\Downloads\AVI\project-dashboard\vendor\codeigniter4\framework\system\Database\MySQLi\Connection.php(329): mysqli->query('UPDATE `task` S...')
#1 C:\Users\lenovo\Downloads\AVI\project-dashboard\vendor\codeigniter4\framework\system\Database\BaseConnection.php(732): CodeIgniter\Database\MySQLi\Connection->execute('UPDATE `task` S...')
#2 C:\Users\lenovo\Downloads\AVI\project-dashboard\vendor\codeigniter4\framework\system\Database\BaseConnection.php(647): CodeIgniter\Database\BaseConnection->simpleQuery('UPDATE `task` S...')
#3 C:\Users\lenovo\Downloads\AVI\project-dashboard\vendor\codeigniter4\framework\system\Database\BaseBuilder.php(2482): CodeIgniter\Database\BaseConnection->query('UPDATE `task` S...', Array, false)
#4 C:\Users\lenovo\Downloads\AVI\project-dashboard\vendor\codeigniter4\framework\system\Model.php(326): CodeIgniter\Database\BaseBuilder->update()
#5 C:\Users\lenovo\Downloads\AVI\project-dashboard\vendor\codeigniter4\framework\system\BaseModel.php(917): CodeIgniter\Model->doUpdate(Array, Array)
#6 C:\Users\lenovo\Downloads\AVI\project-dashboard\vendor\codeigniter4\framework\system\Model.php(718): CodeIgniter\BaseModel->update(Array, Array)
#7 C:\Users\lenovo\Downloads\AVI\project-dashboard\app\Controllers\User.php(380): CodeIgniter\Model->update('12', Array)
#8 C:\Users\lenovo\Downloads\AVI\project-dashboard\vendor\codeigniter4\framework\system\CodeIgniter.php(928): App\Controllers\User->updatetask('12')
#9 C:\Users\lenovo\Downloads\AVI\project-dashboard\vendor\codeigniter4\framework\system\CodeIgniter.php(436): CodeIgniter\CodeIgniter->runController(Object(App\Controllers\User))
#10 C:\Users\lenovo\Downloads\AVI\project-dashboard\vendor\codeigniter4\framework\system\CodeIgniter.php(336): CodeIgniter\CodeIgniter->handleRequest(NULL, Object(Config\Cache), false)
#11 C:\Users\lenovo\Downloads\AVI\project-dashboard\public\index.php(37): CodeIgniter\CodeIgniter->run()
#12 C:\Users\lenovo\Downloads\AVI\project-dashboard\vendor\codeigniter4\framework\system\Commands\Server\rewrite.php(45): require_once('C:\\Users\\lenovo...')
#13 {main}
ERROR - 2021-07-26 15:52:48 --> Unknown column 'task.id' in 'where clause'
CRITICAL - 2021-07-26 15:52:48 --> Unknown column 'task.id' in 'where clause'
#0 C:\Users\lenovo\Downloads\AVI\project-dashboard\vendor\codeigniter4\framework\system\Database\MySQLi\Connection.php(329): mysqli->query('UPDATE `task` S...')
#1 C:\Users\lenovo\Downloads\AVI\project-dashboard\vendor\codeigniter4\framework\system\Database\BaseConnection.php(732): CodeIgniter\Database\MySQLi\Connection->execute('UPDATE `task` S...')
#2 C:\Users\lenovo\Downloads\AVI\project-dashboard\vendor\codeigniter4\framework\system\Database\BaseConnection.php(647): CodeIgniter\Database\BaseConnection->simpleQuery('UPDATE `task` S...')
#3 C:\Users\lenovo\Downloads\AVI\project-dashboard\vendor\codeigniter4\framework\system\Database\BaseBuilder.php(2482): CodeIgniter\Database\BaseConnection->query('UPDATE `task` S...', Array, false)
#4 C:\Users\lenovo\Downloads\AVI\project-dashboard\vendor\codeigniter4\framework\system\Model.php(326): CodeIgniter\Database\BaseBuilder->update()
#5 C:\Users\lenovo\Downloads\AVI\project-dashboard\vendor\codeigniter4\framework\system\BaseModel.php(917): CodeIgniter\Model->doUpdate(Array, Array)
#6 C:\Users\lenovo\Downloads\AVI\project-dashboard\vendor\codeigniter4\framework\system\Model.php(718): CodeIgniter\BaseModel->update(Array, Array)
#7 C:\Users\lenovo\Downloads\AVI\project-dashboard\app\Controllers\User.php(379): CodeIgniter\Model->update('12', Array)
#8 C:\Users\lenovo\Downloads\AVI\project-dashboard\vendor\codeigniter4\framework\system\CodeIgniter.php(928): App\Controllers\User->updatetask('12')
#9 C:\Users\lenovo\Downloads\AVI\project-dashboard\vendor\codeigniter4\framework\system\CodeIgniter.php(436): CodeIgniter\CodeIgniter->runController(Object(App\Controllers\User))
#10 C:\Users\lenovo\Downloads\AVI\project-dashboard\vendor\codeigniter4\framework\system\CodeIgniter.php(336): CodeIgniter\CodeIgniter->handleRequest(NULL, Object(Config\Cache), false)
#11 C:\Users\lenovo\Downloads\AVI\project-dashboard\public\index.php(37): CodeIgniter\CodeIgniter->run()
#12 C:\Users\lenovo\Downloads\AVI\project-dashboard\vendor\codeigniter4\framework\system\Commands\Server\rewrite.php(45): require_once('C:\\Users\\lenovo...')
#13 {main}
CRITICAL - 2021-07-26 15:55:27 --> whereIn() expects $values to be of type array or closure
#0 C:\Users\lenovo\Downloads\AVI\project-dashboard\vendor\codeigniter4\framework\system\Database\BaseBuilder.php(867): CodeIgniter\Database\BaseBuilder->_whereIn('task_id', '12', false, 'AND ', NULL)
#1 C:\Users\lenovo\Downloads\AVI\project-dashboard\vendor\codeigniter4\framework\system\Model.php(800): CodeIgniter\Database\BaseBuilder->whereIn('task_id', '12')
#2 C:\Users\lenovo\Downloads\AVI\project-dashboard\app\Controllers\User.php(376): CodeIgniter\Model->__call('whereIn', Array)
#3 C:\Users\lenovo\Downloads\AVI\project-dashboard\vendor\codeigniter4\framework\system\CodeIgniter.php(928): App\Controllers\User->updatetask('12')
#4 C:\Users\lenovo\Downloads\AVI\project-dashboard\vendor\codeigniter4\framework\system\CodeIgniter.php(436): CodeIgniter\CodeIgniter->runController(Object(App\Controllers\User))
#5 C:\Users\lenovo\Downloads\AVI\project-dashboard\vendor\codeigniter4\framework\system\CodeIgniter.php(336): CodeIgniter\CodeIgniter->handleRequest(NULL, Object(Config\Cache), false)
#6 C:\Users\lenovo\Downloads\AVI\project-dashboard\public\index.php(37): CodeIgniter\CodeIgniter->run()
#7 C:\Users\lenovo\Downloads\AVI\project-dashboard\vendor\codeigniter4\framework\system\Commands\Server\rewrite.php(45): require_once('C:\\Users\\lenovo...')
#8 {main}
ERROR - 2021-07-26 15:59:52 --> Duplicate entry '12' for key 'PRIMARY'
CRITICAL - 2021-07-26 15:59:52 --> Duplicate entry '12' for key 'PRIMARY'
#0 C:\Users\lenovo\Downloads\AVI\project-dashboard\vendor\codeigniter4\framework\system\Database\MySQLi\Connection.php(329): mysqli->query('INSERT INTO `ta...')
#1 C:\Users\lenovo\Downloads\AVI\project-dashboard\vendor\codeigniter4\framework\system\Database\BaseConnection.php(732): CodeIgniter\Database\MySQLi\Connection->execute('INSERT INTO `ta...')
#2 C:\Users\lenovo\Downloads\AVI\project-dashboard\vendor\codeigniter4\framework\system\Database\BaseConnection.php(647): CodeIgniter\Database\BaseConnection->simpleQuery('INSERT INTO `ta...')
#3 C:\Users\lenovo\Downloads\AVI\project-dashboard\vendor\codeigniter4\framework\system\Database\BaseBuilder.php(2277): CodeIgniter\Database\BaseConnection->query('INSERT INTO `ta...', Array, false)
#4 C:\Users\lenovo\Downloads\AVI\project-dashboard\vendor\codeigniter4\framework\system\Model.php(259): CodeIgniter\Database\BaseBuilder->insert()
#5 C:\Users\lenovo\Downloads\AVI\project-dashboard\vendor\codeigniter4\framework\system\BaseModel.php(774): CodeIgniter\Model->doInsert(Array)
#6 C:\Users\lenovo\Downloads\AVI\project-dashboard\vendor\codeigniter4\framework\system\Model.php(686): CodeIgniter\BaseModel->insert(Array, false)
#7 C:\Users\lenovo\Downloads\AVI\project-dashboard\vendor\codeigniter4\framework\system\BaseModel.php(687): CodeIgniter\Model->insert(Array, false)
#8 C:\Users\lenovo\Downloads\AVI\project-dashboard\app\Controllers\User.php(378): CodeIgniter\BaseModel->save(Array)
#9 C:\Users\lenovo\Downloads\AVI\project-dashboard\vendor\codeigniter4\framework\system\CodeIgniter.php(928): App\Controllers\User->updatetask('12')
#10 C:\Users\lenovo\Downloads\AVI\project-dashboard\vendor\codeigniter4\framework\system\CodeIgniter.php(436): CodeIgniter\CodeIgniter->runController(Object(App\Controllers\User))
#11 C:\Users\lenovo\Downloads\AVI\project-dashboard\vendor\codeigniter4\framework\system\CodeIgniter.php(336): CodeIgniter\CodeIgniter->handleRequest(NULL, Object(Config\Cache), false)
#12 C:\Users\lenovo\Downloads\AVI\project-dashboard\public\index.php(37): CodeIgniter\CodeIgniter->run()
#13 C:\Users\lenovo\Downloads\AVI\project-dashboard\vendor\codeigniter4\framework\system\Commands\Server\rewrite.php(45): require_once('C:\\Users\\lenovo...')
#14 {main}
ERROR - 2021-07-26 16:04:14 --> Duplicate entry '12' for key 'PRIMARY'
CRITICAL - 2021-07-26 16:04:14 --> Duplicate entry '12' for key 'PRIMARY'
#0 C:\Users\lenovo\Downloads\AVI\project-dashboard\vendor\codeigniter4\framework\system\Database\MySQLi\Connection.php(329): mysqli->query('INSERT INTO `ta...')
#1 C:\Users\lenovo\Downloads\AVI\project-dashboard\vendor\codeigniter4\framework\system\Database\BaseConnection.php(732): CodeIgniter\Database\MySQLi\Connection->execute('INSERT INTO `ta...')
#2 C:\Users\lenovo\Downloads\AVI\project-dashboard\vendor\codeigniter4\framework\system\Database\BaseConnection.php(647): CodeIgniter\Database\BaseConnection->simpleQuery('INSERT INTO `ta...')
#3 C:\Users\lenovo\Downloads\AVI\project-dashboard\vendor\codeigniter4\framework\system\Database\BaseBuilder.php(2277): CodeIgniter\Database\BaseConnection->query('INSERT INTO `ta...', Array, false)
#4 C:\Users\lenovo\Downloads\AVI\project-dashboard\vendor\codeigniter4\framework\system\Model.php(259): CodeIgniter\Database\BaseBuilder->insert()
#5 C:\Users\lenovo\Downloads\AVI\project-dashboard\vendor\codeigniter4\framework\system\BaseModel.php(774): CodeIgniter\Model->doInsert(Array)
#6 C:\Users\lenovo\Downloads\AVI\project-dashboard\vendor\codeigniter4\framework\system\Model.php(686): CodeIgniter\BaseModel->insert(Array, false)
#7 C:\Users\lenovo\Downloads\AVI\project-dashboard\vendor\codeigniter4\framework\system\BaseModel.php(687): CodeIgniter\Model->insert(Array, false)
#8 C:\Users\lenovo\Downloads\AVI\project-dashboard\app\Controllers\User.php(378): CodeIgniter\BaseModel->save(Array)
#9 C:\Users\lenovo\Downloads\AVI\project-dashboard\vendor\codeigniter4\framework\system\CodeIgniter.php(928): App\Controllers\User->updatetask('12')
#10 C:\Users\lenovo\Downloads\AVI\project-dashboard\vendor\codeigniter4\framework\system\CodeIgniter.php(436): CodeIgniter\CodeIgniter->runController(Object(App\Controllers\User))
#11 C:\Users\lenovo\Downloads\AVI\project-dashboard\vendor\codeigniter4\framework\system\CodeIgniter.php(336): CodeIgniter\CodeIgniter->handleRequest(NULL, Object(Config\Cache), false)
#12 C:\Users\lenovo\Downloads\AVI\project-dashboard\public\index.php(37): CodeIgniter\CodeIgniter->run()
#13 C:\Users\lenovo\Downloads\AVI\project-dashboard\vendor\codeigniter4\framework\system\Commands\Server\rewrite.php(45): require_once('C:\\Users\\lenovo...')
#14 {main}
ERROR - 2021-07-26 16:07:02 --> Duplicate entry '12' for key 'PRIMARY'
CRITICAL - 2021-07-26 16:07:02 --> Duplicate entry '12' for key 'PRIMARY'
#0 C:\Users\lenovo\Downloads\AVI\project-dashboard\vendor\codeigniter4\framework\system\Database\MySQLi\Connection.php(329): mysqli->query('INSERT INTO `ta...')
#1 C:\Users\lenovo\Downloads\AVI\project-dashboard\vendor\codeigniter4\framework\system\Database\BaseConnection.php(732): CodeIgniter\Database\MySQLi\Connection->execute('INSERT INTO `ta...')
#2 C:\Users\lenovo\Downloads\AVI\project-dashboard\vendor\codeigniter4\framework\system\Database\BaseConnection.php(647): CodeIgniter\Database\BaseConnection->simpleQuery('INSERT INTO `ta...')
#3 C:\Users\lenovo\Downloads\AVI\project-dashboard\vendor\codeigniter4\framework\system\Database\BaseBuilder.php(2277): CodeIgniter\Database\BaseConnection->query('INSERT INTO `ta...', Array, false)
#4 C:\Users\lenovo\Downloads\AVI\project-dashboard\vendor\codeigniter4\framework\system\Model.php(259): CodeIgniter\Database\BaseBuilder->insert()
#5 C:\Users\lenovo\Downloads\AVI\project-dashboard\vendor\codeigniter4\framework\system\BaseModel.php(774): CodeIgniter\Model->doInsert(Array)
#6 C:\Users\lenovo\Downloads\AVI\project-dashboard\vendor\codeigniter4\framework\system\Model.php(686): CodeIgniter\BaseModel->insert(Array, false)
#7 C:\Users\lenovo\Downloads\AVI\project-dashboard\vendor\codeigniter4\framework\system\BaseModel.php(687): CodeIgniter\Model->insert(Array, false)
#8 C:\Users\lenovo\Downloads\AVI\project-dashboard\app\Controllers\User.php(378): CodeIgniter\BaseModel->save(Array)
#9 C:\Users\lenovo\Downloads\AVI\project-dashboard\vendor\codeigniter4\framework\system\CodeIgniter.php(928): App\Controllers\User->updatetask('12')
#10 C:\Users\lenovo\Downloads\AVI\project-dashboard\vendor\codeigniter4\framework\system\CodeIgniter.php(436): CodeIgniter\CodeIgniter->runController(Object(App\Controllers\User))
#11 C:\Users\lenovo\Downloads\AVI\project-dashboard\vendor\codeigniter4\framework\system\CodeIgniter.php(336): CodeIgniter\CodeIgniter->handleRequest(NULL, Object(Config\Cache), false)
#12 C:\Users\lenovo\Downloads\AVI\project-dashboard\public\index.php(37): CodeIgniter\CodeIgniter->run()
#13 C:\Users\lenovo\Downloads\AVI\project-dashboard\vendor\codeigniter4\framework\system\Commands\Server\rewrite.php(45): require_once('C:\\Users\\lenovo...')
#14 {main}
ERROR - 2021-07-26 16:07:57 --> Unknown column 'task.id' in 'where clause'
CRITICAL - 2021-07-26 16:07:57 --> Unknown column 'task.id' in 'where clause'
#0 C:\Users\lenovo\Downloads\AVI\project-dashboard\vendor\codeigniter4\framework\system\Database\MySQLi\Connection.php(329): mysqli->query('UPDATE `task` S...')
#1 C:\Users\lenovo\Downloads\AVI\project-dashboard\vendor\codeigniter4\framework\system\Database\BaseConnection.php(732): CodeIgniter\Database\MySQLi\Connection->execute('UPDATE `task` S...')
#2 C:\Users\lenovo\Downloads\AVI\project-dashboard\vendor\codeigniter4\framework\system\Database\BaseConnection.php(647): CodeIgniter\Database\BaseConnection->simpleQuery('UPDATE `task` S...')
#3 C:\Users\lenovo\Downloads\AVI\project-dashboard\vendor\codeigniter4\framework\system\Database\BaseBuilder.php(2482): CodeIgniter\Database\BaseConnection->query('UPDATE `task` S...', Array, false)
#4 C:\Users\lenovo\Downloads\AVI\project-dashboard\vendor\codeigniter4\framework\system\Model.php(326): CodeIgniter\Database\BaseBuilder->update()
#5 C:\Users\lenovo\Downloads\AVI\project-dashboard\vendor\codeigniter4\framework\system\BaseModel.php(917): CodeIgniter\Model->doUpdate(Array, Array)
#6 C:\Users\lenovo\Downloads\AVI\project-dashboard\vendor\codeigniter4\framework\system\Model.php(718): CodeIgniter\BaseModel->update(Array, Array)
#7 C:\Users\lenovo\Downloads\AVI\project-dashboard\vendor\codeigniter4\framework\system\BaseModel.php(683): CodeIgniter\Model->update('12', Array)
#8 C:\Users\lenovo\Downloads\AVI\project-dashboard\app\Controllers\User.php(378): CodeIgniter\BaseModel->save(Array)
#9 C:\Users\lenovo\Downloads\AVI\project-dashboard\vendor\codeigniter4\framework\system\CodeIgniter.php(928): App\Controllers\User->updatetask('12')
#10 C:\Users\lenovo\Downloads\AVI\project-dashboard\vendor\codeigniter4\framework\system\CodeIgniter.php(436): CodeIgniter\CodeIgniter->runController(Object(App\Controllers\User))
#11 C:\Users\lenovo\Downloads\AVI\project-dashboard\vendor\codeigniter4\framework\system\CodeIgniter.php(336): CodeIgniter\CodeIgniter->handleRequest(NULL, Object(Config\Cache), false)
#12 C:\Users\lenovo\Downloads\AVI\project-dashboard\public\index.php(37): CodeIgniter\CodeIgniter->run()
#13 C:\Users\lenovo\Downloads\AVI\project-dashboard\vendor\codeigniter4\framework\system\Commands\Server\rewrite.php(45): require_once('C:\\Users\\lenovo...')
#14 {main}
ERROR - 2021-07-26 16:08:11 --> Duplicate entry '12' for key 'PRIMARY'
CRITICAL - 2021-07-26 16:08:11 --> Duplicate entry '12' for key 'PRIMARY'
#0 C:\Users\lenovo\Downloads\AVI\project-dashboard\vendor\codeigniter4\framework\system\Database\MySQLi\Connection.php(329): mysqli->query('INSERT INTO `ta...')
#1 C:\Users\lenovo\Downloads\AVI\project-dashboard\vendor\codeigniter4\framework\system\Database\BaseConnection.php(732): CodeIgniter\Database\MySQLi\Connection->execute('INSERT INTO `ta...')
#2 C:\Users\lenovo\Downloads\AVI\project-dashboard\vendor\codeigniter4\framework\system\Database\BaseConnection.php(647): CodeIgniter\Database\BaseConnection->simpleQuery('INSERT INTO `ta...')
#3 C:\Users\lenovo\Downloads\AVI\project-dashboard\vendor\codeigniter4\framework\system\Database\BaseBuilder.php(2277): CodeIgniter\Database\BaseConnection->query('INSERT INTO `ta...', Array, false)
#4 C:\Users\lenovo\Downloads\AVI\project-dashboard\vendor\codeigniter4\framework\system\Model.php(259): CodeIgniter\Database\BaseBuilder->insert()
#5 C:\Users\lenovo\Downloads\AVI\project-dashboard\vendor\codeigniter4\framework\system\BaseModel.php(774): CodeIgniter\Model->doInsert(Array)
#6 C:\Users\lenovo\Downloads\AVI\project-dashboard\vendor\codeigniter4\framework\system\Model.php(686): CodeIgniter\BaseModel->insert(Array, false)
#7 C:\Users\lenovo\Downloads\AVI\project-dashboard\vendor\codeigniter4\framework\system\BaseModel.php(687): CodeIgniter\Model->insert(Array, false)
#8 C:\Users\lenovo\Downloads\AVI\project-dashboard\app\Controllers\User.php(378): CodeIgniter\BaseModel->save(Array)
#9 C:\Users\lenovo\Downloads\AVI\project-dashboard\vendor\codeigniter4\framework\system\CodeIgniter.php(928): App\Controllers\User->updatetask('12')
#10 C:\Users\lenovo\Downloads\AVI\project-dashboard\vendor\codeigniter4\framework\system\CodeIgniter.php(436): CodeIgniter\CodeIgniter->runController(Object(App\Controllers\User))
#11 C:\Users\lenovo\Downloads\AVI\project-dashboard\vendor\codeigniter4\framework\system\CodeIgniter.php(336): CodeIgniter\CodeIgniter->handleRequest(NULL, Object(Config\Cache), false)
#12 C:\Users\lenovo\Downloads\AVI\project-dashboard\public\index.php(37): CodeIgniter\CodeIgniter->run()
#13 C:\Users\lenovo\Downloads\AVI\project-dashboard\vendor\codeigniter4\framework\system\Commands\Server\rewrite.php(45): require_once('C:\\Users\\lenovo...')
#14 {main}
ERROR - 2021-07-26 16:09:23 --> Duplicate entry '12' for key 'PRIMARY'
CRITICAL - 2021-07-26 16:09:23 --> Duplicate entry '12' for key 'PRIMARY'
#0 C:\Users\lenovo\Downloads\AVI\project-dashboard\vendor\codeigniter4\framework\system\Database\MySQLi\Connection.php(329): mysqli->query('INSERT INTO `ta...')
#1 C:\Users\lenovo\Downloads\AVI\project-dashboard\vendor\codeigniter4\framework\system\Database\BaseConnection.php(732): CodeIgniter\Database\MySQLi\Connection->execute('INSERT INTO `ta...')
#2 C:\Users\lenovo\Downloads\AVI\project-dashboard\vendor\codeigniter4\framework\system\Database\BaseConnection.php(647): CodeIgniter\Database\BaseConnection->simpleQuery('INSERT INTO `ta...')
#3 C:\Users\lenovo\Downloads\AVI\project-dashboard\vendor\codeigniter4\framework\system\Database\BaseBuilder.php(2277): CodeIgniter\Database\BaseConnection->query('INSERT INTO `ta...', Array, false)
#4 C:\Users\lenovo\Downloads\AVI\project-dashboard\vendor\codeigniter4\framework\system\Model.php(259): CodeIgniter\Database\BaseBuilder->insert()
#5 C:\Users\lenovo\Downloads\AVI\project-dashboard\vendor\codeigniter4\framework\system\BaseModel.php(774): CodeIgniter\Model->doInsert(Array)
#6 C:\Users\lenovo\Downloads\AVI\project-dashboard\vendor\codeigniter4\framework\system\Model.php(686): CodeIgniter\BaseModel->insert(Array, false)
#7 C:\Users\lenovo\Downloads\AVI\project-dashboard\vendor\codeigniter4\framework\system\BaseModel.php(687): CodeIgniter\Model->insert(Array, false)
#8 C:\Users\lenovo\Downloads\AVI\project-dashboard\app\Controllers\User.php(383): CodeIgniter\BaseModel->save(Array)
#9 C:\Users\lenovo\Downloads\AVI\project-dashboard\vendor\codeigniter4\framework\system\CodeIgniter.php(928): App\Controllers\User->updatetask('12')
#10 C:\Users\lenovo\Downloads\AVI\project-dashboard\vendor\codeigniter4\framework\system\CodeIgniter.php(436): CodeIgniter\CodeIgniter->runController(Object(App\Controllers\User))
#11 C:\Users\lenovo\Downloads\AVI\project-dashboard\vendor\codeigniter4\framework\system\CodeIgniter.php(336): CodeIgniter\CodeIgniter->handleRequest(NULL, Object(Config\Cache), false)
#12 C:\Users\lenovo\Downloads\AVI\project-dashboard\public\index.php(37): CodeIgniter\CodeIgniter->run()
#13 C:\Users\lenovo\Downloads\AVI\project-dashboard\vendor\codeigniter4\framework\system\Commands\Server\rewrite.php(45): require_once('C:\\Users\\lenovo...')
#14 {main}
ERROR - 2021-07-26 16:14:50 --> Unknown column 'task.task_id' in 'field list'
CRITICAL - 2021-07-26 16:14:50 --> Unknown column 'task.task_id' in 'field list'
#0 C:\Users\lenovo\Downloads\AVI\project-dashboard\vendor\codeigniter4\framework\system\Database\MySQLi\Connection.php(329): mysqli->query('SELECT `project...')
#1 C:\Users\lenovo\Downloads\AVI\project-dashboard\vendor\codeigniter4\framework\system\Database\BaseConnection.php(732): CodeIgniter\Database\MySQLi\Connection->execute('SELECT `project...')
#2 C:\Users\lenovo\Downloads\AVI\project-dashboard\vendor\codeigniter4\framework\system\Database\BaseConnection.php(647): CodeIgniter\Database\BaseConnection->simpleQuery('SELECT `project...')
#3 C:\Users\lenovo\Downloads\AVI\project-dashboard\vendor\codeigniter4\framework\system\Database\BaseBuilder.php(1881): CodeIgniter\Database\BaseConnection->query('SELECT `project...', Array, false)
#4 C:\Users\lenovo\Downloads\AVI\project-dashboard\app\Controllers\User.php(89): CodeIgniter\Database\BaseBuilder->get()
#5 C:\Users\lenovo\Downloads\AVI\project-dashboard\vendor\codeigniter4\framework\system\CodeIgniter.php(928): App\Controllers\User->dashboard()
#6 C:\Users\lenovo\Downloads\AVI\project-dashboard\vendor\codeigniter4\framework\system\CodeIgniter.php(436): CodeIgniter\CodeIgniter->runController(Object(App\Controllers\User))
#7 C:\Users\lenovo\Downloads\AVI\project-dashboard\vendor\codeigniter4\framework\system\CodeIgniter.php(336): CodeIgniter\CodeIgniter->handleRequest(NULL, Object(Config\Cache), false)
#8 C:\Users\lenovo\Downloads\AVI\project-dashboard\public\index.php(37): CodeIgniter\CodeIgniter->run()
#9 C:\Users\lenovo\Downloads\AVI\project-dashboard\vendor\codeigniter4\framework\system\Commands\Server\rewrite.php(45): require_once('C:\\Users\\lenovo...')
#10 {main}
CRITICAL - 2021-07-26 16:15:40 --> Undefined property: stdClass::$task_id
#0 C:\Users\lenovo\Downloads\AVI\project-dashboard\app\Views\user\dashboard.php(62): CodeIgniter\Debug\Exceptions->errorHandler(8, 'Undefined prope...', 'C:\\Users\\lenovo...', 62, Array)
#1 C:\Users\lenovo\Downloads\AVI\project-dashboard\vendor\codeigniter4\framework\system\View\View.php(230): include('C:\\Users\\lenovo...')
#2 C:\Users\lenovo\Downloads\AVI\project-dashboard\vendor\codeigniter4\framework\system\View\View.php(232): CodeIgniter\View\View->CodeIgniter\View\{closure}()
#3 C:\Users\lenovo\Downloads\AVI\project-dashboard\vendor\codeigniter4\framework\system\Common.php(1271): CodeIgniter\View\View->render('user/dashboard', Array, true)
#4 C:\Users\lenovo\Downloads\AVI\project-dashboard\app\Controllers\User.php(102): view('user/dashboard', Array)
#5 C:\Users\lenovo\Downloads\AVI\project-dashboard\vendor\codeigniter4\framework\system\CodeIgniter.php(928): App\Controllers\User->dashboard()
#6 C:\Users\lenovo\Downloads\AVI\project-dashboard\vendor\codeigniter4\framework\system\CodeIgniter.php(436): CodeIgniter\CodeIgniter->runController(Object(App\Controllers\User))
#7 C:\Users\lenovo\Downloads\AVI\project-dashboard\vendor\codeigniter4\framework\system\CodeIgniter.php(336): CodeIgniter\CodeIgniter->handleRequest(NULL, Object(Config\Cache), false)
#8 C:\Users\lenovo\Downloads\AVI\project-dashboard\public\index.php(37): CodeIgniter\CodeIgniter->run()
#9 C:\Users\lenovo\Downloads\AVI\project-dashboard\vendor\codeigniter4\framework\system\Commands\Server\rewrite.php(45): require_once('C:\\Users\\lenovo...')
#10 {main}
CRITICAL - 2021-07-26 16:20:18 --> Object of class stdClass could not be converted to string
#0 C:\Users\lenovo\Downloads\AVI\project-dashboard\app\Views\user\dashboard.php(58): CodeIgniter\Debug\Exceptions->errorHandler(4096, 'Object of class...', 'C:\\Users\\lenovo...', 58, Array)
#1 C:\Users\lenovo\Downloads\AVI\project-dashboard\vendor\codeigniter4\framework\system\View\View.php(230): include('C:\\Users\\lenovo...')
#2 C:\Users\lenovo\Downloads\AVI\project-dashboard\vendor\codeigniter4\framework\system\View\View.php(232): CodeIgniter\View\View->CodeIgniter\View\{closure}()
#3 C:\Users\lenovo\Downloads\AVI\project-dashboard\vendor\codeigniter4\framework\system\Common.php(1271): CodeIgniter\View\View->render('user/dashboard', Array, true)
#4 C:\Users\lenovo\Downloads\AVI\project-dashboard\app\Controllers\User.php(102): view('user/dashboard', Array)
#5 C:\Users\lenovo\Downloads\AVI\project-dashboard\vendor\codeigniter4\framework\system\CodeIgniter.php(928): App\Controllers\User->dashboard()
#6 C:\Users\lenovo\Downloads\AVI\project-dashboard\vendor\codeigniter4\framework\system\CodeIgniter.php(436): CodeIgniter\CodeIgniter->runController(Object(App\Controllers\User))
#7 C:\Users\lenovo\Downloads\AVI\project-dashboard\vendor\codeigniter4\framework\system\CodeIgniter.php(336): CodeIgniter\CodeIgniter->handleRequest(NULL, Object(Config\Cache), false)
#8 C:\Users\lenovo\Downloads\AVI\project-dashboard\public\index.php(37): CodeIgniter\CodeIgniter->run()
#9 C:\Users\lenovo\Downloads\AVI\project-dashboard\vendor\codeigniter4\framework\system\Commands\Server\rewrite.php(45): require_once('C:\\Users\\lenovo...')
#10 {main}
