CRITICAL - 2021-11-17 11:11:15 --> Trying to get property 'model' of non-object
#0 C:\xampp\htdocs\avis\app\Views\bom\model.php(13): CodeIgniter\Debug\Exceptions->errorHandler(8, 'Trying to get p...', 'C:\\xampp\\htdocs...', 13, Array)
#1 C:\xampp\htdocs\avis\vendor\codeigniter4\framework\system\View\View.php(230): include('C:\\xampp\\htdocs...')
#2 C:\xampp\htdocs\avis\vendor\codeigniter4\framework\system\View\View.php(232): CodeIgniter\View\View->CodeIgniter\View\{closure}()
#3 C:\xampp\htdocs\avis\vendor\codeigniter4\framework\system\Common.php(1271): CodeIgniter\View\View->render('bom/model', Array, true)
#4 C:\xampp\htdocs\avis\app\Controllers\Bom.php(81): view('bom/model', Array)
#5 C:\xampp\htdocs\avis\vendor\codeigniter4\framework\system\CodeIgniter.php(928): App\Controllers\Bom->model()
#6 C:\xampp\htdocs\avis\vendor\codeigniter4\framework\system\CodeIgniter.php(436): CodeIgniter\CodeIgniter->runController(Object(App\Controllers\Bom))
#7 C:\xampp\htdocs\avis\vendor\codeigniter4\framework\system\CodeIgniter.php(336): CodeIgniter\CodeIgniter->handleRequest(NULL, Object(Config\Cache), false)
#8 C:\xampp\htdocs\avis\index.php(37): CodeIgniter\CodeIgniter->run()
#9 {main}
ERROR - 2021-11-17 13:46:24 --> Unknown column 'nama_file' in 'field list'
CRITICAL - 2021-11-17 13:46:24 --> Unknown column 'nama_file' in 'field list'
#0 C:\xampp\htdocs\avis\vendor\codeigniter4\framework\system\Database\MySQLi\Connection.php(329): mysqli->query('INSERT INTO `ba...')
#1 C:\xampp\htdocs\avis\vendor\codeigniter4\framework\system\Database\BaseConnection.php(732): CodeIgniter\Database\MySQLi\Connection->execute('INSERT INTO `ba...')
#2 C:\xampp\htdocs\avis\vendor\codeigniter4\framework\system\Database\BaseConnection.php(647): CodeIgniter\Database\BaseConnection->simpleQuery('INSERT INTO `ba...')
#3 C:\xampp\htdocs\avis\vendor\codeigniter4\framework\system\Database\BaseBuilder.php(2277): CodeIgniter\Database\BaseConnection->query('INSERT INTO `ba...', Array, false)
#4 C:\xampp\htdocs\avis\vendor\codeigniter4\framework\system\Model.php(259): CodeIgniter\Database\BaseBuilder->insert()
#5 C:\xampp\htdocs\avis\vendor\codeigniter4\framework\system\BaseModel.php(774): CodeIgniter\Model->doInsert(Array)
#6 C:\xampp\htdocs\avis\vendor\codeigniter4\framework\system\Model.php(686): CodeIgniter\BaseModel->insert(Array, false)
#7 C:\xampp\htdocs\avis\vendor\codeigniter4\framework\system\BaseModel.php(687): CodeIgniter\Model->insert(Array, false)
#8 C:\xampp\htdocs\avis\app\Controllers\Bom.php(280): CodeIgniter\BaseModel->save(Array)
#9 C:\xampp\htdocs\avis\vendor\codeigniter4\framework\system\CodeIgniter.php(928): App\Controllers\Bom->addbaanfile()
#10 C:\xampp\htdocs\avis\vendor\codeigniter4\framework\system\CodeIgniter.php(436): CodeIgniter\CodeIgniter->runController(Object(App\Controllers\Bom))
#11 C:\xampp\htdocs\avis\vendor\codeigniter4\framework\system\CodeIgniter.php(336): CodeIgniter\CodeIgniter->handleRequest(NULL, Object(Config\Cache), false)
#12 C:\xampp\htdocs\avis\index.php(37): CodeIgniter\CodeIgniter->run()
#13 {main}
ERROR - 2021-11-17 13:51:57 --> Table 'pdavi.baan_approval' doesn't exist
CRITICAL - 2021-11-17 13:51:57 --> Table 'pdavi.baan_approval' doesn't exist
#0 C:\xampp\htdocs\avis\vendor\codeigniter4\framework\system\Database\MySQLi\Connection.php(329): mysqli->query('INSERT INTO `ba...')
#1 C:\xampp\htdocs\avis\vendor\codeigniter4\framework\system\Database\BaseConnection.php(732): CodeIgniter\Database\MySQLi\Connection->execute('INSERT INTO `ba...')
#2 C:\xampp\htdocs\avis\vendor\codeigniter4\framework\system\Database\BaseConnection.php(647): CodeIgniter\Database\BaseConnection->simpleQuery('INSERT INTO `ba...')
#3 C:\xampp\htdocs\avis\vendor\codeigniter4\framework\system\Database\BaseBuilder.php(2277): CodeIgniter\Database\BaseConnection->query('INSERT INTO `ba...', Array, false)
#4 C:\xampp\htdocs\avis\app\Controllers\Bom.php(291): CodeIgniter\Database\BaseBuilder->insert(Array)
#5 C:\xampp\htdocs\avis\vendor\codeigniter4\framework\system\CodeIgniter.php(928): App\Controllers\Bom->addbaanfile()
#6 C:\xampp\htdocs\avis\vendor\codeigniter4\framework\system\CodeIgniter.php(436): CodeIgniter\CodeIgniter->runController(Object(App\Controllers\Bom))
#7 C:\xampp\htdocs\avis\vendor\codeigniter4\framework\system\CodeIgniter.php(336): CodeIgniter\CodeIgniter->handleRequest(NULL, Object(Config\Cache), false)
#8 C:\xampp\htdocs\avis\index.php(37): CodeIgniter\CodeIgniter->run()
#9 {main}
ERROR - 2021-11-17 13:54:08 --> Unknown column 'id_bom' in 'field list'
CRITICAL - 2021-11-17 13:54:08 --> Unknown column 'id_bom' in 'field list'
#0 C:\xampp\htdocs\avis\vendor\codeigniter4\framework\system\Database\MySQLi\Connection.php(329): mysqli->query('INSERT INTO `ba...')
#1 C:\xampp\htdocs\avis\vendor\codeigniter4\framework\system\Database\BaseConnection.php(732): CodeIgniter\Database\MySQLi\Connection->execute('INSERT INTO `ba...')
#2 C:\xampp\htdocs\avis\vendor\codeigniter4\framework\system\Database\BaseConnection.php(647): CodeIgniter\Database\BaseConnection->simpleQuery('INSERT INTO `ba...')
#3 C:\xampp\htdocs\avis\vendor\codeigniter4\framework\system\Database\BaseBuilder.php(2277): CodeIgniter\Database\BaseConnection->query('INSERT INTO `ba...', Array, false)
#4 C:\xampp\htdocs\avis\app\Controllers\Bom.php(291): CodeIgniter\Database\BaseBuilder->insert(Array)
#5 C:\xampp\htdocs\avis\vendor\codeigniter4\framework\system\CodeIgniter.php(928): App\Controllers\Bom->addbaanfile()
#6 C:\xampp\htdocs\avis\vendor\codeigniter4\framework\system\CodeIgniter.php(436): CodeIgniter\CodeIgniter->runController(Object(App\Controllers\Bom))
#7 C:\xampp\htdocs\avis\vendor\codeigniter4\framework\system\CodeIgniter.php(336): CodeIgniter\CodeIgniter->handleRequest(NULL, Object(Config\Cache), false)
#8 C:\xampp\htdocs\avis\index.php(37): CodeIgniter\CodeIgniter->run()
#9 {main}
ERROR - 2021-11-17 13:56:17 --> Column 'notes' cannot be null
CRITICAL - 2021-11-17 13:56:17 --> Column 'notes' cannot be null
#0 C:\xampp\htdocs\avis\vendor\codeigniter4\framework\system\Database\MySQLi\Connection.php(329): mysqli->query('INSERT INTO `ba...')
#1 C:\xampp\htdocs\avis\vendor\codeigniter4\framework\system\Database\BaseConnection.php(732): CodeIgniter\Database\MySQLi\Connection->execute('INSERT INTO `ba...')
#2 C:\xampp\htdocs\avis\vendor\codeigniter4\framework\system\Database\BaseConnection.php(647): CodeIgniter\Database\BaseConnection->simpleQuery('INSERT INTO `ba...')
#3 C:\xampp\htdocs\avis\vendor\codeigniter4\framework\system\Database\BaseBuilder.php(2277): CodeIgniter\Database\BaseConnection->query('INSERT INTO `ba...', Array, false)
#4 C:\xampp\htdocs\avis\app\Controllers\Bom.php(291): CodeIgniter\Database\BaseBuilder->insert(Array)
#5 C:\xampp\htdocs\avis\vendor\codeigniter4\framework\system\CodeIgniter.php(928): App\Controllers\Bom->addbaanfile()
#6 C:\xampp\htdocs\avis\vendor\codeigniter4\framework\system\CodeIgniter.php(436): CodeIgniter\CodeIgniter->runController(Object(App\Controllers\Bom))
#7 C:\xampp\htdocs\avis\vendor\codeigniter4\framework\system\CodeIgniter.php(336): CodeIgniter\CodeIgniter->handleRequest(NULL, Object(Config\Cache), false)
#8 C:\xampp\htdocs\avis\index.php(37): CodeIgniter\CodeIgniter->run()
#9 {main}
ERROR - 2021-11-17 14:07:10 --> Unknown column 'notes' in 'field list'
CRITICAL - 2021-11-17 14:07:10 --> Unknown column 'notes' in 'field list'
#0 C:\xampp\htdocs\avis\vendor\codeigniter4\framework\system\Database\MySQLi\Connection.php(329): mysqli->query('SELECT `model`,...')
#1 C:\xampp\htdocs\avis\vendor\codeigniter4\framework\system\Database\BaseConnection.php(732): CodeIgniter\Database\MySQLi\Connection->execute('SELECT `model`,...')
#2 C:\xampp\htdocs\avis\vendor\codeigniter4\framework\system\Database\BaseConnection.php(647): CodeIgniter\Database\BaseConnection->simpleQuery('SELECT `model`,...')
#3 C:\xampp\htdocs\avis\vendor\codeigniter4\framework\system\Database\BaseBuilder.php(1881): CodeIgniter\Database\BaseConnection->query('SELECT `model`,...', Array, false)
#4 C:\xampp\htdocs\avis\app\Models\BaanModel.php(29): CodeIgniter\Database\BaseBuilder->get()
#5 C:\xampp\htdocs\avis\app\Controllers\Bom.php(70): App\Models\BaanModel->getBaanFilebyModel('1')
#6 C:\xampp\htdocs\avis\vendor\codeigniter4\framework\system\CodeIgniter.php(928): App\Controllers\Bom->model('1')
#7 C:\xampp\htdocs\avis\vendor\codeigniter4\framework\system\CodeIgniter.php(436): CodeIgniter\CodeIgniter->runController(Object(App\Controllers\Bom))
#8 C:\xampp\htdocs\avis\vendor\codeigniter4\framework\system\CodeIgniter.php(336): CodeIgniter\CodeIgniter->handleRequest(NULL, Object(Config\Cache), false)
#9 C:\xampp\htdocs\avis\index.php(37): CodeIgniter\CodeIgniter->run()
#10 {main}
ERROR - 2021-11-17 14:07:25 --> Unknown column 'description' in 'field list'
CRITICAL - 2021-11-17 14:07:25 --> Unknown column 'description' in 'field list'
#0 C:\xampp\htdocs\avis\vendor\codeigniter4\framework\system\Database\MySQLi\Connection.php(329): mysqli->query('SELECT `model`,...')
#1 C:\xampp\htdocs\avis\vendor\codeigniter4\framework\system\Database\BaseConnection.php(732): CodeIgniter\Database\MySQLi\Connection->execute('SELECT `model`,...')
#2 C:\xampp\htdocs\avis\vendor\codeigniter4\framework\system\Database\BaseConnection.php(647): CodeIgniter\Database\BaseConnection->simpleQuery('SELECT `model`,...')
#3 C:\xampp\htdocs\avis\vendor\codeigniter4\framework\system\Database\BaseBuilder.php(1881): CodeIgniter\Database\BaseConnection->query('SELECT `model`,...', Array, false)
#4 C:\xampp\htdocs\avis\app\Models\BomModel.php(29): CodeIgniter\Database\BaseBuilder->get()
#5 C:\xampp\htdocs\avis\app\Controllers\Bom.php(69): App\Models\BomModel->getBomFilebyModel('1')
#6 C:\xampp\htdocs\avis\vendor\codeigniter4\framework\system\CodeIgniter.php(928): App\Controllers\Bom->model('1')
#7 C:\xampp\htdocs\avis\vendor\codeigniter4\framework\system\CodeIgniter.php(436): CodeIgniter\CodeIgniter->runController(Object(App\Controllers\Bom))
#8 C:\xampp\htdocs\avis\vendor\codeigniter4\framework\system\CodeIgniter.php(336): CodeIgniter\CodeIgniter->handleRequest(NULL, Object(Config\Cache), false)
#9 C:\xampp\htdocs\avis\index.php(37): CodeIgniter\CodeIgniter->run()
#10 {main}
CRITICAL - 2021-11-17 14:10:02 --> Undefined property: stdClass::$nama_file
#0 C:\xampp\htdocs\avis\app\Views\bom\model.php(161): CodeIgniter\Debug\Exceptions->errorHandler(8, 'Undefined prope...', 'C:\\xampp\\htdocs...', 161, Array)
#1 C:\xampp\htdocs\avis\vendor\codeigniter4\framework\system\View\View.php(230): include('C:\\xampp\\htdocs...')
#2 C:\xampp\htdocs\avis\vendor\codeigniter4\framework\system\View\View.php(232): CodeIgniter\View\View->CodeIgniter\View\{closure}()
#3 C:\xampp\htdocs\avis\vendor\codeigniter4\framework\system\Common.php(1271): CodeIgniter\View\View->render('bom/model', Array, true)
#4 C:\xampp\htdocs\avis\app\Controllers\Bom.php(78): view('bom/model', Array)
#5 C:\xampp\htdocs\avis\vendor\codeigniter4\framework\system\CodeIgniter.php(928): App\Controllers\Bom->model('1')
#6 C:\xampp\htdocs\avis\vendor\codeigniter4\framework\system\CodeIgniter.php(436): CodeIgniter\CodeIgniter->runController(Object(App\Controllers\Bom))
#7 C:\xampp\htdocs\avis\vendor\codeigniter4\framework\system\CodeIgniter.php(336): CodeIgniter\CodeIgniter->handleRequest(NULL, Object(Config\Cache), false)
#8 C:\xampp\htdocs\avis\index.php(37): CodeIgniter\CodeIgniter->run()
#9 {main}
ERROR - 2021-11-17 14:56:54 --> Unknown column 'nama_file' in 'field list'
CRITICAL - 2021-11-17 14:56:54 --> Unknown column 'nama_file' in 'field list'
#0 C:\xampp\htdocs\avis\vendor\codeigniter4\framework\system\Database\MySQLi\Connection.php(329): mysqli->query('SELECT `baan_ap...')
#1 C:\xampp\htdocs\avis\vendor\codeigniter4\framework\system\Database\BaseConnection.php(732): CodeIgniter\Database\MySQLi\Connection->execute('SELECT `baan_ap...')
#2 C:\xampp\htdocs\avis\vendor\codeigniter4\framework\system\Database\BaseConnection.php(647): CodeIgniter\Database\BaseConnection->simpleQuery('SELECT `baan_ap...')
#3 C:\xampp\htdocs\avis\vendor\codeigniter4\framework\system\Database\BaseBuilder.php(1881): CodeIgniter\Database\BaseConnection->query('SELECT `baan_ap...', Array, false)
#4 C:\xampp\htdocs\avis\app\Models\BaanModel.php(43): CodeIgniter\Database\BaseBuilder->get()
#5 C:\xampp\htdocs\avis\app\Controllers\Bom.php(73): App\Models\BaanModel->getApproveBaan()
#6 C:\xampp\htdocs\avis\vendor\codeigniter4\framework\system\CodeIgniter.php(928): App\Controllers\Bom->model('1')
#7 C:\xampp\htdocs\avis\vendor\codeigniter4\framework\system\CodeIgniter.php(436): CodeIgniter\CodeIgniter->runController(Object(App\Controllers\Bom))
#8 C:\xampp\htdocs\avis\vendor\codeigniter4\framework\system\CodeIgniter.php(336): CodeIgniter\CodeIgniter->handleRequest(NULL, Object(Config\Cache), false)
#9 C:\xampp\htdocs\avis\index.php(37): CodeIgniter\CodeIgniter->run()
#10 {main}
ERROR - 2021-11-17 14:57:06 --> Unknown column 'baan_file.notes' in 'field list'
CRITICAL - 2021-11-17 14:57:06 --> Unknown column 'baan_file.notes' in 'field list'
#0 C:\xampp\htdocs\avis\vendor\codeigniter4\framework\system\Database\MySQLi\Connection.php(329): mysqli->query('SELECT `baan_ap...')
#1 C:\xampp\htdocs\avis\vendor\codeigniter4\framework\system\Database\BaseConnection.php(732): CodeIgniter\Database\MySQLi\Connection->execute('SELECT `baan_ap...')
#2 C:\xampp\htdocs\avis\vendor\codeigniter4\framework\system\Database\BaseConnection.php(647): CodeIgniter\Database\BaseConnection->simpleQuery('SELECT `baan_ap...')
#3 C:\xampp\htdocs\avis\vendor\codeigniter4\framework\system\Database\BaseBuilder.php(1881): CodeIgniter\Database\BaseConnection->query('SELECT `baan_ap...', Array, false)
#4 C:\xampp\htdocs\avis\app\Models\BaanModel.php(43): CodeIgniter\Database\BaseBuilder->get()
#5 C:\xampp\htdocs\avis\app\Controllers\Bom.php(73): App\Models\BaanModel->getApproveBaan()
#6 C:\xampp\htdocs\avis\vendor\codeigniter4\framework\system\CodeIgniter.php(928): App\Controllers\Bom->model('1')
#7 C:\xampp\htdocs\avis\vendor\codeigniter4\framework\system\CodeIgniter.php(436): CodeIgniter\CodeIgniter->runController(Object(App\Controllers\Bom))
#8 C:\xampp\htdocs\avis\vendor\codeigniter4\framework\system\CodeIgniter.php(336): CodeIgniter\CodeIgniter->handleRequest(NULL, Object(Config\Cache), false)
#9 C:\xampp\htdocs\avis\index.php(37): CodeIgniter\CodeIgniter->run()
#10 {main}
ERROR - 2021-11-17 14:57:25 --> Unknown column 'id_bom' in 'on clause'
CRITICAL - 2021-11-17 14:57:25 --> Unknown column 'id_bom' in 'on clause'
#0 C:\xampp\htdocs\avis\vendor\codeigniter4\framework\system\Database\MySQLi\Connection.php(329): mysqli->query('SELECT `baan_ap...')
#1 C:\xampp\htdocs\avis\vendor\codeigniter4\framework\system\Database\BaseConnection.php(732): CodeIgniter\Database\MySQLi\Connection->execute('SELECT `baan_ap...')
#2 C:\xampp\htdocs\avis\vendor\codeigniter4\framework\system\Database\BaseConnection.php(647): CodeIgniter\Database\BaseConnection->simpleQuery('SELECT `baan_ap...')
#3 C:\xampp\htdocs\avis\vendor\codeigniter4\framework\system\Database\BaseBuilder.php(1881): CodeIgniter\Database\BaseConnection->query('SELECT `baan_ap...', Array, false)
#4 C:\xampp\htdocs\avis\app\Models\BaanModel.php(43): CodeIgniter\Database\BaseBuilder->get()
#5 C:\xampp\htdocs\avis\app\Controllers\Bom.php(73): App\Models\BaanModel->getApproveBaan()
#6 C:\xampp\htdocs\avis\vendor\codeigniter4\framework\system\CodeIgniter.php(928): App\Controllers\Bom->model('1')
#7 C:\xampp\htdocs\avis\vendor\codeigniter4\framework\system\CodeIgniter.php(436): CodeIgniter\CodeIgniter->runController(Object(App\Controllers\Bom))
#8 C:\xampp\htdocs\avis\vendor\codeigniter4\framework\system\CodeIgniter.php(336): CodeIgniter\CodeIgniter->handleRequest(NULL, Object(Config\Cache), false)
#9 C:\xampp\htdocs\avis\index.php(37): CodeIgniter\CodeIgniter->run()
#10 {main}
CRITICAL - 2021-11-17 14:57:40 --> Undefined property: stdClass::$id_bom
#0 C:\xampp\htdocs\avis\app\Views\bom\model.php(454): CodeIgniter\Debug\Exceptions->errorHandler(8, 'Undefined prope...', 'C:\\xampp\\htdocs...', 454, Array)
#1 C:\xampp\htdocs\avis\vendor\codeigniter4\framework\system\View\View.php(230): include('C:\\xampp\\htdocs...')
#2 C:\xampp\htdocs\avis\vendor\codeigniter4\framework\system\View\View.php(232): CodeIgniter\View\View->CodeIgniter\View\{closure}()
#3 C:\xampp\htdocs\avis\vendor\codeigniter4\framework\system\Common.php(1271): CodeIgniter\View\View->render('bom/model', Array, true)
#4 C:\xampp\htdocs\avis\app\Controllers\Bom.php(79): view('bom/model', Array)
#5 C:\xampp\htdocs\avis\vendor\codeigniter4\framework\system\CodeIgniter.php(928): App\Controllers\Bom->model('1')
#6 C:\xampp\htdocs\avis\vendor\codeigniter4\framework\system\CodeIgniter.php(436): CodeIgniter\CodeIgniter->runController(Object(App\Controllers\Bom))
#7 C:\xampp\htdocs\avis\vendor\codeigniter4\framework\system\CodeIgniter.php(336): CodeIgniter\CodeIgniter->handleRequest(NULL, Object(Config\Cache), false)
#8 C:\xampp\htdocs\avis\index.php(37): CodeIgniter\CodeIgniter->run()
#9 {main}
CRITICAL - 2021-11-17 14:57:55 --> Undefined property: stdClass::$description
#0 C:\xampp\htdocs\avis\app\Views\bom\model.php(456): CodeIgniter\Debug\Exceptions->errorHandler(8, 'Undefined prope...', 'C:\\xampp\\htdocs...', 456, Array)
#1 C:\xampp\htdocs\avis\vendor\codeigniter4\framework\system\View\View.php(230): include('C:\\xampp\\htdocs...')
#2 C:\xampp\htdocs\avis\vendor\codeigniter4\framework\system\View\View.php(232): CodeIgniter\View\View->CodeIgniter\View\{closure}()
#3 C:\xampp\htdocs\avis\vendor\codeigniter4\framework\system\Common.php(1271): CodeIgniter\View\View->render('bom/model', Array, true)
#4 C:\xampp\htdocs\avis\app\Controllers\Bom.php(79): view('bom/model', Array)
#5 C:\xampp\htdocs\avis\vendor\codeigniter4\framework\system\CodeIgniter.php(928): App\Controllers\Bom->model('1')
#6 C:\xampp\htdocs\avis\vendor\codeigniter4\framework\system\CodeIgniter.php(436): CodeIgniter\CodeIgniter->runController(Object(App\Controllers\Bom))
#7 C:\xampp\htdocs\avis\vendor\codeigniter4\framework\system\CodeIgniter.php(336): CodeIgniter\CodeIgniter->handleRequest(NULL, Object(Config\Cache), false)
#8 C:\xampp\htdocs\avis\index.php(37): CodeIgniter\CodeIgniter->run()
#9 {main}
