CRITICAL - 2021-11-11 07:42:32 --> unlink(C:\xampp\htdocs\avis\writable\debugbar/debugbar_1636530112.json): No such file or directory
#0 [internal function]: CodeIgniter\Debug\Exceptions->errorHandler(2, 'unlink(C:\\xampp...', 'C:\\xampp\\htdocs...', 78, Array)
#1 C:\xampp\htdocs\avis\vendor\codeigniter4\framework\system\Debug\Toolbar\Collectors\History.php(78): unlink('C:\\xampp\\htdocs...')
#2 C:\xampp\htdocs\avis\vendor\codeigniter4\framework\system\Debug\Toolbar.php(480): CodeIgniter\Debug\Toolbar\Collectors\History->setFiles(1636591267, 20)
#3 C:\xampp\htdocs\avis\vendor\codeigniter4\framework\system\Debug\Toolbar.php(452): CodeIgniter\Debug\Toolbar->format(Array, 'html')
#4 C:\xampp\htdocs\avis\app\Config\Events.php(52): CodeIgniter\Debug\Toolbar->respond()
#5 [internal function]: CodeIgniter\Events\Events::Config\{closure}()
#6 C:\xampp\htdocs\avis\vendor\codeigniter4\framework\system\Events\Events.php(166): call_user_func(Object(Closure))
#7 C:\xampp\htdocs\avis\vendor\codeigniter4\framework\system\CodeIgniter.php(316): CodeIgniter\Events\Events::trigger('pre_system')
#8 C:\xampp\htdocs\avis\index.php(37): CodeIgniter\CodeIgniter->run()
#9 {main}
CRITICAL - 2021-11-11 09:26:54 --> Class '12' not found
#0 [internal function]: CodeIgniter\Debug\Exceptions->shutdownHandler()
#1 {main}
CRITICAL - 2021-11-11 09:27:16 --> syntax error, unexpected ';', expecting ')'
#0 C:\xampp\htdocs\avis\vendor\codeigniter4\framework\system\Router\Router.php(169): CodeIgniter\Router\Router->autoRoute('task')
#1 C:\xampp\htdocs\avis\vendor\codeigniter4\framework\system\CodeIgniter.php(809): CodeIgniter\Router\Router->handle('task')
#2 C:\xampp\htdocs\avis\vendor\codeigniter4\framework\system\CodeIgniter.php(389): CodeIgniter\CodeIgniter->tryToRouteIt(Object(CodeIgniter\Router\RouteCollection))
#3 C:\xampp\htdocs\avis\vendor\codeigniter4\framework\system\CodeIgniter.php(336): CodeIgniter\CodeIgniter->handleRequest(NULL, Object(Config\Cache), false)
#4 C:\xampp\htdocs\avis\index.php(37): CodeIgniter\CodeIgniter->run()
#5 {main}
CRITICAL - 2021-11-11 09:32:50 --> Call to undefined method App\Models\TaskModel::getMyTask
#0 C:\xampp\htdocs\avis\app\Controllers\Task.php(46): CodeIgniter\Model->__call('getMyTask', Array)
#1 C:\xampp\htdocs\avis\vendor\codeigniter4\framework\system\CodeIgniter.php(928): App\Controllers\Task->index()
#2 C:\xampp\htdocs\avis\vendor\codeigniter4\framework\system\CodeIgniter.php(436): CodeIgniter\CodeIgniter->runController(Object(App\Controllers\Task))
#3 C:\xampp\htdocs\avis\vendor\codeigniter4\framework\system\CodeIgniter.php(336): CodeIgniter\CodeIgniter->handleRequest(NULL, Object(Config\Cache), false)
#4 C:\xampp\htdocs\avis\index.php(37): CodeIgniter\CodeIgniter->run()
#5 {main}
CRITICAL - 2021-11-11 09:36:17 --> Call to a member function getResult() on array
#0 C:\xampp\htdocs\avis\vendor\codeigniter4\framework\system\CodeIgniter.php(928): App\Controllers\Task->index()
#1 C:\xampp\htdocs\avis\vendor\codeigniter4\framework\system\CodeIgniter.php(436): CodeIgniter\CodeIgniter->runController(Object(App\Controllers\Task))
#2 C:\xampp\htdocs\avis\vendor\codeigniter4\framework\system\CodeIgniter.php(336): CodeIgniter\CodeIgniter->handleRequest(NULL, Object(Config\Cache), false)
#3 C:\xampp\htdocs\avis\index.php(37): CodeIgniter\CodeIgniter->run()
#4 {main}
CRITICAL - 2021-11-11 10:48:12 --> Too few arguments to function App\Controllers\Engchange::ajax_request_id(), 0 passed in C:\xampp\htdocs\avis\vendor\codeigniter4\framework\system\CodeIgniter.php on line 928 and exactly 1 expected
#0 C:\xampp\htdocs\avis\vendor\codeigniter4\framework\system\CodeIgniter.php(928): App\Controllers\Engchange->ajax_request_id()
#1 C:\xampp\htdocs\avis\vendor\codeigniter4\framework\system\CodeIgniter.php(436): CodeIgniter\CodeIgniter->runController(Object(App\Controllers\Engchange))
#2 C:\xampp\htdocs\avis\vendor\codeigniter4\framework\system\CodeIgniter.php(336): CodeIgniter\CodeIgniter->handleRequest(NULL, Object(Config\Cache), false)
#3 C:\xampp\htdocs\avis\index.php(37): CodeIgniter\CodeIgniter->run()
#4 {main}
CRITICAL - 2021-11-11 11:46:01 --> filesize(): stat failed for public/theme/assets/4m change request/K2SA/Method/dummies.pdf
#0 [internal function]: CodeIgniter\Debug\Exceptions->errorHandler(2, 'filesize(): sta...', 'C:\\xampp\\htdocs...', 3875, Array)
#1 C:\xampp\htdocs\avis\app\Views\user\dashboard.php(3875): filesize('public/theme/as...')
#2 C:\xampp\htdocs\avis\vendor\codeigniter4\framework\system\View\View.php(230): include('C:\\xampp\\htdocs...')
#3 C:\xampp\htdocs\avis\vendor\codeigniter4\framework\system\View\View.php(232): CodeIgniter\View\View->CodeIgniter\View\{closure}()
#4 C:\xampp\htdocs\avis\vendor\codeigniter4\framework\system\Common.php(1271): CodeIgniter\View\View->render('user/dashboard', Array, true)
#5 C:\xampp\htdocs\avis\app\Controllers\User.php(201): view('user/dashboard', Array)
#6 C:\xampp\htdocs\avis\vendor\codeigniter4\framework\system\CodeIgniter.php(928): App\Controllers\User->dashboard()
#7 C:\xampp\htdocs\avis\vendor\codeigniter4\framework\system\CodeIgniter.php(436): CodeIgniter\CodeIgniter->runController(Object(App\Controllers\User))
#8 C:\xampp\htdocs\avis\vendor\codeigniter4\framework\system\CodeIgniter.php(336): CodeIgniter\CodeIgniter->handleRequest(NULL, Object(Config\Cache), false)
#9 C:\xampp\htdocs\avis\index.php(37): CodeIgniter\CodeIgniter->run()
#10 {main}
CRITICAL - 2021-11-11 11:47:05 --> filesize(): stat failed for public/theme/assets/4m change request/K2SA/Method/dummies.pdf
#0 [internal function]: CodeIgniter\Debug\Exceptions->errorHandler(2, 'filesize(): sta...', 'C:\\xampp\\htdocs...', 4085, Array)
#1 C:\xampp\htdocs\avis\app\Views\user\dashboard.php(4085): filesize('public/theme/as...')
#2 C:\xampp\htdocs\avis\vendor\codeigniter4\framework\system\View\View.php(230): include('C:\\xampp\\htdocs...')
#3 C:\xampp\htdocs\avis\vendor\codeigniter4\framework\system\View\View.php(232): CodeIgniter\View\View->CodeIgniter\View\{closure}()
#4 C:\xampp\htdocs\avis\vendor\codeigniter4\framework\system\Common.php(1271): CodeIgniter\View\View->render('user/dashboard', Array, true)
#5 C:\xampp\htdocs\avis\app\Controllers\User.php(201): view('user/dashboard', Array)
#6 C:\xampp\htdocs\avis\vendor\codeigniter4\framework\system\CodeIgniter.php(928): App\Controllers\User->dashboard()
#7 C:\xampp\htdocs\avis\vendor\codeigniter4\framework\system\CodeIgniter.php(436): CodeIgniter\CodeIgniter->runController(Object(App\Controllers\User))
#8 C:\xampp\htdocs\avis\vendor\codeigniter4\framework\system\CodeIgniter.php(336): CodeIgniter\CodeIgniter->handleRequest(NULL, Object(Config\Cache), false)
#9 C:\xampp\htdocs\avis\index.php(37): CodeIgniter\CodeIgniter->run()
#10 {main}
CRITICAL - 2021-11-11 12:01:34 --> filesize(): stat failed for public/theme/assets/document/Example K2SA/dummies.pdf
#0 [internal function]: CodeIgniter\Debug\Exceptions->errorHandler(2, 'filesize(): sta...', 'C:\\xampp\\htdocs...', 771, Array)
#1 C:\xampp\htdocs\avis\app\Views\user\task.php(771): filesize('public/theme/as...')
#2 C:\xampp\htdocs\avis\vendor\codeigniter4\framework\system\View\View.php(230): include('C:\\xampp\\htdocs...')
#3 C:\xampp\htdocs\avis\vendor\codeigniter4\framework\system\View\View.php(232): CodeIgniter\View\View->CodeIgniter\View\{closure}()
#4 C:\xampp\htdocs\avis\vendor\codeigniter4\framework\system\Common.php(1271): CodeIgniter\View\View->render('user/task', Array, true)
#5 C:\xampp\htdocs\avis\app\Controllers\Task.php(67): view('user/task', Array)
#6 C:\xampp\htdocs\avis\vendor\codeigniter4\framework\system\CodeIgniter.php(928): App\Controllers\Task->index()
#7 C:\xampp\htdocs\avis\vendor\codeigniter4\framework\system\CodeIgniter.php(436): CodeIgniter\CodeIgniter->runController(Object(App\Controllers\Task))
#8 C:\xampp\htdocs\avis\vendor\codeigniter4\framework\system\CodeIgniter.php(336): CodeIgniter\CodeIgniter->handleRequest(NULL, Object(Config\Cache), false)
#9 C:\xampp\htdocs\avis\index.php(37): CodeIgniter\CodeIgniter->run()
#10 {main}
CRITICAL - 2021-11-11 13:14:34 --> array_multisort(): Argument #3 is expected to be an array or a sort flag
#0 [internal function]: CodeIgniter\Debug\Exceptions->errorHandler(2, 'array_multisort...', 'C:\\xampp\\htdocs...', 89, Array)
#1 C:\xampp\htdocs\avis\app\Controllers\Project.php(89): array_multisort(Array, 3, NULL)
#2 C:\xampp\htdocs\avis\vendor\codeigniter4\framework\system\CodeIgniter.php(928): App\Controllers\Project->index()
#3 C:\xampp\htdocs\avis\vendor\codeigniter4\framework\system\CodeIgniter.php(436): CodeIgniter\CodeIgniter->runController(Object(App\Controllers\Project))
#4 C:\xampp\htdocs\avis\vendor\codeigniter4\framework\system\CodeIgniter.php(336): CodeIgniter\CodeIgniter->handleRequest(NULL, Object(Config\Cache), false)
#5 C:\xampp\htdocs\avis\index.php(37): CodeIgniter\CodeIgniter->run()
#6 {main}
